[2025-01-21T22:01:12.805+0000] {local_task_job_runner.py:123} INFO - ::group::Pre task execution logs
[2025-01-21T22:01:12.894+0000] {taskinstance.py:2613} INFO - Dependencies all met for dep_context=non-requeueable deps ti=<TaskInstance: dynamic_dag_example.task_2 scheduled__2025-01-20T00:00:00+00:00 [queued]>
[2025-01-21T22:01:12.926+0000] {taskinstance.py:2613} INFO - Dependencies all met for dep_context=requeueable deps ti=<TaskInstance: dynamic_dag_example.task_2 scheduled__2025-01-20T00:00:00+00:00 [queued]>
[2025-01-21T22:01:12.927+0000] {taskinstance.py:2866} INFO - Starting attempt 1 of 2
[2025-01-21T22:01:12.975+0000] {taskinstance.py:2889} INFO - Executing <Task(PythonOperator): task_2> on 2025-01-20 00:00:00+00:00
[2025-01-21T22:01:13.002+0000] {warnings.py:112} WARNING - /home/***/.local/lib/python3.12/site-packages/***/task/task_runner/standard_task_runner.py:70: DeprecationWarning: This process (pid=160) is multi-threaded, use of fork() may lead to deadlocks in the child.
  pid = os.fork()

[2025-01-21T22:01:13.008+0000] {standard_task_runner.py:72} INFO - Started process 187 to run task
[2025-01-21T22:01:13.011+0000] {standard_task_runner.py:104} INFO - Running: ['***', 'tasks', 'run', 'dynamic_dag_example', 'task_2', 'scheduled__2025-01-20T00:00:00+00:00', '--job-id', '32', '--raw', '--subdir', 'DAGS_FOLDER/dynamic_dag.py', '--cfg-path', '/tmp/tmpxs3q7nex']
[2025-01-21T22:01:13.015+0000] {standard_task_runner.py:105} INFO - Job 32: Subtask task_2
[2025-01-21T22:01:13.253+0000] {task_command.py:467} INFO - Running <TaskInstance: dynamic_dag_example.task_2 scheduled__2025-01-20T00:00:00+00:00 [running]> on host 1799d8b9c772
[2025-01-21T22:01:15.133+0000] {taskinstance.py:3132} INFO - Exporting env vars: AIRFLOW_CTX_DAG_OWNER='rodrigo' AIRFLOW_CTX_DAG_ID='dynamic_dag_example' AIRFLOW_CTX_TASK_ID='task_2' AIRFLOW_CTX_EXECUTION_DATE='2025-01-20T00:00:00+00:00' AIRFLOW_CTX_TRY_NUMBER='1' AIRFLOW_CTX_DAG_RUN_ID='scheduled__2025-01-20T00:00:00+00:00'
[2025-01-21T22:01:15.146+0000] {logging_mixin.py:190} INFO - Task instance is in running state
[2025-01-21T22:01:15.148+0000] {logging_mixin.py:190} INFO -  Previous state of the Task instance: queued
[2025-01-21T22:01:15.151+0000] {logging_mixin.py:190} INFO - Current task name:task_2 state:running start_date:2025-01-21 22:01:12.898315+00:00
[2025-01-21T22:01:15.153+0000] {logging_mixin.py:190} INFO - Dag name:dynamic_dag_example and current dag run status:running
[2025-01-21T22:01:15.154+0000] {taskinstance.py:731} INFO - ::endgroup::
[2025-01-21T22:01:15.156+0000] {logging_mixin.py:190} INFO - Executing task: task_2
[2025-01-21T22:01:15.157+0000] {python.py:240} INFO - Done. Returned value was: None
[2025-01-21T22:01:15.216+0000] {taskinstance.py:340} INFO - ::group::Post task execution logs
[2025-01-21T22:01:15.222+0000] {taskinstance.py:352} INFO - Marking task as SUCCESS. dag_id=dynamic_dag_example, task_id=task_2, run_id=scheduled__2025-01-20T00:00:00+00:00, execution_date=20250120T000000, start_date=20250121T220112, end_date=20250121T220115
[2025-01-21T22:01:15.277+0000] {logging_mixin.py:190} INFO - Task instance in success state
[2025-01-21T22:01:15.279+0000] {logging_mixin.py:190} INFO -  Previous state of the Task instance: running
[2025-01-21T22:01:15.280+0000] {logging_mixin.py:190} INFO - Dag name:dynamic_dag_example queued_at:2025-01-21 22:00:56.321409+00:00
[2025-01-21T22:01:15.281+0000] {logging_mixin.py:190} INFO - Task hostname:1799d8b9c772 operator:PythonOperator
[2025-01-21T22:01:15.333+0000] {local_task_job_runner.py:266} INFO - Task exited with return code 0
[2025-01-21T22:01:15.413+0000] {taskinstance.py:3895} INFO - 0 downstream tasks scheduled from follow-on schedule check
[2025-01-21T22:01:15.424+0000] {local_task_job_runner.py:245} INFO - ::endgroup::
