[2025-01-22T22:50:12.627+0000] {local_task_job_runner.py:123} INFO - ::group::Pre task execution logs
[2025-01-22T22:50:12.654+0000] {taskinstance.py:2613} INFO - Dependencies all met for dep_context=non-requeueable deps ti=<TaskInstance: dynamic_dag_example.task_2 scheduled__2025-01-21T00:00:00+00:00 [queued]>
[2025-01-22T22:50:12.668+0000] {taskinstance.py:2613} INFO - Dependencies all met for dep_context=requeueable deps ti=<TaskInstance: dynamic_dag_example.task_2 scheduled__2025-01-21T00:00:00+00:00 [queued]>
[2025-01-22T22:50:12.668+0000] {taskinstance.py:2866} INFO - Starting attempt 1 of 2
[2025-01-22T22:50:12.894+0000] {taskinstance.py:2889} INFO - Executing <Task(PythonOperator): task_2> on 2025-01-21 00:00:00+00:00
[2025-01-22T22:50:12.902+0000] {warnings.py:112} WARNING - /home/***/.local/lib/python3.12/site-packages/***/task/task_runner/standard_task_runner.py:70: DeprecationWarning: This process (pid=72) is multi-threaded, use of fork() may lead to deadlocks in the child.
  pid = os.fork()

[2025-01-22T22:50:12.905+0000] {standard_task_runner.py:72} INFO - Started process 96 to run task
[2025-01-22T22:50:12.907+0000] {standard_task_runner.py:104} INFO - Running: ['***', 'tasks', 'run', 'dynamic_dag_example', 'task_2', 'scheduled__2025-01-21T00:00:00+00:00', '--job-id', '40', '--raw', '--subdir', 'DAGS_FOLDER/dynamic_dag.py', '--cfg-path', '/tmp/tmplfwyypob']
[2025-01-22T22:50:12.909+0000] {standard_task_runner.py:105} INFO - Job 40: Subtask task_2
[2025-01-22T22:50:13.042+0000] {task_command.py:467} INFO - Running <TaskInstance: dynamic_dag_example.task_2 scheduled__2025-01-21T00:00:00+00:00 [running]> on host 1799d8b9c772
[2025-01-22T22:50:13.194+0000] {taskinstance.py:3132} INFO - Exporting env vars: AIRFLOW_CTX_DAG_OWNER='rodrigo' AIRFLOW_CTX_DAG_ID='dynamic_dag_example' AIRFLOW_CTX_TASK_ID='task_2' AIRFLOW_CTX_EXECUTION_DATE='2025-01-21T00:00:00+00:00' AIRFLOW_CTX_TRY_NUMBER='1' AIRFLOW_CTX_DAG_RUN_ID='scheduled__2025-01-21T00:00:00+00:00'
[2025-01-22T22:50:13.196+0000] {logging_mixin.py:190} INFO - Task instance is in running state
[2025-01-22T22:50:13.196+0000] {logging_mixin.py:190} INFO -  Previous state of the Task instance: queued
[2025-01-22T22:50:13.197+0000] {logging_mixin.py:190} INFO - Current task name:task_2 state:running start_date:2025-01-22 22:50:12.655223+00:00
[2025-01-22T22:50:13.197+0000] {logging_mixin.py:190} INFO - Dag name:dynamic_dag_example and current dag run status:running
[2025-01-22T22:50:13.198+0000] {taskinstance.py:731} INFO - ::endgroup::
[2025-01-22T22:50:13.199+0000] {logging_mixin.py:190} INFO - Executing task: task_2
[2025-01-22T22:50:13.199+0000] {python.py:240} INFO - Done. Returned value was: None
[2025-01-22T22:50:13.212+0000] {taskinstance.py:340} INFO - ::group::Post task execution logs
[2025-01-22T22:50:13.213+0000] {taskinstance.py:352} INFO - Marking task as SUCCESS. dag_id=dynamic_dag_example, task_id=task_2, run_id=scheduled__2025-01-21T00:00:00+00:00, execution_date=20250121T000000, start_date=20250122T225012, end_date=20250122T225013
[2025-01-22T22:50:13.232+0000] {logging_mixin.py:190} INFO - Task instance in success state
[2025-01-22T22:50:13.233+0000] {logging_mixin.py:190} INFO -  Previous state of the Task instance: running
[2025-01-22T22:50:13.233+0000] {logging_mixin.py:190} INFO - Dag name:dynamic_dag_example queued_at:2025-01-22 22:50:06.932252+00:00
[2025-01-22T22:50:13.234+0000] {logging_mixin.py:190} INFO - Task hostname:1799d8b9c772 operator:PythonOperator
[2025-01-22T22:50:13.283+0000] {local_task_job_runner.py:266} INFO - Task exited with return code 0
[2025-01-22T22:50:13.298+0000] {local_task_job_runner.py:245} INFO - ::endgroup::
