[2025-01-21T22:01:12.784+0000] {local_task_job_runner.py:123} INFO - ::group::Pre task execution logs
[2025-01-21T22:01:12.868+0000] {taskinstance.py:2613} INFO - Dependencies all met for dep_context=non-requeueable deps ti=<TaskInstance: dynamic_dag_example.task_4 scheduled__2025-01-20T00:00:00+00:00 [queued]>
[2025-01-21T22:01:12.903+0000] {taskinstance.py:2613} INFO - Dependencies all met for dep_context=requeueable deps ti=<TaskInstance: dynamic_dag_example.task_4 scheduled__2025-01-20T00:00:00+00:00 [queued]>
[2025-01-21T22:01:12.904+0000] {taskinstance.py:2866} INFO - Starting attempt 1 of 2
[2025-01-21T22:01:13.002+0000] {taskinstance.py:2889} INFO - Executing <Task(PythonOperator): task_4> on 2025-01-20 00:00:00+00:00
[2025-01-21T22:01:13.017+0000] {warnings.py:112} WARNING - /home/***/.local/lib/python3.12/site-packages/***/task/task_runner/standard_task_runner.py:70: DeprecationWarning: This process (pid=159) is multi-threaded, use of fork() may lead to deadlocks in the child.
  pid = os.fork()

[2025-01-21T22:01:13.023+0000] {standard_task_runner.py:72} INFO - Started process 190 to run task
[2025-01-21T22:01:13.039+0000] {standard_task_runner.py:104} INFO - Running: ['***', 'tasks', 'run', 'dynamic_dag_example', 'task_4', 'scheduled__2025-01-20T00:00:00+00:00', '--job-id', '27', '--raw', '--subdir', 'DAGS_FOLDER/dynamic_dag.py', '--cfg-path', '/tmp/tmp3zkpp6vq']
[2025-01-21T22:01:13.043+0000] {standard_task_runner.py:105} INFO - Job 27: Subtask task_4
[2025-01-21T22:01:13.250+0000] {task_command.py:467} INFO - Running <TaskInstance: dynamic_dag_example.task_4 scheduled__2025-01-20T00:00:00+00:00 [running]> on host 1799d8b9c772
[2025-01-21T22:01:14.960+0000] {taskinstance.py:3132} INFO - Exporting env vars: AIRFLOW_CTX_DAG_OWNER='rodrigo' AIRFLOW_CTX_DAG_ID='dynamic_dag_example' AIRFLOW_CTX_TASK_ID='task_4' AIRFLOW_CTX_EXECUTION_DATE='2025-01-20T00:00:00+00:00' AIRFLOW_CTX_TRY_NUMBER='1' AIRFLOW_CTX_DAG_RUN_ID='scheduled__2025-01-20T00:00:00+00:00'
[2025-01-21T22:01:14.966+0000] {logging_mixin.py:190} INFO - Task instance is in running state
[2025-01-21T22:01:14.968+0000] {logging_mixin.py:190} INFO -  Previous state of the Task instance: queued
[2025-01-21T22:01:14.971+0000] {logging_mixin.py:190} INFO - Current task name:task_4 state:running start_date:2025-01-21 22:01:12.869683+00:00
[2025-01-21T22:01:14.973+0000] {logging_mixin.py:190} INFO - Dag name:dynamic_dag_example and current dag run status:running
[2025-01-21T22:01:14.974+0000] {taskinstance.py:731} INFO - ::endgroup::
[2025-01-21T22:01:14.977+0000] {logging_mixin.py:190} INFO - Executing task: task_4
[2025-01-21T22:01:14.978+0000] {python.py:240} INFO - Done. Returned value was: None
[2025-01-21T22:01:15.018+0000] {taskinstance.py:340} INFO - ::group::Post task execution logs
[2025-01-21T22:01:15.021+0000] {taskinstance.py:352} INFO - Marking task as SUCCESS. dag_id=dynamic_dag_example, task_id=task_4, run_id=scheduled__2025-01-20T00:00:00+00:00, execution_date=20250120T000000, start_date=20250121T220112, end_date=20250121T220115
[2025-01-21T22:01:15.087+0000] {logging_mixin.py:190} INFO - Task instance in success state
[2025-01-21T22:01:15.088+0000] {logging_mixin.py:190} INFO -  Previous state of the Task instance: running
[2025-01-21T22:01:15.097+0000] {logging_mixin.py:190} INFO - Dag name:dynamic_dag_example queued_at:2025-01-21 22:00:56.321409+00:00
[2025-01-21T22:01:15.098+0000] {logging_mixin.py:190} INFO - Task hostname:1799d8b9c772 operator:PythonOperator
[2025-01-21T22:01:15.198+0000] {local_task_job_runner.py:266} INFO - Task exited with return code 0
[2025-01-21T22:01:15.261+0000] {local_task_job_runner.py:245} INFO - ::endgroup::
