[2025-01-22T22:50:12.620+0000] {local_task_job_runner.py:123} INFO - ::group::Pre task execution logs
[2025-01-22T22:50:12.648+0000] {taskinstance.py:2613} INFO - Dependencies all met for dep_context=non-requeueable deps ti=<TaskInstance: dynamic_dag_example.task_3 manual__2025-01-22T22:50:06.589972+00:00 [queued]>
[2025-01-22T22:50:12.659+0000] {taskinstance.py:2613} INFO - Dependencies all met for dep_context=requeueable deps ti=<TaskInstance: dynamic_dag_example.task_3 manual__2025-01-22T22:50:06.589972+00:00 [queued]>
[2025-01-22T22:50:12.660+0000] {taskinstance.py:2866} INFO - Starting attempt 1 of 2
[2025-01-22T22:50:12.874+0000] {taskinstance.py:2889} INFO - Executing <Task(PythonOperator): task_3> on 2025-01-22 22:50:06.589972+00:00
[2025-01-22T22:50:12.881+0000] {warnings.py:112} WARNING - /home/***/.local/lib/python3.12/site-packages/***/task/task_runner/standard_task_runner.py:70: DeprecationWarning: This process (pid=74) is multi-threaded, use of fork() may lead to deadlocks in the child.
  pid = os.fork()

[2025-01-22T22:50:12.883+0000] {standard_task_runner.py:72} INFO - Started process 88 to run task
[2025-01-22T22:50:12.887+0000] {standard_task_runner.py:104} INFO - Running: ['***', 'tasks', 'run', 'dynamic_dag_example', 'task_3', 'manual__2025-01-22T22:50:06.589972+00:00', '--job-id', '38', '--raw', '--subdir', 'DAGS_FOLDER/dynamic_dag.py', '--cfg-path', '/tmp/tmppnqmk4zy']
[2025-01-22T22:50:12.889+0000] {standard_task_runner.py:105} INFO - Job 38: Subtask task_3
[2025-01-22T22:50:13.025+0000] {task_command.py:467} INFO - Running <TaskInstance: dynamic_dag_example.task_3 manual__2025-01-22T22:50:06.589972+00:00 [running]> on host 1799d8b9c772
[2025-01-22T22:50:13.182+0000] {taskinstance.py:3132} INFO - Exporting env vars: AIRFLOW_CTX_DAG_OWNER='rodrigo' AIRFLOW_CTX_DAG_ID='dynamic_dag_example' AIRFLOW_CTX_TASK_ID='task_3' AIRFLOW_CTX_EXECUTION_DATE='2025-01-22T22:50:06.589972+00:00' AIRFLOW_CTX_TRY_NUMBER='1' AIRFLOW_CTX_DAG_RUN_ID='manual__2025-01-22T22:50:06.589972+00:00'
[2025-01-22T22:50:13.184+0000] {logging_mixin.py:190} INFO - Task instance is in running state
[2025-01-22T22:50:13.184+0000] {logging_mixin.py:190} INFO -  Previous state of the Task instance: queued
[2025-01-22T22:50:13.185+0000] {logging_mixin.py:190} INFO - Current task name:task_3 state:running start_date:2025-01-22 22:50:12.648473+00:00
[2025-01-22T22:50:13.186+0000] {logging_mixin.py:190} INFO - Dag name:dynamic_dag_example and current dag run status:running
[2025-01-22T22:50:13.186+0000] {taskinstance.py:731} INFO - ::endgroup::
[2025-01-22T22:50:13.187+0000] {logging_mixin.py:190} INFO - Executing task: task_3
[2025-01-22T22:50:13.188+0000] {python.py:240} INFO - Done. Returned value was: None
[2025-01-22T22:50:13.203+0000] {taskinstance.py:340} INFO - ::group::Post task execution logs
[2025-01-22T22:50:13.203+0000] {taskinstance.py:352} INFO - Marking task as SUCCESS. dag_id=dynamic_dag_example, task_id=task_3, run_id=manual__2025-01-22T22:50:06.589972+00:00, execution_date=20250122T225006, start_date=20250122T225012, end_date=20250122T225013
[2025-01-22T22:50:13.219+0000] {logging_mixin.py:190} INFO - Task instance in success state
[2025-01-22T22:50:13.220+0000] {logging_mixin.py:190} INFO -  Previous state of the Task instance: running
[2025-01-22T22:50:13.220+0000] {logging_mixin.py:190} INFO - Dag name:dynamic_dag_example queued_at:2025-01-22 22:50:06.602624+00:00
[2025-01-22T22:50:13.220+0000] {logging_mixin.py:190} INFO - Task hostname:1799d8b9c772 operator:PythonOperator
[2025-01-22T22:50:13.265+0000] {local_task_job_runner.py:266} INFO - Task exited with return code 0
[2025-01-22T22:50:13.290+0000] {taskinstance.py:3895} INFO - 0 downstream tasks scheduled from follow-on schedule check
[2025-01-22T22:50:13.292+0000] {local_task_job_runner.py:245} INFO - ::endgroup::
