[2025-01-21T22:01:12.785+0000] {local_task_job_runner.py:123} INFO - ::group::Pre task execution logs
[2025-01-21T22:01:12.860+0000] {taskinstance.py:2613} INFO - Dependencies all met for dep_context=non-requeueable deps ti=<TaskInstance: dynamic_dag_example.task_1 scheduled__2025-01-20T00:00:00+00:00 [queued]>
[2025-01-21T22:01:12.893+0000] {taskinstance.py:2613} INFO - Dependencies all met for dep_context=requeueable deps ti=<TaskInstance: dynamic_dag_example.task_1 scheduled__2025-01-20T00:00:00+00:00 [queued]>
[2025-01-21T22:01:12.894+0000] {taskinstance.py:2866} INFO - Starting attempt 1 of 2
[2025-01-21T22:01:12.936+0000] {taskinstance.py:2889} INFO - Executing <Task(PythonOperator): task_1> on 2025-01-20 00:00:00+00:00
[2025-01-21T22:01:12.950+0000] {warnings.py:112} WARNING - /home/***/.local/lib/python3.12/site-packages/***/task/task_runner/standard_task_runner.py:70: DeprecationWarning: This process (pid=158) is multi-threaded, use of fork() may lead to deadlocks in the child.
  pid = os.fork()

[2025-01-21T22:01:12.955+0000] {standard_task_runner.py:72} INFO - Started process 179 to run task
[2025-01-21T22:01:12.957+0000] {standard_task_runner.py:104} INFO - Running: ['***', 'tasks', 'run', 'dynamic_dag_example', 'task_1', 'scheduled__2025-01-20T00:00:00+00:00', '--job-id', '29', '--raw', '--subdir', 'DAGS_FOLDER/dynamic_dag.py', '--cfg-path', '/tmp/tmpmnury7lj']
[2025-01-21T22:01:12.961+0000] {standard_task_runner.py:105} INFO - Job 29: Subtask task_1
[2025-01-21T22:01:13.140+0000] {task_command.py:467} INFO - Running <TaskInstance: dynamic_dag_example.task_1 scheduled__2025-01-20T00:00:00+00:00 [running]> on host 1799d8b9c772
[2025-01-21T22:01:14.915+0000] {taskinstance.py:3132} INFO - Exporting env vars: AIRFLOW_CTX_DAG_OWNER='rodrigo' AIRFLOW_CTX_DAG_ID='dynamic_dag_example' AIRFLOW_CTX_TASK_ID='task_1' AIRFLOW_CTX_EXECUTION_DATE='2025-01-20T00:00:00+00:00' AIRFLOW_CTX_TRY_NUMBER='1' AIRFLOW_CTX_DAG_RUN_ID='scheduled__2025-01-20T00:00:00+00:00'
[2025-01-21T22:01:14.918+0000] {logging_mixin.py:190} INFO - Task instance is in running state
[2025-01-21T22:01:14.919+0000] {logging_mixin.py:190} INFO -  Previous state of the Task instance: queued
[2025-01-21T22:01:14.920+0000] {logging_mixin.py:190} INFO - Current task name:task_1 state:running start_date:2025-01-21 22:01:12.861382+00:00
[2025-01-21T22:01:14.921+0000] {logging_mixin.py:190} INFO - Dag name:dynamic_dag_example and current dag run status:running
[2025-01-21T22:01:14.921+0000] {taskinstance.py:731} INFO - ::endgroup::
[2025-01-21T22:01:14.923+0000] {logging_mixin.py:190} INFO - Executing task: task_1
[2025-01-21T22:01:14.924+0000] {python.py:240} INFO - Done. Returned value was: None
[2025-01-21T22:01:14.959+0000] {taskinstance.py:340} INFO - ::group::Post task execution logs
[2025-01-21T22:01:14.960+0000] {taskinstance.py:352} INFO - Marking task as SUCCESS. dag_id=dynamic_dag_example, task_id=task_1, run_id=scheduled__2025-01-20T00:00:00+00:00, execution_date=20250120T000000, start_date=20250121T220112, end_date=20250121T220114
[2025-01-21T22:01:15.001+0000] {logging_mixin.py:190} INFO - Task instance in success state
[2025-01-21T22:01:15.002+0000] {logging_mixin.py:190} INFO -  Previous state of the Task instance: running
[2025-01-21T22:01:15.003+0000] {logging_mixin.py:190} INFO - Dag name:dynamic_dag_example queued_at:2025-01-21 22:00:56.321409+00:00
[2025-01-21T22:01:15.004+0000] {logging_mixin.py:190} INFO - Task hostname:1799d8b9c772 operator:PythonOperator
[2025-01-21T22:01:15.097+0000] {local_task_job_runner.py:266} INFO - Task exited with return code 0
[2025-01-21T22:01:15.204+0000] {taskinstance.py:3895} INFO - 0 downstream tasks scheduled from follow-on schedule check
[2025-01-21T22:01:15.211+0000] {local_task_job_runner.py:245} INFO - ::endgroup::
