[2025-01-19T23:39:12.120+0000] {processor.py:186} INFO - Started process (PID=124) to work on /home/airflow/.local/lib/python3.12/site-packages/airflow/example_dags/example_nested_branch_dag.py
[2025-01-19T23:39:12.120+0000] {processor.py:914} INFO - Processing file /home/airflow/.local/lib/python3.12/site-packages/airflow/example_dags/example_nested_branch_dag.py for tasks to queue
[2025-01-19T23:39:12.123+0000] {logging_mixin.py:190} INFO - [2025-01-19T23:39:12.122+0000] {dagbag.py:588} INFO - Filling up the DagBag from /home/airflow/.local/lib/python3.12/site-packages/airflow/example_dags/example_nested_branch_dag.py
[2025-01-19T23:39:12.137+0000] {processor.py:925} INFO - DAG(s) 'example_nested_branch_dag' retrieved from /home/airflow/.local/lib/python3.12/site-packages/airflow/example_dags/example_nested_branch_dag.py
[2025-01-19T23:39:12.162+0000] {logging_mixin.py:190} INFO - [2025-01-19T23:39:12.162+0000] {dag.py:3239} INFO - Sync 1 DAGs
[2025-01-19T23:39:12.186+0000] {logging_mixin.py:190} INFO - [2025-01-19T23:39:12.186+0000] {dag.py:4180} INFO - Setting next_dagrun for example_nested_branch_dag to 2025-01-18 00:00:00+00:00, run_after=2025-01-19 00:00:00+00:00
[2025-01-19T23:39:12.212+0000] {processor.py:208} INFO - Processing /home/airflow/.local/lib/python3.12/site-packages/airflow/example_dags/example_nested_branch_dag.py took 0.098 seconds
[2025-01-19T23:39:43.464+0000] {processor.py:186} INFO - Started process (PID=187) to work on /home/airflow/.local/lib/python3.12/site-packages/airflow/example_dags/example_nested_branch_dag.py
[2025-01-19T23:39:43.465+0000] {processor.py:914} INFO - Processing file /home/airflow/.local/lib/python3.12/site-packages/airflow/example_dags/example_nested_branch_dag.py for tasks to queue
[2025-01-19T23:39:43.468+0000] {logging_mixin.py:190} INFO - [2025-01-19T23:39:43.467+0000] {dagbag.py:588} INFO - Filling up the DagBag from /home/airflow/.local/lib/python3.12/site-packages/airflow/example_dags/example_nested_branch_dag.py
[2025-01-19T23:39:43.478+0000] {processor.py:925} INFO - DAG(s) 'example_nested_branch_dag' retrieved from /home/airflow/.local/lib/python3.12/site-packages/airflow/example_dags/example_nested_branch_dag.py
[2025-01-19T23:39:43.502+0000] {logging_mixin.py:190} INFO - [2025-01-19T23:39:43.502+0000] {dag.py:3239} INFO - Sync 1 DAGs
[2025-01-19T23:39:43.522+0000] {logging_mixin.py:190} INFO - [2025-01-19T23:39:43.522+0000] {dag.py:4180} INFO - Setting next_dagrun for example_nested_branch_dag to 2025-01-18 00:00:00+00:00, run_after=2025-01-19 00:00:00+00:00
[2025-01-19T23:39:43.539+0000] {processor.py:208} INFO - Processing /home/airflow/.local/lib/python3.12/site-packages/airflow/example_dags/example_nested_branch_dag.py took 0.080 seconds
[2025-01-19T23:40:14.787+0000] {processor.py:186} INFO - Started process (PID=250) to work on /home/airflow/.local/lib/python3.12/site-packages/airflow/example_dags/example_nested_branch_dag.py
[2025-01-19T23:40:14.788+0000] {processor.py:914} INFO - Processing file /home/airflow/.local/lib/python3.12/site-packages/airflow/example_dags/example_nested_branch_dag.py for tasks to queue
[2025-01-19T23:40:14.790+0000] {logging_mixin.py:190} INFO - [2025-01-19T23:40:14.789+0000] {dagbag.py:588} INFO - Filling up the DagBag from /home/airflow/.local/lib/python3.12/site-packages/airflow/example_dags/example_nested_branch_dag.py
[2025-01-19T23:40:14.799+0000] {processor.py:925} INFO - DAG(s) 'example_nested_branch_dag' retrieved from /home/airflow/.local/lib/python3.12/site-packages/airflow/example_dags/example_nested_branch_dag.py
[2025-01-19T23:40:14.818+0000] {logging_mixin.py:190} INFO - [2025-01-19T23:40:14.817+0000] {dag.py:3239} INFO - Sync 1 DAGs
[2025-01-19T23:40:14.835+0000] {logging_mixin.py:190} INFO - [2025-01-19T23:40:14.835+0000] {dag.py:4180} INFO - Setting next_dagrun for example_nested_branch_dag to 2025-01-18 00:00:00+00:00, run_after=2025-01-19 00:00:00+00:00
[2025-01-19T23:40:14.851+0000] {processor.py:208} INFO - Processing /home/airflow/.local/lib/python3.12/site-packages/airflow/example_dags/example_nested_branch_dag.py took 0.069 seconds
[2025-01-19T23:40:47.057+0000] {processor.py:186} INFO - Started process (PID=313) to work on /home/airflow/.local/lib/python3.12/site-packages/airflow/example_dags/example_nested_branch_dag.py
[2025-01-19T23:40:47.058+0000] {processor.py:914} INFO - Processing file /home/airflow/.local/lib/python3.12/site-packages/airflow/example_dags/example_nested_branch_dag.py for tasks to queue
[2025-01-19T23:40:47.060+0000] {logging_mixin.py:190} INFO - [2025-01-19T23:40:47.060+0000] {dagbag.py:588} INFO - Filling up the DagBag from /home/airflow/.local/lib/python3.12/site-packages/airflow/example_dags/example_nested_branch_dag.py
[2025-01-19T23:40:47.070+0000] {processor.py:925} INFO - DAG(s) 'example_nested_branch_dag' retrieved from /home/airflow/.local/lib/python3.12/site-packages/airflow/example_dags/example_nested_branch_dag.py
[2025-01-19T23:40:47.088+0000] {logging_mixin.py:190} INFO - [2025-01-19T23:40:47.088+0000] {dag.py:3239} INFO - Sync 1 DAGs
[2025-01-19T23:40:47.107+0000] {logging_mixin.py:190} INFO - [2025-01-19T23:40:47.107+0000] {dag.py:4180} INFO - Setting next_dagrun for example_nested_branch_dag to 2025-01-18 00:00:00+00:00, run_after=2025-01-19 00:00:00+00:00
[2025-01-19T23:40:47.123+0000] {processor.py:208} INFO - Processing /home/airflow/.local/lib/python3.12/site-packages/airflow/example_dags/example_nested_branch_dag.py took 0.071 seconds
[2025-01-19T23:41:18.482+0000] {processor.py:186} INFO - Started process (PID=376) to work on /home/airflow/.local/lib/python3.12/site-packages/airflow/example_dags/example_nested_branch_dag.py
[2025-01-19T23:41:18.483+0000] {processor.py:914} INFO - Processing file /home/airflow/.local/lib/python3.12/site-packages/airflow/example_dags/example_nested_branch_dag.py for tasks to queue
[2025-01-19T23:41:18.485+0000] {logging_mixin.py:190} INFO - [2025-01-19T23:41:18.485+0000] {dagbag.py:588} INFO - Filling up the DagBag from /home/airflow/.local/lib/python3.12/site-packages/airflow/example_dags/example_nested_branch_dag.py
[2025-01-19T23:41:18.495+0000] {processor.py:925} INFO - DAG(s) 'example_nested_branch_dag' retrieved from /home/airflow/.local/lib/python3.12/site-packages/airflow/example_dags/example_nested_branch_dag.py
[2025-01-19T23:41:18.513+0000] {logging_mixin.py:190} INFO - [2025-01-19T23:41:18.513+0000] {dag.py:3239} INFO - Sync 1 DAGs
[2025-01-19T23:41:18.532+0000] {logging_mixin.py:190} INFO - [2025-01-19T23:41:18.532+0000] {dag.py:4180} INFO - Setting next_dagrun for example_nested_branch_dag to 2025-01-18 00:00:00+00:00, run_after=2025-01-19 00:00:00+00:00
[2025-01-19T23:41:18.550+0000] {processor.py:208} INFO - Processing /home/airflow/.local/lib/python3.12/site-packages/airflow/example_dags/example_nested_branch_dag.py took 0.072 seconds
[2025-01-19T23:41:50.323+0000] {processor.py:186} INFO - Started process (PID=445) to work on /home/airflow/.local/lib/python3.12/site-packages/airflow/example_dags/example_nested_branch_dag.py
[2025-01-19T23:41:50.323+0000] {processor.py:914} INFO - Processing file /home/airflow/.local/lib/python3.12/site-packages/airflow/example_dags/example_nested_branch_dag.py for tasks to queue
[2025-01-19T23:41:50.325+0000] {logging_mixin.py:190} INFO - [2025-01-19T23:41:50.325+0000] {dagbag.py:588} INFO - Filling up the DagBag from /home/airflow/.local/lib/python3.12/site-packages/airflow/example_dags/example_nested_branch_dag.py
[2025-01-19T23:41:50.335+0000] {processor.py:925} INFO - DAG(s) 'example_nested_branch_dag' retrieved from /home/airflow/.local/lib/python3.12/site-packages/airflow/example_dags/example_nested_branch_dag.py
[2025-01-19T23:41:50.353+0000] {logging_mixin.py:190} INFO - [2025-01-19T23:41:50.353+0000] {dag.py:3239} INFO - Sync 1 DAGs
[2025-01-19T23:41:50.373+0000] {logging_mixin.py:190} INFO - [2025-01-19T23:41:50.372+0000] {dag.py:4180} INFO - Setting next_dagrun for example_nested_branch_dag to 2025-01-18 00:00:00+00:00, run_after=2025-01-19 00:00:00+00:00
[2025-01-19T23:41:50.389+0000] {processor.py:208} INFO - Processing /home/airflow/.local/lib/python3.12/site-packages/airflow/example_dags/example_nested_branch_dag.py took 0.071 seconds
[2025-01-19T23:47:13.352+0000] {processor.py:186} INFO - Started process (PID=130) to work on /home/airflow/.local/lib/python3.12/site-packages/airflow/example_dags/example_nested_branch_dag.py
[2025-01-19T23:47:13.354+0000] {processor.py:914} INFO - Processing file /home/airflow/.local/lib/python3.12/site-packages/airflow/example_dags/example_nested_branch_dag.py for tasks to queue
[2025-01-19T23:47:13.359+0000] {logging_mixin.py:190} INFO - [2025-01-19T23:47:13.358+0000] {dagbag.py:588} INFO - Filling up the DagBag from /home/airflow/.local/lib/python3.12/site-packages/airflow/example_dags/example_nested_branch_dag.py
[2025-01-19T23:47:13.383+0000] {processor.py:925} INFO - DAG(s) 'example_nested_branch_dag' retrieved from /home/airflow/.local/lib/python3.12/site-packages/airflow/example_dags/example_nested_branch_dag.py
[2025-01-19T23:47:13.432+0000] {logging_mixin.py:190} INFO - [2025-01-19T23:47:13.431+0000] {dag.py:3239} INFO - Sync 1 DAGs
[2025-01-19T23:47:13.483+0000] {logging_mixin.py:190} INFO - [2025-01-19T23:47:13.483+0000] {dag.py:4180} INFO - Setting next_dagrun for example_nested_branch_dag to 2025-01-18 00:00:00+00:00, run_after=2025-01-19 00:00:00+00:00
[2025-01-19T23:47:13.519+0000] {processor.py:208} INFO - Processing /home/airflow/.local/lib/python3.12/site-packages/airflow/example_dags/example_nested_branch_dag.py took 0.181 seconds
[2025-01-19T23:50:10.391+0000] {processor.py:186} INFO - Started process (PID=231) to work on /home/airflow/.local/lib/python3.12/site-packages/airflow/example_dags/example_nested_branch_dag.py
[2025-01-19T23:50:10.393+0000] {processor.py:914} INFO - Processing file /home/airflow/.local/lib/python3.12/site-packages/airflow/example_dags/example_nested_branch_dag.py for tasks to queue
[2025-01-19T23:50:10.396+0000] {logging_mixin.py:190} INFO - [2025-01-19T23:50:10.395+0000] {dagbag.py:588} INFO - Filling up the DagBag from /home/airflow/.local/lib/python3.12/site-packages/airflow/example_dags/example_nested_branch_dag.py
[2025-01-19T23:50:10.409+0000] {processor.py:925} INFO - DAG(s) 'example_nested_branch_dag' retrieved from /home/airflow/.local/lib/python3.12/site-packages/airflow/example_dags/example_nested_branch_dag.py
[2025-01-19T23:50:10.435+0000] {logging_mixin.py:190} INFO - [2025-01-19T23:50:10.434+0000] {dag.py:3239} INFO - Sync 1 DAGs
[2025-01-19T23:50:10.463+0000] {logging_mixin.py:190} INFO - [2025-01-19T23:50:10.463+0000] {dag.py:4180} INFO - Setting next_dagrun for example_nested_branch_dag to 2025-01-18 00:00:00+00:00, run_after=2025-01-19 00:00:00+00:00
[2025-01-19T23:50:10.486+0000] {processor.py:208} INFO - Processing /home/airflow/.local/lib/python3.12/site-packages/airflow/example_dags/example_nested_branch_dag.py took 0.101 seconds
[2025-01-19T23:50:40.903+0000] {processor.py:186} INFO - Started process (PID=296) to work on /home/airflow/.local/lib/python3.12/site-packages/airflow/example_dags/example_nested_branch_dag.py
[2025-01-19T23:50:40.904+0000] {processor.py:914} INFO - Processing file /home/airflow/.local/lib/python3.12/site-packages/airflow/example_dags/example_nested_branch_dag.py for tasks to queue
[2025-01-19T23:50:40.906+0000] {logging_mixin.py:190} INFO - [2025-01-19T23:50:40.906+0000] {dagbag.py:588} INFO - Filling up the DagBag from /home/airflow/.local/lib/python3.12/site-packages/airflow/example_dags/example_nested_branch_dag.py
[2025-01-19T23:50:40.917+0000] {processor.py:925} INFO - DAG(s) 'example_nested_branch_dag' retrieved from /home/airflow/.local/lib/python3.12/site-packages/airflow/example_dags/example_nested_branch_dag.py
[2025-01-19T23:50:40.945+0000] {logging_mixin.py:190} INFO - [2025-01-19T23:50:40.945+0000] {dag.py:3239} INFO - Sync 1 DAGs
[2025-01-19T23:50:40.977+0000] {logging_mixin.py:190} INFO - [2025-01-19T23:50:40.977+0000] {dag.py:4180} INFO - Setting next_dagrun for example_nested_branch_dag to 2025-01-18 00:00:00+00:00, run_after=2025-01-19 00:00:00+00:00
[2025-01-19T23:50:41.004+0000] {processor.py:208} INFO - Processing /home/airflow/.local/lib/python3.12/site-packages/airflow/example_dags/example_nested_branch_dag.py took 0.108 seconds
[2025-01-19T23:51:15.467+0000] {processor.py:186} INFO - Started process (PID=359) to work on /home/airflow/.local/lib/python3.12/site-packages/airflow/example_dags/example_nested_branch_dag.py
[2025-01-19T23:51:15.469+0000] {processor.py:914} INFO - Processing file /home/airflow/.local/lib/python3.12/site-packages/airflow/example_dags/example_nested_branch_dag.py for tasks to queue
[2025-01-19T23:51:15.472+0000] {logging_mixin.py:190} INFO - [2025-01-19T23:51:15.472+0000] {dagbag.py:588} INFO - Filling up the DagBag from /home/airflow/.local/lib/python3.12/site-packages/airflow/example_dags/example_nested_branch_dag.py
[2025-01-19T23:51:15.490+0000] {processor.py:925} INFO - DAG(s) 'example_nested_branch_dag' retrieved from /home/airflow/.local/lib/python3.12/site-packages/airflow/example_dags/example_nested_branch_dag.py
[2025-01-19T23:51:15.525+0000] {logging_mixin.py:190} INFO - [2025-01-19T23:51:15.524+0000] {dag.py:3239} INFO - Sync 1 DAGs
[2025-01-19T23:51:15.560+0000] {logging_mixin.py:190} INFO - [2025-01-19T23:51:15.559+0000] {dag.py:4180} INFO - Setting next_dagrun for example_nested_branch_dag to 2025-01-18 00:00:00+00:00, run_after=2025-01-19 00:00:00+00:00
[2025-01-19T23:51:15.587+0000] {processor.py:208} INFO - Processing /home/airflow/.local/lib/python3.12/site-packages/airflow/example_dags/example_nested_branch_dag.py took 0.129 seconds
[2025-01-19T23:57:18.436+0000] {processor.py:186} INFO - Started process (PID=460) to work on /home/airflow/.local/lib/python3.12/site-packages/airflow/example_dags/example_nested_branch_dag.py
[2025-01-19T23:57:18.439+0000] {processor.py:914} INFO - Processing file /home/airflow/.local/lib/python3.12/site-packages/airflow/example_dags/example_nested_branch_dag.py for tasks to queue
[2025-01-19T23:57:18.443+0000] {logging_mixin.py:190} INFO - [2025-01-19T23:57:18.442+0000] {dagbag.py:588} INFO - Filling up the DagBag from /home/airflow/.local/lib/python3.12/site-packages/airflow/example_dags/example_nested_branch_dag.py
[2025-01-19T23:57:18.479+0000] {processor.py:925} INFO - DAG(s) 'example_nested_branch_dag' retrieved from /home/airflow/.local/lib/python3.12/site-packages/airflow/example_dags/example_nested_branch_dag.py
[2025-01-19T23:57:18.534+0000] {logging_mixin.py:190} INFO - [2025-01-19T23:57:18.533+0000] {dag.py:3239} INFO - Sync 1 DAGs
[2025-01-19T23:57:18.595+0000] {logging_mixin.py:190} INFO - [2025-01-19T23:57:18.594+0000] {dag.py:4180} INFO - Setting next_dagrun for example_nested_branch_dag to 2025-01-18 00:00:00+00:00, run_after=2025-01-19 00:00:00+00:00
[2025-01-19T23:57:18.648+0000] {processor.py:208} INFO - Processing /home/airflow/.local/lib/python3.12/site-packages/airflow/example_dags/example_nested_branch_dag.py took 0.230 seconds
[2025-01-19T23:57:49.194+0000] {processor.py:186} INFO - Started process (PID=522) to work on /home/airflow/.local/lib/python3.12/site-packages/airflow/example_dags/example_nested_branch_dag.py
[2025-01-19T23:57:49.195+0000] {processor.py:914} INFO - Processing file /home/airflow/.local/lib/python3.12/site-packages/airflow/example_dags/example_nested_branch_dag.py for tasks to queue
[2025-01-19T23:57:49.196+0000] {logging_mixin.py:190} INFO - [2025-01-19T23:57:49.196+0000] {dagbag.py:588} INFO - Filling up the DagBag from /home/airflow/.local/lib/python3.12/site-packages/airflow/example_dags/example_nested_branch_dag.py
[2025-01-19T23:57:49.209+0000] {processor.py:925} INFO - DAG(s) 'example_nested_branch_dag' retrieved from /home/airflow/.local/lib/python3.12/site-packages/airflow/example_dags/example_nested_branch_dag.py
[2025-01-19T23:57:49.231+0000] {logging_mixin.py:190} INFO - [2025-01-19T23:57:49.231+0000] {dag.py:3239} INFO - Sync 1 DAGs
[2025-01-19T23:57:49.262+0000] {logging_mixin.py:190} INFO - [2025-01-19T23:57:49.262+0000] {dag.py:4180} INFO - Setting next_dagrun for example_nested_branch_dag to 2025-01-18 00:00:00+00:00, run_after=2025-01-19 00:00:00+00:00
[2025-01-19T23:57:49.282+0000] {processor.py:208} INFO - Processing /home/airflow/.local/lib/python3.12/site-packages/airflow/example_dags/example_nested_branch_dag.py took 0.097 seconds
[2025-01-19T23:58:19.919+0000] {processor.py:186} INFO - Started process (PID=585) to work on /home/airflow/.local/lib/python3.12/site-packages/airflow/example_dags/example_nested_branch_dag.py
[2025-01-19T23:58:19.922+0000] {processor.py:914} INFO - Processing file /home/airflow/.local/lib/python3.12/site-packages/airflow/example_dags/example_nested_branch_dag.py for tasks to queue
[2025-01-19T23:58:19.923+0000] {logging_mixin.py:190} INFO - [2025-01-19T23:58:19.923+0000] {dagbag.py:588} INFO - Filling up the DagBag from /home/airflow/.local/lib/python3.12/site-packages/airflow/example_dags/example_nested_branch_dag.py
[2025-01-19T23:58:19.935+0000] {processor.py:925} INFO - DAG(s) 'example_nested_branch_dag' retrieved from /home/airflow/.local/lib/python3.12/site-packages/airflow/example_dags/example_nested_branch_dag.py
[2025-01-19T23:58:19.956+0000] {logging_mixin.py:190} INFO - [2025-01-19T23:58:19.955+0000] {dag.py:3239} INFO - Sync 1 DAGs
[2025-01-19T23:58:19.981+0000] {logging_mixin.py:190} INFO - [2025-01-19T23:58:19.981+0000] {dag.py:4180} INFO - Setting next_dagrun for example_nested_branch_dag to 2025-01-18 00:00:00+00:00, run_after=2025-01-19 00:00:00+00:00
[2025-01-19T23:58:20.007+0000] {processor.py:208} INFO - Processing /home/airflow/.local/lib/python3.12/site-packages/airflow/example_dags/example_nested_branch_dag.py took 0.093 seconds
[2025-01-19T23:58:50.749+0000] {processor.py:186} INFO - Started process (PID=648) to work on /home/airflow/.local/lib/python3.12/site-packages/airflow/example_dags/example_nested_branch_dag.py
[2025-01-19T23:58:50.752+0000] {processor.py:914} INFO - Processing file /home/airflow/.local/lib/python3.12/site-packages/airflow/example_dags/example_nested_branch_dag.py for tasks to queue
[2025-01-19T23:58:50.753+0000] {logging_mixin.py:190} INFO - [2025-01-19T23:58:50.753+0000] {dagbag.py:588} INFO - Filling up the DagBag from /home/airflow/.local/lib/python3.12/site-packages/airflow/example_dags/example_nested_branch_dag.py
[2025-01-19T23:58:50.764+0000] {processor.py:925} INFO - DAG(s) 'example_nested_branch_dag' retrieved from /home/airflow/.local/lib/python3.12/site-packages/airflow/example_dags/example_nested_branch_dag.py
[2025-01-19T23:58:50.789+0000] {logging_mixin.py:190} INFO - [2025-01-19T23:58:50.789+0000] {dag.py:3239} INFO - Sync 1 DAGs
[2025-01-19T23:58:50.810+0000] {logging_mixin.py:190} INFO - [2025-01-19T23:58:50.810+0000] {dag.py:4180} INFO - Setting next_dagrun for example_nested_branch_dag to 2025-01-18 00:00:00+00:00, run_after=2025-01-19 00:00:00+00:00
[2025-01-19T23:58:51.016+0000] {processor.py:208} INFO - Processing /home/airflow/.local/lib/python3.12/site-packages/airflow/example_dags/example_nested_branch_dag.py took 0.272 seconds
[2025-01-19T23:59:22.428+0000] {processor.py:186} INFO - Started process (PID=711) to work on /home/airflow/.local/lib/python3.12/site-packages/airflow/example_dags/example_nested_branch_dag.py
[2025-01-19T23:59:22.431+0000] {processor.py:914} INFO - Processing file /home/airflow/.local/lib/python3.12/site-packages/airflow/example_dags/example_nested_branch_dag.py for tasks to queue
[2025-01-19T23:59:22.432+0000] {logging_mixin.py:190} INFO - [2025-01-19T23:59:22.432+0000] {dagbag.py:588} INFO - Filling up the DagBag from /home/airflow/.local/lib/python3.12/site-packages/airflow/example_dags/example_nested_branch_dag.py
[2025-01-19T23:59:22.449+0000] {processor.py:925} INFO - DAG(s) 'example_nested_branch_dag' retrieved from /home/airflow/.local/lib/python3.12/site-packages/airflow/example_dags/example_nested_branch_dag.py
[2025-01-19T23:59:22.478+0000] {logging_mixin.py:190} INFO - [2025-01-19T23:59:22.477+0000] {dag.py:3239} INFO - Sync 1 DAGs
[2025-01-19T23:59:22.514+0000] {logging_mixin.py:190} INFO - [2025-01-19T23:59:22.513+0000] {dag.py:4180} INFO - Setting next_dagrun for example_nested_branch_dag to 2025-01-18 00:00:00+00:00, run_after=2025-01-19 00:00:00+00:00
[2025-01-19T23:59:22.546+0000] {processor.py:208} INFO - Processing /home/airflow/.local/lib/python3.12/site-packages/airflow/example_dags/example_nested_branch_dag.py took 0.126 seconds
[2025-01-19T23:59:53.983+0000] {processor.py:186} INFO - Started process (PID=774) to work on /home/airflow/.local/lib/python3.12/site-packages/airflow/example_dags/example_nested_branch_dag.py
[2025-01-19T23:59:53.984+0000] {processor.py:914} INFO - Processing file /home/airflow/.local/lib/python3.12/site-packages/airflow/example_dags/example_nested_branch_dag.py for tasks to queue
[2025-01-19T23:59:53.985+0000] {logging_mixin.py:190} INFO - [2025-01-19T23:59:53.985+0000] {dagbag.py:588} INFO - Filling up the DagBag from /home/airflow/.local/lib/python3.12/site-packages/airflow/example_dags/example_nested_branch_dag.py
[2025-01-19T23:59:53.996+0000] {processor.py:925} INFO - DAG(s) 'example_nested_branch_dag' retrieved from /home/airflow/.local/lib/python3.12/site-packages/airflow/example_dags/example_nested_branch_dag.py
[2025-01-19T23:59:54.013+0000] {logging_mixin.py:190} INFO - [2025-01-19T23:59:54.013+0000] {dag.py:3239} INFO - Sync 1 DAGs
[2025-01-19T23:59:54.036+0000] {logging_mixin.py:190} INFO - [2025-01-19T23:59:54.036+0000] {dag.py:4180} INFO - Setting next_dagrun for example_nested_branch_dag to 2025-01-18 00:00:00+00:00, run_after=2025-01-19 00:00:00+00:00
[2025-01-19T23:59:54.053+0000] {processor.py:208} INFO - Processing /home/airflow/.local/lib/python3.12/site-packages/airflow/example_dags/example_nested_branch_dag.py took 0.075 seconds
