[2025-01-19T23:38:51.822+0000] {processor.py:186} INFO - Started process (PID=81) to work on /home/airflow/.local/lib/python3.12/site-packages/airflow/example_dags/example_xcomargs.py
[2025-01-19T23:38:51.823+0000] {processor.py:914} INFO - Processing file /home/airflow/.local/lib/python3.12/site-packages/airflow/example_dags/example_xcomargs.py for tasks to queue
[2025-01-19T23:38:51.826+0000] {logging_mixin.py:190} INFO - [2025-01-19T23:38:51.825+0000] {dagbag.py:588} INFO - Filling up the DagBag from /home/airflow/.local/lib/python3.12/site-packages/airflow/example_dags/example_xcomargs.py
[2025-01-19T23:38:53.603+0000] {processor.py:925} INFO - DAG(s) 'example_xcom_args', 'example_xcom_args_with_operators' retrieved from /home/airflow/.local/lib/python3.12/site-packages/airflow/example_dags/example_xcomargs.py
[2025-01-19T23:38:53.701+0000] {logging_mixin.py:190} INFO - [2025-01-19T23:38:53.701+0000] {dag.py:3239} INFO - Sync 2 DAGs
[2025-01-19T23:38:53.743+0000] {logging_mixin.py:190} INFO - [2025-01-19T23:38:53.743+0000] {dag.py:4180} INFO - Setting next_dagrun for example_xcom_args to None, run_after=None
[2025-01-19T23:38:53.749+0000] {logging_mixin.py:190} INFO - [2025-01-19T23:38:53.749+0000] {dag.py:4180} INFO - Setting next_dagrun for example_xcom_args_with_operators to None, run_after=None
[2025-01-19T23:38:53.780+0000] {processor.py:208} INFO - Processing /home/airflow/.local/lib/python3.12/site-packages/airflow/example_dags/example_xcomargs.py took 2.008 seconds
[2025-01-19T23:39:23.892+0000] {processor.py:186} INFO - Started process (PID=143) to work on /home/airflow/.local/lib/python3.12/site-packages/airflow/example_dags/example_xcomargs.py
[2025-01-19T23:39:23.894+0000] {processor.py:914} INFO - Processing file /home/airflow/.local/lib/python3.12/site-packages/airflow/example_dags/example_xcomargs.py for tasks to queue
[2025-01-19T23:39:23.895+0000] {logging_mixin.py:190} INFO - [2025-01-19T23:39:23.895+0000] {dagbag.py:588} INFO - Filling up the DagBag from /home/airflow/.local/lib/python3.12/site-packages/airflow/example_dags/example_xcomargs.py
[2025-01-19T23:39:23.903+0000] {processor.py:925} INFO - DAG(s) 'example_xcom_args', 'example_xcom_args_with_operators' retrieved from /home/airflow/.local/lib/python3.12/site-packages/airflow/example_dags/example_xcomargs.py
[2025-01-19T23:39:23.926+0000] {logging_mixin.py:190} INFO - [2025-01-19T23:39:23.926+0000] {dag.py:3239} INFO - Sync 2 DAGs
[2025-01-19T23:39:23.936+0000] {logging_mixin.py:190} INFO - [2025-01-19T23:39:23.936+0000] {dag.py:4180} INFO - Setting next_dagrun for example_xcom_args to None, run_after=None
[2025-01-19T23:39:23.938+0000] {logging_mixin.py:190} INFO - [2025-01-19T23:39:23.938+0000] {dag.py:4180} INFO - Setting next_dagrun for example_xcom_args_with_operators to None, run_after=None
[2025-01-19T23:39:23.952+0000] {processor.py:208} INFO - Processing /home/airflow/.local/lib/python3.12/site-packages/airflow/example_dags/example_xcomargs.py took 0.064 seconds
[2025-01-19T23:39:54.095+0000] {processor.py:186} INFO - Started process (PID=206) to work on /home/airflow/.local/lib/python3.12/site-packages/airflow/example_dags/example_xcomargs.py
[2025-01-19T23:39:54.129+0000] {processor.py:914} INFO - Processing file /home/airflow/.local/lib/python3.12/site-packages/airflow/example_dags/example_xcomargs.py for tasks to queue
[2025-01-19T23:39:54.131+0000] {logging_mixin.py:190} INFO - [2025-01-19T23:39:54.130+0000] {dagbag.py:588} INFO - Filling up the DagBag from /home/airflow/.local/lib/python3.12/site-packages/airflow/example_dags/example_xcomargs.py
[2025-01-19T23:39:54.192+0000] {processor.py:925} INFO - DAG(s) 'example_xcom_args', 'example_xcom_args_with_operators' retrieved from /home/airflow/.local/lib/python3.12/site-packages/airflow/example_dags/example_xcomargs.py
[2025-01-19T23:39:54.215+0000] {logging_mixin.py:190} INFO - [2025-01-19T23:39:54.215+0000] {dag.py:3239} INFO - Sync 2 DAGs
[2025-01-19T23:39:54.268+0000] {logging_mixin.py:190} INFO - [2025-01-19T23:39:54.267+0000] {dag.py:4180} INFO - Setting next_dagrun for example_xcom_args to None, run_after=None
[2025-01-19T23:39:54.272+0000] {logging_mixin.py:190} INFO - [2025-01-19T23:39:54.272+0000] {dag.py:4180} INFO - Setting next_dagrun for example_xcom_args_with_operators to None, run_after=None
[2025-01-19T23:39:54.346+0000] {processor.py:208} INFO - Processing /home/airflow/.local/lib/python3.12/site-packages/airflow/example_dags/example_xcomargs.py took 0.256 seconds
[2025-01-19T23:40:25.019+0000] {processor.py:186} INFO - Started process (PID=269) to work on /home/airflow/.local/lib/python3.12/site-packages/airflow/example_dags/example_xcomargs.py
[2025-01-19T23:40:25.020+0000] {processor.py:914} INFO - Processing file /home/airflow/.local/lib/python3.12/site-packages/airflow/example_dags/example_xcomargs.py for tasks to queue
[2025-01-19T23:40:25.023+0000] {logging_mixin.py:190} INFO - [2025-01-19T23:40:25.022+0000] {dagbag.py:588} INFO - Filling up the DagBag from /home/airflow/.local/lib/python3.12/site-packages/airflow/example_dags/example_xcomargs.py
[2025-01-19T23:40:25.031+0000] {processor.py:925} INFO - DAG(s) 'example_xcom_args_with_operators', 'example_xcom_args' retrieved from /home/airflow/.local/lib/python3.12/site-packages/airflow/example_dags/example_xcomargs.py
[2025-01-19T23:40:25.049+0000] {logging_mixin.py:190} INFO - [2025-01-19T23:40:25.048+0000] {dag.py:3239} INFO - Sync 2 DAGs
[2025-01-19T23:40:25.079+0000] {logging_mixin.py:190} INFO - [2025-01-19T23:40:25.078+0000] {dag.py:4180} INFO - Setting next_dagrun for example_xcom_args to None, run_after=None
[2025-01-19T23:40:25.086+0000] {logging_mixin.py:190} INFO - [2025-01-19T23:40:25.086+0000] {dag.py:4180} INFO - Setting next_dagrun for example_xcom_args_with_operators to None, run_after=None
[2025-01-19T23:40:25.112+0000] {processor.py:208} INFO - Processing /home/airflow/.local/lib/python3.12/site-packages/airflow/example_dags/example_xcomargs.py took 0.098 seconds
[2025-01-19T23:40:55.428+0000] {processor.py:186} INFO - Started process (PID=332) to work on /home/airflow/.local/lib/python3.12/site-packages/airflow/example_dags/example_xcomargs.py
[2025-01-19T23:40:55.429+0000] {processor.py:914} INFO - Processing file /home/airflow/.local/lib/python3.12/site-packages/airflow/example_dags/example_xcomargs.py for tasks to queue
[2025-01-19T23:40:55.431+0000] {logging_mixin.py:190} INFO - [2025-01-19T23:40:55.430+0000] {dagbag.py:588} INFO - Filling up the DagBag from /home/airflow/.local/lib/python3.12/site-packages/airflow/example_dags/example_xcomargs.py
[2025-01-19T23:40:55.441+0000] {processor.py:925} INFO - DAG(s) 'example_xcom_args_with_operators', 'example_xcom_args' retrieved from /home/airflow/.local/lib/python3.12/site-packages/airflow/example_dags/example_xcomargs.py
[2025-01-19T23:40:55.459+0000] {logging_mixin.py:190} INFO - [2025-01-19T23:40:55.458+0000] {dag.py:3239} INFO - Sync 2 DAGs
[2025-01-19T23:40:55.468+0000] {logging_mixin.py:190} INFO - [2025-01-19T23:40:55.468+0000] {dag.py:4180} INFO - Setting next_dagrun for example_xcom_args to None, run_after=None
[2025-01-19T23:40:55.471+0000] {logging_mixin.py:190} INFO - [2025-01-19T23:40:55.471+0000] {dag.py:4180} INFO - Setting next_dagrun for example_xcom_args_with_operators to None, run_after=None
[2025-01-19T23:40:55.481+0000] {processor.py:208} INFO - Processing /home/airflow/.local/lib/python3.12/site-packages/airflow/example_dags/example_xcomargs.py took 0.058 seconds
[2025-01-19T23:41:25.929+0000] {processor.py:186} INFO - Started process (PID=395) to work on /home/airflow/.local/lib/python3.12/site-packages/airflow/example_dags/example_xcomargs.py
[2025-01-19T23:41:25.931+0000] {processor.py:914} INFO - Processing file /home/airflow/.local/lib/python3.12/site-packages/airflow/example_dags/example_xcomargs.py for tasks to queue
[2025-01-19T23:41:25.933+0000] {logging_mixin.py:190} INFO - [2025-01-19T23:41:25.933+0000] {dagbag.py:588} INFO - Filling up the DagBag from /home/airflow/.local/lib/python3.12/site-packages/airflow/example_dags/example_xcomargs.py
[2025-01-19T23:41:25.942+0000] {processor.py:925} INFO - DAG(s) 'example_xcom_args_with_operators', 'example_xcom_args' retrieved from /home/airflow/.local/lib/python3.12/site-packages/airflow/example_dags/example_xcomargs.py
[2025-01-19T23:41:25.963+0000] {logging_mixin.py:190} INFO - [2025-01-19T23:41:25.962+0000] {dag.py:3239} INFO - Sync 2 DAGs
[2025-01-19T23:41:25.973+0000] {logging_mixin.py:190} INFO - [2025-01-19T23:41:25.972+0000] {dag.py:4180} INFO - Setting next_dagrun for example_xcom_args to None, run_after=None
[2025-01-19T23:41:25.976+0000] {logging_mixin.py:190} INFO - [2025-01-19T23:41:25.975+0000] {dag.py:4180} INFO - Setting next_dagrun for example_xcom_args_with_operators to None, run_after=None
[2025-01-19T23:41:25.989+0000] {processor.py:208} INFO - Processing /home/airflow/.local/lib/python3.12/site-packages/airflow/example_dags/example_xcomargs.py took 0.064 seconds
[2025-01-19T23:41:56.676+0000] {processor.py:186} INFO - Started process (PID=458) to work on /home/airflow/.local/lib/python3.12/site-packages/airflow/example_dags/example_xcomargs.py
[2025-01-19T23:41:56.677+0000] {processor.py:914} INFO - Processing file /home/airflow/.local/lib/python3.12/site-packages/airflow/example_dags/example_xcomargs.py for tasks to queue
[2025-01-19T23:41:56.679+0000] {logging_mixin.py:190} INFO - [2025-01-19T23:41:56.678+0000] {dagbag.py:588} INFO - Filling up the DagBag from /home/airflow/.local/lib/python3.12/site-packages/airflow/example_dags/example_xcomargs.py
[2025-01-19T23:41:56.687+0000] {processor.py:925} INFO - DAG(s) 'example_xcom_args_with_operators', 'example_xcom_args' retrieved from /home/airflow/.local/lib/python3.12/site-packages/airflow/example_dags/example_xcomargs.py
[2025-01-19T23:41:56.706+0000] {logging_mixin.py:190} INFO - [2025-01-19T23:41:56.706+0000] {dag.py:3239} INFO - Sync 2 DAGs
[2025-01-19T23:41:56.717+0000] {logging_mixin.py:190} INFO - [2025-01-19T23:41:56.716+0000] {dag.py:4180} INFO - Setting next_dagrun for example_xcom_args to None, run_after=None
[2025-01-19T23:41:56.720+0000] {logging_mixin.py:190} INFO - [2025-01-19T23:41:56.720+0000] {dag.py:4180} INFO - Setting next_dagrun for example_xcom_args_with_operators to None, run_after=None
[2025-01-19T23:41:56.730+0000] {processor.py:208} INFO - Processing /home/airflow/.local/lib/python3.12/site-packages/airflow/example_dags/example_xcomargs.py took 0.059 seconds
[2025-01-19T23:44:18.659+0000] {processor.py:186} INFO - Started process (PID=88) to work on /home/airflow/.local/lib/python3.12/site-packages/airflow/example_dags/example_xcomargs.py
[2025-01-19T23:44:18.664+0000] {processor.py:914} INFO - Processing file /home/airflow/.local/lib/python3.12/site-packages/airflow/example_dags/example_xcomargs.py for tasks to queue
[2025-01-19T23:44:18.677+0000] {logging_mixin.py:190} INFO - [2025-01-19T23:44:18.676+0000] {dagbag.py:588} INFO - Filling up the DagBag from /home/airflow/.local/lib/python3.12/site-packages/airflow/example_dags/example_xcomargs.py
[2025-01-19T23:44:18.804+0000] {processor.py:925} INFO - DAG(s) 'example_xcom_args', 'example_xcom_args_with_operators' retrieved from /home/airflow/.local/lib/python3.12/site-packages/airflow/example_dags/example_xcomargs.py
[2025-01-19T23:44:18.950+0000] {logging_mixin.py:190} INFO - [2025-01-19T23:44:18.949+0000] {dag.py:3239} INFO - Sync 2 DAGs
[2025-01-19T23:44:19.063+0000] {logging_mixin.py:190} INFO - [2025-01-19T23:44:19.062+0000] {dag.py:4180} INFO - Setting next_dagrun for example_xcom_args to None, run_after=None
[2025-01-19T23:44:19.092+0000] {logging_mixin.py:190} INFO - [2025-01-19T23:44:19.091+0000] {dag.py:4180} INFO - Setting next_dagrun for example_xcom_args_with_operators to None, run_after=None
[2025-01-19T23:44:19.209+0000] {processor.py:208} INFO - Processing /home/airflow/.local/lib/python3.12/site-packages/airflow/example_dags/example_xcomargs.py took 0.573 seconds
[2025-01-19T23:46:59.383+0000] {processor.py:186} INFO - Started process (PID=81) to work on /home/airflow/.local/lib/python3.12/site-packages/airflow/example_dags/example_xcomargs.py
[2025-01-19T23:46:59.460+0000] {processor.py:914} INFO - Processing file /home/airflow/.local/lib/python3.12/site-packages/airflow/example_dags/example_xcomargs.py for tasks to queue
[2025-01-19T23:46:59.600+0000] {logging_mixin.py:190} INFO - [2025-01-19T23:46:59.600+0000] {dagbag.py:588} INFO - Filling up the DagBag from /home/airflow/.local/lib/python3.12/site-packages/airflow/example_dags/example_xcomargs.py
[2025-01-19T23:46:59.621+0000] {processor.py:925} INFO - DAG(s) 'example_xcom_args', 'example_xcom_args_with_operators' retrieved from /home/airflow/.local/lib/python3.12/site-packages/airflow/example_dags/example_xcomargs.py
[2025-01-19T23:46:59.675+0000] {logging_mixin.py:190} INFO - [2025-01-19T23:46:59.675+0000] {dag.py:3239} INFO - Sync 2 DAGs
[2025-01-19T23:46:59.696+0000] {logging_mixin.py:190} INFO - [2025-01-19T23:46:59.695+0000] {dag.py:4180} INFO - Setting next_dagrun for example_xcom_args to None, run_after=None
[2025-01-19T23:46:59.701+0000] {logging_mixin.py:190} INFO - [2025-01-19T23:46:59.701+0000] {dag.py:4180} INFO - Setting next_dagrun for example_xcom_args_with_operators to None, run_after=None
[2025-01-19T23:47:00.331+0000] {processor.py:208} INFO - Processing /home/airflow/.local/lib/python3.12/site-packages/airflow/example_dags/example_xcomargs.py took 0.954 seconds
[2025-01-19T23:47:30.559+0000] {processor.py:186} INFO - Started process (PID=143) to work on /home/airflow/.local/lib/python3.12/site-packages/airflow/example_dags/example_xcomargs.py
[2025-01-19T23:47:30.560+0000] {processor.py:914} INFO - Processing file /home/airflow/.local/lib/python3.12/site-packages/airflow/example_dags/example_xcomargs.py for tasks to queue
[2025-01-19T23:47:30.562+0000] {logging_mixin.py:190} INFO - [2025-01-19T23:47:30.562+0000] {dagbag.py:588} INFO - Filling up the DagBag from /home/airflow/.local/lib/python3.12/site-packages/airflow/example_dags/example_xcomargs.py
[2025-01-19T23:47:30.570+0000] {processor.py:925} INFO - DAG(s) 'example_xcom_args_with_operators', 'example_xcom_args' retrieved from /home/airflow/.local/lib/python3.12/site-packages/airflow/example_dags/example_xcomargs.py
[2025-01-19T23:47:30.590+0000] {logging_mixin.py:190} INFO - [2025-01-19T23:47:30.590+0000] {dag.py:3239} INFO - Sync 2 DAGs
[2025-01-19T23:47:30.602+0000] {logging_mixin.py:190} INFO - [2025-01-19T23:47:30.602+0000] {dag.py:4180} INFO - Setting next_dagrun for example_xcom_args to None, run_after=None
[2025-01-19T23:47:30.605+0000] {logging_mixin.py:190} INFO - [2025-01-19T23:47:30.604+0000] {dag.py:4180} INFO - Setting next_dagrun for example_xcom_args_with_operators to None, run_after=None
[2025-01-19T23:47:30.619+0000] {processor.py:208} INFO - Processing /home/airflow/.local/lib/python3.12/site-packages/airflow/example_dags/example_xcomargs.py took 0.065 seconds
[2025-01-19T23:50:04.978+0000] {processor.py:186} INFO - Started process (PID=191) to work on /home/airflow/.local/lib/python3.12/site-packages/airflow/example_dags/example_xcomargs.py
[2025-01-19T23:50:04.981+0000] {processor.py:914} INFO - Processing file /home/airflow/.local/lib/python3.12/site-packages/airflow/example_dags/example_xcomargs.py for tasks to queue
[2025-01-19T23:50:04.985+0000] {logging_mixin.py:190} INFO - [2025-01-19T23:50:04.983+0000] {dagbag.py:588} INFO - Filling up the DagBag from /home/airflow/.local/lib/python3.12/site-packages/airflow/example_dags/example_xcomargs.py
[2025-01-19T23:50:05.031+0000] {processor.py:925} INFO - DAG(s) 'example_xcom_args_with_operators', 'example_xcom_args' retrieved from /home/airflow/.local/lib/python3.12/site-packages/airflow/example_dags/example_xcomargs.py
[2025-01-19T23:50:05.241+0000] {logging_mixin.py:190} INFO - [2025-01-19T23:50:05.232+0000] {dag.py:3239} INFO - Sync 2 DAGs
[2025-01-19T23:50:05.280+0000] {logging_mixin.py:190} INFO - [2025-01-19T23:50:05.280+0000] {dag.py:4180} INFO - Setting next_dagrun for example_xcom_args to None, run_after=None
[2025-01-19T23:50:05.288+0000] {logging_mixin.py:190} INFO - [2025-01-19T23:50:05.288+0000] {dag.py:4180} INFO - Setting next_dagrun for example_xcom_args_with_operators to None, run_after=None
[2025-01-19T23:50:05.396+0000] {processor.py:208} INFO - Processing /home/airflow/.local/lib/python3.12/site-packages/airflow/example_dags/example_xcomargs.py took 0.450 seconds
[2025-01-19T23:50:36.318+0000] {processor.py:186} INFO - Started process (PID=255) to work on /home/airflow/.local/lib/python3.12/site-packages/airflow/example_dags/example_xcomargs.py
[2025-01-19T23:50:36.319+0000] {processor.py:914} INFO - Processing file /home/airflow/.local/lib/python3.12/site-packages/airflow/example_dags/example_xcomargs.py for tasks to queue
[2025-01-19T23:50:36.321+0000] {logging_mixin.py:190} INFO - [2025-01-19T23:50:36.320+0000] {dagbag.py:588} INFO - Filling up the DagBag from /home/airflow/.local/lib/python3.12/site-packages/airflow/example_dags/example_xcomargs.py
[2025-01-19T23:50:36.329+0000] {processor.py:925} INFO - DAG(s) 'example_xcom_args_with_operators', 'example_xcom_args' retrieved from /home/airflow/.local/lib/python3.12/site-packages/airflow/example_dags/example_xcomargs.py
[2025-01-19T23:50:36.347+0000] {logging_mixin.py:190} INFO - [2025-01-19T23:50:36.347+0000] {dag.py:3239} INFO - Sync 2 DAGs
[2025-01-19T23:50:36.357+0000] {logging_mixin.py:190} INFO - [2025-01-19T23:50:36.357+0000] {dag.py:4180} INFO - Setting next_dagrun for example_xcom_args to None, run_after=None
[2025-01-19T23:50:36.360+0000] {logging_mixin.py:190} INFO - [2025-01-19T23:50:36.359+0000] {dag.py:4180} INFO - Setting next_dagrun for example_xcom_args_with_operators to None, run_after=None
[2025-01-19T23:50:36.373+0000] {processor.py:208} INFO - Processing /home/airflow/.local/lib/python3.12/site-packages/airflow/example_dags/example_xcomargs.py took 0.060 seconds
[2025-01-19T23:51:06.746+0000] {processor.py:186} INFO - Started process (PID=318) to work on /home/airflow/.local/lib/python3.12/site-packages/airflow/example_dags/example_xcomargs.py
[2025-01-19T23:51:06.749+0000] {processor.py:914} INFO - Processing file /home/airflow/.local/lib/python3.12/site-packages/airflow/example_dags/example_xcomargs.py for tasks to queue
[2025-01-19T23:51:06.761+0000] {logging_mixin.py:190} INFO - [2025-01-19T23:51:06.758+0000] {dagbag.py:588} INFO - Filling up the DagBag from /home/airflow/.local/lib/python3.12/site-packages/airflow/example_dags/example_xcomargs.py
[2025-01-19T23:51:06.834+0000] {processor.py:925} INFO - DAG(s) 'example_xcom_args_with_operators', 'example_xcom_args' retrieved from /home/airflow/.local/lib/python3.12/site-packages/airflow/example_dags/example_xcomargs.py
[2025-01-19T23:51:06.902+0000] {logging_mixin.py:190} INFO - [2025-01-19T23:51:06.901+0000] {dag.py:3239} INFO - Sync 2 DAGs
[2025-01-19T23:51:06.941+0000] {logging_mixin.py:190} INFO - [2025-01-19T23:51:06.940+0000] {dag.py:4180} INFO - Setting next_dagrun for example_xcom_args to None, run_after=None
[2025-01-19T23:51:06.949+0000] {logging_mixin.py:190} INFO - [2025-01-19T23:51:06.949+0000] {dag.py:4180} INFO - Setting next_dagrun for example_xcom_args_with_operators to None, run_after=None
[2025-01-19T23:51:06.988+0000] {processor.py:208} INFO - Processing /home/airflow/.local/lib/python3.12/site-packages/airflow/example_dags/example_xcomargs.py took 0.259 seconds
[2025-01-19T23:51:37.309+0000] {processor.py:186} INFO - Started process (PID=381) to work on /home/airflow/.local/lib/python3.12/site-packages/airflow/example_dags/example_xcomargs.py
[2025-01-19T23:51:37.312+0000] {processor.py:914} INFO - Processing file /home/airflow/.local/lib/python3.12/site-packages/airflow/example_dags/example_xcomargs.py for tasks to queue
[2025-01-19T23:51:37.315+0000] {logging_mixin.py:190} INFO - [2025-01-19T23:51:37.315+0000] {dagbag.py:588} INFO - Filling up the DagBag from /home/airflow/.local/lib/python3.12/site-packages/airflow/example_dags/example_xcomargs.py
[2025-01-19T23:51:37.334+0000] {processor.py:925} INFO - DAG(s) 'example_xcom_args_with_operators', 'example_xcom_args' retrieved from /home/airflow/.local/lib/python3.12/site-packages/airflow/example_dags/example_xcomargs.py
[2025-01-19T23:51:37.391+0000] {logging_mixin.py:190} INFO - [2025-01-19T23:51:37.391+0000] {dag.py:3239} INFO - Sync 2 DAGs
[2025-01-19T23:51:37.416+0000] {logging_mixin.py:190} INFO - [2025-01-19T23:51:37.416+0000] {dag.py:4180} INFO - Setting next_dagrun for example_xcom_args to None, run_after=None
[2025-01-19T23:51:37.423+0000] {logging_mixin.py:190} INFO - [2025-01-19T23:51:37.422+0000] {dag.py:4180} INFO - Setting next_dagrun for example_xcom_args_with_operators to None, run_after=None
[2025-01-19T23:51:37.458+0000] {processor.py:208} INFO - Processing /home/airflow/.local/lib/python3.12/site-packages/airflow/example_dags/example_xcomargs.py took 0.158 seconds
[2025-01-19T23:54:08.723+0000] {processor.py:186} INFO - Started process (PID=419) to work on /home/airflow/.local/lib/python3.12/site-packages/airflow/example_dags/example_xcomargs.py
[2025-01-19T23:54:08.726+0000] {processor.py:914} INFO - Processing file /home/airflow/.local/lib/python3.12/site-packages/airflow/example_dags/example_xcomargs.py for tasks to queue
[2025-01-19T23:54:08.729+0000] {logging_mixin.py:190} INFO - [2025-01-19T23:54:08.728+0000] {dagbag.py:588} INFO - Filling up the DagBag from /home/airflow/.local/lib/python3.12/site-packages/airflow/example_dags/example_xcomargs.py
[2025-01-19T23:54:08.768+0000] {processor.py:925} INFO - DAG(s) 'example_xcom_args', 'example_xcom_args_with_operators' retrieved from /home/airflow/.local/lib/python3.12/site-packages/airflow/example_dags/example_xcomargs.py
[2025-01-19T23:54:09.234+0000] {logging_mixin.py:190} INFO - [2025-01-19T23:54:09.228+0000] {dag.py:3239} INFO - Sync 2 DAGs
[2025-01-19T23:54:09.381+0000] {logging_mixin.py:190} INFO - [2025-01-19T23:54:09.365+0000] {dag.py:4180} INFO - Setting next_dagrun for example_xcom_args to None, run_after=None
[2025-01-19T23:54:09.447+0000] {logging_mixin.py:190} INFO - [2025-01-19T23:54:09.441+0000] {dag.py:4180} INFO - Setting next_dagrun for example_xcom_args_with_operators to None, run_after=None
[2025-01-19T23:54:09.623+0000] {processor.py:208} INFO - Processing /home/airflow/.local/lib/python3.12/site-packages/airflow/example_dags/example_xcomargs.py took 0.912 seconds
[2025-01-19T23:57:21.453+0000] {processor.py:186} INFO - Started process (PID=474) to work on /home/airflow/.local/lib/python3.12/site-packages/airflow/example_dags/example_xcomargs.py
[2025-01-19T23:57:21.457+0000] {processor.py:914} INFO - Processing file /home/airflow/.local/lib/python3.12/site-packages/airflow/example_dags/example_xcomargs.py for tasks to queue
[2025-01-19T23:57:21.460+0000] {logging_mixin.py:190} INFO - [2025-01-19T23:57:21.459+0000] {dagbag.py:588} INFO - Filling up the DagBag from /home/airflow/.local/lib/python3.12/site-packages/airflow/example_dags/example_xcomargs.py
[2025-01-19T23:57:21.490+0000] {processor.py:925} INFO - DAG(s) 'example_xcom_args_with_operators', 'example_xcom_args' retrieved from /home/airflow/.local/lib/python3.12/site-packages/airflow/example_dags/example_xcomargs.py
[2025-01-19T23:57:21.542+0000] {logging_mixin.py:190} INFO - [2025-01-19T23:57:21.541+0000] {dag.py:3239} INFO - Sync 2 DAGs
[2025-01-19T23:57:21.583+0000] {logging_mixin.py:190} INFO - [2025-01-19T23:57:21.582+0000] {dag.py:4180} INFO - Setting next_dagrun for example_xcom_args to None, run_after=None
[2025-01-19T23:57:21.595+0000] {logging_mixin.py:190} INFO - [2025-01-19T23:57:21.594+0000] {dag.py:4180} INFO - Setting next_dagrun for example_xcom_args_with_operators to None, run_after=None
[2025-01-19T23:57:21.642+0000] {processor.py:208} INFO - Processing /home/airflow/.local/lib/python3.12/site-packages/airflow/example_dags/example_xcomargs.py took 0.200 seconds
[2025-01-19T23:57:51.856+0000] {processor.py:186} INFO - Started process (PID=534) to work on /home/airflow/.local/lib/python3.12/site-packages/airflow/example_dags/example_xcomargs.py
[2025-01-19T23:57:51.864+0000] {processor.py:914} INFO - Processing file /home/airflow/.local/lib/python3.12/site-packages/airflow/example_dags/example_xcomargs.py for tasks to queue
[2025-01-19T23:57:51.865+0000] {logging_mixin.py:190} INFO - [2025-01-19T23:57:51.865+0000] {dagbag.py:588} INFO - Filling up the DagBag from /home/airflow/.local/lib/python3.12/site-packages/airflow/example_dags/example_xcomargs.py
[2025-01-19T23:57:51.873+0000] {processor.py:925} INFO - DAG(s) 'example_xcom_args', 'example_xcom_args_with_operators' retrieved from /home/airflow/.local/lib/python3.12/site-packages/airflow/example_dags/example_xcomargs.py
[2025-01-19T23:57:51.900+0000] {logging_mixin.py:190} INFO - [2025-01-19T23:57:51.899+0000] {dag.py:3239} INFO - Sync 2 DAGs
[2025-01-19T23:57:51.912+0000] {logging_mixin.py:190} INFO - [2025-01-19T23:57:51.911+0000] {dag.py:4180} INFO - Setting next_dagrun for example_xcom_args to None, run_after=None
[2025-01-19T23:57:51.914+0000] {logging_mixin.py:190} INFO - [2025-01-19T23:57:51.914+0000] {dag.py:4180} INFO - Setting next_dagrun for example_xcom_args_with_operators to None, run_after=None
[2025-01-19T23:57:51.933+0000] {processor.py:208} INFO - Processing /home/airflow/.local/lib/python3.12/site-packages/airflow/example_dags/example_xcomargs.py took 0.082 seconds
[2025-01-19T23:58:22.521+0000] {processor.py:186} INFO - Started process (PID=597) to work on /home/airflow/.local/lib/python3.12/site-packages/airflow/example_dags/example_xcomargs.py
[2025-01-19T23:58:22.523+0000] {processor.py:914} INFO - Processing file /home/airflow/.local/lib/python3.12/site-packages/airflow/example_dags/example_xcomargs.py for tasks to queue
[2025-01-19T23:58:22.524+0000] {logging_mixin.py:190} INFO - [2025-01-19T23:58:22.524+0000] {dagbag.py:588} INFO - Filling up the DagBag from /home/airflow/.local/lib/python3.12/site-packages/airflow/example_dags/example_xcomargs.py
[2025-01-19T23:58:22.536+0000] {processor.py:925} INFO - DAG(s) 'example_xcom_args_with_operators', 'example_xcom_args' retrieved from /home/airflow/.local/lib/python3.12/site-packages/airflow/example_dags/example_xcomargs.py
[2025-01-19T23:58:22.559+0000] {logging_mixin.py:190} INFO - [2025-01-19T23:58:22.559+0000] {dag.py:3239} INFO - Sync 2 DAGs
[2025-01-19T23:58:22.571+0000] {logging_mixin.py:190} INFO - [2025-01-19T23:58:22.571+0000] {dag.py:4180} INFO - Setting next_dagrun for example_xcom_args to None, run_after=None
[2025-01-19T23:58:22.576+0000] {logging_mixin.py:190} INFO - [2025-01-19T23:58:22.576+0000] {dag.py:4180} INFO - Setting next_dagrun for example_xcom_args_with_operators to None, run_after=None
[2025-01-19T23:58:22.591+0000] {processor.py:208} INFO - Processing /home/airflow/.local/lib/python3.12/site-packages/airflow/example_dags/example_xcomargs.py took 0.074 seconds
[2025-01-19T23:58:53.390+0000] {processor.py:186} INFO - Started process (PID=660) to work on /home/airflow/.local/lib/python3.12/site-packages/airflow/example_dags/example_xcomargs.py
[2025-01-19T23:58:53.391+0000] {processor.py:914} INFO - Processing file /home/airflow/.local/lib/python3.12/site-packages/airflow/example_dags/example_xcomargs.py for tasks to queue
[2025-01-19T23:58:53.392+0000] {logging_mixin.py:190} INFO - [2025-01-19T23:58:53.391+0000] {dagbag.py:588} INFO - Filling up the DagBag from /home/airflow/.local/lib/python3.12/site-packages/airflow/example_dags/example_xcomargs.py
[2025-01-19T23:58:53.402+0000] {processor.py:925} INFO - DAG(s) 'example_xcom_args', 'example_xcom_args_with_operators' retrieved from /home/airflow/.local/lib/python3.12/site-packages/airflow/example_dags/example_xcomargs.py
[2025-01-19T23:58:53.421+0000] {logging_mixin.py:190} INFO - [2025-01-19T23:58:53.421+0000] {dag.py:3239} INFO - Sync 2 DAGs
[2025-01-19T23:58:53.433+0000] {logging_mixin.py:190} INFO - [2025-01-19T23:58:53.433+0000] {dag.py:4180} INFO - Setting next_dagrun for example_xcom_args to None, run_after=None
[2025-01-19T23:58:53.436+0000] {logging_mixin.py:190} INFO - [2025-01-19T23:58:53.436+0000] {dag.py:4180} INFO - Setting next_dagrun for example_xcom_args_with_operators to None, run_after=None
[2025-01-19T23:58:53.451+0000] {processor.py:208} INFO - Processing /home/airflow/.local/lib/python3.12/site-packages/airflow/example_dags/example_xcomargs.py took 0.065 seconds
[2025-01-19T23:59:24.236+0000] {processor.py:186} INFO - Started process (PID=723) to work on /home/airflow/.local/lib/python3.12/site-packages/airflow/example_dags/example_xcomargs.py
[2025-01-19T23:59:24.239+0000] {processor.py:914} INFO - Processing file /home/airflow/.local/lib/python3.12/site-packages/airflow/example_dags/example_xcomargs.py for tasks to queue
[2025-01-19T23:59:24.239+0000] {logging_mixin.py:190} INFO - [2025-01-19T23:59:24.239+0000] {dagbag.py:588} INFO - Filling up the DagBag from /home/airflow/.local/lib/python3.12/site-packages/airflow/example_dags/example_xcomargs.py
[2025-01-19T23:59:24.254+0000] {processor.py:925} INFO - DAG(s) 'example_xcom_args', 'example_xcom_args_with_operators' retrieved from /home/airflow/.local/lib/python3.12/site-packages/airflow/example_dags/example_xcomargs.py
[2025-01-19T23:59:24.275+0000] {logging_mixin.py:190} INFO - [2025-01-19T23:59:24.275+0000] {dag.py:3239} INFO - Sync 2 DAGs
[2025-01-19T23:59:24.287+0000] {logging_mixin.py:190} INFO - [2025-01-19T23:59:24.287+0000] {dag.py:4180} INFO - Setting next_dagrun for example_xcom_args to None, run_after=None
[2025-01-19T23:59:24.289+0000] {logging_mixin.py:190} INFO - [2025-01-19T23:59:24.289+0000] {dag.py:4180} INFO - Setting next_dagrun for example_xcom_args_with_operators to None, run_after=None
[2025-01-19T23:59:24.303+0000] {processor.py:208} INFO - Processing /home/airflow/.local/lib/python3.12/site-packages/airflow/example_dags/example_xcomargs.py took 0.072 seconds
[2025-01-19T23:59:54.418+0000] {processor.py:186} INFO - Started process (PID=786) to work on /home/airflow/.local/lib/python3.12/site-packages/airflow/example_dags/example_xcomargs.py
[2025-01-19T23:59:54.419+0000] {processor.py:914} INFO - Processing file /home/airflow/.local/lib/python3.12/site-packages/airflow/example_dags/example_xcomargs.py for tasks to queue
[2025-01-19T23:59:54.420+0000] {logging_mixin.py:190} INFO - [2025-01-19T23:59:54.419+0000] {dagbag.py:588} INFO - Filling up the DagBag from /home/airflow/.local/lib/python3.12/site-packages/airflow/example_dags/example_xcomargs.py
[2025-01-19T23:59:54.428+0000] {processor.py:925} INFO - DAG(s) 'example_xcom_args_with_operators', 'example_xcom_args' retrieved from /home/airflow/.local/lib/python3.12/site-packages/airflow/example_dags/example_xcomargs.py
[2025-01-19T23:59:54.447+0000] {logging_mixin.py:190} INFO - [2025-01-19T23:59:54.447+0000] {dag.py:3239} INFO - Sync 2 DAGs
[2025-01-19T23:59:54.458+0000] {logging_mixin.py:190} INFO - [2025-01-19T23:59:54.457+0000] {dag.py:4180} INFO - Setting next_dagrun for example_xcom_args to None, run_after=None
[2025-01-19T23:59:54.460+0000] {logging_mixin.py:190} INFO - [2025-01-19T23:59:54.460+0000] {dag.py:4180} INFO - Setting next_dagrun for example_xcom_args_with_operators to None, run_after=None
[2025-01-19T23:59:54.471+0000] {processor.py:208} INFO - Processing /home/airflow/.local/lib/python3.12/site-packages/airflow/example_dags/example_xcomargs.py took 0.058 seconds
