[2025-01-19T23:39:09.031+0000] {processor.py:186} INFO - Started process (PID=98) to work on /home/airflow/.local/lib/python3.12/site-packages/airflow/example_dags/example_dag_decorator.py
[2025-01-19T23:39:09.032+0000] {processor.py:914} INFO - Processing file /home/airflow/.local/lib/python3.12/site-packages/airflow/example_dags/example_dag_decorator.py for tasks to queue
[2025-01-19T23:39:09.040+0000] {logging_mixin.py:190} INFO - [2025-01-19T23:39:09.039+0000] {dagbag.py:588} INFO - Filling up the DagBag from /home/airflow/.local/lib/python3.12/site-packages/airflow/example_dags/example_dag_decorator.py
[2025-01-19T23:39:09.061+0000] {processor.py:925} INFO - DAG(s) 'example_dag_decorator' retrieved from /home/airflow/.local/lib/python3.12/site-packages/airflow/example_dags/example_dag_decorator.py
[2025-01-19T23:39:09.225+0000] {logging_mixin.py:190} INFO - [2025-01-19T23:39:09.225+0000] {dag.py:3239} INFO - Sync 1 DAGs
[2025-01-19T23:39:09.240+0000] {logging_mixin.py:190} INFO - [2025-01-19T23:39:09.240+0000] {dag.py:4180} INFO - Setting next_dagrun for example_dag_decorator to None, run_after=None
[2025-01-19T23:39:09.268+0000] {processor.py:208} INFO - Processing /home/airflow/.local/lib/python3.12/site-packages/airflow/example_dags/example_dag_decorator.py took 0.246 seconds
[2025-01-19T23:39:39.619+0000] {processor.py:186} INFO - Started process (PID=161) to work on /home/airflow/.local/lib/python3.12/site-packages/airflow/example_dags/example_dag_decorator.py
[2025-01-19T23:39:39.620+0000] {processor.py:914} INFO - Processing file /home/airflow/.local/lib/python3.12/site-packages/airflow/example_dags/example_dag_decorator.py for tasks to queue
[2025-01-19T23:39:39.622+0000] {logging_mixin.py:190} INFO - [2025-01-19T23:39:39.622+0000] {dagbag.py:588} INFO - Filling up the DagBag from /home/airflow/.local/lib/python3.12/site-packages/airflow/example_dags/example_dag_decorator.py
[2025-01-19T23:39:39.639+0000] {processor.py:925} INFO - DAG(s) 'example_dag_decorator' retrieved from /home/airflow/.local/lib/python3.12/site-packages/airflow/example_dags/example_dag_decorator.py
[2025-01-19T23:39:39.658+0000] {logging_mixin.py:190} INFO - [2025-01-19T23:39:39.657+0000] {dag.py:3239} INFO - Sync 1 DAGs
[2025-01-19T23:39:39.668+0000] {logging_mixin.py:190} INFO - [2025-01-19T23:39:39.668+0000] {dag.py:4180} INFO - Setting next_dagrun for example_dag_decorator to None, run_after=None
[2025-01-19T23:39:39.684+0000] {processor.py:208} INFO - Processing /home/airflow/.local/lib/python3.12/site-packages/airflow/example_dags/example_dag_decorator.py took 0.069 seconds
[2025-01-19T23:40:11.361+0000] {processor.py:186} INFO - Started process (PID=224) to work on /home/airflow/.local/lib/python3.12/site-packages/airflow/example_dags/example_dag_decorator.py
[2025-01-19T23:40:11.362+0000] {processor.py:914} INFO - Processing file /home/airflow/.local/lib/python3.12/site-packages/airflow/example_dags/example_dag_decorator.py for tasks to queue
[2025-01-19T23:40:11.365+0000] {logging_mixin.py:190} INFO - [2025-01-19T23:40:11.365+0000] {dagbag.py:588} INFO - Filling up the DagBag from /home/airflow/.local/lib/python3.12/site-packages/airflow/example_dags/example_dag_decorator.py
[2025-01-19T23:40:11.380+0000] {processor.py:925} INFO - DAG(s) 'example_dag_decorator' retrieved from /home/airflow/.local/lib/python3.12/site-packages/airflow/example_dags/example_dag_decorator.py
[2025-01-19T23:40:11.398+0000] {logging_mixin.py:190} INFO - [2025-01-19T23:40:11.398+0000] {dag.py:3239} INFO - Sync 1 DAGs
[2025-01-19T23:40:11.408+0000] {logging_mixin.py:190} INFO - [2025-01-19T23:40:11.407+0000] {dag.py:4180} INFO - Setting next_dagrun for example_dag_decorator to None, run_after=None
[2025-01-19T23:40:11.423+0000] {processor.py:208} INFO - Processing /home/airflow/.local/lib/python3.12/site-packages/airflow/example_dags/example_dag_decorator.py took 0.067 seconds
[2025-01-19T23:40:42.959+0000] {processor.py:186} INFO - Started process (PID=287) to work on /home/airflow/.local/lib/python3.12/site-packages/airflow/example_dags/example_dag_decorator.py
[2025-01-19T23:40:42.961+0000] {processor.py:914} INFO - Processing file /home/airflow/.local/lib/python3.12/site-packages/airflow/example_dags/example_dag_decorator.py for tasks to queue
[2025-01-19T23:40:42.963+0000] {logging_mixin.py:190} INFO - [2025-01-19T23:40:42.962+0000] {dagbag.py:588} INFO - Filling up the DagBag from /home/airflow/.local/lib/python3.12/site-packages/airflow/example_dags/example_dag_decorator.py
[2025-01-19T23:40:42.976+0000] {processor.py:925} INFO - DAG(s) 'example_dag_decorator' retrieved from /home/airflow/.local/lib/python3.12/site-packages/airflow/example_dags/example_dag_decorator.py
[2025-01-19T23:40:42.996+0000] {logging_mixin.py:190} INFO - [2025-01-19T23:40:42.996+0000] {dag.py:3239} INFO - Sync 1 DAGs
[2025-01-19T23:40:43.007+0000] {logging_mixin.py:190} INFO - [2025-01-19T23:40:43.007+0000] {dag.py:4180} INFO - Setting next_dagrun for example_dag_decorator to None, run_after=None
[2025-01-19T23:40:43.024+0000] {processor.py:208} INFO - Processing /home/airflow/.local/lib/python3.12/site-packages/airflow/example_dags/example_dag_decorator.py took 0.069 seconds
[2025-01-19T23:41:14.127+0000] {processor.py:186} INFO - Started process (PID=350) to work on /home/airflow/.local/lib/python3.12/site-packages/airflow/example_dags/example_dag_decorator.py
[2025-01-19T23:41:14.128+0000] {processor.py:914} INFO - Processing file /home/airflow/.local/lib/python3.12/site-packages/airflow/example_dags/example_dag_decorator.py for tasks to queue
[2025-01-19T23:41:14.131+0000] {logging_mixin.py:190} INFO - [2025-01-19T23:41:14.130+0000] {dagbag.py:588} INFO - Filling up the DagBag from /home/airflow/.local/lib/python3.12/site-packages/airflow/example_dags/example_dag_decorator.py
[2025-01-19T23:41:14.147+0000] {processor.py:925} INFO - DAG(s) 'example_dag_decorator' retrieved from /home/airflow/.local/lib/python3.12/site-packages/airflow/example_dags/example_dag_decorator.py
[2025-01-19T23:41:14.316+0000] {logging_mixin.py:190} INFO - [2025-01-19T23:41:14.315+0000] {dag.py:3239} INFO - Sync 1 DAGs
[2025-01-19T23:41:14.325+0000] {logging_mixin.py:190} INFO - [2025-01-19T23:41:14.325+0000] {dag.py:4180} INFO - Setting next_dagrun for example_dag_decorator to None, run_after=None
[2025-01-19T23:41:14.344+0000] {processor.py:208} INFO - Processing /home/airflow/.local/lib/python3.12/site-packages/airflow/example_dags/example_dag_decorator.py took 0.222 seconds
[2025-01-19T23:41:46.105+0000] {processor.py:186} INFO - Started process (PID=415) to work on /home/airflow/.local/lib/python3.12/site-packages/airflow/example_dags/example_dag_decorator.py
[2025-01-19T23:41:46.106+0000] {processor.py:914} INFO - Processing file /home/airflow/.local/lib/python3.12/site-packages/airflow/example_dags/example_dag_decorator.py for tasks to queue
[2025-01-19T23:41:46.109+0000] {logging_mixin.py:190} INFO - [2025-01-19T23:41:46.109+0000] {dagbag.py:588} INFO - Filling up the DagBag from /home/airflow/.local/lib/python3.12/site-packages/airflow/example_dags/example_dag_decorator.py
[2025-01-19T23:41:46.127+0000] {processor.py:925} INFO - DAG(s) 'example_dag_decorator' retrieved from /home/airflow/.local/lib/python3.12/site-packages/airflow/example_dags/example_dag_decorator.py
[2025-01-19T23:41:46.150+0000] {logging_mixin.py:190} INFO - [2025-01-19T23:41:46.150+0000] {dag.py:3239} INFO - Sync 1 DAGs
[2025-01-19T23:41:46.162+0000] {logging_mixin.py:190} INFO - [2025-01-19T23:41:46.162+0000] {dag.py:4180} INFO - Setting next_dagrun for example_dag_decorator to None, run_after=None
[2025-01-19T23:41:46.184+0000] {processor.py:208} INFO - Processing /home/airflow/.local/lib/python3.12/site-packages/airflow/example_dags/example_dag_decorator.py took 0.086 seconds
[2025-01-19T23:42:17.545+0000] {processor.py:186} INFO - Started process (PID=476) to work on /home/airflow/.local/lib/python3.12/site-packages/airflow/example_dags/example_dag_decorator.py
[2025-01-19T23:42:17.547+0000] {processor.py:914} INFO - Processing file /home/airflow/.local/lib/python3.12/site-packages/airflow/example_dags/example_dag_decorator.py for tasks to queue
[2025-01-19T23:42:17.549+0000] {logging_mixin.py:190} INFO - [2025-01-19T23:42:17.548+0000] {dagbag.py:588} INFO - Filling up the DagBag from /home/airflow/.local/lib/python3.12/site-packages/airflow/example_dags/example_dag_decorator.py
[2025-01-19T23:42:17.564+0000] {processor.py:925} INFO - DAG(s) 'example_dag_decorator' retrieved from /home/airflow/.local/lib/python3.12/site-packages/airflow/example_dags/example_dag_decorator.py
[2025-01-19T23:42:17.590+0000] {logging_mixin.py:190} INFO - [2025-01-19T23:42:17.590+0000] {dag.py:3239} INFO - Sync 1 DAGs
[2025-01-19T23:42:17.605+0000] {logging_mixin.py:190} INFO - [2025-01-19T23:42:17.605+0000] {dag.py:4180} INFO - Setting next_dagrun for example_dag_decorator to None, run_after=None
[2025-01-19T23:42:17.625+0000] {processor.py:208} INFO - Processing /home/airflow/.local/lib/python3.12/site-packages/airflow/example_dags/example_dag_decorator.py took 0.084 seconds
[2025-01-19T23:47:07.390+0000] {processor.py:186} INFO - Started process (PID=104) to work on /home/airflow/.local/lib/python3.12/site-packages/airflow/example_dags/example_dag_decorator.py
[2025-01-19T23:47:07.392+0000] {processor.py:914} INFO - Processing file /home/airflow/.local/lib/python3.12/site-packages/airflow/example_dags/example_dag_decorator.py for tasks to queue
[2025-01-19T23:47:07.400+0000] {logging_mixin.py:190} INFO - [2025-01-19T23:47:07.399+0000] {dagbag.py:588} INFO - Filling up the DagBag from /home/airflow/.local/lib/python3.12/site-packages/airflow/example_dags/example_dag_decorator.py
[2025-01-19T23:47:07.429+0000] {processor.py:925} INFO - DAG(s) 'example_dag_decorator' retrieved from /home/airflow/.local/lib/python3.12/site-packages/airflow/example_dags/example_dag_decorator.py
[2025-01-19T23:47:07.789+0000] {logging_mixin.py:190} INFO - [2025-01-19T23:47:07.789+0000] {dag.py:3239} INFO - Sync 1 DAGs
[2025-01-19T23:47:07.813+0000] {logging_mixin.py:190} INFO - [2025-01-19T23:47:07.813+0000] {dag.py:4180} INFO - Setting next_dagrun for example_dag_decorator to None, run_after=None
[2025-01-19T23:47:07.862+0000] {processor.py:208} INFO - Processing /home/airflow/.local/lib/python3.12/site-packages/airflow/example_dags/example_dag_decorator.py took 0.483 seconds
[2025-01-19T23:47:38.249+0000] {processor.py:186} INFO - Started process (PID=168) to work on /home/airflow/.local/lib/python3.12/site-packages/airflow/example_dags/example_dag_decorator.py
[2025-01-19T23:47:38.250+0000] {processor.py:914} INFO - Processing file /home/airflow/.local/lib/python3.12/site-packages/airflow/example_dags/example_dag_decorator.py for tasks to queue
[2025-01-19T23:47:38.252+0000] {logging_mixin.py:190} INFO - [2025-01-19T23:47:38.251+0000] {dagbag.py:588} INFO - Filling up the DagBag from /home/airflow/.local/lib/python3.12/site-packages/airflow/example_dags/example_dag_decorator.py
[2025-01-19T23:47:38.261+0000] {processor.py:925} INFO - DAG(s) 'example_dag_decorator' retrieved from /home/airflow/.local/lib/python3.12/site-packages/airflow/example_dags/example_dag_decorator.py
[2025-01-19T23:47:38.414+0000] {logging_mixin.py:190} INFO - [2025-01-19T23:47:38.413+0000] {dag.py:3239} INFO - Sync 1 DAGs
[2025-01-19T23:47:38.421+0000] {logging_mixin.py:190} INFO - [2025-01-19T23:47:38.421+0000] {dag.py:4180} INFO - Setting next_dagrun for example_dag_decorator to None, run_after=None
[2025-01-19T23:47:38.434+0000] {processor.py:208} INFO - Processing /home/airflow/.local/lib/python3.12/site-packages/airflow/example_dags/example_dag_decorator.py took 0.189 seconds
[2025-01-19T23:50:08.796+0000] {processor.py:186} INFO - Started process (PID=208) to work on /home/airflow/.local/lib/python3.12/site-packages/airflow/example_dags/example_dag_decorator.py
[2025-01-19T23:50:08.797+0000] {processor.py:914} INFO - Processing file /home/airflow/.local/lib/python3.12/site-packages/airflow/example_dags/example_dag_decorator.py for tasks to queue
[2025-01-19T23:50:08.800+0000] {logging_mixin.py:190} INFO - [2025-01-19T23:50:08.800+0000] {dagbag.py:588} INFO - Filling up the DagBag from /home/airflow/.local/lib/python3.12/site-packages/airflow/example_dags/example_dag_decorator.py
[2025-01-19T23:50:08.810+0000] {processor.py:925} INFO - DAG(s) 'example_dag_decorator' retrieved from /home/airflow/.local/lib/python3.12/site-packages/airflow/example_dags/example_dag_decorator.py
[2025-01-19T23:50:08.960+0000] {logging_mixin.py:190} INFO - [2025-01-19T23:50:08.959+0000] {dag.py:3239} INFO - Sync 1 DAGs
[2025-01-19T23:50:08.969+0000] {logging_mixin.py:190} INFO - [2025-01-19T23:50:08.969+0000] {dag.py:4180} INFO - Setting next_dagrun for example_dag_decorator to None, run_after=None
[2025-01-19T23:50:08.988+0000] {processor.py:208} INFO - Processing /home/airflow/.local/lib/python3.12/site-packages/airflow/example_dags/example_dag_decorator.py took 0.197 seconds
[2025-01-19T23:50:39.561+0000] {processor.py:186} INFO - Started process (PID=273) to work on /home/airflow/.local/lib/python3.12/site-packages/airflow/example_dags/example_dag_decorator.py
[2025-01-19T23:50:39.562+0000] {processor.py:914} INFO - Processing file /home/airflow/.local/lib/python3.12/site-packages/airflow/example_dags/example_dag_decorator.py for tasks to queue
[2025-01-19T23:50:39.565+0000] {logging_mixin.py:190} INFO - [2025-01-19T23:50:39.565+0000] {dagbag.py:588} INFO - Filling up the DagBag from /home/airflow/.local/lib/python3.12/site-packages/airflow/example_dags/example_dag_decorator.py
[2025-01-19T23:50:39.578+0000] {processor.py:925} INFO - DAG(s) 'example_dag_decorator' retrieved from /home/airflow/.local/lib/python3.12/site-packages/airflow/example_dags/example_dag_decorator.py
[2025-01-19T23:50:39.603+0000] {logging_mixin.py:190} INFO - [2025-01-19T23:50:39.603+0000] {dag.py:3239} INFO - Sync 1 DAGs
[2025-01-19T23:50:39.618+0000] {logging_mixin.py:190} INFO - [2025-01-19T23:50:39.617+0000] {dag.py:4180} INFO - Setting next_dagrun for example_dag_decorator to None, run_after=None
[2025-01-19T23:50:39.641+0000] {processor.py:208} INFO - Processing /home/airflow/.local/lib/python3.12/site-packages/airflow/example_dags/example_dag_decorator.py took 0.087 seconds
[2025-01-19T23:51:11.813+0000] {processor.py:186} INFO - Started process (PID=336) to work on /home/airflow/.local/lib/python3.12/site-packages/airflow/example_dags/example_dag_decorator.py
[2025-01-19T23:51:11.815+0000] {processor.py:914} INFO - Processing file /home/airflow/.local/lib/python3.12/site-packages/airflow/example_dags/example_dag_decorator.py for tasks to queue
[2025-01-19T23:51:11.820+0000] {logging_mixin.py:190} INFO - [2025-01-19T23:51:11.820+0000] {dagbag.py:588} INFO - Filling up the DagBag from /home/airflow/.local/lib/python3.12/site-packages/airflow/example_dags/example_dag_decorator.py
[2025-01-19T23:51:11.848+0000] {processor.py:925} INFO - DAG(s) 'example_dag_decorator' retrieved from /home/airflow/.local/lib/python3.12/site-packages/airflow/example_dags/example_dag_decorator.py
[2025-01-19T23:51:12.205+0000] {logging_mixin.py:190} INFO - [2025-01-19T23:51:12.205+0000] {dag.py:3239} INFO - Sync 1 DAGs
[2025-01-19T23:51:12.227+0000] {logging_mixin.py:190} INFO - [2025-01-19T23:51:12.226+0000] {dag.py:4180} INFO - Setting next_dagrun for example_dag_decorator to None, run_after=None
[2025-01-19T23:51:12.280+0000] {processor.py:208} INFO - Processing /home/airflow/.local/lib/python3.12/site-packages/airflow/example_dags/example_dag_decorator.py took 0.478 seconds
[2025-01-19T23:51:43.822+0000] {processor.py:186} INFO - Started process (PID=398) to work on /home/airflow/.local/lib/python3.12/site-packages/airflow/example_dags/example_dag_decorator.py
[2025-01-19T23:51:43.852+0000] {processor.py:914} INFO - Processing file /home/airflow/.local/lib/python3.12/site-packages/airflow/example_dags/example_dag_decorator.py for tasks to queue
[2025-01-19T23:51:43.855+0000] {logging_mixin.py:190} INFO - [2025-01-19T23:51:43.854+0000] {dagbag.py:588} INFO - Filling up the DagBag from /home/airflow/.local/lib/python3.12/site-packages/airflow/example_dags/example_dag_decorator.py
[2025-01-19T23:51:43.898+0000] {processor.py:925} INFO - DAG(s) 'example_dag_decorator' retrieved from /home/airflow/.local/lib/python3.12/site-packages/airflow/example_dags/example_dag_decorator.py
[2025-01-19T23:51:44.306+0000] {logging_mixin.py:190} INFO - [2025-01-19T23:51:44.303+0000] {dag.py:3239} INFO - Sync 1 DAGs
[2025-01-19T23:51:44.330+0000] {logging_mixin.py:190} INFO - [2025-01-19T23:51:44.330+0000] {dag.py:4180} INFO - Setting next_dagrun for example_dag_decorator to None, run_after=None
[2025-01-19T23:51:44.364+0000] {processor.py:208} INFO - Processing /home/airflow/.local/lib/python3.12/site-packages/airflow/example_dags/example_dag_decorator.py took 0.547 seconds
[2025-01-19T23:57:03.789+0000] {processor.py:186} INFO - Started process (PID=441) to work on /home/airflow/.local/lib/python3.12/site-packages/airflow/example_dags/example_dag_decorator.py
[2025-01-19T23:57:03.799+0000] {processor.py:914} INFO - Processing file /home/airflow/.local/lib/python3.12/site-packages/airflow/example_dags/example_dag_decorator.py for tasks to queue
[2025-01-19T23:57:03.812+0000] {logging_mixin.py:190} INFO - [2025-01-19T23:57:03.803+0000] {dagbag.py:588} INFO - Filling up the DagBag from /home/airflow/.local/lib/python3.12/site-packages/airflow/example_dags/example_dag_decorator.py
[2025-01-19T23:57:04.182+0000] {processor.py:925} INFO - DAG(s) 'example_dag_decorator' retrieved from /home/airflow/.local/lib/python3.12/site-packages/airflow/example_dags/example_dag_decorator.py
[2025-01-19T23:57:08.529+0000] {logging_mixin.py:190} INFO - [2025-01-19T23:57:08.528+0000] {dag.py:3239} INFO - Sync 1 DAGs
[2025-01-19T23:57:08.571+0000] {logging_mixin.py:190} INFO - [2025-01-19T23:57:08.570+0000] {dag.py:4180} INFO - Setting next_dagrun for example_dag_decorator to None, run_after=None
[2025-01-19T23:57:08.644+0000] {processor.py:208} INFO - Processing /home/airflow/.local/lib/python3.12/site-packages/airflow/example_dags/example_dag_decorator.py took 4.905 seconds
[2025-01-19T23:57:39.129+0000] {processor.py:186} INFO - Started process (PID=504) to work on /home/airflow/.local/lib/python3.12/site-packages/airflow/example_dags/example_dag_decorator.py
[2025-01-19T23:57:39.131+0000] {processor.py:914} INFO - Processing file /home/airflow/.local/lib/python3.12/site-packages/airflow/example_dags/example_dag_decorator.py for tasks to queue
[2025-01-19T23:57:39.132+0000] {logging_mixin.py:190} INFO - [2025-01-19T23:57:39.131+0000] {dagbag.py:588} INFO - Filling up the DagBag from /home/airflow/.local/lib/python3.12/site-packages/airflow/example_dags/example_dag_decorator.py
[2025-01-19T23:57:39.142+0000] {processor.py:925} INFO - DAG(s) 'example_dag_decorator' retrieved from /home/airflow/.local/lib/python3.12/site-packages/airflow/example_dags/example_dag_decorator.py
[2025-01-19T23:57:39.222+0000] {logging_mixin.py:190} INFO - [2025-01-19T23:57:39.222+0000] {dag.py:3239} INFO - Sync 1 DAGs
[2025-01-19T23:57:39.232+0000] {logging_mixin.py:190} INFO - [2025-01-19T23:57:39.231+0000] {dag.py:4180} INFO - Setting next_dagrun for example_dag_decorator to None, run_after=None
[2025-01-19T23:57:39.246+0000] {processor.py:208} INFO - Processing /home/airflow/.local/lib/python3.12/site-packages/airflow/example_dags/example_dag_decorator.py took 0.122 seconds
[2025-01-19T23:58:09.649+0000] {processor.py:186} INFO - Started process (PID=566) to work on /home/airflow/.local/lib/python3.12/site-packages/airflow/example_dags/example_dag_decorator.py
[2025-01-19T23:58:09.651+0000] {processor.py:914} INFO - Processing file /home/airflow/.local/lib/python3.12/site-packages/airflow/example_dags/example_dag_decorator.py for tasks to queue
[2025-01-19T23:58:09.652+0000] {logging_mixin.py:190} INFO - [2025-01-19T23:58:09.652+0000] {dagbag.py:588} INFO - Filling up the DagBag from /home/airflow/.local/lib/python3.12/site-packages/airflow/example_dags/example_dag_decorator.py
[2025-01-19T23:58:09.661+0000] {processor.py:925} INFO - DAG(s) 'example_dag_decorator' retrieved from /home/airflow/.local/lib/python3.12/site-packages/airflow/example_dags/example_dag_decorator.py
[2025-01-19T23:58:09.753+0000] {logging_mixin.py:190} INFO - [2025-01-19T23:58:09.753+0000] {dag.py:3239} INFO - Sync 1 DAGs
[2025-01-19T23:58:09.764+0000] {logging_mixin.py:190} INFO - [2025-01-19T23:58:09.763+0000] {dag.py:4180} INFO - Setting next_dagrun for example_dag_decorator to None, run_after=None
[2025-01-19T23:58:09.779+0000] {processor.py:208} INFO - Processing /home/airflow/.local/lib/python3.12/site-packages/airflow/example_dags/example_dag_decorator.py took 0.135 seconds
[2025-01-19T23:58:40.572+0000] {processor.py:186} INFO - Started process (PID=629) to work on /home/airflow/.local/lib/python3.12/site-packages/airflow/example_dags/example_dag_decorator.py
[2025-01-19T23:58:40.573+0000] {processor.py:914} INFO - Processing file /home/airflow/.local/lib/python3.12/site-packages/airflow/example_dags/example_dag_decorator.py for tasks to queue
[2025-01-19T23:58:40.575+0000] {logging_mixin.py:190} INFO - [2025-01-19T23:58:40.574+0000] {dagbag.py:588} INFO - Filling up the DagBag from /home/airflow/.local/lib/python3.12/site-packages/airflow/example_dags/example_dag_decorator.py
[2025-01-19T23:58:40.587+0000] {processor.py:925} INFO - DAG(s) 'example_dag_decorator' retrieved from /home/airflow/.local/lib/python3.12/site-packages/airflow/example_dags/example_dag_decorator.py
[2025-01-19T23:58:40.679+0000] {logging_mixin.py:190} INFO - [2025-01-19T23:58:40.679+0000] {dag.py:3239} INFO - Sync 1 DAGs
[2025-01-19T23:58:40.690+0000] {logging_mixin.py:190} INFO - [2025-01-19T23:58:40.690+0000] {dag.py:4180} INFO - Setting next_dagrun for example_dag_decorator to None, run_after=None
[2025-01-19T23:58:40.706+0000] {processor.py:208} INFO - Processing /home/airflow/.local/lib/python3.12/site-packages/airflow/example_dags/example_dag_decorator.py took 0.138 seconds
[2025-01-19T23:59:10.819+0000] {processor.py:186} INFO - Started process (PID=692) to work on /home/airflow/.local/lib/python3.12/site-packages/airflow/example_dags/example_dag_decorator.py
[2025-01-19T23:59:10.822+0000] {processor.py:914} INFO - Processing file /home/airflow/.local/lib/python3.12/site-packages/airflow/example_dags/example_dag_decorator.py for tasks to queue
[2025-01-19T23:59:10.824+0000] {logging_mixin.py:190} INFO - [2025-01-19T23:59:10.823+0000] {dagbag.py:588} INFO - Filling up the DagBag from /home/airflow/.local/lib/python3.12/site-packages/airflow/example_dags/example_dag_decorator.py
[2025-01-19T23:59:10.864+0000] {processor.py:925} INFO - DAG(s) 'example_dag_decorator' retrieved from /home/airflow/.local/lib/python3.12/site-packages/airflow/example_dags/example_dag_decorator.py
[2025-01-19T23:59:11.246+0000] {logging_mixin.py:190} INFO - [2025-01-19T23:59:11.245+0000] {dag.py:3239} INFO - Sync 1 DAGs
[2025-01-19T23:59:11.289+0000] {logging_mixin.py:190} INFO - [2025-01-19T23:59:11.289+0000] {dag.py:4180} INFO - Setting next_dagrun for example_dag_decorator to None, run_after=None
[2025-01-19T23:59:11.346+0000] {processor.py:208} INFO - Processing /home/airflow/.local/lib/python3.12/site-packages/airflow/example_dags/example_dag_decorator.py took 0.544 seconds
[2025-01-19T23:59:41.442+0000] {processor.py:186} INFO - Started process (PID=755) to work on /home/airflow/.local/lib/python3.12/site-packages/airflow/example_dags/example_dag_decorator.py
[2025-01-19T23:59:41.444+0000] {processor.py:914} INFO - Processing file /home/airflow/.local/lib/python3.12/site-packages/airflow/example_dags/example_dag_decorator.py for tasks to queue
[2025-01-19T23:59:41.446+0000] {logging_mixin.py:190} INFO - [2025-01-19T23:59:41.445+0000] {dagbag.py:588} INFO - Filling up the DagBag from /home/airflow/.local/lib/python3.12/site-packages/airflow/example_dags/example_dag_decorator.py
[2025-01-19T23:59:41.465+0000] {processor.py:925} INFO - DAG(s) 'example_dag_decorator' retrieved from /home/airflow/.local/lib/python3.12/site-packages/airflow/example_dags/example_dag_decorator.py
[2025-01-19T23:59:41.515+0000] {logging_mixin.py:190} INFO - [2025-01-19T23:59:41.514+0000] {dag.py:3239} INFO - Sync 1 DAGs
[2025-01-19T23:59:41.532+0000] {logging_mixin.py:190} INFO - [2025-01-19T23:59:41.532+0000] {dag.py:4180} INFO - Setting next_dagrun for example_dag_decorator to None, run_after=None
[2025-01-19T23:59:41.561+0000] {processor.py:208} INFO - Processing /home/airflow/.local/lib/python3.12/site-packages/airflow/example_dags/example_dag_decorator.py took 0.131 seconds
