[2025-01-19T23:39:10.812+0000] {processor.py:186} INFO - Started process (PID=113) to work on /home/airflow/.local/lib/python3.12/site-packages/airflow/example_dags/example_inlet_event_extra.py
[2025-01-19T23:39:10.813+0000] {processor.py:914} INFO - Processing file /home/airflow/.local/lib/python3.12/site-packages/airflow/example_dags/example_inlet_event_extra.py for tasks to queue
[2025-01-19T23:39:10.818+0000] {logging_mixin.py:190} INFO - [2025-01-19T23:39:10.816+0000] {dagbag.py:588} INFO - Filling up the DagBag from /home/airflow/.local/lib/python3.12/site-packages/airflow/example_dags/example_inlet_event_extra.py
[2025-01-19T23:39:11.625+0000] {processor.py:925} INFO - DAG(s) 'read_dataset_event_from_classic', 'read_dataset_event' retrieved from /home/airflow/.local/lib/python3.12/site-packages/airflow/example_dags/example_inlet_event_extra.py
[2025-01-19T23:39:11.649+0000] {logging_mixin.py:190} INFO - [2025-01-19T23:39:11.649+0000] {dag.py:3239} INFO - Sync 2 DAGs
[2025-01-19T23:39:11.673+0000] {logging_mixin.py:190} INFO - [2025-01-19T23:39:11.672+0000] {dag.py:4180} INFO - Setting next_dagrun for read_dataset_event to 2025-01-18 00:00:00+00:00, run_after=2025-01-19 00:00:00+00:00
[2025-01-19T23:39:11.678+0000] {logging_mixin.py:190} INFO - [2025-01-19T23:39:11.677+0000] {dag.py:4180} INFO - Setting next_dagrun for read_dataset_event_from_classic to 2025-01-18 00:00:00+00:00, run_after=2025-01-19 00:00:00+00:00
[2025-01-19T23:39:11.701+0000] {processor.py:208} INFO - Processing /home/airflow/.local/lib/python3.12/site-packages/airflow/example_dags/example_inlet_event_extra.py took 0.894 seconds
[2025-01-19T23:39:42.257+0000] {processor.py:186} INFO - Started process (PID=176) to work on /home/airflow/.local/lib/python3.12/site-packages/airflow/example_dags/example_inlet_event_extra.py
[2025-01-19T23:39:42.258+0000] {processor.py:914} INFO - Processing file /home/airflow/.local/lib/python3.12/site-packages/airflow/example_dags/example_inlet_event_extra.py for tasks to queue
[2025-01-19T23:39:42.260+0000] {logging_mixin.py:190} INFO - [2025-01-19T23:39:42.260+0000] {dagbag.py:588} INFO - Filling up the DagBag from /home/airflow/.local/lib/python3.12/site-packages/airflow/example_dags/example_inlet_event_extra.py
[2025-01-19T23:39:42.765+0000] {processor.py:925} INFO - DAG(s) 'read_dataset_event_from_classic', 'read_dataset_event' retrieved from /home/airflow/.local/lib/python3.12/site-packages/airflow/example_dags/example_inlet_event_extra.py
[2025-01-19T23:39:42.816+0000] {logging_mixin.py:190} INFO - [2025-01-19T23:39:42.816+0000] {dag.py:3239} INFO - Sync 2 DAGs
[2025-01-19T23:39:42.840+0000] {logging_mixin.py:190} INFO - [2025-01-19T23:39:42.839+0000] {dag.py:4180} INFO - Setting next_dagrun for read_dataset_event to 2025-01-18 00:00:00+00:00, run_after=2025-01-19 00:00:00+00:00
[2025-01-19T23:39:42.844+0000] {logging_mixin.py:190} INFO - [2025-01-19T23:39:42.844+0000] {dag.py:4180} INFO - Setting next_dagrun for read_dataset_event_from_classic to 2025-01-18 00:00:00+00:00, run_after=2025-01-19 00:00:00+00:00
[2025-01-19T23:39:42.866+0000] {processor.py:208} INFO - Processing /home/airflow/.local/lib/python3.12/site-packages/airflow/example_dags/example_inlet_event_extra.py took 0.614 seconds
[2025-01-19T23:40:13.009+0000] {processor.py:186} INFO - Started process (PID=239) to work on /home/airflow/.local/lib/python3.12/site-packages/airflow/example_dags/example_inlet_event_extra.py
[2025-01-19T23:40:13.011+0000] {processor.py:914} INFO - Processing file /home/airflow/.local/lib/python3.12/site-packages/airflow/example_dags/example_inlet_event_extra.py for tasks to queue
[2025-01-19T23:40:13.015+0000] {logging_mixin.py:190} INFO - [2025-01-19T23:40:13.014+0000] {dagbag.py:588} INFO - Filling up the DagBag from /home/airflow/.local/lib/python3.12/site-packages/airflow/example_dags/example_inlet_event_extra.py
[2025-01-19T23:40:14.038+0000] {processor.py:925} INFO - DAG(s) 'read_dataset_event', 'read_dataset_event_from_classic' retrieved from /home/airflow/.local/lib/python3.12/site-packages/airflow/example_dags/example_inlet_event_extra.py
[2025-01-19T23:40:14.096+0000] {logging_mixin.py:190} INFO - [2025-01-19T23:40:14.096+0000] {dag.py:3239} INFO - Sync 2 DAGs
[2025-01-19T23:40:14.124+0000] {logging_mixin.py:190} INFO - [2025-01-19T23:40:14.124+0000] {dag.py:4180} INFO - Setting next_dagrun for read_dataset_event to 2025-01-18 00:00:00+00:00, run_after=2025-01-19 00:00:00+00:00
[2025-01-19T23:40:14.129+0000] {logging_mixin.py:190} INFO - [2025-01-19T23:40:14.129+0000] {dag.py:4180} INFO - Setting next_dagrun for read_dataset_event_from_classic to 2025-01-18 00:00:00+00:00, run_after=2025-01-19 00:00:00+00:00
[2025-01-19T23:40:14.152+0000] {processor.py:208} INFO - Processing /home/airflow/.local/lib/python3.12/site-packages/airflow/example_dags/example_inlet_event_extra.py took 1.149 seconds
[2025-01-19T23:40:44.769+0000] {processor.py:186} INFO - Started process (PID=302) to work on /home/airflow/.local/lib/python3.12/site-packages/airflow/example_dags/example_inlet_event_extra.py
[2025-01-19T23:40:44.771+0000] {processor.py:914} INFO - Processing file /home/airflow/.local/lib/python3.12/site-packages/airflow/example_dags/example_inlet_event_extra.py for tasks to queue
[2025-01-19T23:40:44.773+0000] {logging_mixin.py:190} INFO - [2025-01-19T23:40:44.772+0000] {dagbag.py:588} INFO - Filling up the DagBag from /home/airflow/.local/lib/python3.12/site-packages/airflow/example_dags/example_inlet_event_extra.py
[2025-01-19T23:40:46.025+0000] {processor.py:925} INFO - DAG(s) 'read_dataset_event', 'read_dataset_event_from_classic' retrieved from /home/airflow/.local/lib/python3.12/site-packages/airflow/example_dags/example_inlet_event_extra.py
[2025-01-19T23:40:46.171+0000] {logging_mixin.py:190} INFO - [2025-01-19T23:40:46.167+0000] {dag.py:3239} INFO - Sync 2 DAGs
[2025-01-19T23:40:46.232+0000] {logging_mixin.py:190} INFO - [2025-01-19T23:40:46.225+0000] {dag.py:4180} INFO - Setting next_dagrun for read_dataset_event to 2025-01-18 00:00:00+00:00, run_after=2025-01-19 00:00:00+00:00
[2025-01-19T23:40:46.240+0000] {logging_mixin.py:190} INFO - [2025-01-19T23:40:46.240+0000] {dag.py:4180} INFO - Setting next_dagrun for read_dataset_event_from_classic to 2025-01-18 00:00:00+00:00, run_after=2025-01-19 00:00:00+00:00
[2025-01-19T23:40:46.362+0000] {processor.py:208} INFO - Processing /home/airflow/.local/lib/python3.12/site-packages/airflow/example_dags/example_inlet_event_extra.py took 1.598 seconds
[2025-01-19T23:41:16.844+0000] {processor.py:186} INFO - Started process (PID=365) to work on /home/airflow/.local/lib/python3.12/site-packages/airflow/example_dags/example_inlet_event_extra.py
[2025-01-19T23:41:16.845+0000] {processor.py:914} INFO - Processing file /home/airflow/.local/lib/python3.12/site-packages/airflow/example_dags/example_inlet_event_extra.py for tasks to queue
[2025-01-19T23:41:16.847+0000] {logging_mixin.py:190} INFO - [2025-01-19T23:41:16.847+0000] {dagbag.py:588} INFO - Filling up the DagBag from /home/airflow/.local/lib/python3.12/site-packages/airflow/example_dags/example_inlet_event_extra.py
[2025-01-19T23:41:17.814+0000] {processor.py:925} INFO - DAG(s) 'read_dataset_event_from_classic', 'read_dataset_event' retrieved from /home/airflow/.local/lib/python3.12/site-packages/airflow/example_dags/example_inlet_event_extra.py
[2025-01-19T23:41:17.875+0000] {logging_mixin.py:190} INFO - [2025-01-19T23:41:17.872+0000] {dag.py:3239} INFO - Sync 2 DAGs
[2025-01-19T23:41:17.895+0000] {logging_mixin.py:190} INFO - [2025-01-19T23:41:17.895+0000] {dag.py:4180} INFO - Setting next_dagrun for read_dataset_event to 2025-01-18 00:00:00+00:00, run_after=2025-01-19 00:00:00+00:00
[2025-01-19T23:41:17.899+0000] {logging_mixin.py:190} INFO - [2025-01-19T23:41:17.898+0000] {dag.py:4180} INFO - Setting next_dagrun for read_dataset_event_from_classic to 2025-01-18 00:00:00+00:00, run_after=2025-01-19 00:00:00+00:00
[2025-01-19T23:41:17.915+0000] {processor.py:208} INFO - Processing /home/airflow/.local/lib/python3.12/site-packages/airflow/example_dags/example_inlet_event_extra.py took 1.076 seconds
[2025-01-19T23:41:48.811+0000] {processor.py:186} INFO - Started process (PID=428) to work on /home/airflow/.local/lib/python3.12/site-packages/airflow/example_dags/example_inlet_event_extra.py
[2025-01-19T23:41:48.812+0000] {processor.py:914} INFO - Processing file /home/airflow/.local/lib/python3.12/site-packages/airflow/example_dags/example_inlet_event_extra.py for tasks to queue
[2025-01-19T23:41:48.814+0000] {logging_mixin.py:190} INFO - [2025-01-19T23:41:48.814+0000] {dagbag.py:588} INFO - Filling up the DagBag from /home/airflow/.local/lib/python3.12/site-packages/airflow/example_dags/example_inlet_event_extra.py
[2025-01-19T23:41:49.743+0000] {processor.py:925} INFO - DAG(s) 'read_dataset_event', 'read_dataset_event_from_classic' retrieved from /home/airflow/.local/lib/python3.12/site-packages/airflow/example_dags/example_inlet_event_extra.py
[2025-01-19T23:41:49.805+0000] {logging_mixin.py:190} INFO - [2025-01-19T23:41:49.805+0000] {dag.py:3239} INFO - Sync 2 DAGs
[2025-01-19T23:41:49.822+0000] {logging_mixin.py:190} INFO - [2025-01-19T23:41:49.822+0000] {dag.py:4180} INFO - Setting next_dagrun for read_dataset_event to 2025-01-18 00:00:00+00:00, run_after=2025-01-19 00:00:00+00:00
[2025-01-19T23:41:49.826+0000] {logging_mixin.py:190} INFO - [2025-01-19T23:41:49.826+0000] {dag.py:4180} INFO - Setting next_dagrun for read_dataset_event_from_classic to 2025-01-18 00:00:00+00:00, run_after=2025-01-19 00:00:00+00:00
[2025-01-19T23:41:49.847+0000] {processor.py:208} INFO - Processing /home/airflow/.local/lib/python3.12/site-packages/airflow/example_dags/example_inlet_event_extra.py took 1.040 seconds
[2025-01-19T23:47:10.914+0000] {processor.py:186} INFO - Started process (PID=119) to work on /home/airflow/.local/lib/python3.12/site-packages/airflow/example_dags/example_inlet_event_extra.py
[2025-01-19T23:47:10.916+0000] {processor.py:914} INFO - Processing file /home/airflow/.local/lib/python3.12/site-packages/airflow/example_dags/example_inlet_event_extra.py for tasks to queue
[2025-01-19T23:47:10.923+0000] {logging_mixin.py:190} INFO - [2025-01-19T23:47:10.922+0000] {dagbag.py:588} INFO - Filling up the DagBag from /home/airflow/.local/lib/python3.12/site-packages/airflow/example_dags/example_inlet_event_extra.py
[2025-01-19T23:47:12.727+0000] {processor.py:925} INFO - DAG(s) 'read_dataset_event', 'read_dataset_event_from_classic' retrieved from /home/airflow/.local/lib/python3.12/site-packages/airflow/example_dags/example_inlet_event_extra.py
[2025-01-19T23:47:12.783+0000] {logging_mixin.py:190} INFO - [2025-01-19T23:47:12.782+0000] {dag.py:3239} INFO - Sync 2 DAGs
[2025-01-19T23:47:12.826+0000] {logging_mixin.py:190} INFO - [2025-01-19T23:47:12.825+0000] {dag.py:4180} INFO - Setting next_dagrun for read_dataset_event to 2025-01-18 00:00:00+00:00, run_after=2025-01-19 00:00:00+00:00
[2025-01-19T23:47:12.835+0000] {logging_mixin.py:190} INFO - [2025-01-19T23:47:12.834+0000] {dag.py:4180} INFO - Setting next_dagrun for read_dataset_event_from_classic to 2025-01-18 00:00:00+00:00, run_after=2025-01-19 00:00:00+00:00
[2025-01-19T23:47:12.862+0000] {processor.py:208} INFO - Processing /home/airflow/.local/lib/python3.12/site-packages/airflow/example_dags/example_inlet_event_extra.py took 1.964 seconds
[2025-01-19T23:50:09.622+0000] {processor.py:186} INFO - Started process (PID=222) to work on /home/airflow/.local/lib/python3.12/site-packages/airflow/example_dags/example_inlet_event_extra.py
[2025-01-19T23:50:09.624+0000] {processor.py:914} INFO - Processing file /home/airflow/.local/lib/python3.12/site-packages/airflow/example_dags/example_inlet_event_extra.py for tasks to queue
[2025-01-19T23:50:09.626+0000] {logging_mixin.py:190} INFO - [2025-01-19T23:50:09.626+0000] {dagbag.py:588} INFO - Filling up the DagBag from /home/airflow/.local/lib/python3.12/site-packages/airflow/example_dags/example_inlet_event_extra.py
[2025-01-19T23:50:10.163+0000] {processor.py:925} INFO - DAG(s) 'read_dataset_event_from_classic', 'read_dataset_event' retrieved from /home/airflow/.local/lib/python3.12/site-packages/airflow/example_dags/example_inlet_event_extra.py
[2025-01-19T23:50:10.187+0000] {logging_mixin.py:190} INFO - [2025-01-19T23:50:10.187+0000] {dag.py:3239} INFO - Sync 2 DAGs
[2025-01-19T23:50:10.213+0000] {logging_mixin.py:190} INFO - [2025-01-19T23:50:10.213+0000] {dag.py:4180} INFO - Setting next_dagrun for read_dataset_event to 2025-01-18 00:00:00+00:00, run_after=2025-01-19 00:00:00+00:00
[2025-01-19T23:50:10.218+0000] {logging_mixin.py:190} INFO - [2025-01-19T23:50:10.218+0000] {dag.py:4180} INFO - Setting next_dagrun for read_dataset_event_from_classic to 2025-01-18 00:00:00+00:00, run_after=2025-01-19 00:00:00+00:00
[2025-01-19T23:50:10.241+0000] {processor.py:208} INFO - Processing /home/airflow/.local/lib/python3.12/site-packages/airflow/example_dags/example_inlet_event_extra.py took 0.626 seconds
[2025-01-19T23:50:40.589+0000] {processor.py:186} INFO - Started process (PID=292) to work on /home/airflow/.local/lib/python3.12/site-packages/airflow/example_dags/example_inlet_event_extra.py
[2025-01-19T23:50:40.589+0000] {processor.py:914} INFO - Processing file /home/airflow/.local/lib/python3.12/site-packages/airflow/example_dags/example_inlet_event_extra.py for tasks to queue
[2025-01-19T23:50:40.591+0000] {logging_mixin.py:190} INFO - [2025-01-19T23:50:40.591+0000] {dagbag.py:588} INFO - Filling up the DagBag from /home/airflow/.local/lib/python3.12/site-packages/airflow/example_dags/example_inlet_event_extra.py
[2025-01-19T23:50:41.119+0000] {processor.py:925} INFO - DAG(s) 'read_dataset_event', 'read_dataset_event_from_classic' retrieved from /home/airflow/.local/lib/python3.12/site-packages/airflow/example_dags/example_inlet_event_extra.py
[2025-01-19T23:50:41.152+0000] {logging_mixin.py:190} INFO - [2025-01-19T23:50:41.152+0000] {dag.py:3239} INFO - Sync 2 DAGs
[2025-01-19T23:50:41.185+0000] {logging_mixin.py:190} INFO - [2025-01-19T23:50:41.184+0000] {dag.py:4180} INFO - Setting next_dagrun for read_dataset_event to 2025-01-18 00:00:00+00:00, run_after=2025-01-19 00:00:00+00:00
[2025-01-19T23:50:41.192+0000] {logging_mixin.py:190} INFO - [2025-01-19T23:50:41.192+0000] {dag.py:4180} INFO - Setting next_dagrun for read_dataset_event_from_classic to 2025-01-18 00:00:00+00:00, run_after=2025-01-19 00:00:00+00:00
[2025-01-19T23:50:41.224+0000] {processor.py:208} INFO - Processing /home/airflow/.local/lib/python3.12/site-packages/airflow/example_dags/example_inlet_event_extra.py took 0.640 seconds
[2025-01-19T23:51:14.210+0000] {processor.py:186} INFO - Started process (PID=350) to work on /home/airflow/.local/lib/python3.12/site-packages/airflow/example_dags/example_inlet_event_extra.py
[2025-01-19T23:51:14.212+0000] {processor.py:914} INFO - Processing file /home/airflow/.local/lib/python3.12/site-packages/airflow/example_dags/example_inlet_event_extra.py for tasks to queue
[2025-01-19T23:51:14.217+0000] {logging_mixin.py:190} INFO - [2025-01-19T23:51:14.217+0000] {dagbag.py:588} INFO - Filling up the DagBag from /home/airflow/.local/lib/python3.12/site-packages/airflow/example_dags/example_inlet_event_extra.py
[2025-01-19T23:51:15.275+0000] {processor.py:925} INFO - DAG(s) 'read_dataset_event_from_classic', 'read_dataset_event' retrieved from /home/airflow/.local/lib/python3.12/site-packages/airflow/example_dags/example_inlet_event_extra.py
[2025-01-19T23:51:15.308+0000] {logging_mixin.py:190} INFO - [2025-01-19T23:51:15.308+0000] {dag.py:3239} INFO - Sync 2 DAGs
[2025-01-19T23:51:15.341+0000] {logging_mixin.py:190} INFO - [2025-01-19T23:51:15.341+0000] {dag.py:4180} INFO - Setting next_dagrun for read_dataset_event to 2025-01-18 00:00:00+00:00, run_after=2025-01-19 00:00:00+00:00
[2025-01-19T23:51:15.350+0000] {logging_mixin.py:190} INFO - [2025-01-19T23:51:15.349+0000] {dag.py:4180} INFO - Setting next_dagrun for read_dataset_event_from_classic to 2025-01-18 00:00:00+00:00, run_after=2025-01-19 00:00:00+00:00
[2025-01-19T23:51:15.376+0000] {processor.py:208} INFO - Processing /home/airflow/.local/lib/python3.12/site-packages/airflow/example_dags/example_inlet_event_extra.py took 1.175 seconds
[2025-01-19T23:57:09.521+0000] {processor.py:186} INFO - Started process (PID=445) to work on /home/airflow/.local/lib/python3.12/site-packages/airflow/example_dags/example_inlet_event_extra.py
[2025-01-19T23:57:09.527+0000] {processor.py:914} INFO - Processing file /home/airflow/.local/lib/python3.12/site-packages/airflow/example_dags/example_inlet_event_extra.py for tasks to queue
[2025-01-19T23:57:09.537+0000] {logging_mixin.py:190} INFO - [2025-01-19T23:57:09.529+0000] {dagbag.py:588} INFO - Filling up the DagBag from /home/airflow/.local/lib/python3.12/site-packages/airflow/example_dags/example_inlet_event_extra.py
[2025-01-19T23:57:16.736+0000] {processor.py:925} INFO - DAG(s) 'read_dataset_event', 'read_dataset_event_from_classic' retrieved from /home/airflow/.local/lib/python3.12/site-packages/airflow/example_dags/example_inlet_event_extra.py
[2025-01-19T23:57:16.831+0000] {logging_mixin.py:190} INFO - [2025-01-19T23:57:16.830+0000] {dag.py:3239} INFO - Sync 2 DAGs
[2025-01-19T23:57:16.897+0000] {logging_mixin.py:190} INFO - [2025-01-19T23:57:16.897+0000] {dag.py:4180} INFO - Setting next_dagrun for read_dataset_event to 2025-01-18 00:00:00+00:00, run_after=2025-01-19 00:00:00+00:00
[2025-01-19T23:57:16.911+0000] {logging_mixin.py:190} INFO - [2025-01-19T23:57:16.910+0000] {dag.py:4180} INFO - Setting next_dagrun for read_dataset_event_from_classic to 2025-01-18 00:00:00+00:00, run_after=2025-01-19 00:00:00+00:00
[2025-01-19T23:57:16.961+0000] {processor.py:208} INFO - Processing /home/airflow/.local/lib/python3.12/site-packages/airflow/example_dags/example_inlet_event_extra.py took 7.469 seconds
[2025-01-19T23:57:47.335+0000] {processor.py:186} INFO - Started process (PID=513) to work on /home/airflow/.local/lib/python3.12/site-packages/airflow/example_dags/example_inlet_event_extra.py
[2025-01-19T23:57:47.337+0000] {processor.py:914} INFO - Processing file /home/airflow/.local/lib/python3.12/site-packages/airflow/example_dags/example_inlet_event_extra.py for tasks to queue
[2025-01-19T23:57:47.338+0000] {logging_mixin.py:190} INFO - [2025-01-19T23:57:47.338+0000] {dagbag.py:588} INFO - Filling up the DagBag from /home/airflow/.local/lib/python3.12/site-packages/airflow/example_dags/example_inlet_event_extra.py
[2025-01-19T23:57:47.802+0000] {processor.py:925} INFO - DAG(s) 'read_dataset_event', 'read_dataset_event_from_classic' retrieved from /home/airflow/.local/lib/python3.12/site-packages/airflow/example_dags/example_inlet_event_extra.py
[2025-01-19T23:57:47.821+0000] {logging_mixin.py:190} INFO - [2025-01-19T23:57:47.821+0000] {dag.py:3239} INFO - Sync 2 DAGs
[2025-01-19T23:57:47.842+0000] {logging_mixin.py:190} INFO - [2025-01-19T23:57:47.842+0000] {dag.py:4180} INFO - Setting next_dagrun for read_dataset_event to 2025-01-18 00:00:00+00:00, run_after=2025-01-19 00:00:00+00:00
[2025-01-19T23:57:47.847+0000] {logging_mixin.py:190} INFO - [2025-01-19T23:57:47.847+0000] {dag.py:4180} INFO - Setting next_dagrun for read_dataset_event_from_classic to 2025-01-18 00:00:00+00:00, run_after=2025-01-19 00:00:00+00:00
[2025-01-19T23:57:47.861+0000] {processor.py:208} INFO - Processing /home/airflow/.local/lib/python3.12/site-packages/airflow/example_dags/example_inlet_event_extra.py took 0.530 seconds
[2025-01-19T23:58:18.889+0000] {processor.py:186} INFO - Started process (PID=576) to work on /home/airflow/.local/lib/python3.12/site-packages/airflow/example_dags/example_inlet_event_extra.py
[2025-01-19T23:58:18.895+0000] {processor.py:914} INFO - Processing file /home/airflow/.local/lib/python3.12/site-packages/airflow/example_dags/example_inlet_event_extra.py for tasks to queue
[2025-01-19T23:58:18.896+0000] {logging_mixin.py:190} INFO - [2025-01-19T23:58:18.896+0000] {dagbag.py:588} INFO - Filling up the DagBag from /home/airflow/.local/lib/python3.12/site-packages/airflow/example_dags/example_inlet_event_extra.py
[2025-01-19T23:58:19.290+0000] {processor.py:925} INFO - DAG(s) 'read_dataset_event_from_classic', 'read_dataset_event' retrieved from /home/airflow/.local/lib/python3.12/site-packages/airflow/example_dags/example_inlet_event_extra.py
[2025-01-19T23:58:19.313+0000] {logging_mixin.py:190} INFO - [2025-01-19T23:58:19.313+0000] {dag.py:3239} INFO - Sync 2 DAGs
[2025-01-19T23:58:19.340+0000] {logging_mixin.py:190} INFO - [2025-01-19T23:58:19.340+0000] {dag.py:4180} INFO - Setting next_dagrun for read_dataset_event to 2025-01-18 00:00:00+00:00, run_after=2025-01-19 00:00:00+00:00
[2025-01-19T23:58:19.345+0000] {logging_mixin.py:190} INFO - [2025-01-19T23:58:19.345+0000] {dag.py:4180} INFO - Setting next_dagrun for read_dataset_event_from_classic to 2025-01-18 00:00:00+00:00, run_after=2025-01-19 00:00:00+00:00
[2025-01-19T23:58:19.364+0000] {processor.py:208} INFO - Processing /home/airflow/.local/lib/python3.12/site-packages/airflow/example_dags/example_inlet_event_extra.py took 0.480 seconds
[2025-01-19T23:58:49.798+0000] {processor.py:186} INFO - Started process (PID=639) to work on /home/airflow/.local/lib/python3.12/site-packages/airflow/example_dags/example_inlet_event_extra.py
[2025-01-19T23:58:49.799+0000] {processor.py:914} INFO - Processing file /home/airflow/.local/lib/python3.12/site-packages/airflow/example_dags/example_inlet_event_extra.py for tasks to queue
[2025-01-19T23:58:49.800+0000] {logging_mixin.py:190} INFO - [2025-01-19T23:58:49.799+0000] {dagbag.py:588} INFO - Filling up the DagBag from /home/airflow/.local/lib/python3.12/site-packages/airflow/example_dags/example_inlet_event_extra.py
[2025-01-19T23:58:50.244+0000] {processor.py:925} INFO - DAG(s) 'read_dataset_event', 'read_dataset_event_from_classic' retrieved from /home/airflow/.local/lib/python3.12/site-packages/airflow/example_dags/example_inlet_event_extra.py
[2025-01-19T23:58:50.264+0000] {logging_mixin.py:190} INFO - [2025-01-19T23:58:50.264+0000] {dag.py:3239} INFO - Sync 2 DAGs
[2025-01-19T23:58:50.292+0000] {logging_mixin.py:190} INFO - [2025-01-19T23:58:50.292+0000] {dag.py:4180} INFO - Setting next_dagrun for read_dataset_event to 2025-01-18 00:00:00+00:00, run_after=2025-01-19 00:00:00+00:00
[2025-01-19T23:58:50.298+0000] {logging_mixin.py:190} INFO - [2025-01-19T23:58:50.298+0000] {dag.py:4180} INFO - Setting next_dagrun for read_dataset_event_from_classic to 2025-01-18 00:00:00+00:00, run_after=2025-01-19 00:00:00+00:00
[2025-01-19T23:58:50.313+0000] {processor.py:208} INFO - Processing /home/airflow/.local/lib/python3.12/site-packages/airflow/example_dags/example_inlet_event_extra.py took 0.522 seconds
[2025-01-19T23:59:20.469+0000] {processor.py:186} INFO - Started process (PID=702) to work on /home/airflow/.local/lib/python3.12/site-packages/airflow/example_dags/example_inlet_event_extra.py
[2025-01-19T23:59:20.473+0000] {processor.py:914} INFO - Processing file /home/airflow/.local/lib/python3.12/site-packages/airflow/example_dags/example_inlet_event_extra.py for tasks to queue
[2025-01-19T23:59:20.475+0000] {logging_mixin.py:190} INFO - [2025-01-19T23:59:20.474+0000] {dagbag.py:588} INFO - Filling up the DagBag from /home/airflow/.local/lib/python3.12/site-packages/airflow/example_dags/example_inlet_event_extra.py
[2025-01-19T23:59:21.598+0000] {processor.py:925} INFO - DAG(s) 'read_dataset_event', 'read_dataset_event_from_classic' retrieved from /home/airflow/.local/lib/python3.12/site-packages/airflow/example_dags/example_inlet_event_extra.py
[2025-01-19T23:59:21.666+0000] {logging_mixin.py:190} INFO - [2025-01-19T23:59:21.666+0000] {dag.py:3239} INFO - Sync 2 DAGs
[2025-01-19T23:59:21.695+0000] {logging_mixin.py:190} INFO - [2025-01-19T23:59:21.695+0000] {dag.py:4180} INFO - Setting next_dagrun for read_dataset_event to 2025-01-18 00:00:00+00:00, run_after=2025-01-19 00:00:00+00:00
[2025-01-19T23:59:21.703+0000] {logging_mixin.py:190} INFO - [2025-01-19T23:59:21.703+0000] {dag.py:4180} INFO - Setting next_dagrun for read_dataset_event_from_classic to 2025-01-18 00:00:00+00:00, run_after=2025-01-19 00:00:00+00:00
[2025-01-19T23:59:21.733+0000] {processor.py:208} INFO - Processing /home/airflow/.local/lib/python3.12/site-packages/airflow/example_dags/example_inlet_event_extra.py took 1.271 seconds
[2025-01-19T23:59:51.764+0000] {processor.py:186} INFO - Started process (PID=764) to work on /home/airflow/.local/lib/python3.12/site-packages/airflow/example_dags/example_inlet_event_extra.py
[2025-01-19T23:59:51.766+0000] {processor.py:914} INFO - Processing file /home/airflow/.local/lib/python3.12/site-packages/airflow/example_dags/example_inlet_event_extra.py for tasks to queue
[2025-01-19T23:59:51.767+0000] {logging_mixin.py:190} INFO - [2025-01-19T23:59:51.766+0000] {dagbag.py:588} INFO - Filling up the DagBag from /home/airflow/.local/lib/python3.12/site-packages/airflow/example_dags/example_inlet_event_extra.py
[2025-01-19T23:59:52.988+0000] {processor.py:925} INFO - DAG(s) 'read_dataset_event', 'read_dataset_event_from_classic' retrieved from /home/airflow/.local/lib/python3.12/site-packages/airflow/example_dags/example_inlet_event_extra.py
[2025-01-19T23:59:53.069+0000] {logging_mixin.py:190} INFO - [2025-01-19T23:59:53.069+0000] {dag.py:3239} INFO - Sync 2 DAGs
[2025-01-19T23:59:53.100+0000] {logging_mixin.py:190} INFO - [2025-01-19T23:59:53.099+0000] {dag.py:4180} INFO - Setting next_dagrun for read_dataset_event to 2025-01-18 00:00:00+00:00, run_after=2025-01-19 00:00:00+00:00
[2025-01-19T23:59:53.106+0000] {logging_mixin.py:190} INFO - [2025-01-19T23:59:53.106+0000] {dag.py:4180} INFO - Setting next_dagrun for read_dataset_event_from_classic to 2025-01-18 00:00:00+00:00, run_after=2025-01-19 00:00:00+00:00
[2025-01-19T23:59:53.129+0000] {processor.py:208} INFO - Processing /home/airflow/.local/lib/python3.12/site-packages/airflow/example_dags/example_inlet_event_extra.py took 1.371 seconds
