[2025-01-19T23:38:48.706+0000] {processor.py:186} INFO - Started process (PID=76) to work on /home/airflow/.local/lib/python3.12/site-packages/airflow/example_dags/example_branch_labels.py
[2025-01-19T23:38:48.707+0000] {processor.py:914} INFO - Processing file /home/airflow/.local/lib/python3.12/site-packages/airflow/example_dags/example_branch_labels.py for tasks to queue
[2025-01-19T23:38:48.820+0000] {logging_mixin.py:190} INFO - [2025-01-19T23:38:48.779+0000] {dagbag.py:588} INFO - Filling up the DagBag from /home/airflow/.local/lib/python3.12/site-packages/airflow/example_dags/example_branch_labels.py
[2025-01-19T23:38:49.283+0000] {processor.py:925} INFO - DAG(s) 'example_branch_labels' retrieved from /home/airflow/.local/lib/python3.12/site-packages/airflow/example_dags/example_branch_labels.py
[2025-01-19T23:38:49.814+0000] {logging_mixin.py:190} INFO - [2025-01-19T23:38:49.813+0000] {dag.py:3239} INFO - Sync 1 DAGs
[2025-01-19T23:38:50.093+0000] {logging_mixin.py:190} INFO - [2025-01-19T23:38:50.093+0000] {dag.py:4180} INFO - Setting next_dagrun for example_branch_labels to 2025-01-18 00:00:00+00:00, run_after=2025-01-19 00:00:00+00:00
[2025-01-19T23:38:50.685+0000] {processor.py:208} INFO - Processing /home/airflow/.local/lib/python3.12/site-packages/airflow/example_dags/example_branch_labels.py took 2.039 seconds
[2025-01-19T23:39:20.757+0000] {processor.py:186} INFO - Started process (PID=139) to work on /home/airflow/.local/lib/python3.12/site-packages/airflow/example_dags/example_branch_labels.py
[2025-01-19T23:39:20.758+0000] {processor.py:914} INFO - Processing file /home/airflow/.local/lib/python3.12/site-packages/airflow/example_dags/example_branch_labels.py for tasks to queue
[2025-01-19T23:39:20.760+0000] {logging_mixin.py:190} INFO - [2025-01-19T23:39:20.760+0000] {dagbag.py:588} INFO - Filling up the DagBag from /home/airflow/.local/lib/python3.12/site-packages/airflow/example_dags/example_branch_labels.py
[2025-01-19T23:39:20.768+0000] {processor.py:925} INFO - DAG(s) 'example_branch_labels' retrieved from /home/airflow/.local/lib/python3.12/site-packages/airflow/example_dags/example_branch_labels.py
[2025-01-19T23:39:20.794+0000] {logging_mixin.py:190} INFO - [2025-01-19T23:39:20.794+0000] {dag.py:3239} INFO - Sync 1 DAGs
[2025-01-19T23:39:20.812+0000] {logging_mixin.py:190} INFO - [2025-01-19T23:39:20.812+0000] {dag.py:4180} INFO - Setting next_dagrun for example_branch_labels to 2025-01-18 00:00:00+00:00, run_after=2025-01-19 00:00:00+00:00
[2025-01-19T23:39:20.827+0000] {processor.py:208} INFO - Processing /home/airflow/.local/lib/python3.12/site-packages/airflow/example_dags/example_branch_labels.py took 0.074 seconds
[2025-01-19T23:39:52.052+0000] {processor.py:186} INFO - Started process (PID=202) to work on /home/airflow/.local/lib/python3.12/site-packages/airflow/example_dags/example_branch_labels.py
[2025-01-19T23:39:52.131+0000] {processor.py:914} INFO - Processing file /home/airflow/.local/lib/python3.12/site-packages/airflow/example_dags/example_branch_labels.py for tasks to queue
[2025-01-19T23:39:52.438+0000] {logging_mixin.py:190} INFO - [2025-01-19T23:39:52.134+0000] {dagbag.py:588} INFO - Filling up the DagBag from /home/airflow/.local/lib/python3.12/site-packages/airflow/example_dags/example_branch_labels.py
[2025-01-19T23:39:52.945+0000] {processor.py:925} INFO - DAG(s) 'example_branch_labels' retrieved from /home/airflow/.local/lib/python3.12/site-packages/airflow/example_dags/example_branch_labels.py
[2025-01-19T23:39:53.249+0000] {logging_mixin.py:190} INFO - [2025-01-19T23:39:53.249+0000] {dag.py:3239} INFO - Sync 1 DAGs
[2025-01-19T23:39:53.344+0000] {logging_mixin.py:190} INFO - [2025-01-19T23:39:53.344+0000] {dag.py:4180} INFO - Setting next_dagrun for example_branch_labels to 2025-01-18 00:00:00+00:00, run_after=2025-01-19 00:00:00+00:00
[2025-01-19T23:39:53.587+0000] {processor.py:208} INFO - Processing /home/airflow/.local/lib/python3.12/site-packages/airflow/example_dags/example_branch_labels.py took 1.606 seconds
[2025-01-19T23:40:23.822+0000] {processor.py:186} INFO - Started process (PID=265) to work on /home/airflow/.local/lib/python3.12/site-packages/airflow/example_dags/example_branch_labels.py
[2025-01-19T23:40:23.823+0000] {processor.py:914} INFO - Processing file /home/airflow/.local/lib/python3.12/site-packages/airflow/example_dags/example_branch_labels.py for tasks to queue
[2025-01-19T23:40:23.825+0000] {logging_mixin.py:190} INFO - [2025-01-19T23:40:23.825+0000] {dagbag.py:588} INFO - Filling up the DagBag from /home/airflow/.local/lib/python3.12/site-packages/airflow/example_dags/example_branch_labels.py
[2025-01-19T23:40:23.843+0000] {processor.py:925} INFO - DAG(s) 'example_branch_labels' retrieved from /home/airflow/.local/lib/python3.12/site-packages/airflow/example_dags/example_branch_labels.py
[2025-01-19T23:40:23.870+0000] {logging_mixin.py:190} INFO - [2025-01-19T23:40:23.869+0000] {dag.py:3239} INFO - Sync 1 DAGs
[2025-01-19T23:40:23.888+0000] {logging_mixin.py:190} INFO - [2025-01-19T23:40:23.888+0000] {dag.py:4180} INFO - Setting next_dagrun for example_branch_labels to 2025-01-18 00:00:00+00:00, run_after=2025-01-19 00:00:00+00:00
[2025-01-19T23:40:23.903+0000] {processor.py:208} INFO - Processing /home/airflow/.local/lib/python3.12/site-packages/airflow/example_dags/example_branch_labels.py took 0.085 seconds
[2025-01-19T23:40:54.202+0000] {processor.py:186} INFO - Started process (PID=328) to work on /home/airflow/.local/lib/python3.12/site-packages/airflow/example_dags/example_branch_labels.py
[2025-01-19T23:40:54.205+0000] {processor.py:914} INFO - Processing file /home/airflow/.local/lib/python3.12/site-packages/airflow/example_dags/example_branch_labels.py for tasks to queue
[2025-01-19T23:40:54.211+0000] {logging_mixin.py:190} INFO - [2025-01-19T23:40:54.210+0000] {dagbag.py:588} INFO - Filling up the DagBag from /home/airflow/.local/lib/python3.12/site-packages/airflow/example_dags/example_branch_labels.py
[2025-01-19T23:40:54.225+0000] {processor.py:925} INFO - DAG(s) 'example_branch_labels' retrieved from /home/airflow/.local/lib/python3.12/site-packages/airflow/example_dags/example_branch_labels.py
[2025-01-19T23:40:54.254+0000] {logging_mixin.py:190} INFO - [2025-01-19T23:40:54.254+0000] {dag.py:3239} INFO - Sync 1 DAGs
[2025-01-19T23:40:54.285+0000] {logging_mixin.py:190} INFO - [2025-01-19T23:40:54.285+0000] {dag.py:4180} INFO - Setting next_dagrun for example_branch_labels to 2025-01-18 00:00:00+00:00, run_after=2025-01-19 00:00:00+00:00
[2025-01-19T23:40:54.305+0000] {processor.py:208} INFO - Processing /home/airflow/.local/lib/python3.12/site-packages/airflow/example_dags/example_branch_labels.py took 0.109 seconds
[2025-01-19T23:41:24.736+0000] {processor.py:186} INFO - Started process (PID=391) to work on /home/airflow/.local/lib/python3.12/site-packages/airflow/example_dags/example_branch_labels.py
[2025-01-19T23:41:24.738+0000] {processor.py:914} INFO - Processing file /home/airflow/.local/lib/python3.12/site-packages/airflow/example_dags/example_branch_labels.py for tasks to queue
[2025-01-19T23:41:24.741+0000] {logging_mixin.py:190} INFO - [2025-01-19T23:41:24.740+0000] {dagbag.py:588} INFO - Filling up the DagBag from /home/airflow/.local/lib/python3.12/site-packages/airflow/example_dags/example_branch_labels.py
[2025-01-19T23:41:24.750+0000] {processor.py:925} INFO - DAG(s) 'example_branch_labels' retrieved from /home/airflow/.local/lib/python3.12/site-packages/airflow/example_dags/example_branch_labels.py
[2025-01-19T23:41:24.771+0000] {logging_mixin.py:190} INFO - [2025-01-19T23:41:24.771+0000] {dag.py:3239} INFO - Sync 1 DAGs
[2025-01-19T23:41:24.789+0000] {logging_mixin.py:190} INFO - [2025-01-19T23:41:24.789+0000] {dag.py:4180} INFO - Setting next_dagrun for example_branch_labels to 2025-01-18 00:00:00+00:00, run_after=2025-01-19 00:00:00+00:00
[2025-01-19T23:41:24.809+0000] {processor.py:208} INFO - Processing /home/airflow/.local/lib/python3.12/site-packages/airflow/example_dags/example_branch_labels.py took 0.079 seconds
[2025-01-19T23:41:55.491+0000] {processor.py:186} INFO - Started process (PID=454) to work on /home/airflow/.local/lib/python3.12/site-packages/airflow/example_dags/example_branch_labels.py
[2025-01-19T23:41:55.494+0000] {processor.py:914} INFO - Processing file /home/airflow/.local/lib/python3.12/site-packages/airflow/example_dags/example_branch_labels.py for tasks to queue
[2025-01-19T23:41:55.495+0000] {logging_mixin.py:190} INFO - [2025-01-19T23:41:55.495+0000] {dagbag.py:588} INFO - Filling up the DagBag from /home/airflow/.local/lib/python3.12/site-packages/airflow/example_dags/example_branch_labels.py
[2025-01-19T23:41:55.504+0000] {processor.py:925} INFO - DAG(s) 'example_branch_labels' retrieved from /home/airflow/.local/lib/python3.12/site-packages/airflow/example_dags/example_branch_labels.py
[2025-01-19T23:41:55.523+0000] {logging_mixin.py:190} INFO - [2025-01-19T23:41:55.522+0000] {dag.py:3239} INFO - Sync 1 DAGs
[2025-01-19T23:41:55.542+0000] {logging_mixin.py:190} INFO - [2025-01-19T23:41:55.542+0000] {dag.py:4180} INFO - Setting next_dagrun for example_branch_labels to 2025-01-18 00:00:00+00:00, run_after=2025-01-19 00:00:00+00:00
[2025-01-19T23:41:55.560+0000] {processor.py:208} INFO - Processing /home/airflow/.local/lib/python3.12/site-packages/airflow/example_dags/example_branch_labels.py took 0.073 seconds
[2025-01-19T23:44:13.252+0000] {processor.py:186} INFO - Started process (PID=83) to work on /home/airflow/.local/lib/python3.12/site-packages/airflow/example_dags/example_branch_labels.py
[2025-01-19T23:44:13.391+0000] {processor.py:914} INFO - Processing file /home/airflow/.local/lib/python3.12/site-packages/airflow/example_dags/example_branch_labels.py for tasks to queue
[2025-01-19T23:44:13.964+0000] {logging_mixin.py:190} INFO - [2025-01-19T23:44:13.730+0000] {dagbag.py:588} INFO - Filling up the DagBag from /home/airflow/.local/lib/python3.12/site-packages/airflow/example_dags/example_branch_labels.py
[2025-01-19T23:44:15.111+0000] {processor.py:925} INFO - DAG(s) 'example_branch_labels' retrieved from /home/airflow/.local/lib/python3.12/site-packages/airflow/example_dags/example_branch_labels.py
[2025-01-19T23:44:16.436+0000] {logging_mixin.py:190} INFO - [2025-01-19T23:44:16.435+0000] {dag.py:3239} INFO - Sync 1 DAGs
[2025-01-19T23:44:16.671+0000] {logging_mixin.py:190} INFO - [2025-01-19T23:44:16.670+0000] {dag.py:4180} INFO - Setting next_dagrun for example_branch_labels to 2025-01-18 00:00:00+00:00, run_after=2025-01-19 00:00:00+00:00
[2025-01-19T23:44:16.826+0000] {processor.py:208} INFO - Processing /home/airflow/.local/lib/python3.12/site-packages/airflow/example_dags/example_branch_labels.py took 3.744 seconds
[2025-01-19T23:46:56.547+0000] {processor.py:186} INFO - Started process (PID=76) to work on /home/airflow/.local/lib/python3.12/site-packages/airflow/example_dags/example_branch_labels.py
[2025-01-19T23:46:56.552+0000] {processor.py:914} INFO - Processing file /home/airflow/.local/lib/python3.12/site-packages/airflow/example_dags/example_branch_labels.py for tasks to queue
[2025-01-19T23:46:56.559+0000] {logging_mixin.py:190} INFO - [2025-01-19T23:46:56.557+0000] {dagbag.py:588} INFO - Filling up the DagBag from /home/airflow/.local/lib/python3.12/site-packages/airflow/example_dags/example_branch_labels.py
[2025-01-19T23:46:56.622+0000] {processor.py:925} INFO - DAG(s) 'example_branch_labels' retrieved from /home/airflow/.local/lib/python3.12/site-packages/airflow/example_dags/example_branch_labels.py
[2025-01-19T23:46:58.587+0000] {logging_mixin.py:190} INFO - [2025-01-19T23:46:58.587+0000] {dag.py:3239} INFO - Sync 1 DAGs
[2025-01-19T23:46:58.689+0000] {logging_mixin.py:190} INFO - [2025-01-19T23:46:58.689+0000] {dag.py:4180} INFO - Setting next_dagrun for example_branch_labels to 2025-01-18 00:00:00+00:00, run_after=2025-01-19 00:00:00+00:00
[2025-01-19T23:46:58.720+0000] {processor.py:208} INFO - Processing /home/airflow/.local/lib/python3.12/site-packages/airflow/example_dags/example_branch_labels.py took 2.659 seconds
[2025-01-19T23:47:29.365+0000] {processor.py:186} INFO - Started process (PID=139) to work on /home/airflow/.local/lib/python3.12/site-packages/airflow/example_dags/example_branch_labels.py
[2025-01-19T23:47:29.370+0000] {processor.py:914} INFO - Processing file /home/airflow/.local/lib/python3.12/site-packages/airflow/example_dags/example_branch_labels.py for tasks to queue
[2025-01-19T23:47:29.373+0000] {logging_mixin.py:190} INFO - [2025-01-19T23:47:29.372+0000] {dagbag.py:588} INFO - Filling up the DagBag from /home/airflow/.local/lib/python3.12/site-packages/airflow/example_dags/example_branch_labels.py
[2025-01-19T23:47:29.391+0000] {processor.py:925} INFO - DAG(s) 'example_branch_labels' retrieved from /home/airflow/.local/lib/python3.12/site-packages/airflow/example_dags/example_branch_labels.py
[2025-01-19T23:47:29.416+0000] {logging_mixin.py:190} INFO - [2025-01-19T23:47:29.416+0000] {dag.py:3239} INFO - Sync 1 DAGs
[2025-01-19T23:47:29.435+0000] {logging_mixin.py:190} INFO - [2025-01-19T23:47:29.435+0000] {dag.py:4180} INFO - Setting next_dagrun for example_branch_labels to 2025-01-18 00:00:00+00:00, run_after=2025-01-19 00:00:00+00:00
[2025-01-19T23:47:29.449+0000] {processor.py:208} INFO - Processing /home/airflow/.local/lib/python3.12/site-packages/airflow/example_dags/example_branch_labels.py took 0.093 seconds
[2025-01-19T23:50:02.559+0000] {processor.py:186} INFO - Started process (PID=186) to work on /home/airflow/.local/lib/python3.12/site-packages/airflow/example_dags/example_branch_labels.py
[2025-01-19T23:50:02.561+0000] {processor.py:914} INFO - Processing file /home/airflow/.local/lib/python3.12/site-packages/airflow/example_dags/example_branch_labels.py for tasks to queue
[2025-01-19T23:50:02.566+0000] {logging_mixin.py:190} INFO - [2025-01-19T23:50:02.565+0000] {dagbag.py:588} INFO - Filling up the DagBag from /home/airflow/.local/lib/python3.12/site-packages/airflow/example_dags/example_branch_labels.py
[2025-01-19T23:50:03.152+0000] {processor.py:925} INFO - DAG(s) 'example_branch_labels' retrieved from /home/airflow/.local/lib/python3.12/site-packages/airflow/example_dags/example_branch_labels.py
[2025-01-19T23:50:03.376+0000] {logging_mixin.py:190} INFO - [2025-01-19T23:50:03.376+0000] {dag.py:3239} INFO - Sync 1 DAGs
[2025-01-19T23:50:03.499+0000] {logging_mixin.py:190} INFO - [2025-01-19T23:50:03.498+0000] {dag.py:4180} INFO - Setting next_dagrun for example_branch_labels to 2025-01-18 00:00:00+00:00, run_after=2025-01-19 00:00:00+00:00
[2025-01-19T23:50:03.573+0000] {processor.py:208} INFO - Processing /home/airflow/.local/lib/python3.12/site-packages/airflow/example_dags/example_branch_labels.py took 1.036 seconds
[2025-01-19T23:50:34.096+0000] {processor.py:186} INFO - Started process (PID=250) to work on /home/airflow/.local/lib/python3.12/site-packages/airflow/example_dags/example_branch_labels.py
[2025-01-19T23:50:34.097+0000] {processor.py:914} INFO - Processing file /home/airflow/.local/lib/python3.12/site-packages/airflow/example_dags/example_branch_labels.py for tasks to queue
[2025-01-19T23:50:34.100+0000] {logging_mixin.py:190} INFO - [2025-01-19T23:50:34.099+0000] {dagbag.py:588} INFO - Filling up the DagBag from /home/airflow/.local/lib/python3.12/site-packages/airflow/example_dags/example_branch_labels.py
[2025-01-19T23:50:34.110+0000] {processor.py:925} INFO - DAG(s) 'example_branch_labels' retrieved from /home/airflow/.local/lib/python3.12/site-packages/airflow/example_dags/example_branch_labels.py
[2025-01-19T23:50:34.131+0000] {logging_mixin.py:190} INFO - [2025-01-19T23:50:34.130+0000] {dag.py:3239} INFO - Sync 1 DAGs
[2025-01-19T23:50:34.153+0000] {logging_mixin.py:190} INFO - [2025-01-19T23:50:34.152+0000] {dag.py:4180} INFO - Setting next_dagrun for example_branch_labels to 2025-01-18 00:00:00+00:00, run_after=2025-01-19 00:00:00+00:00
[2025-01-19T23:50:34.173+0000] {processor.py:208} INFO - Processing /home/airflow/.local/lib/python3.12/site-packages/airflow/example_dags/example_branch_labels.py took 0.083 seconds
[2025-01-19T23:51:04.277+0000] {processor.py:186} INFO - Started process (PID=312) to work on /home/airflow/.local/lib/python3.12/site-packages/airflow/example_dags/example_branch_labels.py
[2025-01-19T23:51:04.278+0000] {processor.py:914} INFO - Processing file /home/airflow/.local/lib/python3.12/site-packages/airflow/example_dags/example_branch_labels.py for tasks to queue
[2025-01-19T23:51:04.281+0000] {logging_mixin.py:190} INFO - [2025-01-19T23:51:04.281+0000] {dagbag.py:588} INFO - Filling up the DagBag from /home/airflow/.local/lib/python3.12/site-packages/airflow/example_dags/example_branch_labels.py
[2025-01-19T23:51:04.302+0000] {processor.py:925} INFO - DAG(s) 'example_branch_labels' retrieved from /home/airflow/.local/lib/python3.12/site-packages/airflow/example_dags/example_branch_labels.py
[2025-01-19T23:51:04.326+0000] {logging_mixin.py:190} INFO - [2025-01-19T23:51:04.326+0000] {dag.py:3239} INFO - Sync 1 DAGs
[2025-01-19T23:51:04.346+0000] {logging_mixin.py:190} INFO - [2025-01-19T23:51:04.346+0000] {dag.py:4180} INFO - Setting next_dagrun for example_branch_labels to 2025-01-18 00:00:00+00:00, run_after=2025-01-19 00:00:00+00:00
[2025-01-19T23:51:04.368+0000] {processor.py:208} INFO - Processing /home/airflow/.local/lib/python3.12/site-packages/airflow/example_dags/example_branch_labels.py took 0.100 seconds
[2025-01-19T23:51:34.801+0000] {processor.py:186} INFO - Started process (PID=375) to work on /home/airflow/.local/lib/python3.12/site-packages/airflow/example_dags/example_branch_labels.py
[2025-01-19T23:51:34.805+0000] {processor.py:914} INFO - Processing file /home/airflow/.local/lib/python3.12/site-packages/airflow/example_dags/example_branch_labels.py for tasks to queue
[2025-01-19T23:51:34.808+0000] {logging_mixin.py:190} INFO - [2025-01-19T23:51:34.808+0000] {dagbag.py:588} INFO - Filling up the DagBag from /home/airflow/.local/lib/python3.12/site-packages/airflow/example_dags/example_branch_labels.py
[2025-01-19T23:51:34.834+0000] {processor.py:925} INFO - DAG(s) 'example_branch_labels' retrieved from /home/airflow/.local/lib/python3.12/site-packages/airflow/example_dags/example_branch_labels.py
[2025-01-19T23:51:34.974+0000] {logging_mixin.py:190} INFO - [2025-01-19T23:51:34.973+0000] {dag.py:3239} INFO - Sync 1 DAGs
[2025-01-19T23:51:35.029+0000] {logging_mixin.py:190} INFO - [2025-01-19T23:51:35.028+0000] {dag.py:4180} INFO - Setting next_dagrun for example_branch_labels to 2025-01-18 00:00:00+00:00, run_after=2025-01-19 00:00:00+00:00
[2025-01-19T23:51:35.063+0000] {processor.py:208} INFO - Processing /home/airflow/.local/lib/python3.12/site-packages/airflow/example_dags/example_branch_labels.py took 0.275 seconds
[2025-01-19T23:54:07.939+0000] {processor.py:186} INFO - Started process (PID=415) to work on /home/airflow/.local/lib/python3.12/site-packages/airflow/example_dags/example_branch_labels.py
[2025-01-19T23:54:07.943+0000] {processor.py:914} INFO - Processing file /home/airflow/.local/lib/python3.12/site-packages/airflow/example_dags/example_branch_labels.py for tasks to queue
[2025-01-19T23:54:07.947+0000] {logging_mixin.py:190} INFO - [2025-01-19T23:54:07.945+0000] {dagbag.py:588} INFO - Filling up the DagBag from /home/airflow/.local/lib/python3.12/site-packages/airflow/example_dags/example_branch_labels.py
[2025-01-19T23:54:07.982+0000] {processor.py:925} INFO - DAG(s) 'example_branch_labels' retrieved from /home/airflow/.local/lib/python3.12/site-packages/airflow/example_dags/example_branch_labels.py
[2025-01-19T23:54:08.200+0000] {logging_mixin.py:190} INFO - [2025-01-19T23:54:08.195+0000] {dag.py:3239} INFO - Sync 1 DAGs
[2025-01-19T23:54:08.269+0000] {logging_mixin.py:190} INFO - [2025-01-19T23:54:08.269+0000] {dag.py:4180} INFO - Setting next_dagrun for example_branch_labels to 2025-01-18 00:00:00+00:00, run_after=2025-01-19 00:00:00+00:00
[2025-01-19T23:54:08.321+0000] {processor.py:208} INFO - Processing /home/airflow/.local/lib/python3.12/site-packages/airflow/example_dags/example_branch_labels.py took 0.411 seconds
[2025-01-19T23:57:19.524+0000] {processor.py:186} INFO - Started process (PID=469) to work on /home/airflow/.local/lib/python3.12/site-packages/airflow/example_dags/example_branch_labels.py
[2025-01-19T23:57:19.527+0000] {processor.py:914} INFO - Processing file /home/airflow/.local/lib/python3.12/site-packages/airflow/example_dags/example_branch_labels.py for tasks to queue
[2025-01-19T23:57:19.531+0000] {logging_mixin.py:190} INFO - [2025-01-19T23:57:19.530+0000] {dagbag.py:588} INFO - Filling up the DagBag from /home/airflow/.local/lib/python3.12/site-packages/airflow/example_dags/example_branch_labels.py
[2025-01-19T23:57:19.555+0000] {processor.py:925} INFO - DAG(s) 'example_branch_labels' retrieved from /home/airflow/.local/lib/python3.12/site-packages/airflow/example_dags/example_branch_labels.py
[2025-01-19T23:57:19.603+0000] {logging_mixin.py:190} INFO - [2025-01-19T23:57:19.602+0000] {dag.py:3239} INFO - Sync 1 DAGs
[2025-01-19T23:57:19.676+0000] {logging_mixin.py:190} INFO - [2025-01-19T23:57:19.676+0000] {dag.py:4180} INFO - Setting next_dagrun for example_branch_labels to 2025-01-18 00:00:00+00:00, run_after=2025-01-19 00:00:00+00:00
[2025-01-19T23:57:19.730+0000] {processor.py:208} INFO - Processing /home/airflow/.local/lib/python3.12/site-packages/airflow/example_dags/example_branch_labels.py took 0.219 seconds
[2025-01-19T23:57:50.672+0000] {processor.py:186} INFO - Started process (PID=530) to work on /home/airflow/.local/lib/python3.12/site-packages/airflow/example_dags/example_branch_labels.py
[2025-01-19T23:57:50.674+0000] {processor.py:914} INFO - Processing file /home/airflow/.local/lib/python3.12/site-packages/airflow/example_dags/example_branch_labels.py for tasks to queue
[2025-01-19T23:57:50.675+0000] {logging_mixin.py:190} INFO - [2025-01-19T23:57:50.675+0000] {dagbag.py:588} INFO - Filling up the DagBag from /home/airflow/.local/lib/python3.12/site-packages/airflow/example_dags/example_branch_labels.py
[2025-01-19T23:57:50.684+0000] {processor.py:925} INFO - DAG(s) 'example_branch_labels' retrieved from /home/airflow/.local/lib/python3.12/site-packages/airflow/example_dags/example_branch_labels.py
[2025-01-19T23:57:50.706+0000] {logging_mixin.py:190} INFO - [2025-01-19T23:57:50.706+0000] {dag.py:3239} INFO - Sync 1 DAGs
[2025-01-19T23:57:50.727+0000] {logging_mixin.py:190} INFO - [2025-01-19T23:57:50.727+0000] {dag.py:4180} INFO - Setting next_dagrun for example_branch_labels to 2025-01-18 00:00:00+00:00, run_after=2025-01-19 00:00:00+00:00
[2025-01-19T23:57:50.744+0000] {processor.py:208} INFO - Processing /home/airflow/.local/lib/python3.12/site-packages/airflow/example_dags/example_branch_labels.py took 0.078 seconds
[2025-01-19T23:58:21.247+0000] {processor.py:186} INFO - Started process (PID=593) to work on /home/airflow/.local/lib/python3.12/site-packages/airflow/example_dags/example_branch_labels.py
[2025-01-19T23:58:21.274+0000] {processor.py:914} INFO - Processing file /home/airflow/.local/lib/python3.12/site-packages/airflow/example_dags/example_branch_labels.py for tasks to queue
[2025-01-19T23:58:21.275+0000] {logging_mixin.py:190} INFO - [2025-01-19T23:58:21.275+0000] {dagbag.py:588} INFO - Filling up the DagBag from /home/airflow/.local/lib/python3.12/site-packages/airflow/example_dags/example_branch_labels.py
[2025-01-19T23:58:21.282+0000] {processor.py:925} INFO - DAG(s) 'example_branch_labels' retrieved from /home/airflow/.local/lib/python3.12/site-packages/airflow/example_dags/example_branch_labels.py
[2025-01-19T23:58:21.307+0000] {logging_mixin.py:190} INFO - [2025-01-19T23:58:21.306+0000] {dag.py:3239} INFO - Sync 1 DAGs
[2025-01-19T23:58:21.328+0000] {logging_mixin.py:190} INFO - [2025-01-19T23:58:21.328+0000] {dag.py:4180} INFO - Setting next_dagrun for example_branch_labels to 2025-01-18 00:00:00+00:00, run_after=2025-01-19 00:00:00+00:00
[2025-01-19T23:58:21.407+0000] {processor.py:208} INFO - Processing /home/airflow/.local/lib/python3.12/site-packages/airflow/example_dags/example_branch_labels.py took 0.165 seconds
[2025-01-19T23:58:52.222+0000] {processor.py:186} INFO - Started process (PID=656) to work on /home/airflow/.local/lib/python3.12/site-packages/airflow/example_dags/example_branch_labels.py
[2025-01-19T23:58:52.224+0000] {processor.py:914} INFO - Processing file /home/airflow/.local/lib/python3.12/site-packages/airflow/example_dags/example_branch_labels.py for tasks to queue
[2025-01-19T23:58:52.225+0000] {logging_mixin.py:190} INFO - [2025-01-19T23:58:52.225+0000] {dagbag.py:588} INFO - Filling up the DagBag from /home/airflow/.local/lib/python3.12/site-packages/airflow/example_dags/example_branch_labels.py
[2025-01-19T23:58:52.232+0000] {processor.py:925} INFO - DAG(s) 'example_branch_labels' retrieved from /home/airflow/.local/lib/python3.12/site-packages/airflow/example_dags/example_branch_labels.py
[2025-01-19T23:58:52.253+0000] {logging_mixin.py:190} INFO - [2025-01-19T23:58:52.252+0000] {dag.py:3239} INFO - Sync 1 DAGs
[2025-01-19T23:58:52.272+0000] {logging_mixin.py:190} INFO - [2025-01-19T23:58:52.272+0000] {dag.py:4180} INFO - Setting next_dagrun for example_branch_labels to 2025-01-18 00:00:00+00:00, run_after=2025-01-19 00:00:00+00:00
[2025-01-19T23:58:52.287+0000] {processor.py:208} INFO - Processing /home/airflow/.local/lib/python3.12/site-packages/airflow/example_dags/example_branch_labels.py took 0.070 seconds
[2025-01-19T23:59:22.954+0000] {processor.py:186} INFO - Started process (PID=719) to work on /home/airflow/.local/lib/python3.12/site-packages/airflow/example_dags/example_branch_labels.py
[2025-01-19T23:59:22.957+0000] {processor.py:914} INFO - Processing file /home/airflow/.local/lib/python3.12/site-packages/airflow/example_dags/example_branch_labels.py for tasks to queue
[2025-01-19T23:59:22.958+0000] {logging_mixin.py:190} INFO - [2025-01-19T23:59:22.958+0000] {dagbag.py:588} INFO - Filling up the DagBag from /home/airflow/.local/lib/python3.12/site-packages/airflow/example_dags/example_branch_labels.py
[2025-01-19T23:59:22.972+0000] {processor.py:925} INFO - DAG(s) 'example_branch_labels' retrieved from /home/airflow/.local/lib/python3.12/site-packages/airflow/example_dags/example_branch_labels.py
[2025-01-19T23:59:23.000+0000] {logging_mixin.py:190} INFO - [2025-01-19T23:59:23.000+0000] {dag.py:3239} INFO - Sync 1 DAGs
[2025-01-19T23:59:23.039+0000] {logging_mixin.py:190} INFO - [2025-01-19T23:59:23.038+0000] {dag.py:4180} INFO - Setting next_dagrun for example_branch_labels to 2025-01-18 00:00:00+00:00, run_after=2025-01-19 00:00:00+00:00
[2025-01-19T23:59:23.065+0000] {processor.py:208} INFO - Processing /home/airflow/.local/lib/python3.12/site-packages/airflow/example_dags/example_branch_labels.py took 0.118 seconds
[2025-01-19T23:59:53.998+0000] {processor.py:186} INFO - Started process (PID=775) to work on /home/airflow/.local/lib/python3.12/site-packages/airflow/example_dags/example_branch_labels.py
[2025-01-19T23:59:54.000+0000] {processor.py:914} INFO - Processing file /home/airflow/.local/lib/python3.12/site-packages/airflow/example_dags/example_branch_labels.py for tasks to queue
[2025-01-19T23:59:54.001+0000] {logging_mixin.py:190} INFO - [2025-01-19T23:59:54.000+0000] {dagbag.py:588} INFO - Filling up the DagBag from /home/airflow/.local/lib/python3.12/site-packages/airflow/example_dags/example_branch_labels.py
[2025-01-19T23:59:54.010+0000] {processor.py:925} INFO - DAG(s) 'example_branch_labels' retrieved from /home/airflow/.local/lib/python3.12/site-packages/airflow/example_dags/example_branch_labels.py
[2025-01-19T23:59:54.030+0000] {logging_mixin.py:190} INFO - [2025-01-19T23:59:54.029+0000] {dag.py:3239} INFO - Sync 1 DAGs
[2025-01-19T23:59:54.051+0000] {logging_mixin.py:190} INFO - [2025-01-19T23:59:54.051+0000] {dag.py:4180} INFO - Setting next_dagrun for example_branch_labels to 2025-01-18 00:00:00+00:00, run_after=2025-01-19 00:00:00+00:00
[2025-01-19T23:59:54.067+0000] {processor.py:208} INFO - Processing /home/airflow/.local/lib/python3.12/site-packages/airflow/example_dags/example_branch_labels.py took 0.074 seconds
