[2025-01-19T23:39:12.335+0000] {processor.py:186} INFO - Started process (PID=127) to work on /home/airflow/.local/lib/python3.12/site-packages/airflow/example_dags/example_outlet_event_extra.py
[2025-01-19T23:39:12.336+0000] {processor.py:914} INFO - Processing file /home/airflow/.local/lib/python3.12/site-packages/airflow/example_dags/example_outlet_event_extra.py for tasks to queue
[2025-01-19T23:39:12.338+0000] {logging_mixin.py:190} INFO - [2025-01-19T23:39:12.338+0000] {dagbag.py:588} INFO - Filling up the DagBag from /home/airflow/.local/lib/python3.12/site-packages/airflow/example_dags/example_outlet_event_extra.py
[2025-01-19T23:39:12.806+0000] {processor.py:925} INFO - DAG(s) 'dataset_with_extra_by_yield', 'dataset_with_extra_by_context', 'dataset_with_extra_from_classic_operator' retrieved from /home/airflow/.local/lib/python3.12/site-packages/airflow/example_dags/example_outlet_event_extra.py
[2025-01-19T23:39:12.828+0000] {logging_mixin.py:190} INFO - [2025-01-19T23:39:12.828+0000] {dag.py:3239} INFO - Sync 3 DAGs
[2025-01-19T23:39:12.850+0000] {logging_mixin.py:190} INFO - [2025-01-19T23:39:12.850+0000] {dag.py:4180} INFO - Setting next_dagrun for dataset_with_extra_by_context to 2025-01-18 00:00:00+00:00, run_after=2025-01-19 00:00:00+00:00
[2025-01-19T23:39:12.854+0000] {logging_mixin.py:190} INFO - [2025-01-19T23:39:12.854+0000] {dag.py:4180} INFO - Setting next_dagrun for dataset_with_extra_by_yield to 2025-01-18 00:00:00+00:00, run_after=2025-01-19 00:00:00+00:00
[2025-01-19T23:39:12.856+0000] {logging_mixin.py:190} INFO - [2025-01-19T23:39:12.856+0000] {dag.py:4180} INFO - Setting next_dagrun for dataset_with_extra_from_classic_operator to 2025-01-18 00:00:00+00:00, run_after=2025-01-19 00:00:00+00:00
[2025-01-19T23:39:12.875+0000] {processor.py:208} INFO - Processing /home/airflow/.local/lib/python3.12/site-packages/airflow/example_dags/example_outlet_event_extra.py took 0.545 seconds
[2025-01-19T23:39:43.657+0000] {processor.py:186} INFO - Started process (PID=190) to work on /home/airflow/.local/lib/python3.12/site-packages/airflow/example_dags/example_outlet_event_extra.py
[2025-01-19T23:39:43.658+0000] {processor.py:914} INFO - Processing file /home/airflow/.local/lib/python3.12/site-packages/airflow/example_dags/example_outlet_event_extra.py for tasks to queue
[2025-01-19T23:39:43.660+0000] {logging_mixin.py:190} INFO - [2025-01-19T23:39:43.659+0000] {dagbag.py:588} INFO - Filling up the DagBag from /home/airflow/.local/lib/python3.12/site-packages/airflow/example_dags/example_outlet_event_extra.py
[2025-01-19T23:39:44.615+0000] {processor.py:925} INFO - DAG(s) 'dataset_with_extra_by_context', 'dataset_with_extra_from_classic_operator', 'dataset_with_extra_by_yield' retrieved from /home/airflow/.local/lib/python3.12/site-packages/airflow/example_dags/example_outlet_event_extra.py
[2025-01-19T23:39:44.642+0000] {logging_mixin.py:190} INFO - [2025-01-19T23:39:44.642+0000] {dag.py:3239} INFO - Sync 3 DAGs
[2025-01-19T23:39:44.664+0000] {logging_mixin.py:190} INFO - [2025-01-19T23:39:44.664+0000] {dag.py:4180} INFO - Setting next_dagrun for dataset_with_extra_by_context to 2025-01-18 00:00:00+00:00, run_after=2025-01-19 00:00:00+00:00
[2025-01-19T23:39:44.669+0000] {logging_mixin.py:190} INFO - [2025-01-19T23:39:44.668+0000] {dag.py:4180} INFO - Setting next_dagrun for dataset_with_extra_by_yield to 2025-01-18 00:00:00+00:00, run_after=2025-01-19 00:00:00+00:00
[2025-01-19T23:39:44.671+0000] {logging_mixin.py:190} INFO - [2025-01-19T23:39:44.671+0000] {dag.py:4180} INFO - Setting next_dagrun for dataset_with_extra_from_classic_operator to 2025-01-18 00:00:00+00:00, run_after=2025-01-19 00:00:00+00:00
[2025-01-19T23:39:44.692+0000] {processor.py:208} INFO - Processing /home/airflow/.local/lib/python3.12/site-packages/airflow/example_dags/example_outlet_event_extra.py took 1.041 seconds
[2025-01-19T23:40:15.114+0000] {processor.py:186} INFO - Started process (PID=258) to work on /home/airflow/.local/lib/python3.12/site-packages/airflow/example_dags/example_outlet_event_extra.py
[2025-01-19T23:40:15.115+0000] {processor.py:914} INFO - Processing file /home/airflow/.local/lib/python3.12/site-packages/airflow/example_dags/example_outlet_event_extra.py for tasks to queue
[2025-01-19T23:40:15.117+0000] {logging_mixin.py:190} INFO - [2025-01-19T23:40:15.116+0000] {dagbag.py:588} INFO - Filling up the DagBag from /home/airflow/.local/lib/python3.12/site-packages/airflow/example_dags/example_outlet_event_extra.py
[2025-01-19T23:40:15.699+0000] {processor.py:925} INFO - DAG(s) 'dataset_with_extra_by_context', 'dataset_with_extra_from_classic_operator', 'dataset_with_extra_by_yield' retrieved from /home/airflow/.local/lib/python3.12/site-packages/airflow/example_dags/example_outlet_event_extra.py
[2025-01-19T23:40:15.720+0000] {logging_mixin.py:190} INFO - [2025-01-19T23:40:15.719+0000] {dag.py:3239} INFO - Sync 3 DAGs
[2025-01-19T23:40:15.735+0000] {logging_mixin.py:190} INFO - [2025-01-19T23:40:15.734+0000] {dag.py:4180} INFO - Setting next_dagrun for dataset_with_extra_by_context to 2025-01-18 00:00:00+00:00, run_after=2025-01-19 00:00:00+00:00
[2025-01-19T23:40:15.738+0000] {logging_mixin.py:190} INFO - [2025-01-19T23:40:15.737+0000] {dag.py:4180} INFO - Setting next_dagrun for dataset_with_extra_by_yield to 2025-01-18 00:00:00+00:00, run_after=2025-01-19 00:00:00+00:00
[2025-01-19T23:40:15.739+0000] {logging_mixin.py:190} INFO - [2025-01-19T23:40:15.739+0000] {dag.py:4180} INFO - Setting next_dagrun for dataset_with_extra_from_classic_operator to 2025-01-18 00:00:00+00:00, run_after=2025-01-19 00:00:00+00:00
[2025-01-19T23:40:15.753+0000] {processor.py:208} INFO - Processing /home/airflow/.local/lib/python3.12/site-packages/airflow/example_dags/example_outlet_event_extra.py took 0.644 seconds
[2025-01-19T23:40:47.209+0000] {processor.py:186} INFO - Started process (PID=316) to work on /home/airflow/.local/lib/python3.12/site-packages/airflow/example_dags/example_outlet_event_extra.py
[2025-01-19T23:40:47.210+0000] {processor.py:914} INFO - Processing file /home/airflow/.local/lib/python3.12/site-packages/airflow/example_dags/example_outlet_event_extra.py for tasks to queue
[2025-01-19T23:40:47.212+0000] {logging_mixin.py:190} INFO - [2025-01-19T23:40:47.212+0000] {dagbag.py:588} INFO - Filling up the DagBag from /home/airflow/.local/lib/python3.12/site-packages/airflow/example_dags/example_outlet_event_extra.py
[2025-01-19T23:40:48.074+0000] {processor.py:925} INFO - DAG(s) 'dataset_with_extra_from_classic_operator', 'dataset_with_extra_by_context', 'dataset_with_extra_by_yield' retrieved from /home/airflow/.local/lib/python3.12/site-packages/airflow/example_dags/example_outlet_event_extra.py
[2025-01-19T23:40:48.091+0000] {logging_mixin.py:190} INFO - [2025-01-19T23:40:48.091+0000] {dag.py:3239} INFO - Sync 3 DAGs
[2025-01-19T23:40:48.107+0000] {logging_mixin.py:190} INFO - [2025-01-19T23:40:48.107+0000] {dag.py:4180} INFO - Setting next_dagrun for dataset_with_extra_by_context to 2025-01-18 00:00:00+00:00, run_after=2025-01-19 00:00:00+00:00
[2025-01-19T23:40:48.110+0000] {logging_mixin.py:190} INFO - [2025-01-19T23:40:48.110+0000] {dag.py:4180} INFO - Setting next_dagrun for dataset_with_extra_by_yield to 2025-01-18 00:00:00+00:00, run_after=2025-01-19 00:00:00+00:00
[2025-01-19T23:40:48.111+0000] {logging_mixin.py:190} INFO - [2025-01-19T23:40:48.111+0000] {dag.py:4180} INFO - Setting next_dagrun for dataset_with_extra_from_classic_operator to 2025-01-18 00:00:00+00:00, run_after=2025-01-19 00:00:00+00:00
[2025-01-19T23:40:48.125+0000] {processor.py:208} INFO - Processing /home/airflow/.local/lib/python3.12/site-packages/airflow/example_dags/example_outlet_event_extra.py took 0.920 seconds
[2025-01-19T23:41:18.782+0000] {processor.py:186} INFO - Started process (PID=384) to work on /home/airflow/.local/lib/python3.12/site-packages/airflow/example_dags/example_outlet_event_extra.py
[2025-01-19T23:41:18.783+0000] {processor.py:914} INFO - Processing file /home/airflow/.local/lib/python3.12/site-packages/airflow/example_dags/example_outlet_event_extra.py for tasks to queue
[2025-01-19T23:41:18.785+0000] {logging_mixin.py:190} INFO - [2025-01-19T23:41:18.785+0000] {dagbag.py:588} INFO - Filling up the DagBag from /home/airflow/.local/lib/python3.12/site-packages/airflow/example_dags/example_outlet_event_extra.py
[2025-01-19T23:41:19.622+0000] {processor.py:925} INFO - DAG(s) 'dataset_with_extra_by_yield', 'dataset_with_extra_from_classic_operator', 'dataset_with_extra_by_context' retrieved from /home/airflow/.local/lib/python3.12/site-packages/airflow/example_dags/example_outlet_event_extra.py
[2025-01-19T23:41:19.639+0000] {logging_mixin.py:190} INFO - [2025-01-19T23:41:19.639+0000] {dag.py:3239} INFO - Sync 3 DAGs
[2025-01-19T23:41:19.657+0000] {logging_mixin.py:190} INFO - [2025-01-19T23:41:19.657+0000] {dag.py:4180} INFO - Setting next_dagrun for dataset_with_extra_by_context to 2025-01-18 00:00:00+00:00, run_after=2025-01-19 00:00:00+00:00
[2025-01-19T23:41:19.660+0000] {logging_mixin.py:190} INFO - [2025-01-19T23:41:19.660+0000] {dag.py:4180} INFO - Setting next_dagrun for dataset_with_extra_by_yield to 2025-01-18 00:00:00+00:00, run_after=2025-01-19 00:00:00+00:00
[2025-01-19T23:41:19.661+0000] {logging_mixin.py:190} INFO - [2025-01-19T23:41:19.661+0000] {dag.py:4180} INFO - Setting next_dagrun for dataset_with_extra_from_classic_operator to 2025-01-18 00:00:00+00:00, run_after=2025-01-19 00:00:00+00:00
[2025-01-19T23:41:19.675+0000] {processor.py:208} INFO - Processing /home/airflow/.local/lib/python3.12/site-packages/airflow/example_dags/example_outlet_event_extra.py took 0.898 seconds
[2025-01-19T23:41:50.598+0000] {processor.py:186} INFO - Started process (PID=453) to work on /home/airflow/.local/lib/python3.12/site-packages/airflow/example_dags/example_outlet_event_extra.py
[2025-01-19T23:41:50.599+0000] {processor.py:914} INFO - Processing file /home/airflow/.local/lib/python3.12/site-packages/airflow/example_dags/example_outlet_event_extra.py for tasks to queue
[2025-01-19T23:41:50.601+0000] {logging_mixin.py:190} INFO - [2025-01-19T23:41:50.601+0000] {dagbag.py:588} INFO - Filling up the DagBag from /home/airflow/.local/lib/python3.12/site-packages/airflow/example_dags/example_outlet_event_extra.py
[2025-01-19T23:41:51.376+0000] {processor.py:925} INFO - DAG(s) 'dataset_with_extra_by_yield', 'dataset_with_extra_from_classic_operator', 'dataset_with_extra_by_context' retrieved from /home/airflow/.local/lib/python3.12/site-packages/airflow/example_dags/example_outlet_event_extra.py
[2025-01-19T23:41:51.394+0000] {logging_mixin.py:190} INFO - [2025-01-19T23:41:51.394+0000] {dag.py:3239} INFO - Sync 3 DAGs
[2025-01-19T23:41:51.409+0000] {logging_mixin.py:190} INFO - [2025-01-19T23:41:51.409+0000] {dag.py:4180} INFO - Setting next_dagrun for dataset_with_extra_by_context to 2025-01-18 00:00:00+00:00, run_after=2025-01-19 00:00:00+00:00
[2025-01-19T23:41:51.412+0000] {logging_mixin.py:190} INFO - [2025-01-19T23:41:51.412+0000] {dag.py:4180} INFO - Setting next_dagrun for dataset_with_extra_by_yield to 2025-01-18 00:00:00+00:00, run_after=2025-01-19 00:00:00+00:00
[2025-01-19T23:41:51.414+0000] {logging_mixin.py:190} INFO - [2025-01-19T23:41:51.414+0000] {dag.py:4180} INFO - Setting next_dagrun for dataset_with_extra_from_classic_operator to 2025-01-18 00:00:00+00:00, run_after=2025-01-19 00:00:00+00:00
[2025-01-19T23:41:51.427+0000] {processor.py:208} INFO - Processing /home/airflow/.local/lib/python3.12/site-packages/airflow/example_dags/example_outlet_event_extra.py took 0.833 seconds
[2025-01-19T23:47:13.594+0000] {processor.py:186} INFO - Started process (PID=133) to work on /home/airflow/.local/lib/python3.12/site-packages/airflow/example_dags/example_outlet_event_extra.py
[2025-01-19T23:47:13.598+0000] {processor.py:914} INFO - Processing file /home/airflow/.local/lib/python3.12/site-packages/airflow/example_dags/example_outlet_event_extra.py for tasks to queue
[2025-01-19T23:47:13.602+0000] {logging_mixin.py:190} INFO - [2025-01-19T23:47:13.601+0000] {dagbag.py:588} INFO - Filling up the DagBag from /home/airflow/.local/lib/python3.12/site-packages/airflow/example_dags/example_outlet_event_extra.py
[2025-01-19T23:47:14.915+0000] {processor.py:925} INFO - DAG(s) 'dataset_with_extra_from_classic_operator', 'dataset_with_extra_by_yield', 'dataset_with_extra_by_context' retrieved from /home/airflow/.local/lib/python3.12/site-packages/airflow/example_dags/example_outlet_event_extra.py
[2025-01-19T23:47:14.969+0000] {logging_mixin.py:190} INFO - [2025-01-19T23:47:14.969+0000] {dag.py:3239} INFO - Sync 3 DAGs
[2025-01-19T23:47:15.002+0000] {logging_mixin.py:190} INFO - [2025-01-19T23:47:15.002+0000] {dag.py:4180} INFO - Setting next_dagrun for dataset_with_extra_by_context to 2025-01-18 00:00:00+00:00, run_after=2025-01-19 00:00:00+00:00
[2025-01-19T23:47:15.009+0000] {logging_mixin.py:190} INFO - [2025-01-19T23:47:15.008+0000] {dag.py:4180} INFO - Setting next_dagrun for dataset_with_extra_by_yield to 2025-01-18 00:00:00+00:00, run_after=2025-01-19 00:00:00+00:00
[2025-01-19T23:47:15.013+0000] {logging_mixin.py:190} INFO - [2025-01-19T23:47:15.012+0000] {dag.py:4180} INFO - Setting next_dagrun for dataset_with_extra_from_classic_operator to 2025-01-18 00:00:00+00:00, run_after=2025-01-19 00:00:00+00:00
[2025-01-19T23:47:15.079+0000] {processor.py:208} INFO - Processing /home/airflow/.local/lib/python3.12/site-packages/airflow/example_dags/example_outlet_event_extra.py took 1.496 seconds
[2025-01-19T23:50:10.622+0000] {processor.py:186} INFO - Started process (PID=234) to work on /home/airflow/.local/lib/python3.12/site-packages/airflow/example_dags/example_outlet_event_extra.py
[2025-01-19T23:50:10.629+0000] {processor.py:914} INFO - Processing file /home/airflow/.local/lib/python3.12/site-packages/airflow/example_dags/example_outlet_event_extra.py for tasks to queue
[2025-01-19T23:50:10.633+0000] {logging_mixin.py:190} INFO - [2025-01-19T23:50:10.632+0000] {dagbag.py:588} INFO - Filling up the DagBag from /home/airflow/.local/lib/python3.12/site-packages/airflow/example_dags/example_outlet_event_extra.py
[2025-01-19T23:50:11.299+0000] {processor.py:925} INFO - DAG(s) 'dataset_with_extra_from_classic_operator', 'dataset_with_extra_by_yield', 'dataset_with_extra_by_context' retrieved from /home/airflow/.local/lib/python3.12/site-packages/airflow/example_dags/example_outlet_event_extra.py
[2025-01-19T23:50:11.332+0000] {logging_mixin.py:190} INFO - [2025-01-19T23:50:11.332+0000] {dag.py:3239} INFO - Sync 3 DAGs
[2025-01-19T23:50:11.361+0000] {logging_mixin.py:190} INFO - [2025-01-19T23:50:11.361+0000] {dag.py:4180} INFO - Setting next_dagrun for dataset_with_extra_by_context to 2025-01-18 00:00:00+00:00, run_after=2025-01-19 00:00:00+00:00
[2025-01-19T23:50:11.366+0000] {logging_mixin.py:190} INFO - [2025-01-19T23:50:11.366+0000] {dag.py:4180} INFO - Setting next_dagrun for dataset_with_extra_by_yield to 2025-01-18 00:00:00+00:00, run_after=2025-01-19 00:00:00+00:00
[2025-01-19T23:50:11.370+0000] {logging_mixin.py:190} INFO - [2025-01-19T23:50:11.369+0000] {dag.py:4180} INFO - Setting next_dagrun for dataset_with_extra_from_classic_operator to 2025-01-18 00:00:00+00:00, run_after=2025-01-19 00:00:00+00:00
[2025-01-19T23:50:11.496+0000] {processor.py:208} INFO - Processing /home/airflow/.local/lib/python3.12/site-packages/airflow/example_dags/example_outlet_event_extra.py took 0.883 seconds
[2025-01-19T23:50:42.284+0000] {processor.py:186} INFO - Started process (PID=300) to work on /home/airflow/.local/lib/python3.12/site-packages/airflow/example_dags/example_outlet_event_extra.py
[2025-01-19T23:50:42.286+0000] {processor.py:914} INFO - Processing file /home/airflow/.local/lib/python3.12/site-packages/airflow/example_dags/example_outlet_event_extra.py for tasks to queue
[2025-01-19T23:50:42.290+0000] {logging_mixin.py:190} INFO - [2025-01-19T23:50:42.290+0000] {dagbag.py:588} INFO - Filling up the DagBag from /home/airflow/.local/lib/python3.12/site-packages/airflow/example_dags/example_outlet_event_extra.py
[2025-01-19T23:50:42.990+0000] {processor.py:925} INFO - DAG(s) 'dataset_with_extra_by_yield', 'dataset_with_extra_from_classic_operator', 'dataset_with_extra_by_context' retrieved from /home/airflow/.local/lib/python3.12/site-packages/airflow/example_dags/example_outlet_event_extra.py
[2025-01-19T23:50:43.025+0000] {logging_mixin.py:190} INFO - [2025-01-19T23:50:43.024+0000] {dag.py:3239} INFO - Sync 3 DAGs
[2025-01-19T23:50:43.058+0000] {logging_mixin.py:190} INFO - [2025-01-19T23:50:43.057+0000] {dag.py:4180} INFO - Setting next_dagrun for dataset_with_extra_by_context to 2025-01-18 00:00:00+00:00, run_after=2025-01-19 00:00:00+00:00
[2025-01-19T23:50:43.064+0000] {logging_mixin.py:190} INFO - [2025-01-19T23:50:43.063+0000] {dag.py:4180} INFO - Setting next_dagrun for dataset_with_extra_by_yield to 2025-01-18 00:00:00+00:00, run_after=2025-01-19 00:00:00+00:00
[2025-01-19T23:50:43.067+0000] {logging_mixin.py:190} INFO - [2025-01-19T23:50:43.067+0000] {dag.py:4180} INFO - Setting next_dagrun for dataset_with_extra_from_classic_operator to 2025-01-18 00:00:00+00:00, run_after=2025-01-19 00:00:00+00:00
[2025-01-19T23:50:43.095+0000] {processor.py:208} INFO - Processing /home/airflow/.local/lib/python3.12/site-packages/airflow/example_dags/example_outlet_event_extra.py took 0.822 seconds
[2025-01-19T23:51:15.795+0000] {processor.py:186} INFO - Started process (PID=363) to work on /home/airflow/.local/lib/python3.12/site-packages/airflow/example_dags/example_outlet_event_extra.py
[2025-01-19T23:51:15.796+0000] {processor.py:914} INFO - Processing file /home/airflow/.local/lib/python3.12/site-packages/airflow/example_dags/example_outlet_event_extra.py for tasks to queue
[2025-01-19T23:51:15.799+0000] {logging_mixin.py:190} INFO - [2025-01-19T23:51:15.799+0000] {dagbag.py:588} INFO - Filling up the DagBag from /home/airflow/.local/lib/python3.12/site-packages/airflow/example_dags/example_outlet_event_extra.py
[2025-01-19T23:51:16.390+0000] {processor.py:925} INFO - DAG(s) 'dataset_with_extra_by_yield', 'dataset_with_extra_from_classic_operator', 'dataset_with_extra_by_context' retrieved from /home/airflow/.local/lib/python3.12/site-packages/airflow/example_dags/example_outlet_event_extra.py
[2025-01-19T23:51:16.416+0000] {logging_mixin.py:190} INFO - [2025-01-19T23:51:16.416+0000] {dag.py:3239} INFO - Sync 3 DAGs
[2025-01-19T23:51:16.441+0000] {logging_mixin.py:190} INFO - [2025-01-19T23:51:16.441+0000] {dag.py:4180} INFO - Setting next_dagrun for dataset_with_extra_by_context to 2025-01-18 00:00:00+00:00, run_after=2025-01-19 00:00:00+00:00
[2025-01-19T23:51:16.446+0000] {logging_mixin.py:190} INFO - [2025-01-19T23:51:16.445+0000] {dag.py:4180} INFO - Setting next_dagrun for dataset_with_extra_by_yield to 2025-01-18 00:00:00+00:00, run_after=2025-01-19 00:00:00+00:00
[2025-01-19T23:51:16.449+0000] {logging_mixin.py:190} INFO - [2025-01-19T23:51:16.448+0000] {dag.py:4180} INFO - Setting next_dagrun for dataset_with_extra_from_classic_operator to 2025-01-18 00:00:00+00:00, run_after=2025-01-19 00:00:00+00:00
[2025-01-19T23:51:16.470+0000] {processor.py:208} INFO - Processing /home/airflow/.local/lib/python3.12/site-packages/airflow/example_dags/example_outlet_event_extra.py took 0.683 seconds
[2025-01-19T23:57:18.986+0000] {processor.py:186} INFO - Started process (PID=463) to work on /home/airflow/.local/lib/python3.12/site-packages/airflow/example_dags/example_outlet_event_extra.py
[2025-01-19T23:57:18.989+0000] {processor.py:914} INFO - Processing file /home/airflow/.local/lib/python3.12/site-packages/airflow/example_dags/example_outlet_event_extra.py for tasks to queue
[2025-01-19T23:57:18.992+0000] {logging_mixin.py:190} INFO - [2025-01-19T23:57:18.991+0000] {dagbag.py:588} INFO - Filling up the DagBag from /home/airflow/.local/lib/python3.12/site-packages/airflow/example_dags/example_outlet_event_extra.py
[2025-01-19T23:57:21.164+0000] {processor.py:925} INFO - DAG(s) 'dataset_with_extra_by_context', 'dataset_with_extra_by_yield', 'dataset_with_extra_from_classic_operator' retrieved from /home/airflow/.local/lib/python3.12/site-packages/airflow/example_dags/example_outlet_event_extra.py
[2025-01-19T23:57:21.252+0000] {logging_mixin.py:190} INFO - [2025-01-19T23:57:21.251+0000] {dag.py:3239} INFO - Sync 3 DAGs
[2025-01-19T23:57:21.312+0000] {logging_mixin.py:190} INFO - [2025-01-19T23:57:21.311+0000] {dag.py:4180} INFO - Setting next_dagrun for dataset_with_extra_by_context to 2025-01-18 00:00:00+00:00, run_after=2025-01-19 00:00:00+00:00
[2025-01-19T23:57:21.328+0000] {logging_mixin.py:190} INFO - [2025-01-19T23:57:21.327+0000] {dag.py:4180} INFO - Setting next_dagrun for dataset_with_extra_by_yield to 2025-01-18 00:00:00+00:00, run_after=2025-01-19 00:00:00+00:00
[2025-01-19T23:57:21.334+0000] {logging_mixin.py:190} INFO - [2025-01-19T23:57:21.334+0000] {dag.py:4180} INFO - Setting next_dagrun for dataset_with_extra_from_classic_operator to 2025-01-18 00:00:00+00:00, run_after=2025-01-19 00:00:00+00:00
[2025-01-19T23:57:21.389+0000] {processor.py:208} INFO - Processing /home/airflow/.local/lib/python3.12/site-packages/airflow/example_dags/example_outlet_event_extra.py took 2.414 seconds
[2025-01-19T23:57:51.861+0000] {processor.py:186} INFO - Started process (PID=535) to work on /home/airflow/.local/lib/python3.12/site-packages/airflow/example_dags/example_outlet_event_extra.py
[2025-01-19T23:57:51.864+0000] {processor.py:914} INFO - Processing file /home/airflow/.local/lib/python3.12/site-packages/airflow/example_dags/example_outlet_event_extra.py for tasks to queue
[2025-01-19T23:57:51.865+0000] {logging_mixin.py:190} INFO - [2025-01-19T23:57:51.865+0000] {dagbag.py:588} INFO - Filling up the DagBag from /home/airflow/.local/lib/python3.12/site-packages/airflow/example_dags/example_outlet_event_extra.py
[2025-01-19T23:57:52.240+0000] {processor.py:925} INFO - DAG(s) 'dataset_with_extra_by_yield', 'dataset_with_extra_by_context', 'dataset_with_extra_from_classic_operator' retrieved from /home/airflow/.local/lib/python3.12/site-packages/airflow/example_dags/example_outlet_event_extra.py
[2025-01-19T23:57:52.257+0000] {logging_mixin.py:190} INFO - [2025-01-19T23:57:52.257+0000] {dag.py:3239} INFO - Sync 3 DAGs
[2025-01-19T23:57:52.271+0000] {logging_mixin.py:190} INFO - [2025-01-19T23:57:52.271+0000] {dag.py:4180} INFO - Setting next_dagrun for dataset_with_extra_by_context to 2025-01-18 00:00:00+00:00, run_after=2025-01-19 00:00:00+00:00
[2025-01-19T23:57:52.274+0000] {logging_mixin.py:190} INFO - [2025-01-19T23:57:52.274+0000] {dag.py:4180} INFO - Setting next_dagrun for dataset_with_extra_by_yield to 2025-01-18 00:00:00+00:00, run_after=2025-01-19 00:00:00+00:00
[2025-01-19T23:57:52.275+0000] {logging_mixin.py:190} INFO - [2025-01-19T23:57:52.275+0000] {dag.py:4180} INFO - Setting next_dagrun for dataset_with_extra_from_classic_operator to 2025-01-18 00:00:00+00:00, run_after=2025-01-19 00:00:00+00:00
[2025-01-19T23:57:52.288+0000] {processor.py:208} INFO - Processing /home/airflow/.local/lib/python3.12/site-packages/airflow/example_dags/example_outlet_event_extra.py took 0.431 seconds
[2025-01-19T23:58:22.691+0000] {processor.py:186} INFO - Started process (PID=600) to work on /home/airflow/.local/lib/python3.12/site-packages/airflow/example_dags/example_outlet_event_extra.py
[2025-01-19T23:58:22.693+0000] {processor.py:914} INFO - Processing file /home/airflow/.local/lib/python3.12/site-packages/airflow/example_dags/example_outlet_event_extra.py for tasks to queue
[2025-01-19T23:58:22.694+0000] {logging_mixin.py:190} INFO - [2025-01-19T23:58:22.693+0000] {dagbag.py:588} INFO - Filling up the DagBag from /home/airflow/.local/lib/python3.12/site-packages/airflow/example_dags/example_outlet_event_extra.py
[2025-01-19T23:58:23.047+0000] {processor.py:925} INFO - DAG(s) 'dataset_with_extra_by_context', 'dataset_with_extra_by_yield', 'dataset_with_extra_from_classic_operator' retrieved from /home/airflow/.local/lib/python3.12/site-packages/airflow/example_dags/example_outlet_event_extra.py
[2025-01-19T23:58:23.065+0000] {logging_mixin.py:190} INFO - [2025-01-19T23:58:23.065+0000] {dag.py:3239} INFO - Sync 3 DAGs
[2025-01-19T23:58:23.079+0000] {logging_mixin.py:190} INFO - [2025-01-19T23:58:23.079+0000] {dag.py:4180} INFO - Setting next_dagrun for dataset_with_extra_by_context to 2025-01-18 00:00:00+00:00, run_after=2025-01-19 00:00:00+00:00
[2025-01-19T23:58:23.082+0000] {logging_mixin.py:190} INFO - [2025-01-19T23:58:23.082+0000] {dag.py:4180} INFO - Setting next_dagrun for dataset_with_extra_by_yield to 2025-01-18 00:00:00+00:00, run_after=2025-01-19 00:00:00+00:00
[2025-01-19T23:58:23.084+0000] {logging_mixin.py:190} INFO - [2025-01-19T23:58:23.084+0000] {dag.py:4180} INFO - Setting next_dagrun for dataset_with_extra_from_classic_operator to 2025-01-18 00:00:00+00:00, run_after=2025-01-19 00:00:00+00:00
[2025-01-19T23:58:23.102+0000] {processor.py:208} INFO - Processing /home/airflow/.local/lib/python3.12/site-packages/airflow/example_dags/example_outlet_event_extra.py took 0.415 seconds
[2025-01-19T23:58:53.550+0000] {processor.py:186} INFO - Started process (PID=663) to work on /home/airflow/.local/lib/python3.12/site-packages/airflow/example_dags/example_outlet_event_extra.py
[2025-01-19T23:58:53.551+0000] {processor.py:914} INFO - Processing file /home/airflow/.local/lib/python3.12/site-packages/airflow/example_dags/example_outlet_event_extra.py for tasks to queue
[2025-01-19T23:58:53.552+0000] {logging_mixin.py:190} INFO - [2025-01-19T23:58:53.552+0000] {dagbag.py:588} INFO - Filling up the DagBag from /home/airflow/.local/lib/python3.12/site-packages/airflow/example_dags/example_outlet_event_extra.py
[2025-01-19T23:58:53.896+0000] {processor.py:925} INFO - DAG(s) 'dataset_with_extra_by_context', 'dataset_with_extra_from_classic_operator', 'dataset_with_extra_by_yield' retrieved from /home/airflow/.local/lib/python3.12/site-packages/airflow/example_dags/example_outlet_event_extra.py
[2025-01-19T23:58:53.913+0000] {logging_mixin.py:190} INFO - [2025-01-19T23:58:53.913+0000] {dag.py:3239} INFO - Sync 3 DAGs
[2025-01-19T23:58:53.929+0000] {logging_mixin.py:190} INFO - [2025-01-19T23:58:53.929+0000] {dag.py:4180} INFO - Setting next_dagrun for dataset_with_extra_by_context to 2025-01-18 00:00:00+00:00, run_after=2025-01-19 00:00:00+00:00
[2025-01-19T23:58:53.932+0000] {logging_mixin.py:190} INFO - [2025-01-19T23:58:53.932+0000] {dag.py:4180} INFO - Setting next_dagrun for dataset_with_extra_by_yield to 2025-01-18 00:00:00+00:00, run_after=2025-01-19 00:00:00+00:00
[2025-01-19T23:58:53.934+0000] {logging_mixin.py:190} INFO - [2025-01-19T23:58:53.933+0000] {dag.py:4180} INFO - Setting next_dagrun for dataset_with_extra_from_classic_operator to 2025-01-18 00:00:00+00:00, run_after=2025-01-19 00:00:00+00:00
[2025-01-19T23:58:53.949+0000] {processor.py:208} INFO - Processing /home/airflow/.local/lib/python3.12/site-packages/airflow/example_dags/example_outlet_event_extra.py took 0.403 seconds
[2025-01-19T23:59:24.553+0000] {processor.py:186} INFO - Started process (PID=730) to work on /home/airflow/.local/lib/python3.12/site-packages/airflow/example_dags/example_outlet_event_extra.py
[2025-01-19T23:59:24.555+0000] {processor.py:914} INFO - Processing file /home/airflow/.local/lib/python3.12/site-packages/airflow/example_dags/example_outlet_event_extra.py for tasks to queue
[2025-01-19T23:59:24.556+0000] {logging_mixin.py:190} INFO - [2025-01-19T23:59:24.555+0000] {dagbag.py:588} INFO - Filling up the DagBag from /home/airflow/.local/lib/python3.12/site-packages/airflow/example_dags/example_outlet_event_extra.py
[2025-01-19T23:59:25.240+0000] {processor.py:925} INFO - DAG(s) 'dataset_with_extra_by_context', 'dataset_with_extra_from_classic_operator', 'dataset_with_extra_by_yield' retrieved from /home/airflow/.local/lib/python3.12/site-packages/airflow/example_dags/example_outlet_event_extra.py
[2025-01-19T23:59:25.270+0000] {logging_mixin.py:190} INFO - [2025-01-19T23:59:25.269+0000] {dag.py:3239} INFO - Sync 3 DAGs
[2025-01-19T23:59:25.291+0000] {logging_mixin.py:190} INFO - [2025-01-19T23:59:25.291+0000] {dag.py:4180} INFO - Setting next_dagrun for dataset_with_extra_by_context to 2025-01-18 00:00:00+00:00, run_after=2025-01-19 00:00:00+00:00
[2025-01-19T23:59:25.297+0000] {logging_mixin.py:190} INFO - [2025-01-19T23:59:25.297+0000] {dag.py:4180} INFO - Setting next_dagrun for dataset_with_extra_by_yield to 2025-01-18 00:00:00+00:00, run_after=2025-01-19 00:00:00+00:00
[2025-01-19T23:59:25.299+0000] {logging_mixin.py:190} INFO - [2025-01-19T23:59:25.299+0000] {dag.py:4180} INFO - Setting next_dagrun for dataset_with_extra_from_classic_operator to 2025-01-18 00:00:00+00:00, run_after=2025-01-19 00:00:00+00:00
[2025-01-19T23:59:25.323+0000] {processor.py:208} INFO - Processing /home/airflow/.local/lib/python3.12/site-packages/airflow/example_dags/example_outlet_event_extra.py took 0.774 seconds
[2025-01-19T23:59:55.925+0000] {processor.py:186} INFO - Started process (PID=796) to work on /home/airflow/.local/lib/python3.12/site-packages/airflow/example_dags/example_outlet_event_extra.py
[2025-01-19T23:59:55.927+0000] {processor.py:914} INFO - Processing file /home/airflow/.local/lib/python3.12/site-packages/airflow/example_dags/example_outlet_event_extra.py for tasks to queue
[2025-01-19T23:59:55.929+0000] {logging_mixin.py:190} INFO - [2025-01-19T23:59:55.928+0000] {dagbag.py:588} INFO - Filling up the DagBag from /home/airflow/.local/lib/python3.12/site-packages/airflow/example_dags/example_outlet_event_extra.py
[2025-01-19T23:59:56.678+0000] {processor.py:925} INFO - DAG(s) 'dataset_with_extra_from_classic_operator', 'dataset_with_extra_by_context', 'dataset_with_extra_by_yield' retrieved from /home/airflow/.local/lib/python3.12/site-packages/airflow/example_dags/example_outlet_event_extra.py
[2025-01-19T23:59:56.696+0000] {logging_mixin.py:190} INFO - [2025-01-19T23:59:56.696+0000] {dag.py:3239} INFO - Sync 3 DAGs
[2025-01-19T23:59:56.715+0000] {logging_mixin.py:190} INFO - [2025-01-19T23:59:56.714+0000] {dag.py:4180} INFO - Setting next_dagrun for dataset_with_extra_by_context to 2025-01-18 00:00:00+00:00, run_after=2025-01-19 00:00:00+00:00
[2025-01-19T23:59:56.718+0000] {logging_mixin.py:190} INFO - [2025-01-19T23:59:56.718+0000] {dag.py:4180} INFO - Setting next_dagrun for dataset_with_extra_by_yield to 2025-01-18 00:00:00+00:00, run_after=2025-01-19 00:00:00+00:00
[2025-01-19T23:59:56.720+0000] {logging_mixin.py:190} INFO - [2025-01-19T23:59:56.720+0000] {dag.py:4180} INFO - Setting next_dagrun for dataset_with_extra_from_classic_operator to 2025-01-18 00:00:00+00:00, run_after=2025-01-19 00:00:00+00:00
[2025-01-19T23:59:56.735+0000] {processor.py:208} INFO - Processing /home/airflow/.local/lib/python3.12/site-packages/airflow/example_dags/example_outlet_event_extra.py took 0.814 seconds
