[2025-01-19T23:38:50.717+0000] {processor.py:186} INFO - Started process (PID=79) to work on /home/airflow/.local/lib/python3.12/site-packages/airflow/example_dags/example_branch_python_dop_operator_3.py
[2025-01-19T23:38:50.718+0000] {processor.py:914} INFO - Processing file /home/airflow/.local/lib/python3.12/site-packages/airflow/example_dags/example_branch_python_dop_operator_3.py for tasks to queue
[2025-01-19T23:38:50.721+0000] {logging_mixin.py:190} INFO - [2025-01-19T23:38:50.720+0000] {dagbag.py:588} INFO - Filling up the DagBag from /home/airflow/.local/lib/python3.12/site-packages/airflow/example_dags/example_branch_python_dop_operator_3.py
[2025-01-19T23:38:51.074+0000] {processor.py:925} INFO - DAG(s) 'example_branch_dop_operator_v3' retrieved from /home/airflow/.local/lib/python3.12/site-packages/airflow/example_dags/example_branch_python_dop_operator_3.py
[2025-01-19T23:38:51.172+0000] {logging_mixin.py:190} INFO - [2025-01-19T23:38:51.172+0000] {dag.py:3239} INFO - Sync 1 DAGs
[2025-01-19T23:38:51.280+0000] {logging_mixin.py:190} INFO - [2025-01-19T23:38:51.280+0000] {dag.py:4180} INFO - Setting next_dagrun for example_branch_dop_operator_v3 to 2025-01-19 23:37:00+00:00, run_after=2025-01-19 23:38:00+00:00
[2025-01-19T23:38:51.334+0000] {processor.py:208} INFO - Processing /home/airflow/.local/lib/python3.12/site-packages/airflow/example_dags/example_branch_python_dop_operator_3.py took 0.622 seconds
[2025-01-19T23:39:21.855+0000] {processor.py:186} INFO - Started process (PID=142) to work on /home/airflow/.local/lib/python3.12/site-packages/airflow/example_dags/example_branch_python_dop_operator_3.py
[2025-01-19T23:39:21.856+0000] {processor.py:914} INFO - Processing file /home/airflow/.local/lib/python3.12/site-packages/airflow/example_dags/example_branch_python_dop_operator_3.py for tasks to queue
[2025-01-19T23:39:21.858+0000] {logging_mixin.py:190} INFO - [2025-01-19T23:39:21.858+0000] {dagbag.py:588} INFO - Filling up the DagBag from /home/airflow/.local/lib/python3.12/site-packages/airflow/example_dags/example_branch_python_dop_operator_3.py
[2025-01-19T23:39:21.866+0000] {processor.py:925} INFO - DAG(s) 'example_branch_dop_operator_v3' retrieved from /home/airflow/.local/lib/python3.12/site-packages/airflow/example_dags/example_branch_python_dop_operator_3.py
[2025-01-19T23:39:21.884+0000] {logging_mixin.py:190} INFO - [2025-01-19T23:39:21.884+0000] {dag.py:3239} INFO - Sync 1 DAGs
[2025-01-19T23:39:21.916+0000] {logging_mixin.py:190} INFO - [2025-01-19T23:39:21.916+0000] {dag.py:4180} INFO - Setting next_dagrun for example_branch_dop_operator_v3 to 2025-01-19 23:38:00+00:00, run_after=2025-01-19 23:39:00+00:00
[2025-01-19T23:39:21.942+0000] {processor.py:208} INFO - Processing /home/airflow/.local/lib/python3.12/site-packages/airflow/example_dags/example_branch_python_dop_operator_3.py took 0.093 seconds
[2025-01-19T23:39:53.732+0000] {processor.py:186} INFO - Started process (PID=205) to work on /home/airflow/.local/lib/python3.12/site-packages/airflow/example_dags/example_branch_python_dop_operator_3.py
[2025-01-19T23:39:53.773+0000] {processor.py:914} INFO - Processing file /home/airflow/.local/lib/python3.12/site-packages/airflow/example_dags/example_branch_python_dop_operator_3.py for tasks to queue
[2025-01-19T23:39:53.776+0000] {logging_mixin.py:190} INFO - [2025-01-19T23:39:53.775+0000] {dagbag.py:588} INFO - Filling up the DagBag from /home/airflow/.local/lib/python3.12/site-packages/airflow/example_dags/example_branch_python_dop_operator_3.py
[2025-01-19T23:39:53.824+0000] {processor.py:925} INFO - DAG(s) 'example_branch_dop_operator_v3' retrieved from /home/airflow/.local/lib/python3.12/site-packages/airflow/example_dags/example_branch_python_dop_operator_3.py
[2025-01-19T23:39:53.840+0000] {logging_mixin.py:190} INFO - [2025-01-19T23:39:53.839+0000] {dag.py:3239} INFO - Sync 1 DAGs
[2025-01-19T23:39:53.988+0000] {logging_mixin.py:190} INFO - [2025-01-19T23:39:53.988+0000] {dag.py:4180} INFO - Setting next_dagrun for example_branch_dop_operator_v3 to 2025-01-19 23:38:00+00:00, run_after=2025-01-19 23:39:00+00:00
[2025-01-19T23:39:54.116+0000] {processor.py:208} INFO - Processing /home/airflow/.local/lib/python3.12/site-packages/airflow/example_dags/example_branch_python_dop_operator_3.py took 0.388 seconds
[2025-01-19T23:40:24.928+0000] {processor.py:186} INFO - Started process (PID=268) to work on /home/airflow/.local/lib/python3.12/site-packages/airflow/example_dags/example_branch_python_dop_operator_3.py
[2025-01-19T23:40:24.930+0000] {processor.py:914} INFO - Processing file /home/airflow/.local/lib/python3.12/site-packages/airflow/example_dags/example_branch_python_dop_operator_3.py for tasks to queue
[2025-01-19T23:40:24.932+0000] {logging_mixin.py:190} INFO - [2025-01-19T23:40:24.932+0000] {dagbag.py:588} INFO - Filling up the DagBag from /home/airflow/.local/lib/python3.12/site-packages/airflow/example_dags/example_branch_python_dop_operator_3.py
[2025-01-19T23:40:24.942+0000] {processor.py:925} INFO - DAG(s) 'example_branch_dop_operator_v3' retrieved from /home/airflow/.local/lib/python3.12/site-packages/airflow/example_dags/example_branch_python_dop_operator_3.py
[2025-01-19T23:40:24.959+0000] {logging_mixin.py:190} INFO - [2025-01-19T23:40:24.959+0000] {dag.py:3239} INFO - Sync 1 DAGs
[2025-01-19T23:40:24.983+0000] {logging_mixin.py:190} INFO - [2025-01-19T23:40:24.982+0000] {dag.py:4180} INFO - Setting next_dagrun for example_branch_dop_operator_v3 to 2025-01-19 23:39:00+00:00, run_after=2025-01-19 23:40:00+00:00
[2025-01-19T23:40:24.999+0000] {processor.py:208} INFO - Processing /home/airflow/.local/lib/python3.12/site-packages/airflow/example_dags/example_branch_python_dop_operator_3.py took 0.075 seconds
[2025-01-19T23:40:55.335+0000] {processor.py:186} INFO - Started process (PID=331) to work on /home/airflow/.local/lib/python3.12/site-packages/airflow/example_dags/example_branch_python_dop_operator_3.py
[2025-01-19T23:40:55.337+0000] {processor.py:914} INFO - Processing file /home/airflow/.local/lib/python3.12/site-packages/airflow/example_dags/example_branch_python_dop_operator_3.py for tasks to queue
[2025-01-19T23:40:55.339+0000] {logging_mixin.py:190} INFO - [2025-01-19T23:40:55.339+0000] {dagbag.py:588} INFO - Filling up the DagBag from /home/airflow/.local/lib/python3.12/site-packages/airflow/example_dags/example_branch_python_dop_operator_3.py
[2025-01-19T23:40:55.350+0000] {processor.py:925} INFO - DAG(s) 'example_branch_dop_operator_v3' retrieved from /home/airflow/.local/lib/python3.12/site-packages/airflow/example_dags/example_branch_python_dop_operator_3.py
[2025-01-19T23:40:55.370+0000] {logging_mixin.py:190} INFO - [2025-01-19T23:40:55.370+0000] {dag.py:3239} INFO - Sync 1 DAGs
[2025-01-19T23:40:55.394+0000] {logging_mixin.py:190} INFO - [2025-01-19T23:40:55.394+0000] {dag.py:4180} INFO - Setting next_dagrun for example_branch_dop_operator_v3 to 2025-01-19 23:39:00+00:00, run_after=2025-01-19 23:40:00+00:00
[2025-01-19T23:40:55.411+0000] {processor.py:208} INFO - Processing /home/airflow/.local/lib/python3.12/site-packages/airflow/example_dags/example_branch_python_dop_operator_3.py took 0.086 seconds
[2025-01-19T23:41:25.835+0000] {processor.py:186} INFO - Started process (PID=394) to work on /home/airflow/.local/lib/python3.12/site-packages/airflow/example_dags/example_branch_python_dop_operator_3.py
[2025-01-19T23:41:25.837+0000] {processor.py:914} INFO - Processing file /home/airflow/.local/lib/python3.12/site-packages/airflow/example_dags/example_branch_python_dop_operator_3.py for tasks to queue
[2025-01-19T23:41:25.840+0000] {logging_mixin.py:190} INFO - [2025-01-19T23:41:25.839+0000] {dagbag.py:588} INFO - Filling up the DagBag from /home/airflow/.local/lib/python3.12/site-packages/airflow/example_dags/example_branch_python_dop_operator_3.py
[2025-01-19T23:41:25.849+0000] {processor.py:925} INFO - DAG(s) 'example_branch_dop_operator_v3' retrieved from /home/airflow/.local/lib/python3.12/site-packages/airflow/example_dags/example_branch_python_dop_operator_3.py
[2025-01-19T23:41:25.866+0000] {logging_mixin.py:190} INFO - [2025-01-19T23:41:25.865+0000] {dag.py:3239} INFO - Sync 1 DAGs
[2025-01-19T23:41:25.892+0000] {logging_mixin.py:190} INFO - [2025-01-19T23:41:25.891+0000] {dag.py:4180} INFO - Setting next_dagrun for example_branch_dop_operator_v3 to 2025-01-19 23:40:00+00:00, run_after=2025-01-19 23:41:00+00:00
[2025-01-19T23:41:25.908+0000] {processor.py:208} INFO - Processing /home/airflow/.local/lib/python3.12/site-packages/airflow/example_dags/example_branch_python_dop_operator_3.py took 0.078 seconds
[2025-01-19T23:41:56.591+0000] {processor.py:186} INFO - Started process (PID=457) to work on /home/airflow/.local/lib/python3.12/site-packages/airflow/example_dags/example_branch_python_dop_operator_3.py
[2025-01-19T23:41:56.593+0000] {processor.py:914} INFO - Processing file /home/airflow/.local/lib/python3.12/site-packages/airflow/example_dags/example_branch_python_dop_operator_3.py for tasks to queue
[2025-01-19T23:41:56.595+0000] {logging_mixin.py:190} INFO - [2025-01-19T23:41:56.595+0000] {dagbag.py:588} INFO - Filling up the DagBag from /home/airflow/.local/lib/python3.12/site-packages/airflow/example_dags/example_branch_python_dop_operator_3.py
[2025-01-19T23:41:56.604+0000] {processor.py:925} INFO - DAG(s) 'example_branch_dop_operator_v3' retrieved from /home/airflow/.local/lib/python3.12/site-packages/airflow/example_dags/example_branch_python_dop_operator_3.py
[2025-01-19T23:41:56.620+0000] {logging_mixin.py:190} INFO - [2025-01-19T23:41:56.620+0000] {dag.py:3239} INFO - Sync 1 DAGs
[2025-01-19T23:41:56.647+0000] {logging_mixin.py:190} INFO - [2025-01-19T23:41:56.646+0000] {dag.py:4180} INFO - Setting next_dagrun for example_branch_dop_operator_v3 to 2025-01-19 23:40:00+00:00, run_after=2025-01-19 23:41:00+00:00
[2025-01-19T23:41:56.662+0000] {processor.py:208} INFO - Processing /home/airflow/.local/lib/python3.12/site-packages/airflow/example_dags/example_branch_python_dop_operator_3.py took 0.076 seconds
[2025-01-19T23:44:17.700+0000] {processor.py:186} INFO - Started process (PID=86) to work on /home/airflow/.local/lib/python3.12/site-packages/airflow/example_dags/example_branch_python_dop_operator_3.py
[2025-01-19T23:44:17.705+0000] {processor.py:914} INFO - Processing file /home/airflow/.local/lib/python3.12/site-packages/airflow/example_dags/example_branch_python_dop_operator_3.py for tasks to queue
[2025-01-19T23:44:17.713+0000] {logging_mixin.py:190} INFO - [2025-01-19T23:44:17.711+0000] {dagbag.py:588} INFO - Filling up the DagBag from /home/airflow/.local/lib/python3.12/site-packages/airflow/example_dags/example_branch_python_dop_operator_3.py
[2025-01-19T23:44:17.770+0000] {processor.py:925} INFO - DAG(s) 'example_branch_dop_operator_v3' retrieved from /home/airflow/.local/lib/python3.12/site-packages/airflow/example_dags/example_branch_python_dop_operator_3.py
[2025-01-19T23:44:18.090+0000] {logging_mixin.py:190} INFO - [2025-01-19T23:44:18.089+0000] {dag.py:3239} INFO - Sync 1 DAGs
[2025-01-19T23:44:18.446+0000] {logging_mixin.py:190} INFO - [2025-01-19T23:44:18.445+0000] {dag.py:4180} INFO - Setting next_dagrun for example_branch_dop_operator_v3 to 2025-01-19 23:43:00+00:00, run_after=2025-01-19 23:44:00+00:00
[2025-01-19T23:44:18.552+0000] {processor.py:208} INFO - Processing /home/airflow/.local/lib/python3.12/site-packages/airflow/example_dags/example_branch_python_dop_operator_3.py took 0.870 seconds
[2025-01-19T23:46:58.759+0000] {processor.py:186} INFO - Started process (PID=79) to work on /home/airflow/.local/lib/python3.12/site-packages/airflow/example_dags/example_branch_python_dop_operator_3.py
[2025-01-19T23:46:58.760+0000] {processor.py:914} INFO - Processing file /home/airflow/.local/lib/python3.12/site-packages/airflow/example_dags/example_branch_python_dop_operator_3.py for tasks to queue
[2025-01-19T23:46:58.763+0000] {logging_mixin.py:190} INFO - [2025-01-19T23:46:58.762+0000] {dagbag.py:588} INFO - Filling up the DagBag from /home/airflow/.local/lib/python3.12/site-packages/airflow/example_dags/example_branch_python_dop_operator_3.py
[2025-01-19T23:46:58.785+0000] {processor.py:925} INFO - DAG(s) 'example_branch_dop_operator_v3' retrieved from /home/airflow/.local/lib/python3.12/site-packages/airflow/example_dags/example_branch_python_dop_operator_3.py
[2025-01-19T23:46:59.218+0000] {logging_mixin.py:190} INFO - [2025-01-19T23:46:59.217+0000] {dag.py:3239} INFO - Sync 1 DAGs
[2025-01-19T23:46:59.274+0000] {logging_mixin.py:190} INFO - [2025-01-19T23:46:59.274+0000] {dag.py:4180} INFO - Setting next_dagrun for example_branch_dop_operator_v3 to 2025-01-19 23:45:00+00:00, run_after=2025-01-19 23:46:00+00:00
[2025-01-19T23:46:59.357+0000] {processor.py:208} INFO - Processing /home/airflow/.local/lib/python3.12/site-packages/airflow/example_dags/example_branch_python_dop_operator_3.py took 0.605 seconds
[2025-01-19T23:47:29.548+0000] {processor.py:186} INFO - Started process (PID=142) to work on /home/airflow/.local/lib/python3.12/site-packages/airflow/example_dags/example_branch_python_dop_operator_3.py
[2025-01-19T23:47:29.549+0000] {processor.py:914} INFO - Processing file /home/airflow/.local/lib/python3.12/site-packages/airflow/example_dags/example_branch_python_dop_operator_3.py for tasks to queue
[2025-01-19T23:47:29.550+0000] {logging_mixin.py:190} INFO - [2025-01-19T23:47:29.550+0000] {dagbag.py:588} INFO - Filling up the DagBag from /home/airflow/.local/lib/python3.12/site-packages/airflow/example_dags/example_branch_python_dop_operator_3.py
[2025-01-19T23:47:29.559+0000] {processor.py:925} INFO - DAG(s) 'example_branch_dop_operator_v3' retrieved from /home/airflow/.local/lib/python3.12/site-packages/airflow/example_dags/example_branch_python_dop_operator_3.py
[2025-01-19T23:47:29.573+0000] {logging_mixin.py:190} INFO - [2025-01-19T23:47:29.572+0000] {dag.py:3239} INFO - Sync 1 DAGs
[2025-01-19T23:47:29.594+0000] {logging_mixin.py:190} INFO - [2025-01-19T23:47:29.593+0000] {dag.py:4180} INFO - Setting next_dagrun for example_branch_dop_operator_v3 to 2025-01-19 23:46:00+00:00, run_after=2025-01-19 23:47:00+00:00
[2025-01-19T23:47:29.606+0000] {processor.py:208} INFO - Processing /home/airflow/.local/lib/python3.12/site-packages/airflow/example_dags/example_branch_python_dop_operator_3.py took 0.063 seconds
[2025-01-19T23:50:03.917+0000] {processor.py:186} INFO - Started process (PID=189) to work on /home/airflow/.local/lib/python3.12/site-packages/airflow/example_dags/example_branch_python_dop_operator_3.py
[2025-01-19T23:50:03.920+0000] {processor.py:914} INFO - Processing file /home/airflow/.local/lib/python3.12/site-packages/airflow/example_dags/example_branch_python_dop_operator_3.py for tasks to queue
[2025-01-19T23:50:03.925+0000] {logging_mixin.py:190} INFO - [2025-01-19T23:50:03.924+0000] {dagbag.py:588} INFO - Filling up the DagBag from /home/airflow/.local/lib/python3.12/site-packages/airflow/example_dags/example_branch_python_dop_operator_3.py
[2025-01-19T23:50:03.943+0000] {processor.py:925} INFO - DAG(s) 'example_branch_dop_operator_v3' retrieved from /home/airflow/.local/lib/python3.12/site-packages/airflow/example_dags/example_branch_python_dop_operator_3.py
[2025-01-19T23:50:03.976+0000] {logging_mixin.py:190} INFO - [2025-01-19T23:50:03.975+0000] {dag.py:3239} INFO - Sync 1 DAGs
[2025-01-19T23:50:04.018+0000] {logging_mixin.py:190} INFO - [2025-01-19T23:50:04.018+0000] {dag.py:4180} INFO - Setting next_dagrun for example_branch_dop_operator_v3 to 2025-01-19 23:49:00+00:00, run_after=2025-01-19 23:50:00+00:00
[2025-01-19T23:50:04.047+0000] {processor.py:208} INFO - Processing /home/airflow/.local/lib/python3.12/site-packages/airflow/example_dags/example_branch_python_dop_operator_3.py took 0.137 seconds
[2025-01-19T23:50:34.288+0000] {processor.py:186} INFO - Started process (PID=253) to work on /home/airflow/.local/lib/python3.12/site-packages/airflow/example_dags/example_branch_python_dop_operator_3.py
[2025-01-19T23:50:34.289+0000] {processor.py:914} INFO - Processing file /home/airflow/.local/lib/python3.12/site-packages/airflow/example_dags/example_branch_python_dop_operator_3.py for tasks to queue
[2025-01-19T23:50:34.292+0000] {logging_mixin.py:190} INFO - [2025-01-19T23:50:34.292+0000] {dagbag.py:588} INFO - Filling up the DagBag from /home/airflow/.local/lib/python3.12/site-packages/airflow/example_dags/example_branch_python_dop_operator_3.py
[2025-01-19T23:50:34.303+0000] {processor.py:925} INFO - DAG(s) 'example_branch_dop_operator_v3' retrieved from /home/airflow/.local/lib/python3.12/site-packages/airflow/example_dags/example_branch_python_dop_operator_3.py
[2025-01-19T23:50:34.325+0000] {logging_mixin.py:190} INFO - [2025-01-19T23:50:34.325+0000] {dag.py:3239} INFO - Sync 1 DAGs
[2025-01-19T23:50:34.358+0000] {logging_mixin.py:190} INFO - [2025-01-19T23:50:34.357+0000] {dag.py:4180} INFO - Setting next_dagrun for example_branch_dop_operator_v3 to 2025-01-19 23:49:00+00:00, run_after=2025-01-19 23:50:00+00:00
[2025-01-19T23:50:34.379+0000] {processor.py:208} INFO - Processing /home/airflow/.local/lib/python3.12/site-packages/airflow/example_dags/example_branch_python_dop_operator_3.py took 0.097 seconds
[2025-01-19T23:51:04.544+0000] {processor.py:186} INFO - Started process (PID=316) to work on /home/airflow/.local/lib/python3.12/site-packages/airflow/example_dags/example_branch_python_dop_operator_3.py
[2025-01-19T23:51:04.545+0000] {processor.py:914} INFO - Processing file /home/airflow/.local/lib/python3.12/site-packages/airflow/example_dags/example_branch_python_dop_operator_3.py for tasks to queue
[2025-01-19T23:51:04.549+0000] {logging_mixin.py:190} INFO - [2025-01-19T23:51:04.548+0000] {dagbag.py:588} INFO - Filling up the DagBag from /home/airflow/.local/lib/python3.12/site-packages/airflow/example_dags/example_branch_python_dop_operator_3.py
[2025-01-19T23:51:04.562+0000] {processor.py:925} INFO - DAG(s) 'example_branch_dop_operator_v3' retrieved from /home/airflow/.local/lib/python3.12/site-packages/airflow/example_dags/example_branch_python_dop_operator_3.py
[2025-01-19T23:51:04.601+0000] {logging_mixin.py:190} INFO - [2025-01-19T23:51:04.601+0000] {dag.py:3239} INFO - Sync 1 DAGs
[2025-01-19T23:51:04.655+0000] {logging_mixin.py:190} INFO - [2025-01-19T23:51:04.655+0000] {dag.py:4180} INFO - Setting next_dagrun for example_branch_dop_operator_v3 to 2025-01-19 23:50:00+00:00, run_after=2025-01-19 23:51:00+00:00
[2025-01-19T23:51:04.707+0000] {processor.py:208} INFO - Processing /home/airflow/.local/lib/python3.12/site-packages/airflow/example_dags/example_branch_python_dop_operator_3.py took 0.173 seconds
[2025-01-19T23:51:35.105+0000] {processor.py:186} INFO - Started process (PID=378) to work on /home/airflow/.local/lib/python3.12/site-packages/airflow/example_dags/example_branch_python_dop_operator_3.py
[2025-01-19T23:51:35.108+0000] {processor.py:914} INFO - Processing file /home/airflow/.local/lib/python3.12/site-packages/airflow/example_dags/example_branch_python_dop_operator_3.py for tasks to queue
[2025-01-19T23:51:35.111+0000] {logging_mixin.py:190} INFO - [2025-01-19T23:51:35.110+0000] {dagbag.py:588} INFO - Filling up the DagBag from /home/airflow/.local/lib/python3.12/site-packages/airflow/example_dags/example_branch_python_dop_operator_3.py
[2025-01-19T23:51:35.132+0000] {processor.py:925} INFO - DAG(s) 'example_branch_dop_operator_v3' retrieved from /home/airflow/.local/lib/python3.12/site-packages/airflow/example_dags/example_branch_python_dop_operator_3.py
[2025-01-19T23:51:35.169+0000] {logging_mixin.py:190} INFO - [2025-01-19T23:51:35.168+0000] {dag.py:3239} INFO - Sync 1 DAGs
[2025-01-19T23:51:35.218+0000] {logging_mixin.py:190} INFO - [2025-01-19T23:51:35.217+0000] {dag.py:4180} INFO - Setting next_dagrun for example_branch_dop_operator_v3 to 2025-01-19 23:50:00+00:00, run_after=2025-01-19 23:51:00+00:00
[2025-01-19T23:51:35.246+0000] {processor.py:208} INFO - Processing /home/airflow/.local/lib/python3.12/site-packages/airflow/example_dags/example_branch_python_dop_operator_3.py took 0.152 seconds
[2025-01-19T23:54:08.721+0000] {processor.py:186} INFO - Started process (PID=418) to work on /home/airflow/.local/lib/python3.12/site-packages/airflow/example_dags/example_branch_python_dop_operator_3.py
[2025-01-19T23:54:08.724+0000] {processor.py:914} INFO - Processing file /home/airflow/.local/lib/python3.12/site-packages/airflow/example_dags/example_branch_python_dop_operator_3.py for tasks to queue
[2025-01-19T23:54:08.727+0000] {logging_mixin.py:190} INFO - [2025-01-19T23:54:08.726+0000] {dagbag.py:588} INFO - Filling up the DagBag from /home/airflow/.local/lib/python3.12/site-packages/airflow/example_dags/example_branch_python_dop_operator_3.py
[2025-01-19T23:54:08.768+0000] {processor.py:925} INFO - DAG(s) 'example_branch_dop_operator_v3' retrieved from /home/airflow/.local/lib/python3.12/site-packages/airflow/example_dags/example_branch_python_dop_operator_3.py
[2025-01-19T23:54:09.182+0000] {logging_mixin.py:190} INFO - [2025-01-19T23:54:09.170+0000] {dag.py:3239} INFO - Sync 1 DAGs
[2025-01-19T23:54:09.483+0000] {logging_mixin.py:190} INFO - [2025-01-19T23:54:09.480+0000] {dag.py:4180} INFO - Setting next_dagrun for example_branch_dop_operator_v3 to 2025-01-19 23:53:00+00:00, run_after=2025-01-19 23:54:00+00:00
[2025-01-19T23:54:09.605+0000] {processor.py:208} INFO - Processing /home/airflow/.local/lib/python3.12/site-packages/airflow/example_dags/example_branch_python_dop_operator_3.py took 0.904 seconds
[2025-01-19T23:57:20.417+0000] {processor.py:186} INFO - Started process (PID=472) to work on /home/airflow/.local/lib/python3.12/site-packages/airflow/example_dags/example_branch_python_dop_operator_3.py
[2025-01-19T23:57:20.425+0000] {processor.py:914} INFO - Processing file /home/airflow/.local/lib/python3.12/site-packages/airflow/example_dags/example_branch_python_dop_operator_3.py for tasks to queue
[2025-01-19T23:57:20.428+0000] {logging_mixin.py:190} INFO - [2025-01-19T23:57:20.427+0000] {dagbag.py:588} INFO - Filling up the DagBag from /home/airflow/.local/lib/python3.12/site-packages/airflow/example_dags/example_branch_python_dop_operator_3.py
[2025-01-19T23:57:20.459+0000] {processor.py:925} INFO - DAG(s) 'example_branch_dop_operator_v3' retrieved from /home/airflow/.local/lib/python3.12/site-packages/airflow/example_dags/example_branch_python_dop_operator_3.py
[2025-01-19T23:57:20.528+0000] {logging_mixin.py:190} INFO - [2025-01-19T23:57:20.528+0000] {dag.py:3239} INFO - Sync 1 DAGs
[2025-01-19T23:57:20.628+0000] {logging_mixin.py:190} INFO - [2025-01-19T23:57:20.627+0000] {dag.py:4180} INFO - Setting next_dagrun for example_branch_dop_operator_v3 to 2025-01-19 23:56:00+00:00, run_after=2025-01-19 23:57:00+00:00
[2025-01-19T23:57:20.692+0000] {processor.py:208} INFO - Processing /home/airflow/.local/lib/python3.12/site-packages/airflow/example_dags/example_branch_python_dop_operator_3.py took 0.296 seconds
[2025-01-19T23:57:50.849+0000] {processor.py:186} INFO - Started process (PID=533) to work on /home/airflow/.local/lib/python3.12/site-packages/airflow/example_dags/example_branch_python_dop_operator_3.py
[2025-01-19T23:57:50.850+0000] {processor.py:914} INFO - Processing file /home/airflow/.local/lib/python3.12/site-packages/airflow/example_dags/example_branch_python_dop_operator_3.py for tasks to queue
[2025-01-19T23:57:50.850+0000] {logging_mixin.py:190} INFO - [2025-01-19T23:57:50.850+0000] {dagbag.py:588} INFO - Filling up the DagBag from /home/airflow/.local/lib/python3.12/site-packages/airflow/example_dags/example_branch_python_dop_operator_3.py
[2025-01-19T23:57:50.860+0000] {processor.py:925} INFO - DAG(s) 'example_branch_dop_operator_v3' retrieved from /home/airflow/.local/lib/python3.12/site-packages/airflow/example_dags/example_branch_python_dop_operator_3.py
[2025-01-19T23:57:50.876+0000] {logging_mixin.py:190} INFO - [2025-01-19T23:57:50.876+0000] {dag.py:3239} INFO - Sync 1 DAGs
[2025-01-19T23:57:50.895+0000] {logging_mixin.py:190} INFO - [2025-01-19T23:57:50.895+0000] {dag.py:4180} INFO - Setting next_dagrun for example_branch_dop_operator_v3 to 2025-01-19 23:56:00+00:00, run_after=2025-01-19 23:57:00+00:00
[2025-01-19T23:57:50.909+0000] {processor.py:208} INFO - Processing /home/airflow/.local/lib/python3.12/site-packages/airflow/example_dags/example_branch_python_dop_operator_3.py took 0.065 seconds
[2025-01-19T23:58:21.430+0000] {processor.py:186} INFO - Started process (PID=596) to work on /home/airflow/.local/lib/python3.12/site-packages/airflow/example_dags/example_branch_python_dop_operator_3.py
[2025-01-19T23:58:21.441+0000] {processor.py:914} INFO - Processing file /home/airflow/.local/lib/python3.12/site-packages/airflow/example_dags/example_branch_python_dop_operator_3.py for tasks to queue
[2025-01-19T23:58:21.442+0000] {logging_mixin.py:190} INFO - [2025-01-19T23:58:21.442+0000] {dagbag.py:588} INFO - Filling up the DagBag from /home/airflow/.local/lib/python3.12/site-packages/airflow/example_dags/example_branch_python_dop_operator_3.py
[2025-01-19T23:58:21.451+0000] {processor.py:925} INFO - DAG(s) 'example_branch_dop_operator_v3' retrieved from /home/airflow/.local/lib/python3.12/site-packages/airflow/example_dags/example_branch_python_dop_operator_3.py
[2025-01-19T23:58:21.480+0000] {logging_mixin.py:190} INFO - [2025-01-19T23:58:21.480+0000] {dag.py:3239} INFO - Sync 1 DAGs
[2025-01-19T23:58:21.506+0000] {logging_mixin.py:190} INFO - [2025-01-19T23:58:21.506+0000] {dag.py:4180} INFO - Setting next_dagrun for example_branch_dop_operator_v3 to 2025-01-19 23:57:00+00:00, run_after=2025-01-19 23:58:00+00:00
[2025-01-19T23:58:21.520+0000] {processor.py:208} INFO - Processing /home/airflow/.local/lib/python3.12/site-packages/airflow/example_dags/example_branch_python_dop_operator_3.py took 0.095 seconds
[2025-01-19T23:58:52.381+0000] {processor.py:186} INFO - Started process (PID=659) to work on /home/airflow/.local/lib/python3.12/site-packages/airflow/example_dags/example_branch_python_dop_operator_3.py
[2025-01-19T23:58:52.382+0000] {processor.py:914} INFO - Processing file /home/airflow/.local/lib/python3.12/site-packages/airflow/example_dags/example_branch_python_dop_operator_3.py for tasks to queue
[2025-01-19T23:58:52.382+0000] {logging_mixin.py:190} INFO - [2025-01-19T23:58:52.382+0000] {dagbag.py:588} INFO - Filling up the DagBag from /home/airflow/.local/lib/python3.12/site-packages/airflow/example_dags/example_branch_python_dop_operator_3.py
[2025-01-19T23:58:52.390+0000] {processor.py:925} INFO - DAG(s) 'example_branch_dop_operator_v3' retrieved from /home/airflow/.local/lib/python3.12/site-packages/airflow/example_dags/example_branch_python_dop_operator_3.py
[2025-01-19T23:58:52.405+0000] {logging_mixin.py:190} INFO - [2025-01-19T23:58:52.405+0000] {dag.py:3239} INFO - Sync 1 DAGs
[2025-01-19T23:58:52.423+0000] {logging_mixin.py:190} INFO - [2025-01-19T23:58:52.422+0000] {dag.py:4180} INFO - Setting next_dagrun for example_branch_dop_operator_v3 to 2025-01-19 23:57:00+00:00, run_after=2025-01-19 23:58:00+00:00
[2025-01-19T23:58:52.436+0000] {processor.py:208} INFO - Processing /home/airflow/.local/lib/python3.12/site-packages/airflow/example_dags/example_branch_python_dop_operator_3.py took 0.060 seconds
[2025-01-19T23:59:23.223+0000] {processor.py:186} INFO - Started process (PID=722) to work on /home/airflow/.local/lib/python3.12/site-packages/airflow/example_dags/example_branch_python_dop_operator_3.py
[2025-01-19T23:59:23.225+0000] {processor.py:914} INFO - Processing file /home/airflow/.local/lib/python3.12/site-packages/airflow/example_dags/example_branch_python_dop_operator_3.py for tasks to queue
[2025-01-19T23:59:23.226+0000] {logging_mixin.py:190} INFO - [2025-01-19T23:59:23.226+0000] {dagbag.py:588} INFO - Filling up the DagBag from /home/airflow/.local/lib/python3.12/site-packages/airflow/example_dags/example_branch_python_dop_operator_3.py
[2025-01-19T23:59:23.239+0000] {processor.py:925} INFO - DAG(s) 'example_branch_dop_operator_v3' retrieved from /home/airflow/.local/lib/python3.12/site-packages/airflow/example_dags/example_branch_python_dop_operator_3.py
[2025-01-19T23:59:23.261+0000] {logging_mixin.py:190} INFO - [2025-01-19T23:59:23.260+0000] {dag.py:3239} INFO - Sync 1 DAGs
[2025-01-19T23:59:23.289+0000] {logging_mixin.py:190} INFO - [2025-01-19T23:59:23.289+0000] {dag.py:4180} INFO - Setting next_dagrun for example_branch_dop_operator_v3 to 2025-01-19 23:58:00+00:00, run_after=2025-01-19 23:59:00+00:00
[2025-01-19T23:59:23.308+0000] {processor.py:208} INFO - Processing /home/airflow/.local/lib/python3.12/site-packages/airflow/example_dags/example_branch_python_dop_operator_3.py took 0.092 seconds
[2025-01-19T23:59:54.154+0000] {processor.py:186} INFO - Started process (PID=778) to work on /home/airflow/.local/lib/python3.12/site-packages/airflow/example_dags/example_branch_python_dop_operator_3.py
[2025-01-19T23:59:54.156+0000] {processor.py:914} INFO - Processing file /home/airflow/.local/lib/python3.12/site-packages/airflow/example_dags/example_branch_python_dop_operator_3.py for tasks to queue
[2025-01-19T23:59:54.157+0000] {logging_mixin.py:190} INFO - [2025-01-19T23:59:54.157+0000] {dagbag.py:588} INFO - Filling up the DagBag from /home/airflow/.local/lib/python3.12/site-packages/airflow/example_dags/example_branch_python_dop_operator_3.py
[2025-01-19T23:59:54.166+0000] {processor.py:925} INFO - DAG(s) 'example_branch_dop_operator_v3' retrieved from /home/airflow/.local/lib/python3.12/site-packages/airflow/example_dags/example_branch_python_dop_operator_3.py
[2025-01-19T23:59:54.184+0000] {logging_mixin.py:190} INFO - [2025-01-19T23:59:54.184+0000] {dag.py:3239} INFO - Sync 1 DAGs
[2025-01-19T23:59:54.211+0000] {logging_mixin.py:190} INFO - [2025-01-19T23:59:54.210+0000] {dag.py:4180} INFO - Setting next_dagrun for example_branch_dop_operator_v3 to 2025-01-19 23:58:00+00:00, run_after=2025-01-19 23:59:00+00:00
[2025-01-19T23:59:54.225+0000] {processor.py:208} INFO - Processing /home/airflow/.local/lib/python3.12/site-packages/airflow/example_dags/example_branch_python_dop_operator_3.py took 0.076 seconds
