[2025-01-19T23:39:10.679+0000] {processor.py:186} INFO - Started process (PID=112) to work on /home/airflow/.local/lib/python3.12/site-packages/airflow/example_dags/example_latest_only_with_trigger.py
[2025-01-19T23:39:10.680+0000] {processor.py:914} INFO - Processing file /home/airflow/.local/lib/python3.12/site-packages/airflow/example_dags/example_latest_only_with_trigger.py for tasks to queue
[2025-01-19T23:39:10.683+0000] {logging_mixin.py:190} INFO - [2025-01-19T23:39:10.683+0000] {dagbag.py:588} INFO - Filling up the DagBag from /home/airflow/.local/lib/python3.12/site-packages/airflow/example_dags/example_latest_only_with_trigger.py
[2025-01-19T23:39:10.696+0000] {processor.py:925} INFO - DAG(s) 'latest_only_with_trigger' retrieved from /home/airflow/.local/lib/python3.12/site-packages/airflow/example_dags/example_latest_only_with_trigger.py
[2025-01-19T23:39:10.726+0000] {logging_mixin.py:190} INFO - [2025-01-19T23:39:10.725+0000] {dag.py:3239} INFO - Sync 1 DAGs
[2025-01-19T23:39:10.754+0000] {logging_mixin.py:190} INFO - [2025-01-19T23:39:10.754+0000] {dag.py:4180} INFO - Setting next_dagrun for latest_only_with_trigger to 2025-01-19 16:00:00+00:00, run_after=2025-01-19 20:00:00+00:00
[2025-01-19T23:39:10.783+0000] {processor.py:208} INFO - Processing /home/airflow/.local/lib/python3.12/site-packages/airflow/example_dags/example_latest_only_with_trigger.py took 0.110 seconds
[2025-01-19T23:39:41.198+0000] {processor.py:186} INFO - Started process (PID=174) to work on /home/airflow/.local/lib/python3.12/site-packages/airflow/example_dags/example_latest_only_with_trigger.py
[2025-01-19T23:39:41.199+0000] {processor.py:914} INFO - Processing file /home/airflow/.local/lib/python3.12/site-packages/airflow/example_dags/example_latest_only_with_trigger.py for tasks to queue
[2025-01-19T23:39:41.201+0000] {logging_mixin.py:190} INFO - [2025-01-19T23:39:41.200+0000] {dagbag.py:588} INFO - Filling up the DagBag from /home/airflow/.local/lib/python3.12/site-packages/airflow/example_dags/example_latest_only_with_trigger.py
[2025-01-19T23:39:41.207+0000] {processor.py:925} INFO - DAG(s) 'latest_only_with_trigger' retrieved from /home/airflow/.local/lib/python3.12/site-packages/airflow/example_dags/example_latest_only_with_trigger.py
[2025-01-19T23:39:41.222+0000] {logging_mixin.py:190} INFO - [2025-01-19T23:39:41.222+0000] {dag.py:3239} INFO - Sync 1 DAGs
[2025-01-19T23:39:41.238+0000] {logging_mixin.py:190} INFO - [2025-01-19T23:39:41.237+0000] {dag.py:4180} INFO - Setting next_dagrun for latest_only_with_trigger to 2025-01-19 16:00:00+00:00, run_after=2025-01-19 20:00:00+00:00
[2025-01-19T23:39:41.249+0000] {processor.py:208} INFO - Processing /home/airflow/.local/lib/python3.12/site-packages/airflow/example_dags/example_latest_only_with_trigger.py took 0.056 seconds
[2025-01-19T23:40:11.931+0000] {processor.py:186} INFO - Started process (PID=237) to work on /home/airflow/.local/lib/python3.12/site-packages/airflow/example_dags/example_latest_only_with_trigger.py
[2025-01-19T23:40:11.932+0000] {processor.py:914} INFO - Processing file /home/airflow/.local/lib/python3.12/site-packages/airflow/example_dags/example_latest_only_with_trigger.py for tasks to queue
[2025-01-19T23:40:11.934+0000] {logging_mixin.py:190} INFO - [2025-01-19T23:40:11.934+0000] {dagbag.py:588} INFO - Filling up the DagBag from /home/airflow/.local/lib/python3.12/site-packages/airflow/example_dags/example_latest_only_with_trigger.py
[2025-01-19T23:40:11.940+0000] {processor.py:925} INFO - DAG(s) 'latest_only_with_trigger' retrieved from /home/airflow/.local/lib/python3.12/site-packages/airflow/example_dags/example_latest_only_with_trigger.py
[2025-01-19T23:40:11.956+0000] {logging_mixin.py:190} INFO - [2025-01-19T23:40:11.956+0000] {dag.py:3239} INFO - Sync 1 DAGs
[2025-01-19T23:40:11.973+0000] {logging_mixin.py:190} INFO - [2025-01-19T23:40:11.973+0000] {dag.py:4180} INFO - Setting next_dagrun for latest_only_with_trigger to 2025-01-19 16:00:00+00:00, run_after=2025-01-19 20:00:00+00:00
[2025-01-19T23:40:11.986+0000] {processor.py:208} INFO - Processing /home/airflow/.local/lib/python3.12/site-packages/airflow/example_dags/example_latest_only_with_trigger.py took 0.059 seconds
[2025-01-19T23:40:43.713+0000] {processor.py:186} INFO - Started process (PID=300) to work on /home/airflow/.local/lib/python3.12/site-packages/airflow/example_dags/example_latest_only_with_trigger.py
[2025-01-19T23:40:43.714+0000] {processor.py:914} INFO - Processing file /home/airflow/.local/lib/python3.12/site-packages/airflow/example_dags/example_latest_only_with_trigger.py for tasks to queue
[2025-01-19T23:40:43.716+0000] {logging_mixin.py:190} INFO - [2025-01-19T23:40:43.716+0000] {dagbag.py:588} INFO - Filling up the DagBag from /home/airflow/.local/lib/python3.12/site-packages/airflow/example_dags/example_latest_only_with_trigger.py
[2025-01-19T23:40:43.725+0000] {processor.py:925} INFO - DAG(s) 'latest_only_with_trigger' retrieved from /home/airflow/.local/lib/python3.12/site-packages/airflow/example_dags/example_latest_only_with_trigger.py
[2025-01-19T23:40:43.747+0000] {logging_mixin.py:190} INFO - [2025-01-19T23:40:43.747+0000] {dag.py:3239} INFO - Sync 1 DAGs
[2025-01-19T23:40:43.768+0000] {logging_mixin.py:190} INFO - [2025-01-19T23:40:43.767+0000] {dag.py:4180} INFO - Setting next_dagrun for latest_only_with_trigger to 2025-01-19 16:00:00+00:00, run_after=2025-01-19 20:00:00+00:00
[2025-01-19T23:40:43.784+0000] {processor.py:208} INFO - Processing /home/airflow/.local/lib/python3.12/site-packages/airflow/example_dags/example_latest_only_with_trigger.py took 0.077 seconds
[2025-01-19T23:41:14.763+0000] {processor.py:186} INFO - Started process (PID=363) to work on /home/airflow/.local/lib/python3.12/site-packages/airflow/example_dags/example_latest_only_with_trigger.py
[2025-01-19T23:41:14.764+0000] {processor.py:914} INFO - Processing file /home/airflow/.local/lib/python3.12/site-packages/airflow/example_dags/example_latest_only_with_trigger.py for tasks to queue
[2025-01-19T23:41:14.766+0000] {logging_mixin.py:190} INFO - [2025-01-19T23:41:14.766+0000] {dagbag.py:588} INFO - Filling up the DagBag from /home/airflow/.local/lib/python3.12/site-packages/airflow/example_dags/example_latest_only_with_trigger.py
[2025-01-19T23:41:14.774+0000] {processor.py:925} INFO - DAG(s) 'latest_only_with_trigger' retrieved from /home/airflow/.local/lib/python3.12/site-packages/airflow/example_dags/example_latest_only_with_trigger.py
[2025-01-19T23:41:14.791+0000] {logging_mixin.py:190} INFO - [2025-01-19T23:41:14.791+0000] {dag.py:3239} INFO - Sync 1 DAGs
[2025-01-19T23:41:14.808+0000] {logging_mixin.py:190} INFO - [2025-01-19T23:41:14.808+0000] {dag.py:4180} INFO - Setting next_dagrun for latest_only_with_trigger to 2025-01-19 16:00:00+00:00, run_after=2025-01-19 20:00:00+00:00
[2025-01-19T23:41:14.819+0000] {processor.py:208} INFO - Processing /home/airflow/.local/lib/python3.12/site-packages/airflow/example_dags/example_latest_only_with_trigger.py took 0.060 seconds
[2025-01-19T23:41:46.713+0000] {processor.py:186} INFO - Started process (PID=426) to work on /home/airflow/.local/lib/python3.12/site-packages/airflow/example_dags/example_latest_only_with_trigger.py
[2025-01-19T23:41:46.715+0000] {processor.py:914} INFO - Processing file /home/airflow/.local/lib/python3.12/site-packages/airflow/example_dags/example_latest_only_with_trigger.py for tasks to queue
[2025-01-19T23:41:46.717+0000] {logging_mixin.py:190} INFO - [2025-01-19T23:41:46.717+0000] {dagbag.py:588} INFO - Filling up the DagBag from /home/airflow/.local/lib/python3.12/site-packages/airflow/example_dags/example_latest_only_with_trigger.py
[2025-01-19T23:41:46.727+0000] {processor.py:925} INFO - DAG(s) 'latest_only_with_trigger' retrieved from /home/airflow/.local/lib/python3.12/site-packages/airflow/example_dags/example_latest_only_with_trigger.py
[2025-01-19T23:41:46.750+0000] {logging_mixin.py:190} INFO - [2025-01-19T23:41:46.750+0000] {dag.py:3239} INFO - Sync 1 DAGs
[2025-01-19T23:41:46.773+0000] {logging_mixin.py:190} INFO - [2025-01-19T23:41:46.773+0000] {dag.py:4180} INFO - Setting next_dagrun for latest_only_with_trigger to 2025-01-19 16:00:00+00:00, run_after=2025-01-19 20:00:00+00:00
[2025-01-19T23:41:46.791+0000] {processor.py:208} INFO - Processing /home/airflow/.local/lib/python3.12/site-packages/airflow/example_dags/example_latest_only_with_trigger.py took 0.086 seconds
[2025-01-19T23:47:10.686+0000] {processor.py:186} INFO - Started process (PID=118) to work on /home/airflow/.local/lib/python3.12/site-packages/airflow/example_dags/example_latest_only_with_trigger.py
[2025-01-19T23:47:10.688+0000] {processor.py:914} INFO - Processing file /home/airflow/.local/lib/python3.12/site-packages/airflow/example_dags/example_latest_only_with_trigger.py for tasks to queue
[2025-01-19T23:47:10.692+0000] {logging_mixin.py:190} INFO - [2025-01-19T23:47:10.692+0000] {dagbag.py:588} INFO - Filling up the DagBag from /home/airflow/.local/lib/python3.12/site-packages/airflow/example_dags/example_latest_only_with_trigger.py
[2025-01-19T23:47:10.708+0000] {processor.py:925} INFO - DAG(s) 'latest_only_with_trigger' retrieved from /home/airflow/.local/lib/python3.12/site-packages/airflow/example_dags/example_latest_only_with_trigger.py
[2025-01-19T23:47:10.763+0000] {logging_mixin.py:190} INFO - [2025-01-19T23:47:10.762+0000] {dag.py:3239} INFO - Sync 1 DAGs
[2025-01-19T23:47:10.818+0000] {logging_mixin.py:190} INFO - [2025-01-19T23:47:10.818+0000] {dag.py:4180} INFO - Setting next_dagrun for latest_only_with_trigger to 2025-01-19 16:00:00+00:00, run_after=2025-01-19 20:00:00+00:00
[2025-01-19T23:47:10.865+0000] {processor.py:208} INFO - Processing /home/airflow/.local/lib/python3.12/site-packages/airflow/example_dags/example_latest_only_with_trigger.py took 0.191 seconds
[2025-01-19T23:47:41.417+0000] {processor.py:186} INFO - Started process (PID=182) to work on /home/airflow/.local/lib/python3.12/site-packages/airflow/example_dags/example_latest_only_with_trigger.py
[2025-01-19T23:47:41.418+0000] {processor.py:914} INFO - Processing file /home/airflow/.local/lib/python3.12/site-packages/airflow/example_dags/example_latest_only_with_trigger.py for tasks to queue
[2025-01-19T23:47:41.419+0000] {logging_mixin.py:190} INFO - [2025-01-19T23:47:41.419+0000] {dagbag.py:588} INFO - Filling up the DagBag from /home/airflow/.local/lib/python3.12/site-packages/airflow/example_dags/example_latest_only_with_trigger.py
[2025-01-19T23:47:41.426+0000] {processor.py:925} INFO - DAG(s) 'latest_only_with_trigger' retrieved from /home/airflow/.local/lib/python3.12/site-packages/airflow/example_dags/example_latest_only_with_trigger.py
[2025-01-19T23:47:41.443+0000] {logging_mixin.py:190} INFO - [2025-01-19T23:47:41.442+0000] {dag.py:3239} INFO - Sync 1 DAGs
[2025-01-19T23:47:41.462+0000] {logging_mixin.py:190} INFO - [2025-01-19T23:47:41.462+0000] {dag.py:4180} INFO - Setting next_dagrun for latest_only_with_trigger to 2025-01-19 16:00:00+00:00, run_after=2025-01-19 20:00:00+00:00
[2025-01-19T23:47:41.477+0000] {processor.py:208} INFO - Processing /home/airflow/.local/lib/python3.12/site-packages/airflow/example_dags/example_latest_only_with_trigger.py took 0.065 seconds
[2025-01-19T23:50:09.555+0000] {processor.py:186} INFO - Started process (PID=221) to work on /home/airflow/.local/lib/python3.12/site-packages/airflow/example_dags/example_latest_only_with_trigger.py
[2025-01-19T23:50:09.556+0000] {processor.py:914} INFO - Processing file /home/airflow/.local/lib/python3.12/site-packages/airflow/example_dags/example_latest_only_with_trigger.py for tasks to queue
[2025-01-19T23:50:09.558+0000] {logging_mixin.py:190} INFO - [2025-01-19T23:50:09.558+0000] {dagbag.py:588} INFO - Filling up the DagBag from /home/airflow/.local/lib/python3.12/site-packages/airflow/example_dags/example_latest_only_with_trigger.py
[2025-01-19T23:50:09.565+0000] {processor.py:925} INFO - DAG(s) 'latest_only_with_trigger' retrieved from /home/airflow/.local/lib/python3.12/site-packages/airflow/example_dags/example_latest_only_with_trigger.py
[2025-01-19T23:50:09.586+0000] {logging_mixin.py:190} INFO - [2025-01-19T23:50:09.585+0000] {dag.py:3239} INFO - Sync 1 DAGs
[2025-01-19T23:50:09.609+0000] {logging_mixin.py:190} INFO - [2025-01-19T23:50:09.609+0000] {dag.py:4180} INFO - Setting next_dagrun for latest_only_with_trigger to 2025-01-19 16:00:00+00:00, run_after=2025-01-19 20:00:00+00:00
[2025-01-19T23:50:09.632+0000] {processor.py:208} INFO - Processing /home/airflow/.local/lib/python3.12/site-packages/airflow/example_dags/example_latest_only_with_trigger.py took 0.084 seconds
[2025-01-19T23:50:40.258+0000] {processor.py:186} INFO - Started process (PID=286) to work on /home/airflow/.local/lib/python3.12/site-packages/airflow/example_dags/example_latest_only_with_trigger.py
[2025-01-19T23:50:40.259+0000] {processor.py:914} INFO - Processing file /home/airflow/.local/lib/python3.12/site-packages/airflow/example_dags/example_latest_only_with_trigger.py for tasks to queue
[2025-01-19T23:50:40.261+0000] {logging_mixin.py:190} INFO - [2025-01-19T23:50:40.260+0000] {dagbag.py:588} INFO - Filling up the DagBag from /home/airflow/.local/lib/python3.12/site-packages/airflow/example_dags/example_latest_only_with_trigger.py
[2025-01-19T23:50:40.268+0000] {processor.py:925} INFO - DAG(s) 'latest_only_with_trigger' retrieved from /home/airflow/.local/lib/python3.12/site-packages/airflow/example_dags/example_latest_only_with_trigger.py
[2025-01-19T23:50:40.287+0000] {logging_mixin.py:190} INFO - [2025-01-19T23:50:40.286+0000] {dag.py:3239} INFO - Sync 1 DAGs
[2025-01-19T23:50:40.308+0000] {logging_mixin.py:190} INFO - [2025-01-19T23:50:40.308+0000] {dag.py:4180} INFO - Setting next_dagrun for latest_only_with_trigger to 2025-01-19 16:00:00+00:00, run_after=2025-01-19 20:00:00+00:00
[2025-01-19T23:50:40.325+0000] {processor.py:208} INFO - Processing /home/airflow/.local/lib/python3.12/site-packages/airflow/example_dags/example_latest_only_with_trigger.py took 0.073 seconds
[2025-01-19T23:51:14.168+0000] {processor.py:186} INFO - Started process (PID=349) to work on /home/airflow/.local/lib/python3.12/site-packages/airflow/example_dags/example_latest_only_with_trigger.py
[2025-01-19T23:51:14.171+0000] {processor.py:914} INFO - Processing file /home/airflow/.local/lib/python3.12/site-packages/airflow/example_dags/example_latest_only_with_trigger.py for tasks to queue
[2025-01-19T23:51:14.175+0000] {logging_mixin.py:190} INFO - [2025-01-19T23:51:14.174+0000] {dagbag.py:588} INFO - Filling up the DagBag from /home/airflow/.local/lib/python3.12/site-packages/airflow/example_dags/example_latest_only_with_trigger.py
[2025-01-19T23:51:14.188+0000] {processor.py:925} INFO - DAG(s) 'latest_only_with_trigger' retrieved from /home/airflow/.local/lib/python3.12/site-packages/airflow/example_dags/example_latest_only_with_trigger.py
[2025-01-19T23:51:14.229+0000] {logging_mixin.py:190} INFO - [2025-01-19T23:51:14.229+0000] {dag.py:3239} INFO - Sync 1 DAGs
[2025-01-19T23:51:14.270+0000] {logging_mixin.py:190} INFO - [2025-01-19T23:51:14.269+0000] {dag.py:4180} INFO - Setting next_dagrun for latest_only_with_trigger to 2025-01-19 16:00:00+00:00, run_after=2025-01-19 20:00:00+00:00
[2025-01-19T23:51:14.314+0000] {processor.py:208} INFO - Processing /home/airflow/.local/lib/python3.12/site-packages/airflow/example_dags/example_latest_only_with_trigger.py took 0.156 seconds
[2025-01-19T23:54:07.327+0000] {processor.py:186} INFO - Started process (PID=412) to work on /home/airflow/.local/lib/python3.12/site-packages/airflow/example_dags/example_latest_only_with_trigger.py
[2025-01-19T23:54:07.330+0000] {processor.py:914} INFO - Processing file /home/airflow/.local/lib/python3.12/site-packages/airflow/example_dags/example_latest_only_with_trigger.py for tasks to queue
[2025-01-19T23:54:07.332+0000] {logging_mixin.py:190} INFO - [2025-01-19T23:54:07.331+0000] {dagbag.py:588} INFO - Filling up the DagBag from /home/airflow/.local/lib/python3.12/site-packages/airflow/example_dags/example_latest_only_with_trigger.py
[2025-01-19T23:54:07.359+0000] {processor.py:925} INFO - DAG(s) 'latest_only_with_trigger' retrieved from /home/airflow/.local/lib/python3.12/site-packages/airflow/example_dags/example_latest_only_with_trigger.py
[2025-01-19T23:54:07.437+0000] {logging_mixin.py:190} INFO - [2025-01-19T23:54:07.436+0000] {dag.py:3239} INFO - Sync 1 DAGs
[2025-01-19T23:54:07.507+0000] {logging_mixin.py:190} INFO - [2025-01-19T23:54:07.507+0000] {dag.py:4180} INFO - Setting next_dagrun for latest_only_with_trigger to 2025-01-19 16:00:00+00:00, run_after=2025-01-19 20:00:00+00:00
[2025-01-19T23:54:07.559+0000] {processor.py:208} INFO - Processing /home/airflow/.local/lib/python3.12/site-packages/airflow/example_dags/example_latest_only_with_trigger.py took 0.247 seconds
[2025-01-19T23:57:26.446+0000] {processor.py:186} INFO - Started process (PID=498) to work on /home/airflow/.local/lib/python3.12/site-packages/airflow/example_dags/example_latest_only_with_trigger.py
[2025-01-19T23:57:26.449+0000] {processor.py:914} INFO - Processing file /home/airflow/.local/lib/python3.12/site-packages/airflow/example_dags/example_latest_only_with_trigger.py for tasks to queue
[2025-01-19T23:57:26.451+0000] {logging_mixin.py:190} INFO - [2025-01-19T23:57:26.451+0000] {dagbag.py:588} INFO - Filling up the DagBag from /home/airflow/.local/lib/python3.12/site-packages/airflow/example_dags/example_latest_only_with_trigger.py
[2025-01-19T23:57:26.471+0000] {processor.py:925} INFO - DAG(s) 'latest_only_with_trigger' retrieved from /home/airflow/.local/lib/python3.12/site-packages/airflow/example_dags/example_latest_only_with_trigger.py
[2025-01-19T23:57:26.534+0000] {logging_mixin.py:190} INFO - [2025-01-19T23:57:26.533+0000] {dag.py:3239} INFO - Sync 1 DAGs
[2025-01-19T23:57:26.621+0000] {logging_mixin.py:190} INFO - [2025-01-19T23:57:26.620+0000] {dag.py:4180} INFO - Setting next_dagrun for latest_only_with_trigger to 2025-01-19 16:00:00+00:00, run_after=2025-01-19 20:00:00+00:00
[2025-01-19T23:57:26.693+0000] {processor.py:208} INFO - Processing /home/airflow/.local/lib/python3.12/site-packages/airflow/example_dags/example_latest_only_with_trigger.py took 0.261 seconds
[2025-01-19T23:57:57.322+0000] {processor.py:186} INFO - Started process (PID=560) to work on /home/airflow/.local/lib/python3.12/site-packages/airflow/example_dags/example_latest_only_with_trigger.py
[2025-01-19T23:57:57.323+0000] {processor.py:914} INFO - Processing file /home/airflow/.local/lib/python3.12/site-packages/airflow/example_dags/example_latest_only_with_trigger.py for tasks to queue
[2025-01-19T23:57:57.325+0000] {logging_mixin.py:190} INFO - [2025-01-19T23:57:57.324+0000] {dagbag.py:588} INFO - Filling up the DagBag from /home/airflow/.local/lib/python3.12/site-packages/airflow/example_dags/example_latest_only_with_trigger.py
[2025-01-19T23:57:57.334+0000] {processor.py:925} INFO - DAG(s) 'latest_only_with_trigger' retrieved from /home/airflow/.local/lib/python3.12/site-packages/airflow/example_dags/example_latest_only_with_trigger.py
[2025-01-19T23:57:57.361+0000] {logging_mixin.py:190} INFO - [2025-01-19T23:57:57.361+0000] {dag.py:3239} INFO - Sync 1 DAGs
[2025-01-19T23:57:57.387+0000] {logging_mixin.py:190} INFO - [2025-01-19T23:57:57.386+0000] {dag.py:4180} INFO - Setting next_dagrun for latest_only_with_trigger to 2025-01-19 16:00:00+00:00, run_after=2025-01-19 20:00:00+00:00
[2025-01-19T23:57:57.409+0000] {processor.py:208} INFO - Processing /home/airflow/.local/lib/python3.12/site-packages/airflow/example_dags/example_latest_only_with_trigger.py took 0.095 seconds
[2025-01-19T23:58:28.241+0000] {processor.py:186} INFO - Started process (PID=623) to work on /home/airflow/.local/lib/python3.12/site-packages/airflow/example_dags/example_latest_only_with_trigger.py
[2025-01-19T23:58:28.242+0000] {processor.py:914} INFO - Processing file /home/airflow/.local/lib/python3.12/site-packages/airflow/example_dags/example_latest_only_with_trigger.py for tasks to queue
[2025-01-19T23:58:28.243+0000] {logging_mixin.py:190} INFO - [2025-01-19T23:58:28.243+0000] {dagbag.py:588} INFO - Filling up the DagBag from /home/airflow/.local/lib/python3.12/site-packages/airflow/example_dags/example_latest_only_with_trigger.py
[2025-01-19T23:58:28.251+0000] {processor.py:925} INFO - DAG(s) 'latest_only_with_trigger' retrieved from /home/airflow/.local/lib/python3.12/site-packages/airflow/example_dags/example_latest_only_with_trigger.py
[2025-01-19T23:58:28.275+0000] {logging_mixin.py:190} INFO - [2025-01-19T23:58:28.275+0000] {dag.py:3239} INFO - Sync 1 DAGs
[2025-01-19T23:58:28.302+0000] {logging_mixin.py:190} INFO - [2025-01-19T23:58:28.302+0000] {dag.py:4180} INFO - Setting next_dagrun for latest_only_with_trigger to 2025-01-19 16:00:00+00:00, run_after=2025-01-19 20:00:00+00:00
[2025-01-19T23:58:28.324+0000] {processor.py:208} INFO - Processing /home/airflow/.local/lib/python3.12/site-packages/airflow/example_dags/example_latest_only_with_trigger.py took 0.088 seconds
[2025-01-19T23:58:59.387+0000] {processor.py:186} INFO - Started process (PID=686) to work on /home/airflow/.local/lib/python3.12/site-packages/airflow/example_dags/example_latest_only_with_trigger.py
[2025-01-19T23:58:59.390+0000] {processor.py:914} INFO - Processing file /home/airflow/.local/lib/python3.12/site-packages/airflow/example_dags/example_latest_only_with_trigger.py for tasks to queue
[2025-01-19T23:58:59.393+0000] {logging_mixin.py:190} INFO - [2025-01-19T23:58:59.392+0000] {dagbag.py:588} INFO - Filling up the DagBag from /home/airflow/.local/lib/python3.12/site-packages/airflow/example_dags/example_latest_only_with_trigger.py
[2025-01-19T23:58:59.410+0000] {processor.py:925} INFO - DAG(s) 'latest_only_with_trigger' retrieved from /home/airflow/.local/lib/python3.12/site-packages/airflow/example_dags/example_latest_only_with_trigger.py
[2025-01-19T23:58:59.453+0000] {logging_mixin.py:190} INFO - [2025-01-19T23:58:59.452+0000] {dag.py:3239} INFO - Sync 1 DAGs
[2025-01-19T23:58:59.506+0000] {logging_mixin.py:190} INFO - [2025-01-19T23:58:59.506+0000] {dag.py:4180} INFO - Setting next_dagrun for latest_only_with_trigger to 2025-01-19 16:00:00+00:00, run_after=2025-01-19 20:00:00+00:00
[2025-01-19T23:58:59.546+0000] {processor.py:208} INFO - Processing /home/airflow/.local/lib/python3.12/site-packages/airflow/example_dags/example_latest_only_with_trigger.py took 0.168 seconds
[2025-01-19T23:59:29.987+0000] {processor.py:186} INFO - Started process (PID=749) to work on /home/airflow/.local/lib/python3.12/site-packages/airflow/example_dags/example_latest_only_with_trigger.py
[2025-01-19T23:59:29.988+0000] {processor.py:914} INFO - Processing file /home/airflow/.local/lib/python3.12/site-packages/airflow/example_dags/example_latest_only_with_trigger.py for tasks to queue
[2025-01-19T23:59:29.989+0000] {logging_mixin.py:190} INFO - [2025-01-19T23:59:29.989+0000] {dagbag.py:588} INFO - Filling up the DagBag from /home/airflow/.local/lib/python3.12/site-packages/airflow/example_dags/example_latest_only_with_trigger.py
[2025-01-19T23:59:29.998+0000] {processor.py:925} INFO - DAG(s) 'latest_only_with_trigger' retrieved from /home/airflow/.local/lib/python3.12/site-packages/airflow/example_dags/example_latest_only_with_trigger.py
[2025-01-19T23:59:30.017+0000] {logging_mixin.py:190} INFO - [2025-01-19T23:59:30.016+0000] {dag.py:3239} INFO - Sync 1 DAGs
[2025-01-19T23:59:30.039+0000] {logging_mixin.py:190} INFO - [2025-01-19T23:59:30.038+0000] {dag.py:4180} INFO - Setting next_dagrun for latest_only_with_trigger to 2025-01-19 16:00:00+00:00, run_after=2025-01-19 20:00:00+00:00
[2025-01-19T23:59:30.058+0000] {processor.py:208} INFO - Processing /home/airflow/.local/lib/python3.12/site-packages/airflow/example_dags/example_latest_only_with_trigger.py took 0.076 seconds
