[2025-01-19T23:39:09.732+0000] {processor.py:186} INFO - Started process (PID=106) to work on /home/airflow/.local/lib/python3.12/site-packages/airflow/example_dags/example_sla_dag.py
[2025-01-19T23:39:09.733+0000] {processor.py:914} INFO - Processing file /home/airflow/.local/lib/python3.12/site-packages/airflow/example_dags/example_sla_dag.py for tasks to queue
[2025-01-19T23:39:09.737+0000] {logging_mixin.py:190} INFO - [2025-01-19T23:39:09.736+0000] {dagbag.py:588} INFO - Filling up the DagBag from /home/airflow/.local/lib/python3.12/site-packages/airflow/example_dags/example_sla_dag.py
[2025-01-19T23:39:09.754+0000] {processor.py:925} INFO - DAG(s) 'example_sla_dag' retrieved from /home/airflow/.local/lib/python3.12/site-packages/airflow/example_dags/example_sla_dag.py
[2025-01-19T23:39:09.784+0000] {logging_mixin.py:190} INFO - [2025-01-19T23:39:09.783+0000] {dag.py:3239} INFO - Sync 1 DAGs
[2025-01-19T23:39:09.821+0000] {logging_mixin.py:190} INFO - [2025-01-19T23:39:09.821+0000] {dag.py:4180} INFO - Setting next_dagrun for example_sla_dag to 2025-01-19 23:36:00+00:00, run_after=2025-01-19 23:38:00+00:00
[2025-01-19T23:39:09.855+0000] {processor.py:208} INFO - Processing /home/airflow/.local/lib/python3.12/site-packages/airflow/example_dags/example_sla_dag.py took 0.132 seconds
[2025-01-19T23:39:39.953+0000] {processor.py:186} INFO - Started process (PID=169) to work on /home/airflow/.local/lib/python3.12/site-packages/airflow/example_dags/example_sla_dag.py
[2025-01-19T23:39:39.954+0000] {processor.py:914} INFO - Processing file /home/airflow/.local/lib/python3.12/site-packages/airflow/example_dags/example_sla_dag.py for tasks to queue
[2025-01-19T23:39:39.956+0000] {logging_mixin.py:190} INFO - [2025-01-19T23:39:39.956+0000] {dagbag.py:588} INFO - Filling up the DagBag from /home/airflow/.local/lib/python3.12/site-packages/airflow/example_dags/example_sla_dag.py
[2025-01-19T23:39:39.965+0000] {processor.py:925} INFO - DAG(s) 'example_sla_dag' retrieved from /home/airflow/.local/lib/python3.12/site-packages/airflow/example_dags/example_sla_dag.py
[2025-01-19T23:39:39.981+0000] {logging_mixin.py:190} INFO - [2025-01-19T23:39:39.981+0000] {dag.py:3239} INFO - Sync 1 DAGs
[2025-01-19T23:39:40.003+0000] {logging_mixin.py:190} INFO - [2025-01-19T23:39:40.003+0000] {dag.py:4180} INFO - Setting next_dagrun for example_sla_dag to 2025-01-19 23:36:00+00:00, run_after=2025-01-19 23:38:00+00:00
[2025-01-19T23:39:40.018+0000] {processor.py:208} INFO - Processing /home/airflow/.local/lib/python3.12/site-packages/airflow/example_dags/example_sla_dag.py took 0.069 seconds
[2025-01-19T23:40:11.693+0000] {processor.py:186} INFO - Started process (PID=232) to work on /home/airflow/.local/lib/python3.12/site-packages/airflow/example_dags/example_sla_dag.py
[2025-01-19T23:40:11.694+0000] {processor.py:914} INFO - Processing file /home/airflow/.local/lib/python3.12/site-packages/airflow/example_dags/example_sla_dag.py for tasks to queue
[2025-01-19T23:40:11.696+0000] {logging_mixin.py:190} INFO - [2025-01-19T23:40:11.695+0000] {dagbag.py:588} INFO - Filling up the DagBag from /home/airflow/.local/lib/python3.12/site-packages/airflow/example_dags/example_sla_dag.py
[2025-01-19T23:40:11.704+0000] {processor.py:925} INFO - DAG(s) 'example_sla_dag' retrieved from /home/airflow/.local/lib/python3.12/site-packages/airflow/example_dags/example_sla_dag.py
[2025-01-19T23:40:11.721+0000] {logging_mixin.py:190} INFO - [2025-01-19T23:40:11.720+0000] {dag.py:3239} INFO - Sync 1 DAGs
[2025-01-19T23:40:11.740+0000] {logging_mixin.py:190} INFO - [2025-01-19T23:40:11.740+0000] {dag.py:4180} INFO - Setting next_dagrun for example_sla_dag to 2025-01-19 23:38:00+00:00, run_after=2025-01-19 23:40:00+00:00
[2025-01-19T23:40:11.755+0000] {processor.py:208} INFO - Processing /home/airflow/.local/lib/python3.12/site-packages/airflow/example_dags/example_sla_dag.py took 0.067 seconds
[2025-01-19T23:40:43.407+0000] {processor.py:186} INFO - Started process (PID=295) to work on /home/airflow/.local/lib/python3.12/site-packages/airflow/example_dags/example_sla_dag.py
[2025-01-19T23:40:43.409+0000] {processor.py:914} INFO - Processing file /home/airflow/.local/lib/python3.12/site-packages/airflow/example_dags/example_sla_dag.py for tasks to queue
[2025-01-19T23:40:43.411+0000] {logging_mixin.py:190} INFO - [2025-01-19T23:40:43.411+0000] {dagbag.py:588} INFO - Filling up the DagBag from /home/airflow/.local/lib/python3.12/site-packages/airflow/example_dags/example_sla_dag.py
[2025-01-19T23:40:43.422+0000] {processor.py:925} INFO - DAG(s) 'example_sla_dag' retrieved from /home/airflow/.local/lib/python3.12/site-packages/airflow/example_dags/example_sla_dag.py
[2025-01-19T23:40:43.442+0000] {logging_mixin.py:190} INFO - [2025-01-19T23:40:43.442+0000] {dag.py:3239} INFO - Sync 1 DAGs
[2025-01-19T23:40:43.469+0000] {logging_mixin.py:190} INFO - [2025-01-19T23:40:43.469+0000] {dag.py:4180} INFO - Setting next_dagrun for example_sla_dag to 2025-01-19 23:38:00+00:00, run_after=2025-01-19 23:40:00+00:00
[2025-01-19T23:40:43.492+0000] {processor.py:208} INFO - Processing /home/airflow/.local/lib/python3.12/site-packages/airflow/example_dags/example_sla_dag.py took 0.091 seconds
[2025-01-19T23:41:14.536+0000] {processor.py:186} INFO - Started process (PID=358) to work on /home/airflow/.local/lib/python3.12/site-packages/airflow/example_dags/example_sla_dag.py
[2025-01-19T23:41:14.537+0000] {processor.py:914} INFO - Processing file /home/airflow/.local/lib/python3.12/site-packages/airflow/example_dags/example_sla_dag.py for tasks to queue
[2025-01-19T23:41:14.538+0000] {logging_mixin.py:190} INFO - [2025-01-19T23:41:14.538+0000] {dagbag.py:588} INFO - Filling up the DagBag from /home/airflow/.local/lib/python3.12/site-packages/airflow/example_dags/example_sla_dag.py
[2025-01-19T23:41:14.547+0000] {processor.py:925} INFO - DAG(s) 'example_sla_dag' retrieved from /home/airflow/.local/lib/python3.12/site-packages/airflow/example_dags/example_sla_dag.py
[2025-01-19T23:41:14.564+0000] {logging_mixin.py:190} INFO - [2025-01-19T23:41:14.564+0000] {dag.py:3239} INFO - Sync 1 DAGs
[2025-01-19T23:41:14.582+0000] {logging_mixin.py:190} INFO - [2025-01-19T23:41:14.582+0000] {dag.py:4180} INFO - Setting next_dagrun for example_sla_dag to 2025-01-19 23:38:00+00:00, run_after=2025-01-19 23:40:00+00:00
[2025-01-19T23:41:14.598+0000] {processor.py:208} INFO - Processing /home/airflow/.local/lib/python3.12/site-packages/airflow/example_dags/example_sla_dag.py took 0.067 seconds
[2025-01-19T23:41:46.425+0000] {processor.py:186} INFO - Started process (PID=421) to work on /home/airflow/.local/lib/python3.12/site-packages/airflow/example_dags/example_sla_dag.py
[2025-01-19T23:41:46.426+0000] {processor.py:914} INFO - Processing file /home/airflow/.local/lib/python3.12/site-packages/airflow/example_dags/example_sla_dag.py for tasks to queue
[2025-01-19T23:41:46.428+0000] {logging_mixin.py:190} INFO - [2025-01-19T23:41:46.428+0000] {dagbag.py:588} INFO - Filling up the DagBag from /home/airflow/.local/lib/python3.12/site-packages/airflow/example_dags/example_sla_dag.py
[2025-01-19T23:41:46.438+0000] {processor.py:925} INFO - DAG(s) 'example_sla_dag' retrieved from /home/airflow/.local/lib/python3.12/site-packages/airflow/example_dags/example_sla_dag.py
[2025-01-19T23:41:46.458+0000] {logging_mixin.py:190} INFO - [2025-01-19T23:41:46.457+0000] {dag.py:3239} INFO - Sync 1 DAGs
[2025-01-19T23:41:46.480+0000] {logging_mixin.py:190} INFO - [2025-01-19T23:41:46.480+0000] {dag.py:4180} INFO - Setting next_dagrun for example_sla_dag to 2025-01-19 23:38:00+00:00, run_after=2025-01-19 23:40:00+00:00
[2025-01-19T23:41:46.499+0000] {processor.py:208} INFO - Processing /home/airflow/.local/lib/python3.12/site-packages/airflow/example_dags/example_sla_dag.py took 0.079 seconds
[2025-01-19T23:42:18.453+0000] {processor.py:186} INFO - Started process (PID=484) to work on /home/airflow/.local/lib/python3.12/site-packages/airflow/example_dags/example_sla_dag.py
[2025-01-19T23:42:18.478+0000] {processor.py:914} INFO - Processing file /home/airflow/.local/lib/python3.12/site-packages/airflow/example_dags/example_sla_dag.py for tasks to queue
[2025-01-19T23:42:18.529+0000] {logging_mixin.py:190} INFO - [2025-01-19T23:42:18.513+0000] {dagbag.py:588} INFO - Filling up the DagBag from /home/airflow/.local/lib/python3.12/site-packages/airflow/example_dags/example_sla_dag.py
[2025-01-19T23:42:18.557+0000] {processor.py:925} INFO - DAG(s) 'example_sla_dag' retrieved from /home/airflow/.local/lib/python3.12/site-packages/airflow/example_dags/example_sla_dag.py
[2025-01-19T23:42:18.630+0000] {logging_mixin.py:190} INFO - [2025-01-19T23:42:18.629+0000] {dag.py:3239} INFO - Sync 1 DAGs
[2025-01-19T23:42:18.686+0000] {logging_mixin.py:190} INFO - [2025-01-19T23:42:18.686+0000] {dag.py:4180} INFO - Setting next_dagrun for example_sla_dag to 2025-01-19 23:40:00+00:00, run_after=2025-01-19 23:42:00+00:00
[2025-01-19T23:42:18.736+0000] {processor.py:208} INFO - Processing /home/airflow/.local/lib/python3.12/site-packages/airflow/example_dags/example_sla_dag.py took 0.323 seconds
[2025-01-19T23:47:08.656+0000] {processor.py:186} INFO - Started process (PID=112) to work on /home/airflow/.local/lib/python3.12/site-packages/airflow/example_dags/example_sla_dag.py
[2025-01-19T23:47:08.790+0000] {processor.py:914} INFO - Processing file /home/airflow/.local/lib/python3.12/site-packages/airflow/example_dags/example_sla_dag.py for tasks to queue
[2025-01-19T23:47:08.795+0000] {logging_mixin.py:190} INFO - [2025-01-19T23:47:08.794+0000] {dagbag.py:588} INFO - Filling up the DagBag from /home/airflow/.local/lib/python3.12/site-packages/airflow/example_dags/example_sla_dag.py
[2025-01-19T23:47:08.823+0000] {processor.py:925} INFO - DAG(s) 'example_sla_dag' retrieved from /home/airflow/.local/lib/python3.12/site-packages/airflow/example_dags/example_sla_dag.py
[2025-01-19T23:47:08.861+0000] {logging_mixin.py:190} INFO - [2025-01-19T23:47:08.860+0000] {dag.py:3239} INFO - Sync 1 DAGs
[2025-01-19T23:47:08.903+0000] {logging_mixin.py:190} INFO - [2025-01-19T23:47:08.902+0000] {dag.py:4180} INFO - Setting next_dagrun for example_sla_dag to 2025-01-19 23:44:00+00:00, run_after=2025-01-19 23:46:00+00:00
[2025-01-19T23:47:08.939+0000] {processor.py:208} INFO - Processing /home/airflow/.local/lib/python3.12/site-packages/airflow/example_dags/example_sla_dag.py took 0.293 seconds
[2025-01-19T23:47:39.070+0000] {processor.py:186} INFO - Started process (PID=176) to work on /home/airflow/.local/lib/python3.12/site-packages/airflow/example_dags/example_sla_dag.py
[2025-01-19T23:47:39.071+0000] {processor.py:914} INFO - Processing file /home/airflow/.local/lib/python3.12/site-packages/airflow/example_dags/example_sla_dag.py for tasks to queue
[2025-01-19T23:47:39.073+0000] {logging_mixin.py:190} INFO - [2025-01-19T23:47:39.073+0000] {dagbag.py:588} INFO - Filling up the DagBag from /home/airflow/.local/lib/python3.12/site-packages/airflow/example_dags/example_sla_dag.py
[2025-01-19T23:47:39.081+0000] {processor.py:925} INFO - DAG(s) 'example_sla_dag' retrieved from /home/airflow/.local/lib/python3.12/site-packages/airflow/example_dags/example_sla_dag.py
[2025-01-19T23:47:39.097+0000] {logging_mixin.py:190} INFO - [2025-01-19T23:47:39.097+0000] {dag.py:3239} INFO - Sync 1 DAGs
[2025-01-19T23:47:39.118+0000] {logging_mixin.py:190} INFO - [2025-01-19T23:47:39.117+0000] {dag.py:4180} INFO - Setting next_dagrun for example_sla_dag to 2025-01-19 23:44:00+00:00, run_after=2025-01-19 23:46:00+00:00
[2025-01-19T23:47:39.131+0000] {processor.py:208} INFO - Processing /home/airflow/.local/lib/python3.12/site-packages/airflow/example_dags/example_sla_dag.py took 0.066 seconds
[2025-01-19T23:50:09.278+0000] {processor.py:186} INFO - Started process (PID=216) to work on /home/airflow/.local/lib/python3.12/site-packages/airflow/example_dags/example_sla_dag.py
[2025-01-19T23:50:09.279+0000] {processor.py:914} INFO - Processing file /home/airflow/.local/lib/python3.12/site-packages/airflow/example_dags/example_sla_dag.py for tasks to queue
[2025-01-19T23:50:09.280+0000] {logging_mixin.py:190} INFO - [2025-01-19T23:50:09.280+0000] {dagbag.py:588} INFO - Filling up the DagBag from /home/airflow/.local/lib/python3.12/site-packages/airflow/example_dags/example_sla_dag.py
[2025-01-19T23:50:09.290+0000] {processor.py:925} INFO - DAG(s) 'example_sla_dag' retrieved from /home/airflow/.local/lib/python3.12/site-packages/airflow/example_dags/example_sla_dag.py
[2025-01-19T23:50:09.307+0000] {logging_mixin.py:190} INFO - [2025-01-19T23:50:09.306+0000] {dag.py:3239} INFO - Sync 1 DAGs
[2025-01-19T23:50:09.327+0000] {logging_mixin.py:190} INFO - [2025-01-19T23:50:09.327+0000] {dag.py:4180} INFO - Setting next_dagrun for example_sla_dag to 2025-01-19 23:48:00+00:00, run_after=2025-01-19 23:50:00+00:00
[2025-01-19T23:50:09.345+0000] {processor.py:208} INFO - Processing /home/airflow/.local/lib/python3.12/site-packages/airflow/example_dags/example_sla_dag.py took 0.072 seconds
[2025-01-19T23:50:39.978+0000] {processor.py:186} INFO - Started process (PID=281) to work on /home/airflow/.local/lib/python3.12/site-packages/airflow/example_dags/example_sla_dag.py
[2025-01-19T23:50:39.978+0000] {processor.py:914} INFO - Processing file /home/airflow/.local/lib/python3.12/site-packages/airflow/example_dags/example_sla_dag.py for tasks to queue
[2025-01-19T23:50:39.980+0000] {logging_mixin.py:190} INFO - [2025-01-19T23:50:39.980+0000] {dagbag.py:588} INFO - Filling up the DagBag from /home/airflow/.local/lib/python3.12/site-packages/airflow/example_dags/example_sla_dag.py
[2025-01-19T23:50:39.991+0000] {processor.py:925} INFO - DAG(s) 'example_sla_dag' retrieved from /home/airflow/.local/lib/python3.12/site-packages/airflow/example_dags/example_sla_dag.py
[2025-01-19T23:50:40.010+0000] {logging_mixin.py:190} INFO - [2025-01-19T23:50:40.010+0000] {dag.py:3239} INFO - Sync 1 DAGs
[2025-01-19T23:50:40.036+0000] {logging_mixin.py:190} INFO - [2025-01-19T23:50:40.036+0000] {dag.py:4180} INFO - Setting next_dagrun for example_sla_dag to 2025-01-19 23:48:00+00:00, run_after=2025-01-19 23:50:00+00:00
[2025-01-19T23:50:40.055+0000] {processor.py:208} INFO - Processing /home/airflow/.local/lib/python3.12/site-packages/airflow/example_dags/example_sla_dag.py took 0.082 seconds
[2025-01-19T23:51:13.529+0000] {processor.py:186} INFO - Started process (PID=344) to work on /home/airflow/.local/lib/python3.12/site-packages/airflow/example_dags/example_sla_dag.py
[2025-01-19T23:51:13.531+0000] {processor.py:914} INFO - Processing file /home/airflow/.local/lib/python3.12/site-packages/airflow/example_dags/example_sla_dag.py for tasks to queue
[2025-01-19T23:51:13.537+0000] {logging_mixin.py:190} INFO - [2025-01-19T23:51:13.536+0000] {dagbag.py:588} INFO - Filling up the DagBag from /home/airflow/.local/lib/python3.12/site-packages/airflow/example_dags/example_sla_dag.py
[2025-01-19T23:51:13.561+0000] {processor.py:925} INFO - DAG(s) 'example_sla_dag' retrieved from /home/airflow/.local/lib/python3.12/site-packages/airflow/example_dags/example_sla_dag.py
[2025-01-19T23:51:13.607+0000] {logging_mixin.py:190} INFO - [2025-01-19T23:51:13.607+0000] {dag.py:3239} INFO - Sync 1 DAGs
[2025-01-19T23:51:13.669+0000] {logging_mixin.py:190} INFO - [2025-01-19T23:51:13.668+0000] {dag.py:4180} INFO - Setting next_dagrun for example_sla_dag to 2025-01-19 23:48:00+00:00, run_after=2025-01-19 23:50:00+00:00
[2025-01-19T23:51:13.717+0000] {processor.py:208} INFO - Processing /home/airflow/.local/lib/python3.12/site-packages/airflow/example_dags/example_sla_dag.py took 0.200 seconds
[2025-01-19T23:54:06.558+0000] {processor.py:186} INFO - Started process (PID=407) to work on /home/airflow/.local/lib/python3.12/site-packages/airflow/example_dags/example_sla_dag.py
[2025-01-19T23:54:06.560+0000] {processor.py:914} INFO - Processing file /home/airflow/.local/lib/python3.12/site-packages/airflow/example_dags/example_sla_dag.py for tasks to queue
[2025-01-19T23:54:06.563+0000] {logging_mixin.py:190} INFO - [2025-01-19T23:54:06.562+0000] {dagbag.py:588} INFO - Filling up the DagBag from /home/airflow/.local/lib/python3.12/site-packages/airflow/example_dags/example_sla_dag.py
[2025-01-19T23:54:06.584+0000] {processor.py:925} INFO - DAG(s) 'example_sla_dag' retrieved from /home/airflow/.local/lib/python3.12/site-packages/airflow/example_dags/example_sla_dag.py
[2025-01-19T23:54:06.626+0000] {logging_mixin.py:190} INFO - [2025-01-19T23:54:06.626+0000] {dag.py:3239} INFO - Sync 1 DAGs
[2025-01-19T23:54:06.680+0000] {logging_mixin.py:190} INFO - [2025-01-19T23:54:06.680+0000] {dag.py:4180} INFO - Setting next_dagrun for example_sla_dag to 2025-01-19 23:52:00+00:00, run_after=2025-01-19 23:54:00+00:00
[2025-01-19T23:54:06.725+0000] {processor.py:208} INFO - Processing /home/airflow/.local/lib/python3.12/site-packages/airflow/example_dags/example_sla_dag.py took 0.178 seconds
[2025-01-19T23:57:25.806+0000] {processor.py:186} INFO - Started process (PID=493) to work on /home/airflow/.local/lib/python3.12/site-packages/airflow/example_dags/example_sla_dag.py
[2025-01-19T23:57:25.809+0000] {processor.py:914} INFO - Processing file /home/airflow/.local/lib/python3.12/site-packages/airflow/example_dags/example_sla_dag.py for tasks to queue
[2025-01-19T23:57:25.812+0000] {logging_mixin.py:190} INFO - [2025-01-19T23:57:25.811+0000] {dagbag.py:588} INFO - Filling up the DagBag from /home/airflow/.local/lib/python3.12/site-packages/airflow/example_dags/example_sla_dag.py
[2025-01-19T23:57:25.837+0000] {processor.py:925} INFO - DAG(s) 'example_sla_dag' retrieved from /home/airflow/.local/lib/python3.12/site-packages/airflow/example_dags/example_sla_dag.py
[2025-01-19T23:57:25.875+0000] {logging_mixin.py:190} INFO - [2025-01-19T23:57:25.874+0000] {dag.py:3239} INFO - Sync 1 DAGs
[2025-01-19T23:57:25.926+0000] {logging_mixin.py:190} INFO - [2025-01-19T23:57:25.925+0000] {dag.py:4180} INFO - Setting next_dagrun for example_sla_dag to 2025-01-19 23:54:00+00:00, run_after=2025-01-19 23:56:00+00:00
[2025-01-19T23:57:25.965+0000] {processor.py:208} INFO - Processing /home/airflow/.local/lib/python3.12/site-packages/airflow/example_dags/example_sla_dag.py took 0.171 seconds
[2025-01-19T23:57:57.001+0000] {processor.py:186} INFO - Started process (PID=555) to work on /home/airflow/.local/lib/python3.12/site-packages/airflow/example_dags/example_sla_dag.py
[2025-01-19T23:57:57.003+0000] {processor.py:914} INFO - Processing file /home/airflow/.local/lib/python3.12/site-packages/airflow/example_dags/example_sla_dag.py for tasks to queue
[2025-01-19T23:57:57.004+0000] {logging_mixin.py:190} INFO - [2025-01-19T23:57:57.004+0000] {dagbag.py:588} INFO - Filling up the DagBag from /home/airflow/.local/lib/python3.12/site-packages/airflow/example_dags/example_sla_dag.py
[2025-01-19T23:57:57.014+0000] {processor.py:925} INFO - DAG(s) 'example_sla_dag' retrieved from /home/airflow/.local/lib/python3.12/site-packages/airflow/example_dags/example_sla_dag.py
[2025-01-19T23:57:57.040+0000] {logging_mixin.py:190} INFO - [2025-01-19T23:57:57.040+0000] {dag.py:3239} INFO - Sync 1 DAGs
[2025-01-19T23:57:57.070+0000] {logging_mixin.py:190} INFO - [2025-01-19T23:57:57.070+0000] {dag.py:4180} INFO - Setting next_dagrun for example_sla_dag to 2025-01-19 23:54:00+00:00, run_after=2025-01-19 23:56:00+00:00
[2025-01-19T23:57:57.095+0000] {processor.py:208} INFO - Processing /home/airflow/.local/lib/python3.12/site-packages/airflow/example_dags/example_sla_dag.py took 0.102 seconds
[2025-01-19T23:58:27.931+0000] {processor.py:186} INFO - Started process (PID=618) to work on /home/airflow/.local/lib/python3.12/site-packages/airflow/example_dags/example_sla_dag.py
[2025-01-19T23:58:27.932+0000] {processor.py:914} INFO - Processing file /home/airflow/.local/lib/python3.12/site-packages/airflow/example_dags/example_sla_dag.py for tasks to queue
[2025-01-19T23:58:27.934+0000] {logging_mixin.py:190} INFO - [2025-01-19T23:58:27.933+0000] {dagbag.py:588} INFO - Filling up the DagBag from /home/airflow/.local/lib/python3.12/site-packages/airflow/example_dags/example_sla_dag.py
[2025-01-19T23:58:27.943+0000] {processor.py:925} INFO - DAG(s) 'example_sla_dag' retrieved from /home/airflow/.local/lib/python3.12/site-packages/airflow/example_dags/example_sla_dag.py
[2025-01-19T23:58:27.963+0000] {logging_mixin.py:190} INFO - [2025-01-19T23:58:27.963+0000] {dag.py:3239} INFO - Sync 1 DAGs
[2025-01-19T23:58:27.985+0000] {logging_mixin.py:190} INFO - [2025-01-19T23:58:27.985+0000] {dag.py:4180} INFO - Setting next_dagrun for example_sla_dag to 2025-01-19 23:56:00+00:00, run_after=2025-01-19 23:58:00+00:00
[2025-01-19T23:58:28.005+0000] {processor.py:208} INFO - Processing /home/airflow/.local/lib/python3.12/site-packages/airflow/example_dags/example_sla_dag.py took 0.081 seconds
[2025-01-19T23:58:58.715+0000] {processor.py:186} INFO - Started process (PID=681) to work on /home/airflow/.local/lib/python3.12/site-packages/airflow/example_dags/example_sla_dag.py
[2025-01-19T23:58:58.718+0000] {processor.py:914} INFO - Processing file /home/airflow/.local/lib/python3.12/site-packages/airflow/example_dags/example_sla_dag.py for tasks to queue
[2025-01-19T23:58:58.721+0000] {logging_mixin.py:190} INFO - [2025-01-19T23:58:58.720+0000] {dagbag.py:588} INFO - Filling up the DagBag from /home/airflow/.local/lib/python3.12/site-packages/airflow/example_dags/example_sla_dag.py
[2025-01-19T23:58:58.742+0000] {processor.py:925} INFO - DAG(s) 'example_sla_dag' retrieved from /home/airflow/.local/lib/python3.12/site-packages/airflow/example_dags/example_sla_dag.py
[2025-01-19T23:58:58.784+0000] {logging_mixin.py:190} INFO - [2025-01-19T23:58:58.783+0000] {dag.py:3239} INFO - Sync 1 DAGs
[2025-01-19T23:58:58.836+0000] {logging_mixin.py:190} INFO - [2025-01-19T23:58:58.836+0000] {dag.py:4180} INFO - Setting next_dagrun for example_sla_dag to 2025-01-19 23:56:00+00:00, run_after=2025-01-19 23:58:00+00:00
[2025-01-19T23:58:58.871+0000] {processor.py:208} INFO - Processing /home/airflow/.local/lib/python3.12/site-packages/airflow/example_dags/example_sla_dag.py took 0.165 seconds
[2025-01-19T23:59:29.600+0000] {processor.py:186} INFO - Started process (PID=744) to work on /home/airflow/.local/lib/python3.12/site-packages/airflow/example_dags/example_sla_dag.py
[2025-01-19T23:59:29.602+0000] {processor.py:914} INFO - Processing file /home/airflow/.local/lib/python3.12/site-packages/airflow/example_dags/example_sla_dag.py for tasks to queue
[2025-01-19T23:59:29.603+0000] {logging_mixin.py:190} INFO - [2025-01-19T23:59:29.603+0000] {dagbag.py:588} INFO - Filling up the DagBag from /home/airflow/.local/lib/python3.12/site-packages/airflow/example_dags/example_sla_dag.py
[2025-01-19T23:59:29.614+0000] {processor.py:925} INFO - DAG(s) 'example_sla_dag' retrieved from /home/airflow/.local/lib/python3.12/site-packages/airflow/example_dags/example_sla_dag.py
[2025-01-19T23:59:29.630+0000] {logging_mixin.py:190} INFO - [2025-01-19T23:59:29.630+0000] {dag.py:3239} INFO - Sync 1 DAGs
[2025-01-19T23:59:29.652+0000] {logging_mixin.py:190} INFO - [2025-01-19T23:59:29.651+0000] {dag.py:4180} INFO - Setting next_dagrun for example_sla_dag to 2025-01-19 23:56:00+00:00, run_after=2025-01-19 23:58:00+00:00
[2025-01-19T23:59:29.669+0000] {processor.py:208} INFO - Processing /home/airflow/.local/lib/python3.12/site-packages/airflow/example_dags/example_sla_dag.py took 0.074 seconds
