[2025-01-19T23:39:12.083+0000] {processor.py:186} INFO - Started process (PID=123) to work on /home/airflow/.local/lib/python3.12/site-packages/airflow/example_dags/example_bash_operator.py
[2025-01-19T23:39:12.084+0000] {processor.py:914} INFO - Processing file /home/airflow/.local/lib/python3.12/site-packages/airflow/example_dags/example_bash_operator.py for tasks to queue
[2025-01-19T23:39:12.086+0000] {logging_mixin.py:190} INFO - [2025-01-19T23:39:12.086+0000] {dagbag.py:588} INFO - Filling up the DagBag from /home/airflow/.local/lib/python3.12/site-packages/airflow/example_dags/example_bash_operator.py
[2025-01-19T23:39:12.104+0000] {processor.py:925} INFO - DAG(s) 'example_bash_operator' retrieved from /home/airflow/.local/lib/python3.12/site-packages/airflow/example_dags/example_bash_operator.py
[2025-01-19T23:39:12.137+0000] {logging_mixin.py:190} INFO - [2025-01-19T23:39:12.137+0000] {dag.py:3239} INFO - Sync 1 DAGs
[2025-01-19T23:39:12.166+0000] {logging_mixin.py:190} INFO - [2025-01-19T23:39:12.166+0000] {dag.py:4180} INFO - Setting next_dagrun for example_bash_operator to 2025-01-18 00:00:00+00:00, run_after=2025-01-19 00:00:00+00:00
[2025-01-19T23:39:12.190+0000] {processor.py:208} INFO - Processing /home/airflow/.local/lib/python3.12/site-packages/airflow/example_dags/example_bash_operator.py took 0.113 seconds
[2025-01-19T23:39:43.373+0000] {processor.py:186} INFO - Started process (PID=186) to work on /home/airflow/.local/lib/python3.12/site-packages/airflow/example_dags/example_bash_operator.py
[2025-01-19T23:39:43.374+0000] {processor.py:914} INFO - Processing file /home/airflow/.local/lib/python3.12/site-packages/airflow/example_dags/example_bash_operator.py for tasks to queue
[2025-01-19T23:39:43.376+0000] {logging_mixin.py:190} INFO - [2025-01-19T23:39:43.376+0000] {dagbag.py:588} INFO - Filling up the DagBag from /home/airflow/.local/lib/python3.12/site-packages/airflow/example_dags/example_bash_operator.py
[2025-01-19T23:39:43.388+0000] {processor.py:925} INFO - DAG(s) 'example_bash_operator' retrieved from /home/airflow/.local/lib/python3.12/site-packages/airflow/example_dags/example_bash_operator.py
[2025-01-19T23:39:43.409+0000] {logging_mixin.py:190} INFO - [2025-01-19T23:39:43.409+0000] {dag.py:3239} INFO - Sync 1 DAGs
[2025-01-19T23:39:43.427+0000] {logging_mixin.py:190} INFO - [2025-01-19T23:39:43.426+0000] {dag.py:4180} INFO - Setting next_dagrun for example_bash_operator to 2025-01-18 00:00:00+00:00, run_after=2025-01-19 00:00:00+00:00
[2025-01-19T23:39:43.442+0000] {processor.py:208} INFO - Processing /home/airflow/.local/lib/python3.12/site-packages/airflow/example_dags/example_bash_operator.py took 0.074 seconds
[2025-01-19T23:40:14.711+0000] {processor.py:186} INFO - Started process (PID=249) to work on /home/airflow/.local/lib/python3.12/site-packages/airflow/example_dags/example_bash_operator.py
[2025-01-19T23:40:14.712+0000] {processor.py:914} INFO - Processing file /home/airflow/.local/lib/python3.12/site-packages/airflow/example_dags/example_bash_operator.py for tasks to queue
[2025-01-19T23:40:14.714+0000] {logging_mixin.py:190} INFO - [2025-01-19T23:40:14.714+0000] {dagbag.py:588} INFO - Filling up the DagBag from /home/airflow/.local/lib/python3.12/site-packages/airflow/example_dags/example_bash_operator.py
[2025-01-19T23:40:14.724+0000] {processor.py:925} INFO - DAG(s) 'example_bash_operator' retrieved from /home/airflow/.local/lib/python3.12/site-packages/airflow/example_dags/example_bash_operator.py
[2025-01-19T23:40:14.742+0000] {logging_mixin.py:190} INFO - [2025-01-19T23:40:14.742+0000] {dag.py:3239} INFO - Sync 1 DAGs
[2025-01-19T23:40:14.757+0000] {logging_mixin.py:190} INFO - [2025-01-19T23:40:14.757+0000] {dag.py:4180} INFO - Setting next_dagrun for example_bash_operator to 2025-01-18 00:00:00+00:00, run_after=2025-01-19 00:00:00+00:00
[2025-01-19T23:40:14.769+0000] {processor.py:208} INFO - Processing /home/airflow/.local/lib/python3.12/site-packages/airflow/example_dags/example_bash_operator.py took 0.062 seconds
[2025-01-19T23:40:47.021+0000] {processor.py:186} INFO - Started process (PID=312) to work on /home/airflow/.local/lib/python3.12/site-packages/airflow/example_dags/example_bash_operator.py
[2025-01-19T23:40:47.022+0000] {processor.py:914} INFO - Processing file /home/airflow/.local/lib/python3.12/site-packages/airflow/example_dags/example_bash_operator.py for tasks to queue
[2025-01-19T23:40:47.023+0000] {logging_mixin.py:190} INFO - [2025-01-19T23:40:47.023+0000] {dagbag.py:588} INFO - Filling up the DagBag from /home/airflow/.local/lib/python3.12/site-packages/airflow/example_dags/example_bash_operator.py
[2025-01-19T23:40:47.035+0000] {processor.py:925} INFO - DAG(s) 'example_bash_operator' retrieved from /home/airflow/.local/lib/python3.12/site-packages/airflow/example_dags/example_bash_operator.py
[2025-01-19T23:40:47.057+0000] {logging_mixin.py:190} INFO - [2025-01-19T23:40:47.057+0000] {dag.py:3239} INFO - Sync 1 DAGs
[2025-01-19T23:40:47.077+0000] {logging_mixin.py:190} INFO - [2025-01-19T23:40:47.076+0000] {dag.py:4180} INFO - Setting next_dagrun for example_bash_operator to 2025-01-18 00:00:00+00:00, run_after=2025-01-19 00:00:00+00:00
[2025-01-19T23:40:47.093+0000] {processor.py:208} INFO - Processing /home/airflow/.local/lib/python3.12/site-packages/airflow/example_dags/example_bash_operator.py took 0.077 seconds
[2025-01-19T23:41:18.466+0000] {processor.py:186} INFO - Started process (PID=375) to work on /home/airflow/.local/lib/python3.12/site-packages/airflow/example_dags/example_bash_operator.py
[2025-01-19T23:41:18.469+0000] {processor.py:914} INFO - Processing file /home/airflow/.local/lib/python3.12/site-packages/airflow/example_dags/example_bash_operator.py for tasks to queue
[2025-01-19T23:41:18.471+0000] {logging_mixin.py:190} INFO - [2025-01-19T23:41:18.470+0000] {dagbag.py:588} INFO - Filling up the DagBag from /home/airflow/.local/lib/python3.12/site-packages/airflow/example_dags/example_bash_operator.py
[2025-01-19T23:41:18.481+0000] {processor.py:925} INFO - DAG(s) 'example_bash_operator' retrieved from /home/airflow/.local/lib/python3.12/site-packages/airflow/example_dags/example_bash_operator.py
[2025-01-19T23:41:18.504+0000] {logging_mixin.py:190} INFO - [2025-01-19T23:41:18.503+0000] {dag.py:3239} INFO - Sync 1 DAGs
[2025-01-19T23:41:18.523+0000] {logging_mixin.py:190} INFO - [2025-01-19T23:41:18.523+0000] {dag.py:4180} INFO - Setting next_dagrun for example_bash_operator to 2025-01-18 00:00:00+00:00, run_after=2025-01-19 00:00:00+00:00
[2025-01-19T23:41:18.539+0000] {processor.py:208} INFO - Processing /home/airflow/.local/lib/python3.12/site-packages/airflow/example_dags/example_bash_operator.py took 0.079 seconds
[2025-01-19T23:41:50.289+0000] {processor.py:186} INFO - Started process (PID=444) to work on /home/airflow/.local/lib/python3.12/site-packages/airflow/example_dags/example_bash_operator.py
[2025-01-19T23:41:50.290+0000] {processor.py:914} INFO - Processing file /home/airflow/.local/lib/python3.12/site-packages/airflow/example_dags/example_bash_operator.py for tasks to queue
[2025-01-19T23:41:50.292+0000] {logging_mixin.py:190} INFO - [2025-01-19T23:41:50.292+0000] {dagbag.py:588} INFO - Filling up the DagBag from /home/airflow/.local/lib/python3.12/site-packages/airflow/example_dags/example_bash_operator.py
[2025-01-19T23:41:50.303+0000] {processor.py:925} INFO - DAG(s) 'example_bash_operator' retrieved from /home/airflow/.local/lib/python3.12/site-packages/airflow/example_dags/example_bash_operator.py
[2025-01-19T23:41:50.324+0000] {logging_mixin.py:190} INFO - [2025-01-19T23:41:50.323+0000] {dag.py:3239} INFO - Sync 1 DAGs
[2025-01-19T23:41:50.344+0000] {logging_mixin.py:190} INFO - [2025-01-19T23:41:50.344+0000] {dag.py:4180} INFO - Setting next_dagrun for example_bash_operator to 2025-01-18 00:00:00+00:00, run_after=2025-01-19 00:00:00+00:00
[2025-01-19T23:41:50.359+0000] {processor.py:208} INFO - Processing /home/airflow/.local/lib/python3.12/site-packages/airflow/example_dags/example_bash_operator.py took 0.074 seconds
[2025-01-19T23:47:13.215+0000] {processor.py:186} INFO - Started process (PID=129) to work on /home/airflow/.local/lib/python3.12/site-packages/airflow/example_dags/example_bash_operator.py
[2025-01-19T23:47:13.217+0000] {processor.py:914} INFO - Processing file /home/airflow/.local/lib/python3.12/site-packages/airflow/example_dags/example_bash_operator.py for tasks to queue
[2025-01-19T23:47:13.220+0000] {logging_mixin.py:190} INFO - [2025-01-19T23:47:13.220+0000] {dagbag.py:588} INFO - Filling up the DagBag from /home/airflow/.local/lib/python3.12/site-packages/airflow/example_dags/example_bash_operator.py
[2025-01-19T23:47:13.239+0000] {processor.py:925} INFO - DAG(s) 'example_bash_operator' retrieved from /home/airflow/.local/lib/python3.12/site-packages/airflow/example_dags/example_bash_operator.py
[2025-01-19T23:47:13.282+0000] {logging_mixin.py:190} INFO - [2025-01-19T23:47:13.281+0000] {dag.py:3239} INFO - Sync 1 DAGs
[2025-01-19T23:47:13.316+0000] {logging_mixin.py:190} INFO - [2025-01-19T23:47:13.316+0000] {dag.py:4180} INFO - Setting next_dagrun for example_bash_operator to 2025-01-18 00:00:00+00:00, run_after=2025-01-19 00:00:00+00:00
[2025-01-19T23:47:13.350+0000] {processor.py:208} INFO - Processing /home/airflow/.local/lib/python3.12/site-packages/airflow/example_dags/example_bash_operator.py took 0.143 seconds
[2025-01-19T23:50:10.355+0000] {processor.py:186} INFO - Started process (PID=230) to work on /home/airflow/.local/lib/python3.12/site-packages/airflow/example_dags/example_bash_operator.py
[2025-01-19T23:50:10.357+0000] {processor.py:914} INFO - Processing file /home/airflow/.local/lib/python3.12/site-packages/airflow/example_dags/example_bash_operator.py for tasks to queue
[2025-01-19T23:50:10.359+0000] {logging_mixin.py:190} INFO - [2025-01-19T23:50:10.359+0000] {dagbag.py:588} INFO - Filling up the DagBag from /home/airflow/.local/lib/python3.12/site-packages/airflow/example_dags/example_bash_operator.py
[2025-01-19T23:50:10.375+0000] {processor.py:925} INFO - DAG(s) 'example_bash_operator' retrieved from /home/airflow/.local/lib/python3.12/site-packages/airflow/example_dags/example_bash_operator.py
[2025-01-19T23:50:10.407+0000] {logging_mixin.py:190} INFO - [2025-01-19T23:50:10.407+0000] {dag.py:3239} INFO - Sync 1 DAGs
[2025-01-19T23:50:10.434+0000] {logging_mixin.py:190} INFO - [2025-01-19T23:50:10.434+0000] {dag.py:4180} INFO - Setting next_dagrun for example_bash_operator to 2025-01-18 00:00:00+00:00, run_after=2025-01-19 00:00:00+00:00
[2025-01-19T23:50:10.459+0000] {processor.py:208} INFO - Processing /home/airflow/.local/lib/python3.12/site-packages/airflow/example_dags/example_bash_operator.py took 0.111 seconds
[2025-01-19T23:50:40.777+0000] {processor.py:186} INFO - Started process (PID=295) to work on /home/airflow/.local/lib/python3.12/site-packages/airflow/example_dags/example_bash_operator.py
[2025-01-19T23:50:40.777+0000] {processor.py:914} INFO - Processing file /home/airflow/.local/lib/python3.12/site-packages/airflow/example_dags/example_bash_operator.py for tasks to queue
[2025-01-19T23:50:40.779+0000] {logging_mixin.py:190} INFO - [2025-01-19T23:50:40.779+0000] {dagbag.py:588} INFO - Filling up the DagBag from /home/airflow/.local/lib/python3.12/site-packages/airflow/example_dags/example_bash_operator.py
[2025-01-19T23:50:40.796+0000] {processor.py:925} INFO - DAG(s) 'example_bash_operator' retrieved from /home/airflow/.local/lib/python3.12/site-packages/airflow/example_dags/example_bash_operator.py
[2025-01-19T23:50:40.828+0000] {logging_mixin.py:190} INFO - [2025-01-19T23:50:40.828+0000] {dag.py:3239} INFO - Sync 1 DAGs
[2025-01-19T23:50:40.853+0000] {logging_mixin.py:190} INFO - [2025-01-19T23:50:40.852+0000] {dag.py:4180} INFO - Setting next_dagrun for example_bash_operator to 2025-01-18 00:00:00+00:00, run_after=2025-01-19 00:00:00+00:00
[2025-01-19T23:50:40.876+0000] {processor.py:208} INFO - Processing /home/airflow/.local/lib/python3.12/site-packages/airflow/example_dags/example_bash_operator.py took 0.106 seconds
[2025-01-19T23:51:15.424+0000] {processor.py:186} INFO - Started process (PID=358) to work on /home/airflow/.local/lib/python3.12/site-packages/airflow/example_dags/example_bash_operator.py
[2025-01-19T23:51:15.426+0000] {processor.py:914} INFO - Processing file /home/airflow/.local/lib/python3.12/site-packages/airflow/example_dags/example_bash_operator.py for tasks to queue
[2025-01-19T23:51:15.429+0000] {logging_mixin.py:190} INFO - [2025-01-19T23:51:15.429+0000] {dagbag.py:588} INFO - Filling up the DagBag from /home/airflow/.local/lib/python3.12/site-packages/airflow/example_dags/example_bash_operator.py
[2025-01-19T23:51:15.449+0000] {processor.py:925} INFO - DAG(s) 'example_bash_operator' retrieved from /home/airflow/.local/lib/python3.12/site-packages/airflow/example_dags/example_bash_operator.py
[2025-01-19T23:51:15.490+0000] {logging_mixin.py:190} INFO - [2025-01-19T23:51:15.490+0000] {dag.py:3239} INFO - Sync 1 DAGs
[2025-01-19T23:51:15.526+0000] {logging_mixin.py:190} INFO - [2025-01-19T23:51:15.525+0000] {dag.py:4180} INFO - Setting next_dagrun for example_bash_operator to 2025-01-18 00:00:00+00:00, run_after=2025-01-19 00:00:00+00:00
[2025-01-19T23:51:15.557+0000] {processor.py:208} INFO - Processing /home/airflow/.local/lib/python3.12/site-packages/airflow/example_dags/example_bash_operator.py took 0.142 seconds
[2025-01-19T23:57:18.124+0000] {processor.py:186} INFO - Started process (PID=459) to work on /home/airflow/.local/lib/python3.12/site-packages/airflow/example_dags/example_bash_operator.py
[2025-01-19T23:57:18.127+0000] {processor.py:914} INFO - Processing file /home/airflow/.local/lib/python3.12/site-packages/airflow/example_dags/example_bash_operator.py for tasks to queue
[2025-01-19T23:57:18.130+0000] {logging_mixin.py:190} INFO - [2025-01-19T23:57:18.129+0000] {dagbag.py:588} INFO - Filling up the DagBag from /home/airflow/.local/lib/python3.12/site-packages/airflow/example_dags/example_bash_operator.py
[2025-01-19T23:57:18.166+0000] {processor.py:925} INFO - DAG(s) 'example_bash_operator' retrieved from /home/airflow/.local/lib/python3.12/site-packages/airflow/example_dags/example_bash_operator.py
[2025-01-19T23:57:18.253+0000] {logging_mixin.py:190} INFO - [2025-01-19T23:57:18.252+0000] {dag.py:3239} INFO - Sync 1 DAGs
[2025-01-19T23:57:18.323+0000] {logging_mixin.py:190} INFO - [2025-01-19T23:57:18.322+0000] {dag.py:4180} INFO - Setting next_dagrun for example_bash_operator to 2025-01-18 00:00:00+00:00, run_after=2025-01-19 00:00:00+00:00
[2025-01-19T23:57:18.375+0000] {processor.py:208} INFO - Processing /home/airflow/.local/lib/python3.12/site-packages/airflow/example_dags/example_bash_operator.py took 0.263 seconds
[2025-01-19T23:57:49.185+0000] {processor.py:186} INFO - Started process (PID=521) to work on /home/airflow/.local/lib/python3.12/site-packages/airflow/example_dags/example_bash_operator.py
[2025-01-19T23:57:49.186+0000] {processor.py:914} INFO - Processing file /home/airflow/.local/lib/python3.12/site-packages/airflow/example_dags/example_bash_operator.py for tasks to queue
[2025-01-19T23:57:49.189+0000] {logging_mixin.py:190} INFO - [2025-01-19T23:57:49.188+0000] {dagbag.py:588} INFO - Filling up the DagBag from /home/airflow/.local/lib/python3.12/site-packages/airflow/example_dags/example_bash_operator.py
[2025-01-19T23:57:49.206+0000] {processor.py:925} INFO - DAG(s) 'example_bash_operator' retrieved from /home/airflow/.local/lib/python3.12/site-packages/airflow/example_dags/example_bash_operator.py
[2025-01-19T23:57:49.235+0000] {logging_mixin.py:190} INFO - [2025-01-19T23:57:49.235+0000] {dag.py:3239} INFO - Sync 1 DAGs
[2025-01-19T23:57:49.261+0000] {logging_mixin.py:190} INFO - [2025-01-19T23:57:49.261+0000] {dag.py:4180} INFO - Setting next_dagrun for example_bash_operator to 2025-01-18 00:00:00+00:00, run_after=2025-01-19 00:00:00+00:00
[2025-01-19T23:57:49.282+0000] {processor.py:208} INFO - Processing /home/airflow/.local/lib/python3.12/site-packages/airflow/example_dags/example_bash_operator.py took 0.103 seconds
[2025-01-19T23:58:19.913+0000] {processor.py:186} INFO - Started process (PID=584) to work on /home/airflow/.local/lib/python3.12/site-packages/airflow/example_dags/example_bash_operator.py
[2025-01-19T23:58:19.921+0000] {processor.py:914} INFO - Processing file /home/airflow/.local/lib/python3.12/site-packages/airflow/example_dags/example_bash_operator.py for tasks to queue
[2025-01-19T23:58:19.921+0000] {logging_mixin.py:190} INFO - [2025-01-19T23:58:19.921+0000] {dagbag.py:588} INFO - Filling up the DagBag from /home/airflow/.local/lib/python3.12/site-packages/airflow/example_dags/example_bash_operator.py
[2025-01-19T23:58:19.934+0000] {processor.py:925} INFO - DAG(s) 'example_bash_operator' retrieved from /home/airflow/.local/lib/python3.12/site-packages/airflow/example_dags/example_bash_operator.py
[2025-01-19T23:58:19.978+0000] {logging_mixin.py:190} INFO - [2025-01-19T23:58:19.978+0000] {dag.py:3239} INFO - Sync 1 DAGs
[2025-01-19T23:58:19.998+0000] {logging_mixin.py:190} INFO - [2025-01-19T23:58:19.998+0000] {dag.py:4180} INFO - Setting next_dagrun for example_bash_operator to 2025-01-18 00:00:00+00:00, run_after=2025-01-19 00:00:00+00:00
[2025-01-19T23:58:20.017+0000] {processor.py:208} INFO - Processing /home/airflow/.local/lib/python3.12/site-packages/airflow/example_dags/example_bash_operator.py took 0.110 seconds
[2025-01-19T23:58:50.734+0000] {processor.py:186} INFO - Started process (PID=647) to work on /home/airflow/.local/lib/python3.12/site-packages/airflow/example_dags/example_bash_operator.py
[2025-01-19T23:58:50.736+0000] {processor.py:914} INFO - Processing file /home/airflow/.local/lib/python3.12/site-packages/airflow/example_dags/example_bash_operator.py for tasks to queue
[2025-01-19T23:58:50.737+0000] {logging_mixin.py:190} INFO - [2025-01-19T23:58:50.737+0000] {dagbag.py:588} INFO - Filling up the DagBag from /home/airflow/.local/lib/python3.12/site-packages/airflow/example_dags/example_bash_operator.py
[2025-01-19T23:58:50.748+0000] {processor.py:925} INFO - DAG(s) 'example_bash_operator' retrieved from /home/airflow/.local/lib/python3.12/site-packages/airflow/example_dags/example_bash_operator.py
[2025-01-19T23:58:50.773+0000] {logging_mixin.py:190} INFO - [2025-01-19T23:58:50.773+0000] {dag.py:3239} INFO - Sync 1 DAGs
[2025-01-19T23:58:50.805+0000] {logging_mixin.py:190} INFO - [2025-01-19T23:58:50.804+0000] {dag.py:4180} INFO - Setting next_dagrun for example_bash_operator to 2025-01-18 00:00:00+00:00, run_after=2025-01-19 00:00:00+00:00
[2025-01-19T23:58:50.943+0000] {processor.py:208} INFO - Processing /home/airflow/.local/lib/python3.12/site-packages/airflow/example_dags/example_bash_operator.py took 0.214 seconds
[2025-01-19T23:59:22.420+0000] {processor.py:186} INFO - Started process (PID=710) to work on /home/airflow/.local/lib/python3.12/site-packages/airflow/example_dags/example_bash_operator.py
[2025-01-19T23:59:22.422+0000] {processor.py:914} INFO - Processing file /home/airflow/.local/lib/python3.12/site-packages/airflow/example_dags/example_bash_operator.py for tasks to queue
[2025-01-19T23:59:22.423+0000] {logging_mixin.py:190} INFO - [2025-01-19T23:59:22.423+0000] {dagbag.py:588} INFO - Filling up the DagBag from /home/airflow/.local/lib/python3.12/site-packages/airflow/example_dags/example_bash_operator.py
[2025-01-19T23:59:22.441+0000] {processor.py:925} INFO - DAG(s) 'example_bash_operator' retrieved from /home/airflow/.local/lib/python3.12/site-packages/airflow/example_dags/example_bash_operator.py
[2025-01-19T23:59:22.475+0000] {logging_mixin.py:190} INFO - [2025-01-19T23:59:22.475+0000] {dag.py:3239} INFO - Sync 1 DAGs
[2025-01-19T23:59:22.518+0000] {logging_mixin.py:190} INFO - [2025-01-19T23:59:22.518+0000] {dag.py:4180} INFO - Setting next_dagrun for example_bash_operator to 2025-01-18 00:00:00+00:00, run_after=2025-01-19 00:00:00+00:00
[2025-01-19T23:59:22.554+0000] {processor.py:208} INFO - Processing /home/airflow/.local/lib/python3.12/site-packages/airflow/example_dags/example_bash_operator.py took 0.142 seconds
[2025-01-19T23:59:53.891+0000] {processor.py:186} INFO - Started process (PID=773) to work on /home/airflow/.local/lib/python3.12/site-packages/airflow/example_dags/example_bash_operator.py
[2025-01-19T23:59:53.892+0000] {processor.py:914} INFO - Processing file /home/airflow/.local/lib/python3.12/site-packages/airflow/example_dags/example_bash_operator.py for tasks to queue
[2025-01-19T23:59:53.893+0000] {logging_mixin.py:190} INFO - [2025-01-19T23:59:53.893+0000] {dagbag.py:588} INFO - Filling up the DagBag from /home/airflow/.local/lib/python3.12/site-packages/airflow/example_dags/example_bash_operator.py
[2025-01-19T23:59:53.910+0000] {processor.py:925} INFO - DAG(s) 'example_bash_operator' retrieved from /home/airflow/.local/lib/python3.12/site-packages/airflow/example_dags/example_bash_operator.py
[2025-01-19T23:59:53.934+0000] {logging_mixin.py:190} INFO - [2025-01-19T23:59:53.934+0000] {dag.py:3239} INFO - Sync 1 DAGs
[2025-01-19T23:59:53.955+0000] {logging_mixin.py:190} INFO - [2025-01-19T23:59:53.955+0000] {dag.py:4180} INFO - Setting next_dagrun for example_bash_operator to 2025-01-18 00:00:00+00:00, run_after=2025-01-19 00:00:00+00:00
[2025-01-19T23:59:53.972+0000] {processor.py:208} INFO - Processing /home/airflow/.local/lib/python3.12/site-packages/airflow/example_dags/example_bash_operator.py took 0.088 seconds
