[2025-01-19T23:38:54.204+0000] {processor.py:186} INFO - Started process (PID=83) to work on /home/airflow/.local/lib/python3.12/site-packages/airflow/example_dags/example_subdag_operator.py
[2025-01-19T23:38:54.205+0000] {processor.py:914} INFO - Processing file /home/airflow/.local/lib/python3.12/site-packages/airflow/example_dags/example_subdag_operator.py for tasks to queue
[2025-01-19T23:38:54.209+0000] {logging_mixin.py:190} INFO - [2025-01-19T23:38:54.208+0000] {dagbag.py:588} INFO - Filling up the DagBag from /home/airflow/.local/lib/python3.12/site-packages/airflow/example_dags/example_subdag_operator.py
[2025-01-19T23:38:54.879+0000] {processor.py:925} INFO - DAG(s) 'example_subdag_operator.section-1', 'example_subdag_operator.section-2', 'example_subdag_operator' retrieved from /home/airflow/.local/lib/python3.12/site-packages/airflow/example_dags/example_subdag_operator.py
[2025-01-19T23:38:54.904+0000] {logging_mixin.py:190} INFO - [2025-01-19T23:38:54.904+0000] {dag.py:3239} INFO - Sync 3 DAGs
[2025-01-19T23:38:55.623+0000] {logging_mixin.py:190} INFO - [2025-01-19T23:38:55.623+0000] {dag.py:4180} INFO - Setting next_dagrun for example_subdag_operator to 2022-01-01 00:00:00+00:00, run_after=2022-01-01 00:00:00+00:00
[2025-01-19T23:38:56.012+0000] {logging_mixin.py:190} INFO - [2025-01-19T23:38:56.011+0000] {dag.py:4180} INFO - Setting next_dagrun for example_subdag_operator.section-1 to None, run_after=None
[2025-01-19T23:38:56.013+0000] {logging_mixin.py:190} INFO - [2025-01-19T23:38:56.013+0000] {dag.py:4180} INFO - Setting next_dagrun for example_subdag_operator.section-2 to None, run_after=None
[2025-01-19T23:38:56.132+0000] {logging_mixin.py:190} INFO - [2025-01-19T23:38:56.132+0000] {dag.py:3239} INFO - Sync 2 DAGs
[2025-01-19T23:38:56.138+0000] {logging_mixin.py:190} INFO - [2025-01-19T23:38:56.138+0000] {dag.py:4180} INFO - Setting next_dagrun for example_subdag_operator.section-1 to None, run_after=None
[2025-01-19T23:38:56.138+0000] {logging_mixin.py:190} INFO - [2025-01-19T23:38:56.138+0000] {dag.py:4180} INFO - Setting next_dagrun for example_subdag_operator.section-2 to None, run_after=None
[2025-01-19T23:38:56.252+0000] {processor.py:208} INFO - Processing /home/airflow/.local/lib/python3.12/site-packages/airflow/example_dags/example_subdag_operator.py took 2.056 seconds
[2025-01-19T23:39:26.986+0000] {processor.py:186} INFO - Started process (PID=145) to work on /home/airflow/.local/lib/python3.12/site-packages/airflow/example_dags/example_subdag_operator.py
[2025-01-19T23:39:26.987+0000] {processor.py:914} INFO - Processing file /home/airflow/.local/lib/python3.12/site-packages/airflow/example_dags/example_subdag_operator.py for tasks to queue
[2025-01-19T23:39:26.989+0000] {logging_mixin.py:190} INFO - [2025-01-19T23:39:26.989+0000] {dagbag.py:588} INFO - Filling up the DagBag from /home/airflow/.local/lib/python3.12/site-packages/airflow/example_dags/example_subdag_operator.py
[2025-01-19T23:39:27.010+0000] {processor.py:925} INFO - DAG(s) 'example_subdag_operator.section-1', 'example_subdag_operator.section-2', 'example_subdag_operator' retrieved from /home/airflow/.local/lib/python3.12/site-packages/airflow/example_dags/example_subdag_operator.py
[2025-01-19T23:39:27.020+0000] {logging_mixin.py:190} INFO - [2025-01-19T23:39:27.020+0000] {dag.py:3239} INFO - Sync 3 DAGs
[2025-01-19T23:39:27.034+0000] {logging_mixin.py:190} INFO - [2025-01-19T23:39:27.034+0000] {dag.py:4180} INFO - Setting next_dagrun for example_subdag_operator to 2022-01-01 00:00:00+00:00, run_after=2022-01-01 00:00:00+00:00
[2025-01-19T23:39:27.037+0000] {logging_mixin.py:190} INFO - [2025-01-19T23:39:27.037+0000] {dag.py:4180} INFO - Setting next_dagrun for example_subdag_operator.section-1 to None, run_after=None
[2025-01-19T23:39:27.038+0000] {logging_mixin.py:190} INFO - [2025-01-19T23:39:27.037+0000] {dag.py:4180} INFO - Setting next_dagrun for example_subdag_operator.section-2 to None, run_after=None
[2025-01-19T23:39:27.042+0000] {logging_mixin.py:190} INFO - [2025-01-19T23:39:27.042+0000] {dag.py:3239} INFO - Sync 2 DAGs
[2025-01-19T23:39:27.046+0000] {logging_mixin.py:190} INFO - [2025-01-19T23:39:27.046+0000] {dag.py:4180} INFO - Setting next_dagrun for example_subdag_operator.section-1 to None, run_after=None
[2025-01-19T23:39:27.046+0000] {logging_mixin.py:190} INFO - [2025-01-19T23:39:27.046+0000] {dag.py:4180} INFO - Setting next_dagrun for example_subdag_operator.section-2 to None, run_after=None
[2025-01-19T23:39:27.055+0000] {processor.py:208} INFO - Processing /home/airflow/.local/lib/python3.12/site-packages/airflow/example_dags/example_subdag_operator.py took 0.073 seconds
[2025-01-19T23:39:57.388+0000] {processor.py:186} INFO - Started process (PID=208) to work on /home/airflow/.local/lib/python3.12/site-packages/airflow/example_dags/example_subdag_operator.py
[2025-01-19T23:39:57.390+0000] {processor.py:914} INFO - Processing file /home/airflow/.local/lib/python3.12/site-packages/airflow/example_dags/example_subdag_operator.py for tasks to queue
[2025-01-19T23:39:57.393+0000] {logging_mixin.py:190} INFO - [2025-01-19T23:39:57.392+0000] {dagbag.py:588} INFO - Filling up the DagBag from /home/airflow/.local/lib/python3.12/site-packages/airflow/example_dags/example_subdag_operator.py
[2025-01-19T23:39:57.446+0000] {processor.py:925} INFO - DAG(s) 'example_subdag_operator.section-1', 'example_subdag_operator.section-2', 'example_subdag_operator' retrieved from /home/airflow/.local/lib/python3.12/site-packages/airflow/example_dags/example_subdag_operator.py
[2025-01-19T23:39:57.461+0000] {logging_mixin.py:190} INFO - [2025-01-19T23:39:57.460+0000] {dag.py:3239} INFO - Sync 3 DAGs
[2025-01-19T23:39:57.484+0000] {logging_mixin.py:190} INFO - [2025-01-19T23:39:57.484+0000] {dag.py:4180} INFO - Setting next_dagrun for example_subdag_operator to 2022-01-01 00:00:00+00:00, run_after=2022-01-01 00:00:00+00:00
[2025-01-19T23:39:57.489+0000] {logging_mixin.py:190} INFO - [2025-01-19T23:39:57.488+0000] {dag.py:4180} INFO - Setting next_dagrun for example_subdag_operator.section-1 to None, run_after=None
[2025-01-19T23:39:57.490+0000] {logging_mixin.py:190} INFO - [2025-01-19T23:39:57.490+0000] {dag.py:4180} INFO - Setting next_dagrun for example_subdag_operator.section-2 to None, run_after=None
[2025-01-19T23:39:57.497+0000] {logging_mixin.py:190} INFO - [2025-01-19T23:39:57.497+0000] {dag.py:3239} INFO - Sync 2 DAGs
[2025-01-19T23:39:57.502+0000] {logging_mixin.py:190} INFO - [2025-01-19T23:39:57.502+0000] {dag.py:4180} INFO - Setting next_dagrun for example_subdag_operator.section-1 to None, run_after=None
[2025-01-19T23:39:57.502+0000] {logging_mixin.py:190} INFO - [2025-01-19T23:39:57.502+0000] {dag.py:4180} INFO - Setting next_dagrun for example_subdag_operator.section-2 to None, run_after=None
[2025-01-19T23:39:57.516+0000] {processor.py:208} INFO - Processing /home/airflow/.local/lib/python3.12/site-packages/airflow/example_dags/example_subdag_operator.py took 0.134 seconds
[2025-01-19T23:40:28.055+0000] {processor.py:186} INFO - Started process (PID=271) to work on /home/airflow/.local/lib/python3.12/site-packages/airflow/example_dags/example_subdag_operator.py
[2025-01-19T23:40:28.056+0000] {processor.py:914} INFO - Processing file /home/airflow/.local/lib/python3.12/site-packages/airflow/example_dags/example_subdag_operator.py for tasks to queue
[2025-01-19T23:40:28.059+0000] {logging_mixin.py:190} INFO - [2025-01-19T23:40:28.058+0000] {dagbag.py:588} INFO - Filling up the DagBag from /home/airflow/.local/lib/python3.12/site-packages/airflow/example_dags/example_subdag_operator.py
[2025-01-19T23:40:28.086+0000] {processor.py:925} INFO - DAG(s) 'example_subdag_operator.section-1', 'example_subdag_operator.section-2', 'example_subdag_operator' retrieved from /home/airflow/.local/lib/python3.12/site-packages/airflow/example_dags/example_subdag_operator.py
[2025-01-19T23:40:28.098+0000] {logging_mixin.py:190} INFO - [2025-01-19T23:40:28.098+0000] {dag.py:3239} INFO - Sync 3 DAGs
[2025-01-19T23:40:28.118+0000] {logging_mixin.py:190} INFO - [2025-01-19T23:40:28.118+0000] {dag.py:4180} INFO - Setting next_dagrun for example_subdag_operator to 2022-01-01 00:00:00+00:00, run_after=2022-01-01 00:00:00+00:00
[2025-01-19T23:40:28.124+0000] {logging_mixin.py:190} INFO - [2025-01-19T23:40:28.123+0000] {dag.py:4180} INFO - Setting next_dagrun for example_subdag_operator.section-1 to None, run_after=None
[2025-01-19T23:40:28.125+0000] {logging_mixin.py:190} INFO - [2025-01-19T23:40:28.125+0000] {dag.py:4180} INFO - Setting next_dagrun for example_subdag_operator.section-2 to None, run_after=None
[2025-01-19T23:40:28.131+0000] {logging_mixin.py:190} INFO - [2025-01-19T23:40:28.131+0000] {dag.py:3239} INFO - Sync 2 DAGs
[2025-01-19T23:40:28.136+0000] {logging_mixin.py:190} INFO - [2025-01-19T23:40:28.135+0000] {dag.py:4180} INFO - Setting next_dagrun for example_subdag_operator.section-1 to None, run_after=None
[2025-01-19T23:40:28.136+0000] {logging_mixin.py:190} INFO - [2025-01-19T23:40:28.136+0000] {dag.py:4180} INFO - Setting next_dagrun for example_subdag_operator.section-2 to None, run_after=None
[2025-01-19T23:40:28.144+0000] {processor.py:208} INFO - Processing /home/airflow/.local/lib/python3.12/site-packages/airflow/example_dags/example_subdag_operator.py took 0.095 seconds
[2025-01-19T23:40:58.513+0000] {processor.py:186} INFO - Started process (PID=334) to work on /home/airflow/.local/lib/python3.12/site-packages/airflow/example_dags/example_subdag_operator.py
[2025-01-19T23:40:58.514+0000] {processor.py:914} INFO - Processing file /home/airflow/.local/lib/python3.12/site-packages/airflow/example_dags/example_subdag_operator.py for tasks to queue
[2025-01-19T23:40:58.517+0000] {logging_mixin.py:190} INFO - [2025-01-19T23:40:58.517+0000] {dagbag.py:588} INFO - Filling up the DagBag from /home/airflow/.local/lib/python3.12/site-packages/airflow/example_dags/example_subdag_operator.py
[2025-01-19T23:40:58.544+0000] {processor.py:925} INFO - DAG(s) 'example_subdag_operator.section-1', 'example_subdag_operator.section-2', 'example_subdag_operator' retrieved from /home/airflow/.local/lib/python3.12/site-packages/airflow/example_dags/example_subdag_operator.py
[2025-01-19T23:40:58.556+0000] {logging_mixin.py:190} INFO - [2025-01-19T23:40:58.556+0000] {dag.py:3239} INFO - Sync 3 DAGs
[2025-01-19T23:40:58.584+0000] {logging_mixin.py:190} INFO - [2025-01-19T23:40:58.583+0000] {dag.py:4180} INFO - Setting next_dagrun for example_subdag_operator to 2022-01-01 00:00:00+00:00, run_after=2022-01-01 00:00:00+00:00
[2025-01-19T23:40:58.587+0000] {logging_mixin.py:190} INFO - [2025-01-19T23:40:58.587+0000] {dag.py:4180} INFO - Setting next_dagrun for example_subdag_operator.section-1 to None, run_after=None
[2025-01-19T23:40:58.588+0000] {logging_mixin.py:190} INFO - [2025-01-19T23:40:58.588+0000] {dag.py:4180} INFO - Setting next_dagrun for example_subdag_operator.section-2 to None, run_after=None
[2025-01-19T23:40:58.594+0000] {logging_mixin.py:190} INFO - [2025-01-19T23:40:58.594+0000] {dag.py:3239} INFO - Sync 2 DAGs
[2025-01-19T23:40:58.599+0000] {logging_mixin.py:190} INFO - [2025-01-19T23:40:58.598+0000] {dag.py:4180} INFO - Setting next_dagrun for example_subdag_operator.section-1 to None, run_after=None
[2025-01-19T23:40:58.599+0000] {logging_mixin.py:190} INFO - [2025-01-19T23:40:58.599+0000] {dag.py:4180} INFO - Setting next_dagrun for example_subdag_operator.section-2 to None, run_after=None
[2025-01-19T23:40:58.612+0000] {processor.py:208} INFO - Processing /home/airflow/.local/lib/python3.12/site-packages/airflow/example_dags/example_subdag_operator.py took 0.104 seconds
[2025-01-19T23:41:29.047+0000] {processor.py:186} INFO - Started process (PID=397) to work on /home/airflow/.local/lib/python3.12/site-packages/airflow/example_dags/example_subdag_operator.py
[2025-01-19T23:41:29.048+0000] {processor.py:914} INFO - Processing file /home/airflow/.local/lib/python3.12/site-packages/airflow/example_dags/example_subdag_operator.py for tasks to queue
[2025-01-19T23:41:29.049+0000] {logging_mixin.py:190} INFO - [2025-01-19T23:41:29.049+0000] {dagbag.py:588} INFO - Filling up the DagBag from /home/airflow/.local/lib/python3.12/site-packages/airflow/example_dags/example_subdag_operator.py
[2025-01-19T23:41:29.073+0000] {processor.py:925} INFO - DAG(s) 'example_subdag_operator.section-1', 'example_subdag_operator.section-2', 'example_subdag_operator' retrieved from /home/airflow/.local/lib/python3.12/site-packages/airflow/example_dags/example_subdag_operator.py
[2025-01-19T23:41:29.082+0000] {logging_mixin.py:190} INFO - [2025-01-19T23:41:29.082+0000] {dag.py:3239} INFO - Sync 3 DAGs
[2025-01-19T23:41:29.105+0000] {logging_mixin.py:190} INFO - [2025-01-19T23:41:29.105+0000] {dag.py:4180} INFO - Setting next_dagrun for example_subdag_operator to 2022-01-01 00:00:00+00:00, run_after=2022-01-01 00:00:00+00:00
[2025-01-19T23:41:29.108+0000] {logging_mixin.py:190} INFO - [2025-01-19T23:41:29.108+0000] {dag.py:4180} INFO - Setting next_dagrun for example_subdag_operator.section-1 to None, run_after=None
[2025-01-19T23:41:29.109+0000] {logging_mixin.py:190} INFO - [2025-01-19T23:41:29.109+0000] {dag.py:4180} INFO - Setting next_dagrun for example_subdag_operator.section-2 to None, run_after=None
[2025-01-19T23:41:29.114+0000] {logging_mixin.py:190} INFO - [2025-01-19T23:41:29.114+0000] {dag.py:3239} INFO - Sync 2 DAGs
[2025-01-19T23:41:29.120+0000] {logging_mixin.py:190} INFO - [2025-01-19T23:41:29.120+0000] {dag.py:4180} INFO - Setting next_dagrun for example_subdag_operator.section-1 to None, run_after=None
[2025-01-19T23:41:29.120+0000] {logging_mixin.py:190} INFO - [2025-01-19T23:41:29.120+0000] {dag.py:4180} INFO - Setting next_dagrun for example_subdag_operator.section-2 to None, run_after=None
[2025-01-19T23:41:29.128+0000] {processor.py:208} INFO - Processing /home/airflow/.local/lib/python3.12/site-packages/airflow/example_dags/example_subdag_operator.py took 0.085 seconds
[2025-01-19T23:41:59.769+0000] {processor.py:186} INFO - Started process (PID=460) to work on /home/airflow/.local/lib/python3.12/site-packages/airflow/example_dags/example_subdag_operator.py
[2025-01-19T23:41:59.770+0000] {processor.py:914} INFO - Processing file /home/airflow/.local/lib/python3.12/site-packages/airflow/example_dags/example_subdag_operator.py for tasks to queue
[2025-01-19T23:41:59.772+0000] {logging_mixin.py:190} INFO - [2025-01-19T23:41:59.771+0000] {dagbag.py:588} INFO - Filling up the DagBag from /home/airflow/.local/lib/python3.12/site-packages/airflow/example_dags/example_subdag_operator.py
[2025-01-19T23:41:59.824+0000] {processor.py:925} INFO - DAG(s) 'example_subdag_operator.section-1', 'example_subdag_operator.section-2', 'example_subdag_operator' retrieved from /home/airflow/.local/lib/python3.12/site-packages/airflow/example_dags/example_subdag_operator.py
[2025-01-19T23:41:59.838+0000] {logging_mixin.py:190} INFO - [2025-01-19T23:41:59.838+0000] {dag.py:3239} INFO - Sync 3 DAGs
[2025-01-19T23:41:59.856+0000] {logging_mixin.py:190} INFO - [2025-01-19T23:41:59.855+0000] {dag.py:4180} INFO - Setting next_dagrun for example_subdag_operator to 2022-01-01 00:00:00+00:00, run_after=2022-01-01 00:00:00+00:00
[2025-01-19T23:41:59.858+0000] {logging_mixin.py:190} INFO - [2025-01-19T23:41:59.858+0000] {dag.py:4180} INFO - Setting next_dagrun for example_subdag_operator.section-1 to None, run_after=None
[2025-01-19T23:41:59.859+0000] {logging_mixin.py:190} INFO - [2025-01-19T23:41:59.859+0000] {dag.py:4180} INFO - Setting next_dagrun for example_subdag_operator.section-2 to None, run_after=None
[2025-01-19T23:41:59.864+0000] {logging_mixin.py:190} INFO - [2025-01-19T23:41:59.864+0000] {dag.py:3239} INFO - Sync 2 DAGs
[2025-01-19T23:41:59.869+0000] {logging_mixin.py:190} INFO - [2025-01-19T23:41:59.869+0000] {dag.py:4180} INFO - Setting next_dagrun for example_subdag_operator.section-1 to None, run_after=None
[2025-01-19T23:41:59.869+0000] {logging_mixin.py:190} INFO - [2025-01-19T23:41:59.869+0000] {dag.py:4180} INFO - Setting next_dagrun for example_subdag_operator.section-2 to None, run_after=None
[2025-01-19T23:41:59.879+0000] {processor.py:208} INFO - Processing /home/airflow/.local/lib/python3.12/site-packages/airflow/example_dags/example_subdag_operator.py took 0.115 seconds
[2025-01-19T23:47:02.511+0000] {processor.py:186} INFO - Started process (PID=89) to work on /home/airflow/.local/lib/python3.12/site-packages/airflow/example_dags/example_subdag_operator.py
[2025-01-19T23:47:02.593+0000] {processor.py:914} INFO - Processing file /home/airflow/.local/lib/python3.12/site-packages/airflow/example_dags/example_subdag_operator.py for tasks to queue
[2025-01-19T23:47:02.597+0000] {logging_mixin.py:190} INFO - [2025-01-19T23:47:02.596+0000] {dagbag.py:588} INFO - Filling up the DagBag from /home/airflow/.local/lib/python3.12/site-packages/airflow/example_dags/example_subdag_operator.py
[2025-01-19T23:47:02.682+0000] {processor.py:925} INFO - DAG(s) 'example_subdag_operator.section-1', 'example_subdag_operator.section-2', 'example_subdag_operator' retrieved from /home/airflow/.local/lib/python3.12/site-packages/airflow/example_dags/example_subdag_operator.py
[2025-01-19T23:47:02.718+0000] {logging_mixin.py:190} INFO - [2025-01-19T23:47:02.718+0000] {dag.py:3239} INFO - Sync 3 DAGs
[2025-01-19T23:47:02.786+0000] {logging_mixin.py:190} INFO - [2025-01-19T23:47:02.785+0000] {dag.py:4180} INFO - Setting next_dagrun for example_subdag_operator to 2022-01-01 00:00:00+00:00, run_after=2022-01-01 00:00:00+00:00
[2025-01-19T23:47:02.791+0000] {logging_mixin.py:190} INFO - [2025-01-19T23:47:02.791+0000] {dag.py:4180} INFO - Setting next_dagrun for example_subdag_operator.section-1 to None, run_after=None
[2025-01-19T23:47:02.793+0000] {logging_mixin.py:190} INFO - [2025-01-19T23:47:02.793+0000] {dag.py:4180} INFO - Setting next_dagrun for example_subdag_operator.section-2 to None, run_after=None
[2025-01-19T23:47:02.809+0000] {logging_mixin.py:190} INFO - [2025-01-19T23:47:02.808+0000] {dag.py:3239} INFO - Sync 2 DAGs
[2025-01-19T23:47:02.816+0000] {logging_mixin.py:190} INFO - [2025-01-19T23:47:02.816+0000] {dag.py:4180} INFO - Setting next_dagrun for example_subdag_operator.section-1 to None, run_after=None
[2025-01-19T23:47:02.816+0000] {logging_mixin.py:190} INFO - [2025-01-19T23:47:02.816+0000] {dag.py:4180} INFO - Setting next_dagrun for example_subdag_operator.section-2 to None, run_after=None
[2025-01-19T23:47:02.836+0000] {processor.py:208} INFO - Processing /home/airflow/.local/lib/python3.12/site-packages/airflow/example_dags/example_subdag_operator.py took 0.332 seconds
[2025-01-19T23:47:33.655+0000] {processor.py:186} INFO - Started process (PID=152) to work on /home/airflow/.local/lib/python3.12/site-packages/airflow/example_dags/example_subdag_operator.py
[2025-01-19T23:47:33.659+0000] {processor.py:914} INFO - Processing file /home/airflow/.local/lib/python3.12/site-packages/airflow/example_dags/example_subdag_operator.py for tasks to queue
[2025-01-19T23:47:33.661+0000] {logging_mixin.py:190} INFO - [2025-01-19T23:47:33.661+0000] {dagbag.py:588} INFO - Filling up the DagBag from /home/airflow/.local/lib/python3.12/site-packages/airflow/example_dags/example_subdag_operator.py
[2025-01-19T23:47:33.689+0000] {processor.py:925} INFO - DAG(s) 'example_subdag_operator.section-1', 'example_subdag_operator.section-2', 'example_subdag_operator' retrieved from /home/airflow/.local/lib/python3.12/site-packages/airflow/example_dags/example_subdag_operator.py
[2025-01-19T23:47:33.701+0000] {logging_mixin.py:190} INFO - [2025-01-19T23:47:33.701+0000] {dag.py:3239} INFO - Sync 3 DAGs
[2025-01-19T23:47:33.716+0000] {logging_mixin.py:190} INFO - [2025-01-19T23:47:33.716+0000] {dag.py:4180} INFO - Setting next_dagrun for example_subdag_operator to 2022-01-01 00:00:00+00:00, run_after=2022-01-01 00:00:00+00:00
[2025-01-19T23:47:33.719+0000] {logging_mixin.py:190} INFO - [2025-01-19T23:47:33.719+0000] {dag.py:4180} INFO - Setting next_dagrun for example_subdag_operator.section-1 to None, run_after=None
[2025-01-19T23:47:33.720+0000] {logging_mixin.py:190} INFO - [2025-01-19T23:47:33.720+0000] {dag.py:4180} INFO - Setting next_dagrun for example_subdag_operator.section-2 to None, run_after=None
[2025-01-19T23:47:33.725+0000] {logging_mixin.py:190} INFO - [2025-01-19T23:47:33.725+0000] {dag.py:3239} INFO - Sync 2 DAGs
[2025-01-19T23:47:33.730+0000] {logging_mixin.py:190} INFO - [2025-01-19T23:47:33.730+0000] {dag.py:4180} INFO - Setting next_dagrun for example_subdag_operator.section-1 to None, run_after=None
[2025-01-19T23:47:33.730+0000] {logging_mixin.py:190} INFO - [2025-01-19T23:47:33.730+0000] {dag.py:4180} INFO - Setting next_dagrun for example_subdag_operator.section-2 to None, run_after=None
[2025-01-19T23:47:33.740+0000] {processor.py:208} INFO - Processing /home/airflow/.local/lib/python3.12/site-packages/airflow/example_dags/example_subdag_operator.py took 0.090 seconds
[2025-01-19T23:50:07.190+0000] {processor.py:186} INFO - Started process (PID=193) to work on /home/airflow/.local/lib/python3.12/site-packages/airflow/example_dags/example_subdag_operator.py
[2025-01-19T23:50:07.192+0000] {processor.py:914} INFO - Processing file /home/airflow/.local/lib/python3.12/site-packages/airflow/example_dags/example_subdag_operator.py for tasks to queue
[2025-01-19T23:50:07.195+0000] {logging_mixin.py:190} INFO - [2025-01-19T23:50:07.194+0000] {dagbag.py:588} INFO - Filling up the DagBag from /home/airflow/.local/lib/python3.12/site-packages/airflow/example_dags/example_subdag_operator.py
[2025-01-19T23:50:07.255+0000] {processor.py:925} INFO - DAG(s) 'example_subdag_operator.section-1', 'example_subdag_operator.section-2', 'example_subdag_operator' retrieved from /home/airflow/.local/lib/python3.12/site-packages/airflow/example_dags/example_subdag_operator.py
[2025-01-19T23:50:07.279+0000] {logging_mixin.py:190} INFO - [2025-01-19T23:50:07.279+0000] {dag.py:3239} INFO - Sync 3 DAGs
[2025-01-19T23:50:07.319+0000] {logging_mixin.py:190} INFO - [2025-01-19T23:50:07.318+0000] {dag.py:4180} INFO - Setting next_dagrun for example_subdag_operator to 2022-01-01 00:00:00+00:00, run_after=2022-01-01 00:00:00+00:00
[2025-01-19T23:50:07.324+0000] {logging_mixin.py:190} INFO - [2025-01-19T23:50:07.323+0000] {dag.py:4180} INFO - Setting next_dagrun for example_subdag_operator.section-1 to None, run_after=None
[2025-01-19T23:50:07.326+0000] {logging_mixin.py:190} INFO - [2025-01-19T23:50:07.326+0000] {dag.py:4180} INFO - Setting next_dagrun for example_subdag_operator.section-2 to None, run_after=None
[2025-01-19T23:50:07.340+0000] {logging_mixin.py:190} INFO - [2025-01-19T23:50:07.339+0000] {dag.py:3239} INFO - Sync 2 DAGs
[2025-01-19T23:50:07.350+0000] {logging_mixin.py:190} INFO - [2025-01-19T23:50:07.349+0000] {dag.py:4180} INFO - Setting next_dagrun for example_subdag_operator.section-1 to None, run_after=None
[2025-01-19T23:50:07.350+0000] {logging_mixin.py:190} INFO - [2025-01-19T23:50:07.350+0000] {dag.py:4180} INFO - Setting next_dagrun for example_subdag_operator.section-2 to None, run_after=None
[2025-01-19T23:50:07.370+0000] {processor.py:208} INFO - Processing /home/airflow/.local/lib/python3.12/site-packages/airflow/example_dags/example_subdag_operator.py took 0.191 seconds
[2025-01-19T23:50:37.397+0000] {processor.py:186} INFO - Started process (PID=257) to work on /home/airflow/.local/lib/python3.12/site-packages/airflow/example_dags/example_subdag_operator.py
[2025-01-19T23:50:37.398+0000] {processor.py:914} INFO - Processing file /home/airflow/.local/lib/python3.12/site-packages/airflow/example_dags/example_subdag_operator.py for tasks to queue
[2025-01-19T23:50:37.400+0000] {logging_mixin.py:190} INFO - [2025-01-19T23:50:37.399+0000] {dagbag.py:588} INFO - Filling up the DagBag from /home/airflow/.local/lib/python3.12/site-packages/airflow/example_dags/example_subdag_operator.py
[2025-01-19T23:50:37.428+0000] {processor.py:925} INFO - DAG(s) 'example_subdag_operator.section-1', 'example_subdag_operator.section-2', 'example_subdag_operator' retrieved from /home/airflow/.local/lib/python3.12/site-packages/airflow/example_dags/example_subdag_operator.py
[2025-01-19T23:50:37.445+0000] {logging_mixin.py:190} INFO - [2025-01-19T23:50:37.444+0000] {dag.py:3239} INFO - Sync 3 DAGs
[2025-01-19T23:50:37.473+0000] {logging_mixin.py:190} INFO - [2025-01-19T23:50:37.472+0000] {dag.py:4180} INFO - Setting next_dagrun for example_subdag_operator to 2022-01-01 00:00:00+00:00, run_after=2022-01-01 00:00:00+00:00
[2025-01-19T23:50:37.476+0000] {logging_mixin.py:190} INFO - [2025-01-19T23:50:37.476+0000] {dag.py:4180} INFO - Setting next_dagrun for example_subdag_operator.section-1 to None, run_after=None
[2025-01-19T23:50:37.477+0000] {logging_mixin.py:190} INFO - [2025-01-19T23:50:37.477+0000] {dag.py:4180} INFO - Setting next_dagrun for example_subdag_operator.section-2 to None, run_after=None
[2025-01-19T23:50:37.483+0000] {logging_mixin.py:190} INFO - [2025-01-19T23:50:37.483+0000] {dag.py:3239} INFO - Sync 2 DAGs
[2025-01-19T23:50:37.490+0000] {logging_mixin.py:190} INFO - [2025-01-19T23:50:37.490+0000] {dag.py:4180} INFO - Setting next_dagrun for example_subdag_operator.section-1 to None, run_after=None
[2025-01-19T23:50:37.490+0000] {logging_mixin.py:190} INFO - [2025-01-19T23:50:37.490+0000] {dag.py:4180} INFO - Setting next_dagrun for example_subdag_operator.section-2 to None, run_after=None
[2025-01-19T23:50:37.501+0000] {processor.py:208} INFO - Processing /home/airflow/.local/lib/python3.12/site-packages/airflow/example_dags/example_subdag_operator.py took 0.108 seconds
[2025-01-19T23:51:07.754+0000] {processor.py:186} INFO - Started process (PID=320) to work on /home/airflow/.local/lib/python3.12/site-packages/airflow/example_dags/example_subdag_operator.py
[2025-01-19T23:51:07.757+0000] {processor.py:914} INFO - Processing file /home/airflow/.local/lib/python3.12/site-packages/airflow/example_dags/example_subdag_operator.py for tasks to queue
[2025-01-19T23:51:07.762+0000] {logging_mixin.py:190} INFO - [2025-01-19T23:51:07.762+0000] {dagbag.py:588} INFO - Filling up the DagBag from /home/airflow/.local/lib/python3.12/site-packages/airflow/example_dags/example_subdag_operator.py
[2025-01-19T23:51:07.824+0000] {processor.py:925} INFO - DAG(s) 'example_subdag_operator.section-1', 'example_subdag_operator.section-2', 'example_subdag_operator' retrieved from /home/airflow/.local/lib/python3.12/site-packages/airflow/example_dags/example_subdag_operator.py
[2025-01-19T23:51:07.853+0000] {logging_mixin.py:190} INFO - [2025-01-19T23:51:07.853+0000] {dag.py:3239} INFO - Sync 3 DAGs
[2025-01-19T23:51:07.895+0000] {logging_mixin.py:190} INFO - [2025-01-19T23:51:07.895+0000] {dag.py:4180} INFO - Setting next_dagrun for example_subdag_operator to 2022-01-01 00:00:00+00:00, run_after=2022-01-01 00:00:00+00:00
[2025-01-19T23:51:07.901+0000] {logging_mixin.py:190} INFO - [2025-01-19T23:51:07.901+0000] {dag.py:4180} INFO - Setting next_dagrun for example_subdag_operator.section-1 to None, run_after=None
[2025-01-19T23:51:07.905+0000] {logging_mixin.py:190} INFO - [2025-01-19T23:51:07.905+0000] {dag.py:4180} INFO - Setting next_dagrun for example_subdag_operator.section-2 to None, run_after=None
[2025-01-19T23:51:07.920+0000] {logging_mixin.py:190} INFO - [2025-01-19T23:51:07.920+0000] {dag.py:3239} INFO - Sync 2 DAGs
[2025-01-19T23:51:07.932+0000] {logging_mixin.py:190} INFO - [2025-01-19T23:51:07.931+0000] {dag.py:4180} INFO - Setting next_dagrun for example_subdag_operator.section-1 to None, run_after=None
[2025-01-19T23:51:07.932+0000] {logging_mixin.py:190} INFO - [2025-01-19T23:51:07.932+0000] {dag.py:4180} INFO - Setting next_dagrun for example_subdag_operator.section-2 to None, run_after=None
[2025-01-19T23:51:07.956+0000] {processor.py:208} INFO - Processing /home/airflow/.local/lib/python3.12/site-packages/airflow/example_dags/example_subdag_operator.py took 0.211 seconds
[2025-01-19T23:51:38.726+0000] {processor.py:186} INFO - Started process (PID=383) to work on /home/airflow/.local/lib/python3.12/site-packages/airflow/example_dags/example_subdag_operator.py
[2025-01-19T23:51:38.729+0000] {processor.py:914} INFO - Processing file /home/airflow/.local/lib/python3.12/site-packages/airflow/example_dags/example_subdag_operator.py for tasks to queue
[2025-01-19T23:51:38.733+0000] {logging_mixin.py:190} INFO - [2025-01-19T23:51:38.732+0000] {dagbag.py:588} INFO - Filling up the DagBag from /home/airflow/.local/lib/python3.12/site-packages/airflow/example_dags/example_subdag_operator.py
[2025-01-19T23:51:38.866+0000] {processor.py:925} INFO - DAG(s) 'example_subdag_operator.section-1', 'example_subdag_operator.section-2', 'example_subdag_operator' retrieved from /home/airflow/.local/lib/python3.12/site-packages/airflow/example_dags/example_subdag_operator.py
[2025-01-19T23:51:38.897+0000] {logging_mixin.py:190} INFO - [2025-01-19T23:51:38.896+0000] {dag.py:3239} INFO - Sync 3 DAGs
[2025-01-19T23:51:38.930+0000] {logging_mixin.py:190} INFO - [2025-01-19T23:51:38.930+0000] {dag.py:4180} INFO - Setting next_dagrun for example_subdag_operator to 2022-01-01 00:00:00+00:00, run_after=2022-01-01 00:00:00+00:00
[2025-01-19T23:51:38.935+0000] {logging_mixin.py:190} INFO - [2025-01-19T23:51:38.935+0000] {dag.py:4180} INFO - Setting next_dagrun for example_subdag_operator.section-1 to None, run_after=None
[2025-01-19T23:51:38.937+0000] {logging_mixin.py:190} INFO - [2025-01-19T23:51:38.937+0000] {dag.py:4180} INFO - Setting next_dagrun for example_subdag_operator.section-2 to None, run_after=None
[2025-01-19T23:51:38.946+0000] {logging_mixin.py:190} INFO - [2025-01-19T23:51:38.946+0000] {dag.py:3239} INFO - Sync 2 DAGs
[2025-01-19T23:51:38.954+0000] {logging_mixin.py:190} INFO - [2025-01-19T23:51:38.954+0000] {dag.py:4180} INFO - Setting next_dagrun for example_subdag_operator.section-1 to None, run_after=None
[2025-01-19T23:51:38.955+0000] {logging_mixin.py:190} INFO - [2025-01-19T23:51:38.955+0000] {dag.py:4180} INFO - Setting next_dagrun for example_subdag_operator.section-2 to None, run_after=None
[2025-01-19T23:51:38.973+0000] {processor.py:208} INFO - Processing /home/airflow/.local/lib/python3.12/site-packages/airflow/example_dags/example_subdag_operator.py took 0.270 seconds
[2025-01-19T23:54:10.628+0000] {processor.py:186} INFO - Started process (PID=421) to work on /home/airflow/.local/lib/python3.12/site-packages/airflow/example_dags/example_subdag_operator.py
[2025-01-19T23:54:10.637+0000] {processor.py:914} INFO - Processing file /home/airflow/.local/lib/python3.12/site-packages/airflow/example_dags/example_subdag_operator.py for tasks to queue
[2025-01-19T23:54:10.644+0000] {logging_mixin.py:190} INFO - [2025-01-19T23:54:10.639+0000] {dagbag.py:588} INFO - Filling up the DagBag from /home/airflow/.local/lib/python3.12/site-packages/airflow/example_dags/example_subdag_operator.py
[2025-01-19T23:54:11.144+0000] {processor.py:925} INFO - DAG(s) 'example_subdag_operator.section-1', 'example_subdag_operator.section-2', 'example_subdag_operator' retrieved from /home/airflow/.local/lib/python3.12/site-packages/airflow/example_dags/example_subdag_operator.py
[2025-01-19T23:54:11.208+0000] {logging_mixin.py:190} INFO - [2025-01-19T23:54:11.205+0000] {dag.py:3239} INFO - Sync 3 DAGs
[2025-01-19T23:54:11.274+0000] {logging_mixin.py:190} INFO - [2025-01-19T23:54:11.273+0000] {dag.py:4180} INFO - Setting next_dagrun for example_subdag_operator to 2022-01-01 00:00:00+00:00, run_after=2022-01-01 00:00:00+00:00
[2025-01-19T23:54:11.284+0000] {logging_mixin.py:190} INFO - [2025-01-19T23:54:11.283+0000] {dag.py:4180} INFO - Setting next_dagrun for example_subdag_operator.section-1 to None, run_after=None
[2025-01-19T23:54:11.288+0000] {logging_mixin.py:190} INFO - [2025-01-19T23:54:11.287+0000] {dag.py:4180} INFO - Setting next_dagrun for example_subdag_operator.section-2 to None, run_after=None
[2025-01-19T23:54:11.312+0000] {logging_mixin.py:190} INFO - [2025-01-19T23:54:11.311+0000] {dag.py:3239} INFO - Sync 2 DAGs
[2025-01-19T23:54:11.325+0000] {logging_mixin.py:190} INFO - [2025-01-19T23:54:11.325+0000] {dag.py:4180} INFO - Setting next_dagrun for example_subdag_operator.section-1 to None, run_after=None
[2025-01-19T23:54:11.326+0000] {logging_mixin.py:190} INFO - [2025-01-19T23:54:11.326+0000] {dag.py:4180} INFO - Setting next_dagrun for example_subdag_operator.section-2 to None, run_after=None
[2025-01-19T23:54:11.355+0000] {processor.py:208} INFO - Processing /home/airflow/.local/lib/python3.12/site-packages/airflow/example_dags/example_subdag_operator.py took 0.755 seconds
[2025-01-19T23:57:21.997+0000] {processor.py:186} INFO - Started process (PID=476) to work on /home/airflow/.local/lib/python3.12/site-packages/airflow/example_dags/example_subdag_operator.py
[2025-01-19T23:57:22.000+0000] {processor.py:914} INFO - Processing file /home/airflow/.local/lib/python3.12/site-packages/airflow/example_dags/example_subdag_operator.py for tasks to queue
[2025-01-19T23:57:22.004+0000] {logging_mixin.py:190} INFO - [2025-01-19T23:57:22.003+0000] {dagbag.py:588} INFO - Filling up the DagBag from /home/airflow/.local/lib/python3.12/site-packages/airflow/example_dags/example_subdag_operator.py
[2025-01-19T23:57:22.093+0000] {processor.py:925} INFO - DAG(s) 'example_subdag_operator.section-1', 'example_subdag_operator.section-2', 'example_subdag_operator' retrieved from /home/airflow/.local/lib/python3.12/site-packages/airflow/example_dags/example_subdag_operator.py
[2025-01-19T23:57:22.134+0000] {logging_mixin.py:190} INFO - [2025-01-19T23:57:22.133+0000] {dag.py:3239} INFO - Sync 3 DAGs
[2025-01-19T23:57:22.187+0000] {logging_mixin.py:190} INFO - [2025-01-19T23:57:22.187+0000] {dag.py:4180} INFO - Setting next_dagrun for example_subdag_operator to 2022-01-01 00:00:00+00:00, run_after=2022-01-01 00:00:00+00:00
[2025-01-19T23:57:22.196+0000] {logging_mixin.py:190} INFO - [2025-01-19T23:57:22.196+0000] {dag.py:4180} INFO - Setting next_dagrun for example_subdag_operator.section-1 to None, run_after=None
[2025-01-19T23:57:22.199+0000] {logging_mixin.py:190} INFO - [2025-01-19T23:57:22.199+0000] {dag.py:4180} INFO - Setting next_dagrun for example_subdag_operator.section-2 to None, run_after=None
[2025-01-19T23:57:22.221+0000] {logging_mixin.py:190} INFO - [2025-01-19T23:57:22.220+0000] {dag.py:3239} INFO - Sync 2 DAGs
[2025-01-19T23:57:22.235+0000] {logging_mixin.py:190} INFO - [2025-01-19T23:57:22.234+0000] {dag.py:4180} INFO - Setting next_dagrun for example_subdag_operator.section-1 to None, run_after=None
[2025-01-19T23:57:22.236+0000] {logging_mixin.py:190} INFO - [2025-01-19T23:57:22.235+0000] {dag.py:4180} INFO - Setting next_dagrun for example_subdag_operator.section-2 to None, run_after=None
[2025-01-19T23:57:22.261+0000] {processor.py:208} INFO - Processing /home/airflow/.local/lib/python3.12/site-packages/airflow/example_dags/example_subdag_operator.py took 0.283 seconds
[2025-01-19T23:57:52.314+0000] {processor.py:186} INFO - Started process (PID=537) to work on /home/airflow/.local/lib/python3.12/site-packages/airflow/example_dags/example_subdag_operator.py
[2025-01-19T23:57:52.315+0000] {processor.py:914} INFO - Processing file /home/airflow/.local/lib/python3.12/site-packages/airflow/example_dags/example_subdag_operator.py for tasks to queue
[2025-01-19T23:57:52.315+0000] {logging_mixin.py:190} INFO - [2025-01-19T23:57:52.315+0000] {dagbag.py:588} INFO - Filling up the DagBag from /home/airflow/.local/lib/python3.12/site-packages/airflow/example_dags/example_subdag_operator.py
[2025-01-19T23:57:52.338+0000] {processor.py:925} INFO - DAG(s) 'example_subdag_operator.section-1', 'example_subdag_operator.section-2', 'example_subdag_operator' retrieved from /home/airflow/.local/lib/python3.12/site-packages/airflow/example_dags/example_subdag_operator.py
[2025-01-19T23:57:52.349+0000] {logging_mixin.py:190} INFO - [2025-01-19T23:57:52.349+0000] {dag.py:3239} INFO - Sync 3 DAGs
[2025-01-19T23:57:52.368+0000] {logging_mixin.py:190} INFO - [2025-01-19T23:57:52.368+0000] {dag.py:4180} INFO - Setting next_dagrun for example_subdag_operator to 2022-01-01 00:00:00+00:00, run_after=2022-01-01 00:00:00+00:00
[2025-01-19T23:57:52.371+0000] {logging_mixin.py:190} INFO - [2025-01-19T23:57:52.371+0000] {dag.py:4180} INFO - Setting next_dagrun for example_subdag_operator.section-1 to None, run_after=None
[2025-01-19T23:57:52.372+0000] {logging_mixin.py:190} INFO - [2025-01-19T23:57:52.372+0000] {dag.py:4180} INFO - Setting next_dagrun for example_subdag_operator.section-2 to None, run_after=None
[2025-01-19T23:57:52.377+0000] {logging_mixin.py:190} INFO - [2025-01-19T23:57:52.377+0000] {dag.py:3239} INFO - Sync 2 DAGs
[2025-01-19T23:57:52.381+0000] {logging_mixin.py:190} INFO - [2025-01-19T23:57:52.381+0000] {dag.py:4180} INFO - Setting next_dagrun for example_subdag_operator.section-1 to None, run_after=None
[2025-01-19T23:57:52.381+0000] {logging_mixin.py:190} INFO - [2025-01-19T23:57:52.381+0000] {dag.py:4180} INFO - Setting next_dagrun for example_subdag_operator.section-2 to None, run_after=None
[2025-01-19T23:57:52.388+0000] {processor.py:208} INFO - Processing /home/airflow/.local/lib/python3.12/site-packages/airflow/example_dags/example_subdag_operator.py took 0.079 seconds
[2025-01-19T23:58:22.609+0000] {processor.py:186} INFO - Started process (PID=599) to work on /home/airflow/.local/lib/python3.12/site-packages/airflow/example_dags/example_subdag_operator.py
[2025-01-19T23:58:22.611+0000] {processor.py:914} INFO - Processing file /home/airflow/.local/lib/python3.12/site-packages/airflow/example_dags/example_subdag_operator.py for tasks to queue
[2025-01-19T23:58:22.612+0000] {logging_mixin.py:190} INFO - [2025-01-19T23:58:22.611+0000] {dagbag.py:588} INFO - Filling up the DagBag from /home/airflow/.local/lib/python3.12/site-packages/airflow/example_dags/example_subdag_operator.py
[2025-01-19T23:58:22.631+0000] {processor.py:925} INFO - DAG(s) 'example_subdag_operator.section-1', 'example_subdag_operator.section-2', 'example_subdag_operator' retrieved from /home/airflow/.local/lib/python3.12/site-packages/airflow/example_dags/example_subdag_operator.py
[2025-01-19T23:58:22.640+0000] {logging_mixin.py:190} INFO - [2025-01-19T23:58:22.640+0000] {dag.py:3239} INFO - Sync 3 DAGs
[2025-01-19T23:58:22.657+0000] {logging_mixin.py:190} INFO - [2025-01-19T23:58:22.656+0000] {dag.py:4180} INFO - Setting next_dagrun for example_subdag_operator to 2022-01-01 00:00:00+00:00, run_after=2022-01-01 00:00:00+00:00
[2025-01-19T23:58:22.659+0000] {logging_mixin.py:190} INFO - [2025-01-19T23:58:22.659+0000] {dag.py:4180} INFO - Setting next_dagrun for example_subdag_operator.section-1 to None, run_after=None
[2025-01-19T23:58:22.659+0000] {logging_mixin.py:190} INFO - [2025-01-19T23:58:22.659+0000] {dag.py:4180} INFO - Setting next_dagrun for example_subdag_operator.section-2 to None, run_after=None
[2025-01-19T23:58:22.664+0000] {logging_mixin.py:190} INFO - [2025-01-19T23:58:22.664+0000] {dag.py:3239} INFO - Sync 2 DAGs
[2025-01-19T23:58:22.667+0000] {logging_mixin.py:190} INFO - [2025-01-19T23:58:22.667+0000] {dag.py:4180} INFO - Setting next_dagrun for example_subdag_operator.section-1 to None, run_after=None
[2025-01-19T23:58:22.667+0000] {logging_mixin.py:190} INFO - [2025-01-19T23:58:22.667+0000] {dag.py:4180} INFO - Setting next_dagrun for example_subdag_operator.section-2 to None, run_after=None
[2025-01-19T23:58:22.673+0000] {processor.py:208} INFO - Processing /home/airflow/.local/lib/python3.12/site-packages/airflow/example_dags/example_subdag_operator.py took 0.068 seconds
[2025-01-19T23:58:53.470+0000] {processor.py:186} INFO - Started process (PID=662) to work on /home/airflow/.local/lib/python3.12/site-packages/airflow/example_dags/example_subdag_operator.py
[2025-01-19T23:58:53.471+0000] {processor.py:914} INFO - Processing file /home/airflow/.local/lib/python3.12/site-packages/airflow/example_dags/example_subdag_operator.py for tasks to queue
[2025-01-19T23:58:53.472+0000] {logging_mixin.py:190} INFO - [2025-01-19T23:58:53.471+0000] {dagbag.py:588} INFO - Filling up the DagBag from /home/airflow/.local/lib/python3.12/site-packages/airflow/example_dags/example_subdag_operator.py
[2025-01-19T23:58:53.491+0000] {processor.py:925} INFO - DAG(s) 'example_subdag_operator.section-1', 'example_subdag_operator.section-2', 'example_subdag_operator' retrieved from /home/airflow/.local/lib/python3.12/site-packages/airflow/example_dags/example_subdag_operator.py
[2025-01-19T23:58:53.501+0000] {logging_mixin.py:190} INFO - [2025-01-19T23:58:53.500+0000] {dag.py:3239} INFO - Sync 3 DAGs
[2025-01-19T23:58:53.517+0000] {logging_mixin.py:190} INFO - [2025-01-19T23:58:53.517+0000] {dag.py:4180} INFO - Setting next_dagrun for example_subdag_operator to 2022-01-01 00:00:00+00:00, run_after=2022-01-01 00:00:00+00:00
[2025-01-19T23:58:53.519+0000] {logging_mixin.py:190} INFO - [2025-01-19T23:58:53.519+0000] {dag.py:4180} INFO - Setting next_dagrun for example_subdag_operator.section-1 to None, run_after=None
[2025-01-19T23:58:53.520+0000] {logging_mixin.py:190} INFO - [2025-01-19T23:58:53.520+0000] {dag.py:4180} INFO - Setting next_dagrun for example_subdag_operator.section-2 to None, run_after=None
[2025-01-19T23:58:53.524+0000] {logging_mixin.py:190} INFO - [2025-01-19T23:58:53.524+0000] {dag.py:3239} INFO - Sync 2 DAGs
[2025-01-19T23:58:53.527+0000] {logging_mixin.py:190} INFO - [2025-01-19T23:58:53.527+0000] {dag.py:4180} INFO - Setting next_dagrun for example_subdag_operator.section-1 to None, run_after=None
[2025-01-19T23:58:53.527+0000] {logging_mixin.py:190} INFO - [2025-01-19T23:58:53.527+0000] {dag.py:4180} INFO - Setting next_dagrun for example_subdag_operator.section-2 to None, run_after=None
[2025-01-19T23:58:53.533+0000] {processor.py:208} INFO - Processing /home/airflow/.local/lib/python3.12/site-packages/airflow/example_dags/example_subdag_operator.py took 0.068 seconds
[2025-01-19T23:59:24.324+0000] {processor.py:186} INFO - Started process (PID=725) to work on /home/airflow/.local/lib/python3.12/site-packages/airflow/example_dags/example_subdag_operator.py
[2025-01-19T23:59:24.326+0000] {processor.py:914} INFO - Processing file /home/airflow/.local/lib/python3.12/site-packages/airflow/example_dags/example_subdag_operator.py for tasks to queue
[2025-01-19T23:59:24.327+0000] {logging_mixin.py:190} INFO - [2025-01-19T23:59:24.327+0000] {dagbag.py:588} INFO - Filling up the DagBag from /home/airflow/.local/lib/python3.12/site-packages/airflow/example_dags/example_subdag_operator.py
[2025-01-19T23:59:24.354+0000] {processor.py:925} INFO - DAG(s) 'example_subdag_operator.section-1', 'example_subdag_operator.section-2', 'example_subdag_operator' retrieved from /home/airflow/.local/lib/python3.12/site-packages/airflow/example_dags/example_subdag_operator.py
[2025-01-19T23:59:24.371+0000] {logging_mixin.py:190} INFO - [2025-01-19T23:59:24.370+0000] {dag.py:3239} INFO - Sync 3 DAGs
[2025-01-19T23:59:24.395+0000] {logging_mixin.py:190} INFO - [2025-01-19T23:59:24.395+0000] {dag.py:4180} INFO - Setting next_dagrun for example_subdag_operator to 2022-01-01 00:00:00+00:00, run_after=2022-01-01 00:00:00+00:00
[2025-01-19T23:59:24.403+0000] {logging_mixin.py:190} INFO - [2025-01-19T23:59:24.403+0000] {dag.py:4180} INFO - Setting next_dagrun for example_subdag_operator.section-1 to None, run_after=None
[2025-01-19T23:59:24.407+0000] {logging_mixin.py:190} INFO - [2025-01-19T23:59:24.406+0000] {dag.py:4180} INFO - Setting next_dagrun for example_subdag_operator.section-2 to None, run_after=None
[2025-01-19T23:59:24.416+0000] {logging_mixin.py:190} INFO - [2025-01-19T23:59:24.415+0000] {dag.py:3239} INFO - Sync 2 DAGs
[2025-01-19T23:59:24.425+0000] {logging_mixin.py:190} INFO - [2025-01-19T23:59:24.424+0000] {dag.py:4180} INFO - Setting next_dagrun for example_subdag_operator.section-1 to None, run_after=None
[2025-01-19T23:59:24.426+0000] {logging_mixin.py:190} INFO - [2025-01-19T23:59:24.425+0000] {dag.py:4180} INFO - Setting next_dagrun for example_subdag_operator.section-2 to None, run_after=None
[2025-01-19T23:59:24.441+0000] {processor.py:208} INFO - Processing /home/airflow/.local/lib/python3.12/site-packages/airflow/example_dags/example_subdag_operator.py took 0.121 seconds
[2025-01-19T23:59:54.563+0000] {processor.py:186} INFO - Started process (PID=788) to work on /home/airflow/.local/lib/python3.12/site-packages/airflow/example_dags/example_subdag_operator.py
[2025-01-19T23:59:54.565+0000] {processor.py:914} INFO - Processing file /home/airflow/.local/lib/python3.12/site-packages/airflow/example_dags/example_subdag_operator.py for tasks to queue
[2025-01-19T23:59:54.567+0000] {logging_mixin.py:190} INFO - [2025-01-19T23:59:54.566+0000] {dagbag.py:588} INFO - Filling up the DagBag from /home/airflow/.local/lib/python3.12/site-packages/airflow/example_dags/example_subdag_operator.py
[2025-01-19T23:59:54.593+0000] {processor.py:925} INFO - DAG(s) 'example_subdag_operator.section-1', 'example_subdag_operator.section-2', 'example_subdag_operator' retrieved from /home/airflow/.local/lib/python3.12/site-packages/airflow/example_dags/example_subdag_operator.py
[2025-01-19T23:59:54.607+0000] {logging_mixin.py:190} INFO - [2025-01-19T23:59:54.607+0000] {dag.py:3239} INFO - Sync 3 DAGs
[2025-01-19T23:59:54.627+0000] {logging_mixin.py:190} INFO - [2025-01-19T23:59:54.627+0000] {dag.py:4180} INFO - Setting next_dagrun for example_subdag_operator to 2022-01-01 00:00:00+00:00, run_after=2022-01-01 00:00:00+00:00
[2025-01-19T23:59:54.631+0000] {logging_mixin.py:190} INFO - [2025-01-19T23:59:54.631+0000] {dag.py:4180} INFO - Setting next_dagrun for example_subdag_operator.section-1 to None, run_after=None
[2025-01-19T23:59:54.632+0000] {logging_mixin.py:190} INFO - [2025-01-19T23:59:54.632+0000] {dag.py:4180} INFO - Setting next_dagrun for example_subdag_operator.section-2 to None, run_after=None
[2025-01-19T23:59:54.641+0000] {logging_mixin.py:190} INFO - [2025-01-19T23:59:54.641+0000] {dag.py:3239} INFO - Sync 2 DAGs
[2025-01-19T23:59:54.646+0000] {logging_mixin.py:190} INFO - [2025-01-19T23:59:54.645+0000] {dag.py:4180} INFO - Setting next_dagrun for example_subdag_operator.section-1 to None, run_after=None
[2025-01-19T23:59:54.646+0000] {logging_mixin.py:190} INFO - [2025-01-19T23:59:54.646+0000] {dag.py:4180} INFO - Setting next_dagrun for example_subdag_operator.section-2 to None, run_after=None
[2025-01-19T23:59:54.658+0000] {processor.py:208} INFO - Processing /home/airflow/.local/lib/python3.12/site-packages/airflow/example_dags/example_subdag_operator.py took 0.099 seconds
