[2025-01-19T23:39:08.333+0000] {processor.py:186} INFO - Started process (PID=90) to work on /home/airflow/.local/lib/python3.12/site-packages/airflow/example_dags/example_external_task_marker_dag.py
[2025-01-19T23:39:08.334+0000] {processor.py:914} INFO - Processing file /home/airflow/.local/lib/python3.12/site-packages/airflow/example_dags/example_external_task_marker_dag.py for tasks to queue
[2025-01-19T23:39:08.338+0000] {logging_mixin.py:190} INFO - [2025-01-19T23:39:08.338+0000] {dagbag.py:588} INFO - Filling up the DagBag from /home/airflow/.local/lib/python3.12/site-packages/airflow/example_dags/example_external_task_marker_dag.py
[2025-01-19T23:39:08.356+0000] {processor.py:925} INFO - DAG(s) 'example_external_task_marker_child', 'example_external_task_marker_parent' retrieved from /home/airflow/.local/lib/python3.12/site-packages/airflow/example_dags/example_external_task_marker_dag.py
[2025-01-19T23:39:08.401+0000] {logging_mixin.py:190} INFO - [2025-01-19T23:39:08.400+0000] {dag.py:3239} INFO - Sync 2 DAGs
[2025-01-19T23:39:08.416+0000] {logging_mixin.py:190} INFO - [2025-01-19T23:39:08.416+0000] {dag.py:4180} INFO - Setting next_dagrun for example_external_task_marker_child to None, run_after=None
[2025-01-19T23:39:08.422+0000] {logging_mixin.py:190} INFO - [2025-01-19T23:39:08.421+0000] {dag.py:4180} INFO - Setting next_dagrun for example_external_task_marker_parent to None, run_after=None
[2025-01-19T23:39:08.448+0000] {processor.py:208} INFO - Processing /home/airflow/.local/lib/python3.12/site-packages/airflow/example_dags/example_external_task_marker_dag.py took 0.121 seconds
[2025-01-19T23:39:39.047+0000] {processor.py:186} INFO - Started process (PID=153) to work on /home/airflow/.local/lib/python3.12/site-packages/airflow/example_dags/example_external_task_marker_dag.py
[2025-01-19T23:39:39.048+0000] {processor.py:914} INFO - Processing file /home/airflow/.local/lib/python3.12/site-packages/airflow/example_dags/example_external_task_marker_dag.py for tasks to queue
[2025-01-19T23:39:39.050+0000] {logging_mixin.py:190} INFO - [2025-01-19T23:39:39.050+0000] {dagbag.py:588} INFO - Filling up the DagBag from /home/airflow/.local/lib/python3.12/site-packages/airflow/example_dags/example_external_task_marker_dag.py
[2025-01-19T23:39:39.057+0000] {processor.py:925} INFO - DAG(s) 'example_external_task_marker_parent', 'example_external_task_marker_child' retrieved from /home/airflow/.local/lib/python3.12/site-packages/airflow/example_dags/example_external_task_marker_dag.py
[2025-01-19T23:39:39.079+0000] {logging_mixin.py:190} INFO - [2025-01-19T23:39:39.079+0000] {dag.py:3239} INFO - Sync 2 DAGs
[2025-01-19T23:39:39.090+0000] {logging_mixin.py:190} INFO - [2025-01-19T23:39:39.090+0000] {dag.py:4180} INFO - Setting next_dagrun for example_external_task_marker_child to None, run_after=None
[2025-01-19T23:39:39.092+0000] {logging_mixin.py:190} INFO - [2025-01-19T23:39:39.092+0000] {dag.py:4180} INFO - Setting next_dagrun for example_external_task_marker_parent to None, run_after=None
[2025-01-19T23:39:39.106+0000] {processor.py:208} INFO - Processing /home/airflow/.local/lib/python3.12/site-packages/airflow/example_dags/example_external_task_marker_dag.py took 0.062 seconds
[2025-01-19T23:40:11.002+0000] {processor.py:186} INFO - Started process (PID=216) to work on /home/airflow/.local/lib/python3.12/site-packages/airflow/example_dags/example_external_task_marker_dag.py
[2025-01-19T23:40:11.004+0000] {processor.py:914} INFO - Processing file /home/airflow/.local/lib/python3.12/site-packages/airflow/example_dags/example_external_task_marker_dag.py for tasks to queue
[2025-01-19T23:40:11.006+0000] {logging_mixin.py:190} INFO - [2025-01-19T23:40:11.005+0000] {dagbag.py:588} INFO - Filling up the DagBag from /home/airflow/.local/lib/python3.12/site-packages/airflow/example_dags/example_external_task_marker_dag.py
[2025-01-19T23:40:11.016+0000] {processor.py:925} INFO - DAG(s) 'example_external_task_marker_parent', 'example_external_task_marker_child' retrieved from /home/airflow/.local/lib/python3.12/site-packages/airflow/example_dags/example_external_task_marker_dag.py
[2025-01-19T23:40:11.049+0000] {logging_mixin.py:190} INFO - [2025-01-19T23:40:11.049+0000] {dag.py:3239} INFO - Sync 2 DAGs
[2025-01-19T23:40:11.063+0000] {logging_mixin.py:190} INFO - [2025-01-19T23:40:11.063+0000] {dag.py:4180} INFO - Setting next_dagrun for example_external_task_marker_child to None, run_after=None
[2025-01-19T23:40:11.068+0000] {logging_mixin.py:190} INFO - [2025-01-19T23:40:11.068+0000] {dag.py:4180} INFO - Setting next_dagrun for example_external_task_marker_parent to None, run_after=None
[2025-01-19T23:40:11.091+0000] {processor.py:208} INFO - Processing /home/airflow/.local/lib/python3.12/site-packages/airflow/example_dags/example_external_task_marker_dag.py took 0.100 seconds
[2025-01-19T23:40:42.626+0000] {processor.py:186} INFO - Started process (PID=279) to work on /home/airflow/.local/lib/python3.12/site-packages/airflow/example_dags/example_external_task_marker_dag.py
[2025-01-19T23:40:42.627+0000] {processor.py:914} INFO - Processing file /home/airflow/.local/lib/python3.12/site-packages/airflow/example_dags/example_external_task_marker_dag.py for tasks to queue
[2025-01-19T23:40:42.630+0000] {logging_mixin.py:190} INFO - [2025-01-19T23:40:42.629+0000] {dagbag.py:588} INFO - Filling up the DagBag from /home/airflow/.local/lib/python3.12/site-packages/airflow/example_dags/example_external_task_marker_dag.py
[2025-01-19T23:40:42.644+0000] {processor.py:925} INFO - DAG(s) 'example_external_task_marker_parent', 'example_external_task_marker_child' retrieved from /home/airflow/.local/lib/python3.12/site-packages/airflow/example_dags/example_external_task_marker_dag.py
[2025-01-19T23:40:42.673+0000] {logging_mixin.py:190} INFO - [2025-01-19T23:40:42.673+0000] {dag.py:3239} INFO - Sync 2 DAGs
[2025-01-19T23:40:42.686+0000] {logging_mixin.py:190} INFO - [2025-01-19T23:40:42.686+0000] {dag.py:4180} INFO - Setting next_dagrun for example_external_task_marker_child to None, run_after=None
[2025-01-19T23:40:42.689+0000] {logging_mixin.py:190} INFO - [2025-01-19T23:40:42.688+0000] {dag.py:4180} INFO - Setting next_dagrun for example_external_task_marker_parent to None, run_after=None
[2025-01-19T23:40:42.704+0000] {processor.py:208} INFO - Processing /home/airflow/.local/lib/python3.12/site-packages/airflow/example_dags/example_external_task_marker_dag.py took 0.089 seconds
[2025-01-19T23:41:13.788+0000] {processor.py:186} INFO - Started process (PID=342) to work on /home/airflow/.local/lib/python3.12/site-packages/airflow/example_dags/example_external_task_marker_dag.py
[2025-01-19T23:41:13.789+0000] {processor.py:914} INFO - Processing file /home/airflow/.local/lib/python3.12/site-packages/airflow/example_dags/example_external_task_marker_dag.py for tasks to queue
[2025-01-19T23:41:13.792+0000] {logging_mixin.py:190} INFO - [2025-01-19T23:41:13.792+0000] {dagbag.py:588} INFO - Filling up the DagBag from /home/airflow/.local/lib/python3.12/site-packages/airflow/example_dags/example_external_task_marker_dag.py
[2025-01-19T23:41:13.800+0000] {processor.py:925} INFO - DAG(s) 'example_external_task_marker_child', 'example_external_task_marker_parent' retrieved from /home/airflow/.local/lib/python3.12/site-packages/airflow/example_dags/example_external_task_marker_dag.py
[2025-01-19T23:41:13.818+0000] {logging_mixin.py:190} INFO - [2025-01-19T23:41:13.818+0000] {dag.py:3239} INFO - Sync 2 DAGs
[2025-01-19T23:41:13.829+0000] {logging_mixin.py:190} INFO - [2025-01-19T23:41:13.828+0000] {dag.py:4180} INFO - Setting next_dagrun for example_external_task_marker_child to None, run_after=None
[2025-01-19T23:41:13.831+0000] {logging_mixin.py:190} INFO - [2025-01-19T23:41:13.831+0000] {dag.py:4180} INFO - Setting next_dagrun for example_external_task_marker_parent to None, run_after=None
[2025-01-19T23:41:13.846+0000] {processor.py:208} INFO - Processing /home/airflow/.local/lib/python3.12/site-packages/airflow/example_dags/example_external_task_marker_dag.py took 0.066 seconds
[2025-01-19T23:41:45.445+0000] {processor.py:186} INFO - Started process (PID=405) to work on /home/airflow/.local/lib/python3.12/site-packages/airflow/example_dags/example_external_task_marker_dag.py
[2025-01-19T23:41:45.446+0000] {processor.py:914} INFO - Processing file /home/airflow/.local/lib/python3.12/site-packages/airflow/example_dags/example_external_task_marker_dag.py for tasks to queue
[2025-01-19T23:41:45.450+0000] {logging_mixin.py:190} INFO - [2025-01-19T23:41:45.449+0000] {dagbag.py:588} INFO - Filling up the DagBag from /home/airflow/.local/lib/python3.12/site-packages/airflow/example_dags/example_external_task_marker_dag.py
[2025-01-19T23:41:45.462+0000] {processor.py:925} INFO - DAG(s) 'example_external_task_marker_parent', 'example_external_task_marker_child' retrieved from /home/airflow/.local/lib/python3.12/site-packages/airflow/example_dags/example_external_task_marker_dag.py
[2025-01-19T23:41:45.510+0000] {logging_mixin.py:190} INFO - [2025-01-19T23:41:45.510+0000] {dag.py:3239} INFO - Sync 2 DAGs
[2025-01-19T23:41:45.524+0000] {logging_mixin.py:190} INFO - [2025-01-19T23:41:45.524+0000] {dag.py:4180} INFO - Setting next_dagrun for example_external_task_marker_child to None, run_after=None
[2025-01-19T23:41:45.527+0000] {logging_mixin.py:190} INFO - [2025-01-19T23:41:45.527+0000] {dag.py:4180} INFO - Setting next_dagrun for example_external_task_marker_parent to None, run_after=None
[2025-01-19T23:41:45.544+0000] {processor.py:208} INFO - Processing /home/airflow/.local/lib/python3.12/site-packages/airflow/example_dags/example_external_task_marker_dag.py took 0.112 seconds
[2025-01-19T23:42:17.120+0000] {processor.py:186} INFO - Started process (PID=468) to work on /home/airflow/.local/lib/python3.12/site-packages/airflow/example_dags/example_external_task_marker_dag.py
[2025-01-19T23:42:17.121+0000] {processor.py:914} INFO - Processing file /home/airflow/.local/lib/python3.12/site-packages/airflow/example_dags/example_external_task_marker_dag.py for tasks to queue
[2025-01-19T23:42:17.124+0000] {logging_mixin.py:190} INFO - [2025-01-19T23:42:17.124+0000] {dagbag.py:588} INFO - Filling up the DagBag from /home/airflow/.local/lib/python3.12/site-packages/airflow/example_dags/example_external_task_marker_dag.py
[2025-01-19T23:42:17.140+0000] {processor.py:925} INFO - DAG(s) 'example_external_task_marker_child', 'example_external_task_marker_parent' retrieved from /home/airflow/.local/lib/python3.12/site-packages/airflow/example_dags/example_external_task_marker_dag.py
[2025-01-19T23:42:17.197+0000] {logging_mixin.py:190} INFO - [2025-01-19T23:42:17.197+0000] {dag.py:3239} INFO - Sync 2 DAGs
[2025-01-19T23:42:17.213+0000] {logging_mixin.py:190} INFO - [2025-01-19T23:42:17.212+0000] {dag.py:4180} INFO - Setting next_dagrun for example_external_task_marker_child to None, run_after=None
[2025-01-19T23:42:17.216+0000] {logging_mixin.py:190} INFO - [2025-01-19T23:42:17.216+0000] {dag.py:4180} INFO - Setting next_dagrun for example_external_task_marker_parent to None, run_after=None
[2025-01-19T23:42:17.232+0000] {processor.py:208} INFO - Processing /home/airflow/.local/lib/python3.12/site-packages/airflow/example_dags/example_external_task_marker_dag.py took 0.129 seconds
[2025-01-19T23:47:05.901+0000] {processor.py:186} INFO - Started process (PID=96) to work on /home/airflow/.local/lib/python3.12/site-packages/airflow/example_dags/example_external_task_marker_dag.py
[2025-01-19T23:47:05.904+0000] {processor.py:914} INFO - Processing file /home/airflow/.local/lib/python3.12/site-packages/airflow/example_dags/example_external_task_marker_dag.py for tasks to queue
[2025-01-19T23:47:05.913+0000] {logging_mixin.py:190} INFO - [2025-01-19T23:47:05.911+0000] {dagbag.py:588} INFO - Filling up the DagBag from /home/airflow/.local/lib/python3.12/site-packages/airflow/example_dags/example_external_task_marker_dag.py
[2025-01-19T23:47:05.938+0000] {processor.py:925} INFO - DAG(s) 'example_external_task_marker_child', 'example_external_task_marker_parent' retrieved from /home/airflow/.local/lib/python3.12/site-packages/airflow/example_dags/example_external_task_marker_dag.py
[2025-01-19T23:47:06.002+0000] {logging_mixin.py:190} INFO - [2025-01-19T23:47:06.002+0000] {dag.py:3239} INFO - Sync 2 DAGs
[2025-01-19T23:47:06.031+0000] {logging_mixin.py:190} INFO - [2025-01-19T23:47:06.031+0000] {dag.py:4180} INFO - Setting next_dagrun for example_external_task_marker_child to None, run_after=None
[2025-01-19T23:47:06.038+0000] {logging_mixin.py:190} INFO - [2025-01-19T23:47:06.038+0000] {dag.py:4180} INFO - Setting next_dagrun for example_external_task_marker_parent to None, run_after=None
[2025-01-19T23:47:06.075+0000] {processor.py:208} INFO - Processing /home/airflow/.local/lib/python3.12/site-packages/airflow/example_dags/example_external_task_marker_dag.py took 0.192 seconds
[2025-01-19T23:47:36.813+0000] {processor.py:186} INFO - Started process (PID=159) to work on /home/airflow/.local/lib/python3.12/site-packages/airflow/example_dags/example_external_task_marker_dag.py
[2025-01-19T23:47:36.815+0000] {processor.py:914} INFO - Processing file /home/airflow/.local/lib/python3.12/site-packages/airflow/example_dags/example_external_task_marker_dag.py for tasks to queue
[2025-01-19T23:47:36.816+0000] {logging_mixin.py:190} INFO - [2025-01-19T23:47:36.816+0000] {dagbag.py:588} INFO - Filling up the DagBag from /home/airflow/.local/lib/python3.12/site-packages/airflow/example_dags/example_external_task_marker_dag.py
[2025-01-19T23:47:36.828+0000] {processor.py:925} INFO - DAG(s) 'example_external_task_marker_parent', 'example_external_task_marker_child' retrieved from /home/airflow/.local/lib/python3.12/site-packages/airflow/example_dags/example_external_task_marker_dag.py
[2025-01-19T23:47:36.848+0000] {logging_mixin.py:190} INFO - [2025-01-19T23:47:36.848+0000] {dag.py:3239} INFO - Sync 2 DAGs
[2025-01-19T23:47:36.859+0000] {logging_mixin.py:190} INFO - [2025-01-19T23:47:36.859+0000] {dag.py:4180} INFO - Setting next_dagrun for example_external_task_marker_child to None, run_after=None
[2025-01-19T23:47:36.862+0000] {logging_mixin.py:190} INFO - [2025-01-19T23:47:36.862+0000] {dag.py:4180} INFO - Setting next_dagrun for example_external_task_marker_parent to None, run_after=None
[2025-01-19T23:47:36.874+0000] {processor.py:208} INFO - Processing /home/airflow/.local/lib/python3.12/site-packages/airflow/example_dags/example_external_task_marker_dag.py took 0.066 seconds
[2025-01-19T23:50:08.031+0000] {processor.py:186} INFO - Started process (PID=200) to work on /home/airflow/.local/lib/python3.12/site-packages/airflow/example_dags/example_external_task_marker_dag.py
[2025-01-19T23:50:08.033+0000] {processor.py:914} INFO - Processing file /home/airflow/.local/lib/python3.12/site-packages/airflow/example_dags/example_external_task_marker_dag.py for tasks to queue
[2025-01-19T23:50:08.036+0000] {logging_mixin.py:190} INFO - [2025-01-19T23:50:08.036+0000] {dagbag.py:588} INFO - Filling up the DagBag from /home/airflow/.local/lib/python3.12/site-packages/airflow/example_dags/example_external_task_marker_dag.py
[2025-01-19T23:50:08.044+0000] {processor.py:925} INFO - DAG(s) 'example_external_task_marker_parent', 'example_external_task_marker_child' retrieved from /home/airflow/.local/lib/python3.12/site-packages/airflow/example_dags/example_external_task_marker_dag.py
[2025-01-19T23:50:08.071+0000] {logging_mixin.py:190} INFO - [2025-01-19T23:50:08.071+0000] {dag.py:3239} INFO - Sync 2 DAGs
[2025-01-19T23:50:08.087+0000] {logging_mixin.py:190} INFO - [2025-01-19T23:50:08.086+0000] {dag.py:4180} INFO - Setting next_dagrun for example_external_task_marker_child to None, run_after=None
[2025-01-19T23:50:08.090+0000] {logging_mixin.py:190} INFO - [2025-01-19T23:50:08.090+0000] {dag.py:4180} INFO - Setting next_dagrun for example_external_task_marker_parent to None, run_after=None
[2025-01-19T23:50:08.109+0000] {processor.py:208} INFO - Processing /home/airflow/.local/lib/python3.12/site-packages/airflow/example_dags/example_external_task_marker_dag.py took 0.084 seconds
[2025-01-19T23:50:38.868+0000] {processor.py:186} INFO - Started process (PID=264) to work on /home/airflow/.local/lib/python3.12/site-packages/airflow/example_dags/example_external_task_marker_dag.py
[2025-01-19T23:50:38.869+0000] {processor.py:914} INFO - Processing file /home/airflow/.local/lib/python3.12/site-packages/airflow/example_dags/example_external_task_marker_dag.py for tasks to queue
[2025-01-19T23:50:38.870+0000] {logging_mixin.py:190} INFO - [2025-01-19T23:50:38.870+0000] {dagbag.py:588} INFO - Filling up the DagBag from /home/airflow/.local/lib/python3.12/site-packages/airflow/example_dags/example_external_task_marker_dag.py
[2025-01-19T23:50:38.878+0000] {processor.py:925} INFO - DAG(s) 'example_external_task_marker_child', 'example_external_task_marker_parent' retrieved from /home/airflow/.local/lib/python3.12/site-packages/airflow/example_dags/example_external_task_marker_dag.py
[2025-01-19T23:50:38.900+0000] {logging_mixin.py:190} INFO - [2025-01-19T23:50:38.899+0000] {dag.py:3239} INFO - Sync 2 DAGs
[2025-01-19T23:50:38.912+0000] {logging_mixin.py:190} INFO - [2025-01-19T23:50:38.912+0000] {dag.py:4180} INFO - Setting next_dagrun for example_external_task_marker_child to None, run_after=None
[2025-01-19T23:50:38.915+0000] {logging_mixin.py:190} INFO - [2025-01-19T23:50:38.915+0000] {dag.py:4180} INFO - Setting next_dagrun for example_external_task_marker_parent to None, run_after=None
[2025-01-19T23:50:38.931+0000] {processor.py:208} INFO - Processing /home/airflow/.local/lib/python3.12/site-packages/airflow/example_dags/example_external_task_marker_dag.py took 0.067 seconds
[2025-01-19T23:51:10.350+0000] {processor.py:186} INFO - Started process (PID=327) to work on /home/airflow/.local/lib/python3.12/site-packages/airflow/example_dags/example_external_task_marker_dag.py
[2025-01-19T23:51:10.354+0000] {processor.py:914} INFO - Processing file /home/airflow/.local/lib/python3.12/site-packages/airflow/example_dags/example_external_task_marker_dag.py for tasks to queue
[2025-01-19T23:51:10.359+0000] {logging_mixin.py:190} INFO - [2025-01-19T23:51:10.357+0000] {dagbag.py:588} INFO - Filling up the DagBag from /home/airflow/.local/lib/python3.12/site-packages/airflow/example_dags/example_external_task_marker_dag.py
[2025-01-19T23:51:10.376+0000] {processor.py:925} INFO - DAG(s) 'example_external_task_marker_parent', 'example_external_task_marker_child' retrieved from /home/airflow/.local/lib/python3.12/site-packages/airflow/example_dags/example_external_task_marker_dag.py
[2025-01-19T23:51:10.430+0000] {logging_mixin.py:190} INFO - [2025-01-19T23:51:10.430+0000] {dag.py:3239} INFO - Sync 2 DAGs
[2025-01-19T23:51:10.459+0000] {logging_mixin.py:190} INFO - [2025-01-19T23:51:10.459+0000] {dag.py:4180} INFO - Setting next_dagrun for example_external_task_marker_child to None, run_after=None
[2025-01-19T23:51:10.465+0000] {logging_mixin.py:190} INFO - [2025-01-19T23:51:10.465+0000] {dag.py:4180} INFO - Setting next_dagrun for example_external_task_marker_parent to None, run_after=None
[2025-01-19T23:51:10.503+0000] {processor.py:208} INFO - Processing /home/airflow/.local/lib/python3.12/site-packages/airflow/example_dags/example_external_task_marker_dag.py took 0.164 seconds
[2025-01-19T23:51:41.063+0000] {processor.py:186} INFO - Started process (PID=389) to work on /home/airflow/.local/lib/python3.12/site-packages/airflow/example_dags/example_external_task_marker_dag.py
[2025-01-19T23:51:41.153+0000] {processor.py:914} INFO - Processing file /home/airflow/.local/lib/python3.12/site-packages/airflow/example_dags/example_external_task_marker_dag.py for tasks to queue
[2025-01-19T23:51:41.155+0000] {logging_mixin.py:190} INFO - [2025-01-19T23:51:41.155+0000] {dagbag.py:588} INFO - Filling up the DagBag from /home/airflow/.local/lib/python3.12/site-packages/airflow/example_dags/example_external_task_marker_dag.py
[2025-01-19T23:51:41.198+0000] {processor.py:925} INFO - DAG(s) 'example_external_task_marker_parent', 'example_external_task_marker_child' retrieved from /home/airflow/.local/lib/python3.12/site-packages/airflow/example_dags/example_external_task_marker_dag.py
[2025-01-19T23:51:41.221+0000] {logging_mixin.py:190} INFO - [2025-01-19T23:51:41.220+0000] {dag.py:3239} INFO - Sync 2 DAGs
[2025-01-19T23:51:41.231+0000] {logging_mixin.py:190} INFO - [2025-01-19T23:51:41.230+0000] {dag.py:4180} INFO - Setting next_dagrun for example_external_task_marker_child to None, run_after=None
[2025-01-19T23:51:41.233+0000] {logging_mixin.py:190} INFO - [2025-01-19T23:51:41.233+0000] {dag.py:4180} INFO - Setting next_dagrun for example_external_task_marker_parent to None, run_after=None
[2025-01-19T23:51:41.322+0000] {processor.py:208} INFO - Processing /home/airflow/.local/lib/python3.12/site-packages/airflow/example_dags/example_external_task_marker_dag.py took 0.265 seconds
[2025-01-19T23:54:13.630+0000] {processor.py:186} INFO - Started process (PID=427) to work on /home/airflow/.local/lib/python3.12/site-packages/airflow/example_dags/example_external_task_marker_dag.py
[2025-01-19T23:54:13.640+0000] {processor.py:914} INFO - Processing file /home/airflow/.local/lib/python3.12/site-packages/airflow/example_dags/example_external_task_marker_dag.py for tasks to queue
[2025-01-19T23:54:13.650+0000] {logging_mixin.py:190} INFO - [2025-01-19T23:54:13.644+0000] {dagbag.py:588} INFO - Filling up the DagBag from /home/airflow/.local/lib/python3.12/site-packages/airflow/example_dags/example_external_task_marker_dag.py
[2025-01-19T23:54:13.769+0000] {processor.py:925} INFO - DAG(s) 'example_external_task_marker_parent', 'example_external_task_marker_child' retrieved from /home/airflow/.local/lib/python3.12/site-packages/airflow/example_dags/example_external_task_marker_dag.py
[2025-01-19T23:54:15.074+0000] {logging_mixin.py:190} INFO - [2025-01-19T23:54:15.029+0000] {dag.py:3239} INFO - Sync 2 DAGs
[2025-01-19T23:54:17.985+0000] {logging_mixin.py:190} INFO - [2025-01-19T23:54:17.981+0000] {dag.py:4180} INFO - Setting next_dagrun for example_external_task_marker_child to None, run_after=None
[2025-01-19T23:54:18.026+0000] {logging_mixin.py:190} INFO - [2025-01-19T23:54:18.024+0000] {dag.py:4180} INFO - Setting next_dagrun for example_external_task_marker_parent to None, run_after=None
[2025-01-19T23:54:19.413+0000] {processor.py:208} INFO - Processing /home/airflow/.local/lib/python3.12/site-packages/airflow/example_dags/example_external_task_marker_dag.py took 5.840 seconds
[2025-01-19T23:57:23.575+0000] {processor.py:186} INFO - Started process (PID=483) to work on /home/airflow/.local/lib/python3.12/site-packages/airflow/example_dags/example_external_task_marker_dag.py
[2025-01-19T23:57:23.579+0000] {processor.py:914} INFO - Processing file /home/airflow/.local/lib/python3.12/site-packages/airflow/example_dags/example_external_task_marker_dag.py for tasks to queue
[2025-01-19T23:57:23.582+0000] {logging_mixin.py:190} INFO - [2025-01-19T23:57:23.581+0000] {dagbag.py:588} INFO - Filling up the DagBag from /home/airflow/.local/lib/python3.12/site-packages/airflow/example_dags/example_external_task_marker_dag.py
[2025-01-19T23:57:23.605+0000] {processor.py:925} INFO - DAG(s) 'example_external_task_marker_child', 'example_external_task_marker_parent' retrieved from /home/airflow/.local/lib/python3.12/site-packages/airflow/example_dags/example_external_task_marker_dag.py
[2025-01-19T23:57:23.659+0000] {logging_mixin.py:190} INFO - [2025-01-19T23:57:23.659+0000] {dag.py:3239} INFO - Sync 2 DAGs
[2025-01-19T23:57:23.698+0000] {logging_mixin.py:190} INFO - [2025-01-19T23:57:23.698+0000] {dag.py:4180} INFO - Setting next_dagrun for example_external_task_marker_child to None, run_after=None
[2025-01-19T23:57:23.710+0000] {logging_mixin.py:190} INFO - [2025-01-19T23:57:23.709+0000] {dag.py:4180} INFO - Setting next_dagrun for example_external_task_marker_parent to None, run_after=None
[2025-01-19T23:57:23.752+0000] {processor.py:208} INFO - Processing /home/airflow/.local/lib/python3.12/site-packages/airflow/example_dags/example_external_task_marker_dag.py took 0.189 seconds
[2025-01-19T23:57:54.111+0000] {processor.py:186} INFO - Started process (PID=544) to work on /home/airflow/.local/lib/python3.12/site-packages/airflow/example_dags/example_external_task_marker_dag.py
[2025-01-19T23:57:54.112+0000] {processor.py:914} INFO - Processing file /home/airflow/.local/lib/python3.12/site-packages/airflow/example_dags/example_external_task_marker_dag.py for tasks to queue
[2025-01-19T23:57:54.114+0000] {logging_mixin.py:190} INFO - [2025-01-19T23:57:54.113+0000] {dagbag.py:588} INFO - Filling up the DagBag from /home/airflow/.local/lib/python3.12/site-packages/airflow/example_dags/example_external_task_marker_dag.py
[2025-01-19T23:57:54.122+0000] {processor.py:925} INFO - DAG(s) 'example_external_task_marker_child', 'example_external_task_marker_parent' retrieved from /home/airflow/.local/lib/python3.12/site-packages/airflow/example_dags/example_external_task_marker_dag.py
[2025-01-19T23:57:54.144+0000] {logging_mixin.py:190} INFO - [2025-01-19T23:57:54.144+0000] {dag.py:3239} INFO - Sync 2 DAGs
[2025-01-19T23:57:54.156+0000] {logging_mixin.py:190} INFO - [2025-01-19T23:57:54.156+0000] {dag.py:4180} INFO - Setting next_dagrun for example_external_task_marker_child to None, run_after=None
[2025-01-19T23:57:54.159+0000] {logging_mixin.py:190} INFO - [2025-01-19T23:57:54.159+0000] {dag.py:4180} INFO - Setting next_dagrun for example_external_task_marker_parent to None, run_after=None
[2025-01-19T23:57:54.174+0000] {processor.py:208} INFO - Processing /home/airflow/.local/lib/python3.12/site-packages/airflow/example_dags/example_external_task_marker_dag.py took 0.068 seconds
[2025-01-19T23:58:24.929+0000] {processor.py:186} INFO - Started process (PID=607) to work on /home/airflow/.local/lib/python3.12/site-packages/airflow/example_dags/example_external_task_marker_dag.py
[2025-01-19T23:58:24.930+0000] {processor.py:914} INFO - Processing file /home/airflow/.local/lib/python3.12/site-packages/airflow/example_dags/example_external_task_marker_dag.py for tasks to queue
[2025-01-19T23:58:24.930+0000] {logging_mixin.py:190} INFO - [2025-01-19T23:58:24.930+0000] {dagbag.py:588} INFO - Filling up the DagBag from /home/airflow/.local/lib/python3.12/site-packages/airflow/example_dags/example_external_task_marker_dag.py
[2025-01-19T23:58:24.937+0000] {processor.py:925} INFO - DAG(s) 'example_external_task_marker_parent', 'example_external_task_marker_child' retrieved from /home/airflow/.local/lib/python3.12/site-packages/airflow/example_dags/example_external_task_marker_dag.py
[2025-01-19T23:58:24.953+0000] {logging_mixin.py:190} INFO - [2025-01-19T23:58:24.953+0000] {dag.py:3239} INFO - Sync 2 DAGs
[2025-01-19T23:58:24.964+0000] {logging_mixin.py:190} INFO - [2025-01-19T23:58:24.964+0000] {dag.py:4180} INFO - Setting next_dagrun for example_external_task_marker_child to None, run_after=None
[2025-01-19T23:58:24.967+0000] {logging_mixin.py:190} INFO - [2025-01-19T23:58:24.966+0000] {dag.py:4180} INFO - Setting next_dagrun for example_external_task_marker_parent to None, run_after=None
[2025-01-19T23:58:24.981+0000] {processor.py:208} INFO - Processing /home/airflow/.local/lib/python3.12/site-packages/airflow/example_dags/example_external_task_marker_dag.py took 0.056 seconds
[2025-01-19T23:58:55.218+0000] {processor.py:186} INFO - Started process (PID=669) to work on /home/airflow/.local/lib/python3.12/site-packages/airflow/example_dags/example_external_task_marker_dag.py
[2025-01-19T23:58:55.220+0000] {processor.py:914} INFO - Processing file /home/airflow/.local/lib/python3.12/site-packages/airflow/example_dags/example_external_task_marker_dag.py for tasks to queue
[2025-01-19T23:58:55.221+0000] {logging_mixin.py:190} INFO - [2025-01-19T23:58:55.220+0000] {dagbag.py:588} INFO - Filling up the DagBag from /home/airflow/.local/lib/python3.12/site-packages/airflow/example_dags/example_external_task_marker_dag.py
[2025-01-19T23:58:55.230+0000] {processor.py:925} INFO - DAG(s) 'example_external_task_marker_parent', 'example_external_task_marker_child' retrieved from /home/airflow/.local/lib/python3.12/site-packages/airflow/example_dags/example_external_task_marker_dag.py
[2025-01-19T23:58:55.255+0000] {logging_mixin.py:190} INFO - [2025-01-19T23:58:55.254+0000] {dag.py:3239} INFO - Sync 2 DAGs
[2025-01-19T23:58:55.267+0000] {logging_mixin.py:190} INFO - [2025-01-19T23:58:55.267+0000] {dag.py:4180} INFO - Setting next_dagrun for example_external_task_marker_child to None, run_after=None
[2025-01-19T23:58:55.271+0000] {logging_mixin.py:190} INFO - [2025-01-19T23:58:55.271+0000] {dag.py:4180} INFO - Setting next_dagrun for example_external_task_marker_parent to None, run_after=None
[2025-01-19T23:58:55.288+0000] {processor.py:208} INFO - Processing /home/airflow/.local/lib/python3.12/site-packages/airflow/example_dags/example_external_task_marker_dag.py took 0.076 seconds
[2025-01-19T23:59:25.354+0000] {processor.py:186} INFO - Started process (PID=732) to work on /home/airflow/.local/lib/python3.12/site-packages/airflow/example_dags/example_external_task_marker_dag.py
[2025-01-19T23:59:25.356+0000] {processor.py:914} INFO - Processing file /home/airflow/.local/lib/python3.12/site-packages/airflow/example_dags/example_external_task_marker_dag.py for tasks to queue
[2025-01-19T23:59:25.357+0000] {logging_mixin.py:190} INFO - [2025-01-19T23:59:25.357+0000] {dagbag.py:588} INFO - Filling up the DagBag from /home/airflow/.local/lib/python3.12/site-packages/airflow/example_dags/example_external_task_marker_dag.py
[2025-01-19T23:59:25.367+0000] {processor.py:925} INFO - DAG(s) 'example_external_task_marker_child', 'example_external_task_marker_parent' retrieved from /home/airflow/.local/lib/python3.12/site-packages/airflow/example_dags/example_external_task_marker_dag.py
[2025-01-19T23:59:25.397+0000] {logging_mixin.py:190} INFO - [2025-01-19T23:59:25.396+0000] {dag.py:3239} INFO - Sync 2 DAGs
[2025-01-19T23:59:25.414+0000] {logging_mixin.py:190} INFO - [2025-01-19T23:59:25.414+0000] {dag.py:4180} INFO - Setting next_dagrun for example_external_task_marker_child to None, run_after=None
[2025-01-19T23:59:25.419+0000] {logging_mixin.py:190} INFO - [2025-01-19T23:59:25.419+0000] {dag.py:4180} INFO - Setting next_dagrun for example_external_task_marker_parent to None, run_after=None
[2025-01-19T23:59:25.441+0000] {processor.py:208} INFO - Processing /home/airflow/.local/lib/python3.12/site-packages/airflow/example_dags/example_external_task_marker_dag.py took 0.094 seconds
[2025-01-19T23:59:55.845+0000] {processor.py:186} INFO - Started process (PID=794) to work on /home/airflow/.local/lib/python3.12/site-packages/airflow/example_dags/example_external_task_marker_dag.py
[2025-01-19T23:59:55.847+0000] {processor.py:914} INFO - Processing file /home/airflow/.local/lib/python3.12/site-packages/airflow/example_dags/example_external_task_marker_dag.py for tasks to queue
[2025-01-19T23:59:55.848+0000] {logging_mixin.py:190} INFO - [2025-01-19T23:59:55.848+0000] {dagbag.py:588} INFO - Filling up the DagBag from /home/airflow/.local/lib/python3.12/site-packages/airflow/example_dags/example_external_task_marker_dag.py
[2025-01-19T23:59:55.858+0000] {processor.py:925} INFO - DAG(s) 'example_external_task_marker_child', 'example_external_task_marker_parent' retrieved from /home/airflow/.local/lib/python3.12/site-packages/airflow/example_dags/example_external_task_marker_dag.py
[2025-01-19T23:59:55.877+0000] {logging_mixin.py:190} INFO - [2025-01-19T23:59:55.877+0000] {dag.py:3239} INFO - Sync 2 DAGs
[2025-01-19T23:59:55.888+0000] {logging_mixin.py:190} INFO - [2025-01-19T23:59:55.888+0000] {dag.py:4180} INFO - Setting next_dagrun for example_external_task_marker_child to None, run_after=None
[2025-01-19T23:59:55.891+0000] {logging_mixin.py:190} INFO - [2025-01-19T23:59:55.890+0000] {dag.py:4180} INFO - Setting next_dagrun for example_external_task_marker_parent to None, run_after=None
[2025-01-19T23:59:55.906+0000] {processor.py:208} INFO - Processing /home/airflow/.local/lib/python3.12/site-packages/airflow/example_dags/example_external_task_marker_dag.py took 0.066 seconds
