[2025-01-19T23:38:58.932+0000] {processor.py:186} INFO - Started process (PID=86) to work on /home/airflow/.local/lib/python3.12/site-packages/airflow/example_dags/example_latest_only.py
[2025-01-19T23:38:58.932+0000] {processor.py:914} INFO - Processing file /home/airflow/.local/lib/python3.12/site-packages/airflow/example_dags/example_latest_only.py for tasks to queue
[2025-01-19T23:38:58.934+0000] {logging_mixin.py:190} INFO - [2025-01-19T23:38:58.934+0000] {dagbag.py:588} INFO - Filling up the DagBag from /home/airflow/.local/lib/python3.12/site-packages/airflow/example_dags/example_latest_only.py
[2025-01-19T23:38:58.940+0000] {processor.py:925} INFO - DAG(s) 'latest_only' retrieved from /home/airflow/.local/lib/python3.12/site-packages/airflow/example_dags/example_latest_only.py
[2025-01-19T23:38:59.058+0000] {logging_mixin.py:190} INFO - [2025-01-19T23:38:59.058+0000] {dag.py:3239} INFO - Sync 1 DAGs
[2025-01-19T23:38:59.137+0000] {logging_mixin.py:190} INFO - [2025-01-19T23:38:59.137+0000] {dag.py:4180} INFO - Setting next_dagrun for latest_only to 2025-01-19 16:00:00+00:00, run_after=2025-01-19 20:00:00+00:00
[2025-01-19T23:38:59.377+0000] {processor.py:208} INFO - Processing /home/airflow/.local/lib/python3.12/site-packages/airflow/example_dags/example_latest_only.py took 0.450 seconds
[2025-01-19T23:39:30.106+0000] {processor.py:186} INFO - Started process (PID=148) to work on /home/airflow/.local/lib/python3.12/site-packages/airflow/example_dags/example_latest_only.py
[2025-01-19T23:39:30.107+0000] {processor.py:914} INFO - Processing file /home/airflow/.local/lib/python3.12/site-packages/airflow/example_dags/example_latest_only.py for tasks to queue
[2025-01-19T23:39:30.109+0000] {logging_mixin.py:190} INFO - [2025-01-19T23:39:30.109+0000] {dagbag.py:588} INFO - Filling up the DagBag from /home/airflow/.local/lib/python3.12/site-packages/airflow/example_dags/example_latest_only.py
[2025-01-19T23:39:30.116+0000] {processor.py:925} INFO - DAG(s) 'latest_only' retrieved from /home/airflow/.local/lib/python3.12/site-packages/airflow/example_dags/example_latest_only.py
[2025-01-19T23:39:30.135+0000] {logging_mixin.py:190} INFO - [2025-01-19T23:39:30.135+0000] {dag.py:3239} INFO - Sync 1 DAGs
[2025-01-19T23:39:30.151+0000] {logging_mixin.py:190} INFO - [2025-01-19T23:39:30.151+0000] {dag.py:4180} INFO - Setting next_dagrun for latest_only to 2025-01-19 16:00:00+00:00, run_after=2025-01-19 20:00:00+00:00
[2025-01-19T23:39:30.166+0000] {processor.py:208} INFO - Processing /home/airflow/.local/lib/python3.12/site-packages/airflow/example_dags/example_latest_only.py took 0.065 seconds
[2025-01-19T23:40:00.551+0000] {processor.py:186} INFO - Started process (PID=211) to work on /home/airflow/.local/lib/python3.12/site-packages/airflow/example_dags/example_latest_only.py
[2025-01-19T23:40:00.553+0000] {processor.py:914} INFO - Processing file /home/airflow/.local/lib/python3.12/site-packages/airflow/example_dags/example_latest_only.py for tasks to queue
[2025-01-19T23:40:00.555+0000] {logging_mixin.py:190} INFO - [2025-01-19T23:40:00.554+0000] {dagbag.py:588} INFO - Filling up the DagBag from /home/airflow/.local/lib/python3.12/site-packages/airflow/example_dags/example_latest_only.py
[2025-01-19T23:40:00.562+0000] {processor.py:925} INFO - DAG(s) 'latest_only' retrieved from /home/airflow/.local/lib/python3.12/site-packages/airflow/example_dags/example_latest_only.py
[2025-01-19T23:40:00.579+0000] {logging_mixin.py:190} INFO - [2025-01-19T23:40:00.579+0000] {dag.py:3239} INFO - Sync 1 DAGs
[2025-01-19T23:40:00.599+0000] {logging_mixin.py:190} INFO - [2025-01-19T23:40:00.599+0000] {dag.py:4180} INFO - Setting next_dagrun for latest_only to 2025-01-19 16:00:00+00:00, run_after=2025-01-19 20:00:00+00:00
[2025-01-19T23:40:00.616+0000] {processor.py:208} INFO - Processing /home/airflow/.local/lib/python3.12/site-packages/airflow/example_dags/example_latest_only.py took 0.068 seconds
[2025-01-19T23:40:31.290+0000] {processor.py:186} INFO - Started process (PID=274) to work on /home/airflow/.local/lib/python3.12/site-packages/airflow/example_dags/example_latest_only.py
[2025-01-19T23:40:31.294+0000] {processor.py:914} INFO - Processing file /home/airflow/.local/lib/python3.12/site-packages/airflow/example_dags/example_latest_only.py for tasks to queue
[2025-01-19T23:40:31.298+0000] {logging_mixin.py:190} INFO - [2025-01-19T23:40:31.297+0000] {dagbag.py:588} INFO - Filling up the DagBag from /home/airflow/.local/lib/python3.12/site-packages/airflow/example_dags/example_latest_only.py
[2025-01-19T23:40:31.308+0000] {processor.py:925} INFO - DAG(s) 'latest_only' retrieved from /home/airflow/.local/lib/python3.12/site-packages/airflow/example_dags/example_latest_only.py
[2025-01-19T23:40:31.338+0000] {logging_mixin.py:190} INFO - [2025-01-19T23:40:31.338+0000] {dag.py:3239} INFO - Sync 1 DAGs
[2025-01-19T23:40:31.363+0000] {logging_mixin.py:190} INFO - [2025-01-19T23:40:31.362+0000] {dag.py:4180} INFO - Setting next_dagrun for latest_only to 2025-01-19 16:00:00+00:00, run_after=2025-01-19 20:00:00+00:00
[2025-01-19T23:40:31.390+0000] {processor.py:208} INFO - Processing /home/airflow/.local/lib/python3.12/site-packages/airflow/example_dags/example_latest_only.py took 0.106 seconds
[2025-01-19T23:41:01.647+0000] {processor.py:186} INFO - Started process (PID=337) to work on /home/airflow/.local/lib/python3.12/site-packages/airflow/example_dags/example_latest_only.py
[2025-01-19T23:41:01.648+0000] {processor.py:914} INFO - Processing file /home/airflow/.local/lib/python3.12/site-packages/airflow/example_dags/example_latest_only.py for tasks to queue
[2025-01-19T23:41:01.650+0000] {logging_mixin.py:190} INFO - [2025-01-19T23:41:01.650+0000] {dagbag.py:588} INFO - Filling up the DagBag from /home/airflow/.local/lib/python3.12/site-packages/airflow/example_dags/example_latest_only.py
[2025-01-19T23:41:01.658+0000] {processor.py:925} INFO - DAG(s) 'latest_only' retrieved from /home/airflow/.local/lib/python3.12/site-packages/airflow/example_dags/example_latest_only.py
[2025-01-19T23:41:01.678+0000] {logging_mixin.py:190} INFO - [2025-01-19T23:41:01.678+0000] {dag.py:3239} INFO - Sync 1 DAGs
[2025-01-19T23:41:01.697+0000] {logging_mixin.py:190} INFO - [2025-01-19T23:41:01.697+0000] {dag.py:4180} INFO - Setting next_dagrun for latest_only to 2025-01-19 16:00:00+00:00, run_after=2025-01-19 20:00:00+00:00
[2025-01-19T23:41:01.714+0000] {processor.py:208} INFO - Processing /home/airflow/.local/lib/python3.12/site-packages/airflow/example_dags/example_latest_only.py took 0.072 seconds
[2025-01-19T23:41:32.175+0000] {processor.py:186} INFO - Started process (PID=400) to work on /home/airflow/.local/lib/python3.12/site-packages/airflow/example_dags/example_latest_only.py
[2025-01-19T23:41:32.177+0000] {processor.py:914} INFO - Processing file /home/airflow/.local/lib/python3.12/site-packages/airflow/example_dags/example_latest_only.py for tasks to queue
[2025-01-19T23:41:32.179+0000] {logging_mixin.py:190} INFO - [2025-01-19T23:41:32.178+0000] {dagbag.py:588} INFO - Filling up the DagBag from /home/airflow/.local/lib/python3.12/site-packages/airflow/example_dags/example_latest_only.py
[2025-01-19T23:41:32.186+0000] {processor.py:925} INFO - DAG(s) 'latest_only' retrieved from /home/airflow/.local/lib/python3.12/site-packages/airflow/example_dags/example_latest_only.py
[2025-01-19T23:41:32.204+0000] {logging_mixin.py:190} INFO - [2025-01-19T23:41:32.204+0000] {dag.py:3239} INFO - Sync 1 DAGs
[2025-01-19T23:41:32.224+0000] {logging_mixin.py:190} INFO - [2025-01-19T23:41:32.224+0000] {dag.py:4180} INFO - Setting next_dagrun for latest_only to 2025-01-19 16:00:00+00:00, run_after=2025-01-19 20:00:00+00:00
[2025-01-19T23:41:32.240+0000] {processor.py:208} INFO - Processing /home/airflow/.local/lib/python3.12/site-packages/airflow/example_dags/example_latest_only.py took 0.069 seconds
[2025-01-19T23:42:02.815+0000] {processor.py:186} INFO - Started process (PID=463) to work on /home/airflow/.local/lib/python3.12/site-packages/airflow/example_dags/example_latest_only.py
[2025-01-19T23:42:02.816+0000] {processor.py:914} INFO - Processing file /home/airflow/.local/lib/python3.12/site-packages/airflow/example_dags/example_latest_only.py for tasks to queue
[2025-01-19T23:42:02.818+0000] {logging_mixin.py:190} INFO - [2025-01-19T23:42:02.817+0000] {dagbag.py:588} INFO - Filling up the DagBag from /home/airflow/.local/lib/python3.12/site-packages/airflow/example_dags/example_latest_only.py
[2025-01-19T23:42:02.826+0000] {processor.py:925} INFO - DAG(s) 'latest_only' retrieved from /home/airflow/.local/lib/python3.12/site-packages/airflow/example_dags/example_latest_only.py
[2025-01-19T23:42:02.844+0000] {logging_mixin.py:190} INFO - [2025-01-19T23:42:02.844+0000] {dag.py:3239} INFO - Sync 1 DAGs
[2025-01-19T23:42:02.863+0000] {logging_mixin.py:190} INFO - [2025-01-19T23:42:02.863+0000] {dag.py:4180} INFO - Setting next_dagrun for latest_only to 2025-01-19 16:00:00+00:00, run_after=2025-01-19 20:00:00+00:00
[2025-01-19T23:42:02.881+0000] {processor.py:208} INFO - Processing /home/airflow/.local/lib/python3.12/site-packages/airflow/example_dags/example_latest_only.py took 0.071 seconds
[2025-01-19T23:47:03.603+0000] {processor.py:186} INFO - Started process (PID=92) to work on /home/airflow/.local/lib/python3.12/site-packages/airflow/example_dags/example_latest_only.py
[2025-01-19T23:47:03.604+0000] {processor.py:914} INFO - Processing file /home/airflow/.local/lib/python3.12/site-packages/airflow/example_dags/example_latest_only.py for tasks to queue
[2025-01-19T23:47:03.608+0000] {logging_mixin.py:190} INFO - [2025-01-19T23:47:03.607+0000] {dagbag.py:588} INFO - Filling up the DagBag from /home/airflow/.local/lib/python3.12/site-packages/airflow/example_dags/example_latest_only.py
[2025-01-19T23:47:03.620+0000] {processor.py:925} INFO - DAG(s) 'latest_only' retrieved from /home/airflow/.local/lib/python3.12/site-packages/airflow/example_dags/example_latest_only.py
[2025-01-19T23:47:03.880+0000] {logging_mixin.py:190} INFO - [2025-01-19T23:47:03.877+0000] {dag.py:3239} INFO - Sync 1 DAGs
[2025-01-19T23:47:03.928+0000] {logging_mixin.py:190} INFO - [2025-01-19T23:47:03.928+0000] {dag.py:4180} INFO - Setting next_dagrun for latest_only to 2025-01-19 16:00:00+00:00, run_after=2025-01-19 20:00:00+00:00
[2025-01-19T23:47:03.972+0000] {processor.py:208} INFO - Processing /home/airflow/.local/lib/python3.12/site-packages/airflow/example_dags/example_latest_only.py took 0.377 seconds
[2025-01-19T23:47:34.773+0000] {processor.py:186} INFO - Started process (PID=155) to work on /home/airflow/.local/lib/python3.12/site-packages/airflow/example_dags/example_latest_only.py
[2025-01-19T23:47:34.774+0000] {processor.py:914} INFO - Processing file /home/airflow/.local/lib/python3.12/site-packages/airflow/example_dags/example_latest_only.py for tasks to queue
[2025-01-19T23:47:34.776+0000] {logging_mixin.py:190} INFO - [2025-01-19T23:47:34.776+0000] {dagbag.py:588} INFO - Filling up the DagBag from /home/airflow/.local/lib/python3.12/site-packages/airflow/example_dags/example_latest_only.py
[2025-01-19T23:47:34.782+0000] {processor.py:925} INFO - DAG(s) 'latest_only' retrieved from /home/airflow/.local/lib/python3.12/site-packages/airflow/example_dags/example_latest_only.py
[2025-01-19T23:47:34.800+0000] {logging_mixin.py:190} INFO - [2025-01-19T23:47:34.799+0000] {dag.py:3239} INFO - Sync 1 DAGs
[2025-01-19T23:47:34.817+0000] {logging_mixin.py:190} INFO - [2025-01-19T23:47:34.817+0000] {dag.py:4180} INFO - Setting next_dagrun for latest_only to 2025-01-19 16:00:00+00:00, run_after=2025-01-19 20:00:00+00:00
[2025-01-19T23:47:34.832+0000] {processor.py:208} INFO - Processing /home/airflow/.local/lib/python3.12/site-packages/airflow/example_dags/example_latest_only.py took 0.063 seconds
[2025-01-19T23:50:07.722+0000] {processor.py:186} INFO - Started process (PID=196) to work on /home/airflow/.local/lib/python3.12/site-packages/airflow/example_dags/example_latest_only.py
[2025-01-19T23:50:07.724+0000] {processor.py:914} INFO - Processing file /home/airflow/.local/lib/python3.12/site-packages/airflow/example_dags/example_latest_only.py for tasks to queue
[2025-01-19T23:50:07.728+0000] {logging_mixin.py:190} INFO - [2025-01-19T23:50:07.728+0000] {dagbag.py:588} INFO - Filling up the DagBag from /home/airflow/.local/lib/python3.12/site-packages/airflow/example_dags/example_latest_only.py
[2025-01-19T23:50:07.739+0000] {processor.py:925} INFO - DAG(s) 'latest_only' retrieved from /home/airflow/.local/lib/python3.12/site-packages/airflow/example_dags/example_latest_only.py
[2025-01-19T23:50:07.772+0000] {logging_mixin.py:190} INFO - [2025-01-19T23:50:07.772+0000] {dag.py:3239} INFO - Sync 1 DAGs
[2025-01-19T23:50:07.808+0000] {logging_mixin.py:190} INFO - [2025-01-19T23:50:07.807+0000] {dag.py:4180} INFO - Setting next_dagrun for latest_only to 2025-01-19 16:00:00+00:00, run_after=2025-01-19 20:00:00+00:00
[2025-01-19T23:50:07.832+0000] {processor.py:208} INFO - Processing /home/airflow/.local/lib/python3.12/site-packages/airflow/example_dags/example_latest_only.py took 0.119 seconds
[2025-01-19T23:50:38.615+0000] {processor.py:186} INFO - Started process (PID=261) to work on /home/airflow/.local/lib/python3.12/site-packages/airflow/example_dags/example_latest_only.py
[2025-01-19T23:50:38.616+0000] {processor.py:914} INFO - Processing file /home/airflow/.local/lib/python3.12/site-packages/airflow/example_dags/example_latest_only.py for tasks to queue
[2025-01-19T23:50:38.618+0000] {logging_mixin.py:190} INFO - [2025-01-19T23:50:38.617+0000] {dagbag.py:588} INFO - Filling up the DagBag from /home/airflow/.local/lib/python3.12/site-packages/airflow/example_dags/example_latest_only.py
[2025-01-19T23:50:38.624+0000] {processor.py:925} INFO - DAG(s) 'latest_only' retrieved from /home/airflow/.local/lib/python3.12/site-packages/airflow/example_dags/example_latest_only.py
[2025-01-19T23:50:38.642+0000] {logging_mixin.py:190} INFO - [2025-01-19T23:50:38.642+0000] {dag.py:3239} INFO - Sync 1 DAGs
[2025-01-19T23:50:38.661+0000] {logging_mixin.py:190} INFO - [2025-01-19T23:50:38.661+0000] {dag.py:4180} INFO - Setting next_dagrun for latest_only to 2025-01-19 16:00:00+00:00, run_after=2025-01-19 20:00:00+00:00
[2025-01-19T23:50:38.679+0000] {processor.py:208} INFO - Processing /home/airflow/.local/lib/python3.12/site-packages/airflow/example_dags/example_latest_only.py took 0.069 seconds
[2025-01-19T23:51:09.127+0000] {processor.py:186} INFO - Started process (PID=323) to work on /home/airflow/.local/lib/python3.12/site-packages/airflow/example_dags/example_latest_only.py
[2025-01-19T23:51:09.130+0000] {processor.py:914} INFO - Processing file /home/airflow/.local/lib/python3.12/site-packages/airflow/example_dags/example_latest_only.py for tasks to queue
[2025-01-19T23:51:09.134+0000] {logging_mixin.py:190} INFO - [2025-01-19T23:51:09.133+0000] {dagbag.py:588} INFO - Filling up the DagBag from /home/airflow/.local/lib/python3.12/site-packages/airflow/example_dags/example_latest_only.py
[2025-01-19T23:51:09.146+0000] {processor.py:925} INFO - DAG(s) 'latest_only' retrieved from /home/airflow/.local/lib/python3.12/site-packages/airflow/example_dags/example_latest_only.py
[2025-01-19T23:51:09.188+0000] {logging_mixin.py:190} INFO - [2025-01-19T23:51:09.187+0000] {dag.py:3239} INFO - Sync 1 DAGs
[2025-01-19T23:51:09.232+0000] {logging_mixin.py:190} INFO - [2025-01-19T23:51:09.231+0000] {dag.py:4180} INFO - Setting next_dagrun for latest_only to 2025-01-19 16:00:00+00:00, run_after=2025-01-19 20:00:00+00:00
[2025-01-19T23:51:09.270+0000] {processor.py:208} INFO - Processing /home/airflow/.local/lib/python3.12/site-packages/airflow/example_dags/example_latest_only.py took 0.154 seconds
[2025-01-19T23:51:39.867+0000] {processor.py:186} INFO - Started process (PID=386) to work on /home/airflow/.local/lib/python3.12/site-packages/airflow/example_dags/example_latest_only.py
[2025-01-19T23:51:39.869+0000] {processor.py:914} INFO - Processing file /home/airflow/.local/lib/python3.12/site-packages/airflow/example_dags/example_latest_only.py for tasks to queue
[2025-01-19T23:51:39.872+0000] {logging_mixin.py:190} INFO - [2025-01-19T23:51:39.872+0000] {dagbag.py:588} INFO - Filling up the DagBag from /home/airflow/.local/lib/python3.12/site-packages/airflow/example_dags/example_latest_only.py
[2025-01-19T23:51:39.882+0000] {processor.py:925} INFO - DAG(s) 'latest_only' retrieved from /home/airflow/.local/lib/python3.12/site-packages/airflow/example_dags/example_latest_only.py
[2025-01-19T23:51:39.907+0000] {logging_mixin.py:190} INFO - [2025-01-19T23:51:39.907+0000] {dag.py:3239} INFO - Sync 1 DAGs
[2025-01-19T23:51:39.939+0000] {logging_mixin.py:190} INFO - [2025-01-19T23:51:39.939+0000] {dag.py:4180} INFO - Setting next_dagrun for latest_only to 2025-01-19 16:00:00+00:00, run_after=2025-01-19 20:00:00+00:00
[2025-01-19T23:51:39.963+0000] {processor.py:208} INFO - Processing /home/airflow/.local/lib/python3.12/site-packages/airflow/example_dags/example_latest_only.py took 0.103 seconds
[2025-01-19T23:54:11.821+0000] {processor.py:186} INFO - Started process (PID=424) to work on /home/airflow/.local/lib/python3.12/site-packages/airflow/example_dags/example_latest_only.py
[2025-01-19T23:54:11.825+0000] {processor.py:914} INFO - Processing file /home/airflow/.local/lib/python3.12/site-packages/airflow/example_dags/example_latest_only.py for tasks to queue
[2025-01-19T23:54:11.828+0000] {logging_mixin.py:190} INFO - [2025-01-19T23:54:11.828+0000] {dagbag.py:588} INFO - Filling up the DagBag from /home/airflow/.local/lib/python3.12/site-packages/airflow/example_dags/example_latest_only.py
[2025-01-19T23:54:11.859+0000] {processor.py:925} INFO - DAG(s) 'latest_only' retrieved from /home/airflow/.local/lib/python3.12/site-packages/airflow/example_dags/example_latest_only.py
[2025-01-19T23:54:12.008+0000] {logging_mixin.py:190} INFO - [2025-01-19T23:54:12.002+0000] {dag.py:3239} INFO - Sync 1 DAGs
[2025-01-19T23:54:12.105+0000] {logging_mixin.py:190} INFO - [2025-01-19T23:54:12.105+0000] {dag.py:4180} INFO - Setting next_dagrun for latest_only to 2025-01-19 16:00:00+00:00, run_after=2025-01-19 20:00:00+00:00
[2025-01-19T23:54:12.173+0000] {processor.py:208} INFO - Processing /home/airflow/.local/lib/python3.12/site-packages/airflow/example_dags/example_latest_only.py took 0.368 seconds
[2025-01-19T23:57:22.755+0000] {processor.py:186} INFO - Started process (PID=479) to work on /home/airflow/.local/lib/python3.12/site-packages/airflow/example_dags/example_latest_only.py
[2025-01-19T23:57:22.759+0000] {processor.py:914} INFO - Processing file /home/airflow/.local/lib/python3.12/site-packages/airflow/example_dags/example_latest_only.py for tasks to queue
[2025-01-19T23:57:22.763+0000] {logging_mixin.py:190} INFO - [2025-01-19T23:57:22.762+0000] {dagbag.py:588} INFO - Filling up the DagBag from /home/airflow/.local/lib/python3.12/site-packages/airflow/example_dags/example_latest_only.py
[2025-01-19T23:57:22.782+0000] {processor.py:925} INFO - DAG(s) 'latest_only' retrieved from /home/airflow/.local/lib/python3.12/site-packages/airflow/example_dags/example_latest_only.py
[2025-01-19T23:57:22.830+0000] {logging_mixin.py:190} INFO - [2025-01-19T23:57:22.829+0000] {dag.py:3239} INFO - Sync 1 DAGs
[2025-01-19T23:57:22.887+0000] {logging_mixin.py:190} INFO - [2025-01-19T23:57:22.886+0000] {dag.py:4180} INFO - Setting next_dagrun for latest_only to 2025-01-19 16:00:00+00:00, run_after=2025-01-19 20:00:00+00:00
[2025-01-19T23:57:22.935+0000] {processor.py:208} INFO - Processing /home/airflow/.local/lib/python3.12/site-packages/airflow/example_dags/example_latest_only.py took 0.195 seconds
[2025-01-19T23:57:53.491+0000] {processor.py:186} INFO - Started process (PID=540) to work on /home/airflow/.local/lib/python3.12/site-packages/airflow/example_dags/example_latest_only.py
[2025-01-19T23:57:53.492+0000] {processor.py:914} INFO - Processing file /home/airflow/.local/lib/python3.12/site-packages/airflow/example_dags/example_latest_only.py for tasks to queue
[2025-01-19T23:57:53.493+0000] {logging_mixin.py:190} INFO - [2025-01-19T23:57:53.493+0000] {dagbag.py:588} INFO - Filling up the DagBag from /home/airflow/.local/lib/python3.12/site-packages/airflow/example_dags/example_latest_only.py
[2025-01-19T23:57:53.499+0000] {processor.py:925} INFO - DAG(s) 'latest_only' retrieved from /home/airflow/.local/lib/python3.12/site-packages/airflow/example_dags/example_latest_only.py
[2025-01-19T23:57:53.513+0000] {logging_mixin.py:190} INFO - [2025-01-19T23:57:53.513+0000] {dag.py:3239} INFO - Sync 1 DAGs
[2025-01-19T23:57:53.529+0000] {logging_mixin.py:190} INFO - [2025-01-19T23:57:53.529+0000] {dag.py:4180} INFO - Setting next_dagrun for latest_only to 2025-01-19 16:00:00+00:00, run_after=2025-01-19 20:00:00+00:00
[2025-01-19T23:57:53.541+0000] {processor.py:208} INFO - Processing /home/airflow/.local/lib/python3.12/site-packages/airflow/example_dags/example_latest_only.py took 0.055 seconds
[2025-01-19T23:58:23.820+0000] {processor.py:186} INFO - Started process (PID=603) to work on /home/airflow/.local/lib/python3.12/site-packages/airflow/example_dags/example_latest_only.py
[2025-01-19T23:58:23.821+0000] {processor.py:914} INFO - Processing file /home/airflow/.local/lib/python3.12/site-packages/airflow/example_dags/example_latest_only.py for tasks to queue
[2025-01-19T23:58:23.822+0000] {logging_mixin.py:190} INFO - [2025-01-19T23:58:23.822+0000] {dagbag.py:588} INFO - Filling up the DagBag from /home/airflow/.local/lib/python3.12/site-packages/airflow/example_dags/example_latest_only.py
[2025-01-19T23:58:23.829+0000] {processor.py:925} INFO - DAG(s) 'latest_only' retrieved from /home/airflow/.local/lib/python3.12/site-packages/airflow/example_dags/example_latest_only.py
[2025-01-19T23:58:23.849+0000] {logging_mixin.py:190} INFO - [2025-01-19T23:58:23.849+0000] {dag.py:3239} INFO - Sync 1 DAGs
[2025-01-19T23:58:23.868+0000] {logging_mixin.py:190} INFO - [2025-01-19T23:58:23.868+0000] {dag.py:4180} INFO - Setting next_dagrun for latest_only to 2025-01-19 16:00:00+00:00, run_after=2025-01-19 20:00:00+00:00
[2025-01-19T23:58:23.885+0000] {processor.py:208} INFO - Processing /home/airflow/.local/lib/python3.12/site-packages/airflow/example_dags/example_latest_only.py took 0.070 seconds
[2025-01-19T23:58:54.050+0000] {processor.py:186} INFO - Started process (PID=666) to work on /home/airflow/.local/lib/python3.12/site-packages/airflow/example_dags/example_latest_only.py
[2025-01-19T23:58:54.051+0000] {processor.py:914} INFO - Processing file /home/airflow/.local/lib/python3.12/site-packages/airflow/example_dags/example_latest_only.py for tasks to queue
[2025-01-19T23:58:54.053+0000] {logging_mixin.py:190} INFO - [2025-01-19T23:58:54.052+0000] {dagbag.py:588} INFO - Filling up the DagBag from /home/airflow/.local/lib/python3.12/site-packages/airflow/example_dags/example_latest_only.py
[2025-01-19T23:58:54.059+0000] {processor.py:925} INFO - DAG(s) 'latest_only' retrieved from /home/airflow/.local/lib/python3.12/site-packages/airflow/example_dags/example_latest_only.py
[2025-01-19T23:58:54.076+0000] {logging_mixin.py:190} INFO - [2025-01-19T23:58:54.075+0000] {dag.py:3239} INFO - Sync 1 DAGs
[2025-01-19T23:58:54.093+0000] {logging_mixin.py:190} INFO - [2025-01-19T23:58:54.093+0000] {dag.py:4180} INFO - Setting next_dagrun for latest_only to 2025-01-19 16:00:00+00:00, run_after=2025-01-19 20:00:00+00:00
[2025-01-19T23:58:54.106+0000] {processor.py:208} INFO - Processing /home/airflow/.local/lib/python3.12/site-packages/airflow/example_dags/example_latest_only.py took 0.062 seconds
[2025-01-19T23:59:24.466+0000] {processor.py:186} INFO - Started process (PID=728) to work on /home/airflow/.local/lib/python3.12/site-packages/airflow/example_dags/example_latest_only.py
[2025-01-19T23:59:24.468+0000] {processor.py:914} INFO - Processing file /home/airflow/.local/lib/python3.12/site-packages/airflow/example_dags/example_latest_only.py for tasks to queue
[2025-01-19T23:59:24.469+0000] {logging_mixin.py:190} INFO - [2025-01-19T23:59:24.469+0000] {dagbag.py:588} INFO - Filling up the DagBag from /home/airflow/.local/lib/python3.12/site-packages/airflow/example_dags/example_latest_only.py
[2025-01-19T23:59:24.477+0000] {processor.py:925} INFO - DAG(s) 'latest_only' retrieved from /home/airflow/.local/lib/python3.12/site-packages/airflow/example_dags/example_latest_only.py
[2025-01-19T23:59:24.495+0000] {logging_mixin.py:190} INFO - [2025-01-19T23:59:24.495+0000] {dag.py:3239} INFO - Sync 1 DAGs
[2025-01-19T23:59:24.514+0000] {logging_mixin.py:190} INFO - [2025-01-19T23:59:24.514+0000] {dag.py:4180} INFO - Setting next_dagrun for latest_only to 2025-01-19 16:00:00+00:00, run_after=2025-01-19 20:00:00+00:00
[2025-01-19T23:59:24.531+0000] {processor.py:208} INFO - Processing /home/airflow/.local/lib/python3.12/site-packages/airflow/example_dags/example_latest_only.py took 0.070 seconds
[2025-01-19T23:59:54.683+0000] {processor.py:186} INFO - Started process (PID=791) to work on /home/airflow/.local/lib/python3.12/site-packages/airflow/example_dags/example_latest_only.py
[2025-01-19T23:59:54.685+0000] {processor.py:914} INFO - Processing file /home/airflow/.local/lib/python3.12/site-packages/airflow/example_dags/example_latest_only.py for tasks to queue
[2025-01-19T23:59:54.688+0000] {logging_mixin.py:190} INFO - [2025-01-19T23:59:54.687+0000] {dagbag.py:588} INFO - Filling up the DagBag from /home/airflow/.local/lib/python3.12/site-packages/airflow/example_dags/example_latest_only.py
[2025-01-19T23:59:54.697+0000] {processor.py:925} INFO - DAG(s) 'latest_only' retrieved from /home/airflow/.local/lib/python3.12/site-packages/airflow/example_dags/example_latest_only.py
[2025-01-19T23:59:54.716+0000] {logging_mixin.py:190} INFO - [2025-01-19T23:59:54.716+0000] {dag.py:3239} INFO - Sync 1 DAGs
[2025-01-19T23:59:54.738+0000] {logging_mixin.py:190} INFO - [2025-01-19T23:59:54.738+0000] {dag.py:4180} INFO - Setting next_dagrun for latest_only to 2025-01-19 16:00:00+00:00, run_after=2025-01-19 20:00:00+00:00
[2025-01-19T23:59:54.756+0000] {processor.py:208} INFO - Processing /home/airflow/.local/lib/python3.12/site-packages/airflow/example_dags/example_latest_only.py took 0.079 seconds
