[2025-01-19T23:39:09.617+0000] {processor.py:186} INFO - Started process (PID=105) to work on /home/airflow/.local/lib/python3.12/site-packages/airflow/example_dags/example_local_kubernetes_executor.py
[2025-01-19T23:39:09.617+0000] {processor.py:914} INFO - Processing file /home/airflow/.local/lib/python3.12/site-packages/airflow/example_dags/example_local_kubernetes_executor.py for tasks to queue
[2025-01-19T23:39:09.619+0000] {logging_mixin.py:190} INFO - [2025-01-19T23:39:09.619+0000] {dagbag.py:588} INFO - Filling up the DagBag from /home/airflow/.local/lib/python3.12/site-packages/airflow/example_dags/example_local_kubernetes_executor.py
[2025-01-19T23:39:09.632+0000] {processor.py:925} INFO - DAG(s) 'example_local_kubernetes_executor' retrieved from /home/airflow/.local/lib/python3.12/site-packages/airflow/example_dags/example_local_kubernetes_executor.py
[2025-01-19T23:39:09.678+0000] {logging_mixin.py:190} INFO - [2025-01-19T23:39:09.678+0000] {dag.py:3239} INFO - Sync 1 DAGs
[2025-01-19T23:39:09.704+0000] {logging_mixin.py:190} INFO - [2025-01-19T23:39:09.703+0000] {dag.py:4180} INFO - Setting next_dagrun for example_local_kubernetes_executor to None, run_after=None
[2025-01-19T23:39:09.732+0000] {processor.py:208} INFO - Processing /home/airflow/.local/lib/python3.12/site-packages/airflow/example_dags/example_local_kubernetes_executor.py took 0.124 seconds
[2025-01-19T23:39:39.927+0000] {processor.py:186} INFO - Started process (PID=168) to work on /home/airflow/.local/lib/python3.12/site-packages/airflow/example_dags/example_local_kubernetes_executor.py
[2025-01-19T23:39:39.928+0000] {processor.py:914} INFO - Processing file /home/airflow/.local/lib/python3.12/site-packages/airflow/example_dags/example_local_kubernetes_executor.py for tasks to queue
[2025-01-19T23:39:39.930+0000] {logging_mixin.py:190} INFO - [2025-01-19T23:39:39.930+0000] {dagbag.py:588} INFO - Filling up the DagBag from /home/airflow/.local/lib/python3.12/site-packages/airflow/example_dags/example_local_kubernetes_executor.py
[2025-01-19T23:39:39.939+0000] {processor.py:925} INFO - DAG(s) 'example_local_kubernetes_executor' retrieved from /home/airflow/.local/lib/python3.12/site-packages/airflow/example_dags/example_local_kubernetes_executor.py
[2025-01-19T23:39:39.959+0000] {logging_mixin.py:190} INFO - [2025-01-19T23:39:39.958+0000] {dag.py:3239} INFO - Sync 1 DAGs
[2025-01-19T23:39:39.969+0000] {logging_mixin.py:190} INFO - [2025-01-19T23:39:39.969+0000] {dag.py:4180} INFO - Setting next_dagrun for example_local_kubernetes_executor to None, run_after=None
[2025-01-19T23:39:39.983+0000] {processor.py:208} INFO - Processing /home/airflow/.local/lib/python3.12/site-packages/airflow/example_dags/example_local_kubernetes_executor.py took 0.061 seconds
[2025-01-19T23:40:11.658+0000] {processor.py:186} INFO - Started process (PID=231) to work on /home/airflow/.local/lib/python3.12/site-packages/airflow/example_dags/example_local_kubernetes_executor.py
[2025-01-19T23:40:11.659+0000] {processor.py:914} INFO - Processing file /home/airflow/.local/lib/python3.12/site-packages/airflow/example_dags/example_local_kubernetes_executor.py for tasks to queue
[2025-01-19T23:40:11.661+0000] {logging_mixin.py:190} INFO - [2025-01-19T23:40:11.661+0000] {dagbag.py:588} INFO - Filling up the DagBag from /home/airflow/.local/lib/python3.12/site-packages/airflow/example_dags/example_local_kubernetes_executor.py
[2025-01-19T23:40:11.670+0000] {processor.py:925} INFO - DAG(s) 'example_local_kubernetes_executor' retrieved from /home/airflow/.local/lib/python3.12/site-packages/airflow/example_dags/example_local_kubernetes_executor.py
[2025-01-19T23:40:11.693+0000] {logging_mixin.py:190} INFO - [2025-01-19T23:40:11.692+0000] {dag.py:3239} INFO - Sync 1 DAGs
[2025-01-19T23:40:11.703+0000] {logging_mixin.py:190} INFO - [2025-01-19T23:40:11.703+0000] {dag.py:4180} INFO - Setting next_dagrun for example_local_kubernetes_executor to None, run_after=None
[2025-01-19T23:40:11.716+0000] {processor.py:208} INFO - Processing /home/airflow/.local/lib/python3.12/site-packages/airflow/example_dags/example_local_kubernetes_executor.py took 0.063 seconds
[2025-01-19T23:40:43.352+0000] {processor.py:186} INFO - Started process (PID=294) to work on /home/airflow/.local/lib/python3.12/site-packages/airflow/example_dags/example_local_kubernetes_executor.py
[2025-01-19T23:40:43.354+0000] {processor.py:914} INFO - Processing file /home/airflow/.local/lib/python3.12/site-packages/airflow/example_dags/example_local_kubernetes_executor.py for tasks to queue
[2025-01-19T23:40:43.356+0000] {logging_mixin.py:190} INFO - [2025-01-19T23:40:43.356+0000] {dagbag.py:588} INFO - Filling up the DagBag from /home/airflow/.local/lib/python3.12/site-packages/airflow/example_dags/example_local_kubernetes_executor.py
[2025-01-19T23:40:43.367+0000] {processor.py:925} INFO - DAG(s) 'example_local_kubernetes_executor' retrieved from /home/airflow/.local/lib/python3.12/site-packages/airflow/example_dags/example_local_kubernetes_executor.py
[2025-01-19T23:40:43.395+0000] {logging_mixin.py:190} INFO - [2025-01-19T23:40:43.395+0000] {dag.py:3239} INFO - Sync 1 DAGs
[2025-01-19T23:40:43.410+0000] {logging_mixin.py:190} INFO - [2025-01-19T23:40:43.410+0000] {dag.py:4180} INFO - Setting next_dagrun for example_local_kubernetes_executor to None, run_after=None
[2025-01-19T23:40:43.430+0000] {processor.py:208} INFO - Processing /home/airflow/.local/lib/python3.12/site-packages/airflow/example_dags/example_local_kubernetes_executor.py took 0.083 seconds
[2025-01-19T23:41:14.485+0000] {processor.py:186} INFO - Started process (PID=357) to work on /home/airflow/.local/lib/python3.12/site-packages/airflow/example_dags/example_local_kubernetes_executor.py
[2025-01-19T23:41:14.486+0000] {processor.py:914} INFO - Processing file /home/airflow/.local/lib/python3.12/site-packages/airflow/example_dags/example_local_kubernetes_executor.py for tasks to queue
[2025-01-19T23:41:14.488+0000] {logging_mixin.py:190} INFO - [2025-01-19T23:41:14.487+0000] {dagbag.py:588} INFO - Filling up the DagBag from /home/airflow/.local/lib/python3.12/site-packages/airflow/example_dags/example_local_kubernetes_executor.py
[2025-01-19T23:41:14.496+0000] {processor.py:925} INFO - DAG(s) 'example_local_kubernetes_executor' retrieved from /home/airflow/.local/lib/python3.12/site-packages/airflow/example_dags/example_local_kubernetes_executor.py
[2025-01-19T23:41:14.519+0000] {logging_mixin.py:190} INFO - [2025-01-19T23:41:14.518+0000] {dag.py:3239} INFO - Sync 1 DAGs
[2025-01-19T23:41:14.529+0000] {logging_mixin.py:190} INFO - [2025-01-19T23:41:14.529+0000] {dag.py:4180} INFO - Setting next_dagrun for example_local_kubernetes_executor to None, run_after=None
[2025-01-19T23:41:14.545+0000] {processor.py:208} INFO - Processing /home/airflow/.local/lib/python3.12/site-packages/airflow/example_dags/example_local_kubernetes_executor.py took 0.065 seconds
[2025-01-19T23:41:46.395+0000] {processor.py:186} INFO - Started process (PID=420) to work on /home/airflow/.local/lib/python3.12/site-packages/airflow/example_dags/example_local_kubernetes_executor.py
[2025-01-19T23:41:46.397+0000] {processor.py:914} INFO - Processing file /home/airflow/.local/lib/python3.12/site-packages/airflow/example_dags/example_local_kubernetes_executor.py for tasks to queue
[2025-01-19T23:41:46.399+0000] {logging_mixin.py:190} INFO - [2025-01-19T23:41:46.398+0000] {dagbag.py:588} INFO - Filling up the DagBag from /home/airflow/.local/lib/python3.12/site-packages/airflow/example_dags/example_local_kubernetes_executor.py
[2025-01-19T23:41:46.409+0000] {processor.py:925} INFO - DAG(s) 'example_local_kubernetes_executor' retrieved from /home/airflow/.local/lib/python3.12/site-packages/airflow/example_dags/example_local_kubernetes_executor.py
[2025-01-19T23:41:46.435+0000] {logging_mixin.py:190} INFO - [2025-01-19T23:41:46.435+0000] {dag.py:3239} INFO - Sync 1 DAGs
[2025-01-19T23:41:46.447+0000] {logging_mixin.py:190} INFO - [2025-01-19T23:41:46.447+0000] {dag.py:4180} INFO - Setting next_dagrun for example_local_kubernetes_executor to None, run_after=None
[2025-01-19T23:41:46.464+0000] {processor.py:208} INFO - Processing /home/airflow/.local/lib/python3.12/site-packages/airflow/example_dags/example_local_kubernetes_executor.py took 0.074 seconds
[2025-01-19T23:42:18.014+0000] {processor.py:186} INFO - Started process (PID=483) to work on /home/airflow/.local/lib/python3.12/site-packages/airflow/example_dags/example_local_kubernetes_executor.py
[2025-01-19T23:42:18.020+0000] {processor.py:914} INFO - Processing file /home/airflow/.local/lib/python3.12/site-packages/airflow/example_dags/example_local_kubernetes_executor.py for tasks to queue
[2025-01-19T23:42:18.025+0000] {logging_mixin.py:190} INFO - [2025-01-19T23:42:18.024+0000] {dagbag.py:588} INFO - Filling up the DagBag from /home/airflow/.local/lib/python3.12/site-packages/airflow/example_dags/example_local_kubernetes_executor.py
[2025-01-19T23:42:18.309+0000] {processor.py:925} INFO - DAG(s) 'example_local_kubernetes_executor' retrieved from /home/airflow/.local/lib/python3.12/site-packages/airflow/example_dags/example_local_kubernetes_executor.py
[2025-01-19T23:42:18.402+0000] {logging_mixin.py:190} INFO - [2025-01-19T23:42:18.402+0000] {dag.py:3239} INFO - Sync 1 DAGs
[2025-01-19T23:42:18.450+0000] {logging_mixin.py:190} INFO - [2025-01-19T23:42:18.450+0000] {dag.py:4180} INFO - Setting next_dagrun for example_local_kubernetes_executor to None, run_after=None
[2025-01-19T23:42:18.557+0000] {processor.py:208} INFO - Processing /home/airflow/.local/lib/python3.12/site-packages/airflow/example_dags/example_local_kubernetes_executor.py took 0.554 seconds
[2025-01-19T23:47:08.389+0000] {processor.py:186} INFO - Started process (PID=111) to work on /home/airflow/.local/lib/python3.12/site-packages/airflow/example_dags/example_local_kubernetes_executor.py
[2025-01-19T23:47:08.391+0000] {processor.py:914} INFO - Processing file /home/airflow/.local/lib/python3.12/site-packages/airflow/example_dags/example_local_kubernetes_executor.py for tasks to queue
[2025-01-19T23:47:08.394+0000] {logging_mixin.py:190} INFO - [2025-01-19T23:47:08.394+0000] {dagbag.py:588} INFO - Filling up the DagBag from /home/airflow/.local/lib/python3.12/site-packages/airflow/example_dags/example_local_kubernetes_executor.py
[2025-01-19T23:47:08.412+0000] {processor.py:925} INFO - DAG(s) 'example_local_kubernetes_executor' retrieved from /home/airflow/.local/lib/python3.12/site-packages/airflow/example_dags/example_local_kubernetes_executor.py
[2025-01-19T23:47:08.464+0000] {logging_mixin.py:190} INFO - [2025-01-19T23:47:08.463+0000] {dag.py:3239} INFO - Sync 1 DAGs
[2025-01-19T23:47:08.493+0000] {logging_mixin.py:190} INFO - [2025-01-19T23:47:08.492+0000] {dag.py:4180} INFO - Setting next_dagrun for example_local_kubernetes_executor to None, run_after=None
[2025-01-19T23:47:08.551+0000] {processor.py:208} INFO - Processing /home/airflow/.local/lib/python3.12/site-packages/airflow/example_dags/example_local_kubernetes_executor.py took 0.175 seconds
[2025-01-19T23:47:38.990+0000] {processor.py:186} INFO - Started process (PID=175) to work on /home/airflow/.local/lib/python3.12/site-packages/airflow/example_dags/example_local_kubernetes_executor.py
[2025-01-19T23:47:38.991+0000] {processor.py:914} INFO - Processing file /home/airflow/.local/lib/python3.12/site-packages/airflow/example_dags/example_local_kubernetes_executor.py for tasks to queue
[2025-01-19T23:47:38.992+0000] {logging_mixin.py:190} INFO - [2025-01-19T23:47:38.992+0000] {dagbag.py:588} INFO - Filling up the DagBag from /home/airflow/.local/lib/python3.12/site-packages/airflow/example_dags/example_local_kubernetes_executor.py
[2025-01-19T23:47:39.001+0000] {processor.py:925} INFO - DAG(s) 'example_local_kubernetes_executor' retrieved from /home/airflow/.local/lib/python3.12/site-packages/airflow/example_dags/example_local_kubernetes_executor.py
[2025-01-19T23:47:39.026+0000] {logging_mixin.py:190} INFO - [2025-01-19T23:47:39.026+0000] {dag.py:3239} INFO - Sync 1 DAGs
[2025-01-19T23:47:39.036+0000] {logging_mixin.py:190} INFO - [2025-01-19T23:47:39.036+0000] {dag.py:4180} INFO - Setting next_dagrun for example_local_kubernetes_executor to None, run_after=None
[2025-01-19T23:47:39.051+0000] {processor.py:208} INFO - Processing /home/airflow/.local/lib/python3.12/site-packages/airflow/example_dags/example_local_kubernetes_executor.py took 0.066 seconds
[2025-01-19T23:50:09.260+0000] {processor.py:186} INFO - Started process (PID=215) to work on /home/airflow/.local/lib/python3.12/site-packages/airflow/example_dags/example_local_kubernetes_executor.py
[2025-01-19T23:50:09.261+0000] {processor.py:914} INFO - Processing file /home/airflow/.local/lib/python3.12/site-packages/airflow/example_dags/example_local_kubernetes_executor.py for tasks to queue
[2025-01-19T23:50:09.263+0000] {logging_mixin.py:190} INFO - [2025-01-19T23:50:09.263+0000] {dagbag.py:588} INFO - Filling up the DagBag from /home/airflow/.local/lib/python3.12/site-packages/airflow/example_dags/example_local_kubernetes_executor.py
[2025-01-19T23:50:09.272+0000] {processor.py:925} INFO - DAG(s) 'example_local_kubernetes_executor' retrieved from /home/airflow/.local/lib/python3.12/site-packages/airflow/example_dags/example_local_kubernetes_executor.py
[2025-01-19T23:50:09.294+0000] {logging_mixin.py:190} INFO - [2025-01-19T23:50:09.294+0000] {dag.py:3239} INFO - Sync 1 DAGs
[2025-01-19T23:50:09.305+0000] {logging_mixin.py:190} INFO - [2025-01-19T23:50:09.305+0000] {dag.py:4180} INFO - Setting next_dagrun for example_local_kubernetes_executor to None, run_after=None
[2025-01-19T23:50:09.319+0000] {processor.py:208} INFO - Processing /home/airflow/.local/lib/python3.12/site-packages/airflow/example_dags/example_local_kubernetes_executor.py took 0.064 seconds
[2025-01-19T23:50:39.948+0000] {processor.py:186} INFO - Started process (PID=280) to work on /home/airflow/.local/lib/python3.12/site-packages/airflow/example_dags/example_local_kubernetes_executor.py
[2025-01-19T23:50:39.949+0000] {processor.py:914} INFO - Processing file /home/airflow/.local/lib/python3.12/site-packages/airflow/example_dags/example_local_kubernetes_executor.py for tasks to queue
[2025-01-19T23:50:39.951+0000] {logging_mixin.py:190} INFO - [2025-01-19T23:50:39.951+0000] {dagbag.py:588} INFO - Filling up the DagBag from /home/airflow/.local/lib/python3.12/site-packages/airflow/example_dags/example_local_kubernetes_executor.py
[2025-01-19T23:50:39.960+0000] {processor.py:925} INFO - DAG(s) 'example_local_kubernetes_executor' retrieved from /home/airflow/.local/lib/python3.12/site-packages/airflow/example_dags/example_local_kubernetes_executor.py
[2025-01-19T23:50:39.981+0000] {logging_mixin.py:190} INFO - [2025-01-19T23:50:39.981+0000] {dag.py:3239} INFO - Sync 1 DAGs
[2025-01-19T23:50:39.995+0000] {logging_mixin.py:190} INFO - [2025-01-19T23:50:39.995+0000] {dag.py:4180} INFO - Setting next_dagrun for example_local_kubernetes_executor to None, run_after=None
[2025-01-19T23:50:40.016+0000] {processor.py:208} INFO - Processing /home/airflow/.local/lib/python3.12/site-packages/airflow/example_dags/example_local_kubernetes_executor.py took 0.073 seconds
[2025-01-19T23:51:13.456+0000] {processor.py:186} INFO - Started process (PID=343) to work on /home/airflow/.local/lib/python3.12/site-packages/airflow/example_dags/example_local_kubernetes_executor.py
[2025-01-19T23:51:13.458+0000] {processor.py:914} INFO - Processing file /home/airflow/.local/lib/python3.12/site-packages/airflow/example_dags/example_local_kubernetes_executor.py for tasks to queue
[2025-01-19T23:51:13.464+0000] {logging_mixin.py:190} INFO - [2025-01-19T23:51:13.463+0000] {dagbag.py:588} INFO - Filling up the DagBag from /home/airflow/.local/lib/python3.12/site-packages/airflow/example_dags/example_local_kubernetes_executor.py
[2025-01-19T23:51:13.485+0000] {processor.py:925} INFO - DAG(s) 'example_local_kubernetes_executor' retrieved from /home/airflow/.local/lib/python3.12/site-packages/airflow/example_dags/example_local_kubernetes_executor.py
[2025-01-19T23:51:13.536+0000] {logging_mixin.py:190} INFO - [2025-01-19T23:51:13.535+0000] {dag.py:3239} INFO - Sync 1 DAGs
[2025-01-19T23:51:13.569+0000] {logging_mixin.py:190} INFO - [2025-01-19T23:51:13.569+0000] {dag.py:4180} INFO - Setting next_dagrun for example_local_kubernetes_executor to None, run_after=None
[2025-01-19T23:51:13.609+0000] {processor.py:208} INFO - Processing /home/airflow/.local/lib/python3.12/site-packages/airflow/example_dags/example_local_kubernetes_executor.py took 0.164 seconds
[2025-01-19T23:54:06.348+0000] {processor.py:186} INFO - Started process (PID=406) to work on /home/airflow/.local/lib/python3.12/site-packages/airflow/example_dags/example_local_kubernetes_executor.py
[2025-01-19T23:54:06.351+0000] {processor.py:914} INFO - Processing file /home/airflow/.local/lib/python3.12/site-packages/airflow/example_dags/example_local_kubernetes_executor.py for tasks to queue
[2025-01-19T23:54:06.353+0000] {logging_mixin.py:190} INFO - [2025-01-19T23:54:06.352+0000] {dagbag.py:588} INFO - Filling up the DagBag from /home/airflow/.local/lib/python3.12/site-packages/airflow/example_dags/example_local_kubernetes_executor.py
[2025-01-19T23:54:06.376+0000] {processor.py:925} INFO - DAG(s) 'example_local_kubernetes_executor' retrieved from /home/airflow/.local/lib/python3.12/site-packages/airflow/example_dags/example_local_kubernetes_executor.py
[2025-01-19T23:54:06.432+0000] {logging_mixin.py:190} INFO - [2025-01-19T23:54:06.432+0000] {dag.py:3239} INFO - Sync 1 DAGs
[2025-01-19T23:54:06.465+0000] {logging_mixin.py:190} INFO - [2025-01-19T23:54:06.465+0000] {dag.py:4180} INFO - Setting next_dagrun for example_local_kubernetes_executor to None, run_after=None
[2025-01-19T23:54:06.506+0000] {processor.py:208} INFO - Processing /home/airflow/.local/lib/python3.12/site-packages/airflow/example_dags/example_local_kubernetes_executor.py took 0.168 seconds
[2025-01-19T23:57:25.726+0000] {processor.py:186} INFO - Started process (PID=492) to work on /home/airflow/.local/lib/python3.12/site-packages/airflow/example_dags/example_local_kubernetes_executor.py
[2025-01-19T23:57:25.729+0000] {processor.py:914} INFO - Processing file /home/airflow/.local/lib/python3.12/site-packages/airflow/example_dags/example_local_kubernetes_executor.py for tasks to queue
[2025-01-19T23:57:25.731+0000] {logging_mixin.py:190} INFO - [2025-01-19T23:57:25.731+0000] {dagbag.py:588} INFO - Filling up the DagBag from /home/airflow/.local/lib/python3.12/site-packages/airflow/example_dags/example_local_kubernetes_executor.py
[2025-01-19T23:57:25.752+0000] {processor.py:925} INFO - DAG(s) 'example_local_kubernetes_executor' retrieved from /home/airflow/.local/lib/python3.12/site-packages/airflow/example_dags/example_local_kubernetes_executor.py
[2025-01-19T23:57:25.804+0000] {logging_mixin.py:190} INFO - [2025-01-19T23:57:25.804+0000] {dag.py:3239} INFO - Sync 1 DAGs
[2025-01-19T23:57:25.829+0000] {logging_mixin.py:190} INFO - [2025-01-19T23:57:25.829+0000] {dag.py:4180} INFO - Setting next_dagrun for example_local_kubernetes_executor to None, run_after=None
[2025-01-19T23:57:25.868+0000] {processor.py:208} INFO - Processing /home/airflow/.local/lib/python3.12/site-packages/airflow/example_dags/example_local_kubernetes_executor.py took 0.154 seconds
[2025-01-19T23:57:56.923+0000] {processor.py:186} INFO - Started process (PID=554) to work on /home/airflow/.local/lib/python3.12/site-packages/airflow/example_dags/example_local_kubernetes_executor.py
[2025-01-19T23:57:56.925+0000] {processor.py:914} INFO - Processing file /home/airflow/.local/lib/python3.12/site-packages/airflow/example_dags/example_local_kubernetes_executor.py for tasks to queue
[2025-01-19T23:57:56.927+0000] {logging_mixin.py:190} INFO - [2025-01-19T23:57:56.926+0000] {dagbag.py:588} INFO - Filling up the DagBag from /home/airflow/.local/lib/python3.12/site-packages/airflow/example_dags/example_local_kubernetes_executor.py
[2025-01-19T23:57:56.937+0000] {processor.py:925} INFO - DAG(s) 'example_local_kubernetes_executor' retrieved from /home/airflow/.local/lib/python3.12/site-packages/airflow/example_dags/example_local_kubernetes_executor.py
[2025-01-19T23:57:56.966+0000] {logging_mixin.py:190} INFO - [2025-01-19T23:57:56.966+0000] {dag.py:3239} INFO - Sync 1 DAGs
[2025-01-19T23:57:56.987+0000] {logging_mixin.py:190} INFO - [2025-01-19T23:57:56.987+0000] {dag.py:4180} INFO - Setting next_dagrun for example_local_kubernetes_executor to None, run_after=None
[2025-01-19T23:57:57.012+0000] {processor.py:208} INFO - Processing /home/airflow/.local/lib/python3.12/site-packages/airflow/example_dags/example_local_kubernetes_executor.py took 0.094 seconds
[2025-01-19T23:58:27.821+0000] {processor.py:186} INFO - Started process (PID=617) to work on /home/airflow/.local/lib/python3.12/site-packages/airflow/example_dags/example_local_kubernetes_executor.py
[2025-01-19T23:58:27.823+0000] {processor.py:914} INFO - Processing file /home/airflow/.local/lib/python3.12/site-packages/airflow/example_dags/example_local_kubernetes_executor.py for tasks to queue
[2025-01-19T23:58:27.824+0000] {logging_mixin.py:190} INFO - [2025-01-19T23:58:27.824+0000] {dagbag.py:588} INFO - Filling up the DagBag from /home/airflow/.local/lib/python3.12/site-packages/airflow/example_dags/example_local_kubernetes_executor.py
[2025-01-19T23:58:27.833+0000] {processor.py:925} INFO - DAG(s) 'example_local_kubernetes_executor' retrieved from /home/airflow/.local/lib/python3.12/site-packages/airflow/example_dags/example_local_kubernetes_executor.py
[2025-01-19T23:58:27.856+0000] {logging_mixin.py:190} INFO - [2025-01-19T23:58:27.856+0000] {dag.py:3239} INFO - Sync 1 DAGs
[2025-01-19T23:58:27.873+0000] {logging_mixin.py:190} INFO - [2025-01-19T23:58:27.873+0000] {dag.py:4180} INFO - Setting next_dagrun for example_local_kubernetes_executor to None, run_after=None
[2025-01-19T23:58:27.901+0000] {processor.py:208} INFO - Processing /home/airflow/.local/lib/python3.12/site-packages/airflow/example_dags/example_local_kubernetes_executor.py took 0.085 seconds
[2025-01-19T23:58:58.573+0000] {processor.py:186} INFO - Started process (PID=680) to work on /home/airflow/.local/lib/python3.12/site-packages/airflow/example_dags/example_local_kubernetes_executor.py
[2025-01-19T23:58:58.575+0000] {processor.py:914} INFO - Processing file /home/airflow/.local/lib/python3.12/site-packages/airflow/example_dags/example_local_kubernetes_executor.py for tasks to queue
[2025-01-19T23:58:58.577+0000] {logging_mixin.py:190} INFO - [2025-01-19T23:58:58.576+0000] {dagbag.py:588} INFO - Filling up the DagBag from /home/airflow/.local/lib/python3.12/site-packages/airflow/example_dags/example_local_kubernetes_executor.py
[2025-01-19T23:58:58.590+0000] {processor.py:925} INFO - DAG(s) 'example_local_kubernetes_executor' retrieved from /home/airflow/.local/lib/python3.12/site-packages/airflow/example_dags/example_local_kubernetes_executor.py
[2025-01-19T23:58:58.621+0000] {logging_mixin.py:190} INFO - [2025-01-19T23:58:58.620+0000] {dag.py:3239} INFO - Sync 1 DAGs
[2025-01-19T23:58:58.643+0000] {logging_mixin.py:190} INFO - [2025-01-19T23:58:58.642+0000] {dag.py:4180} INFO - Setting next_dagrun for example_local_kubernetes_executor to None, run_after=None
[2025-01-19T23:58:58.677+0000] {processor.py:208} INFO - Processing /home/airflow/.local/lib/python3.12/site-packages/airflow/example_dags/example_local_kubernetes_executor.py took 0.116 seconds
[2025-01-19T23:59:29.524+0000] {processor.py:186} INFO - Started process (PID=743) to work on /home/airflow/.local/lib/python3.12/site-packages/airflow/example_dags/example_local_kubernetes_executor.py
[2025-01-19T23:59:29.525+0000] {processor.py:914} INFO - Processing file /home/airflow/.local/lib/python3.12/site-packages/airflow/example_dags/example_local_kubernetes_executor.py for tasks to queue
[2025-01-19T23:59:29.526+0000] {logging_mixin.py:190} INFO - [2025-01-19T23:59:29.526+0000] {dagbag.py:588} INFO - Filling up the DagBag from /home/airflow/.local/lib/python3.12/site-packages/airflow/example_dags/example_local_kubernetes_executor.py
[2025-01-19T23:59:29.535+0000] {processor.py:925} INFO - DAG(s) 'example_local_kubernetes_executor' retrieved from /home/airflow/.local/lib/python3.12/site-packages/airflow/example_dags/example_local_kubernetes_executor.py
[2025-01-19T23:59:29.554+0000] {logging_mixin.py:190} INFO - [2025-01-19T23:59:29.553+0000] {dag.py:3239} INFO - Sync 1 DAGs
[2025-01-19T23:59:29.565+0000] {logging_mixin.py:190} INFO - [2025-01-19T23:59:29.565+0000] {dag.py:4180} INFO - Setting next_dagrun for example_local_kubernetes_executor to None, run_after=None
[2025-01-19T23:59:29.581+0000] {processor.py:208} INFO - Processing /home/airflow/.local/lib/python3.12/site-packages/airflow/example_dags/example_local_kubernetes_executor.py took 0.062 seconds
