[2025-01-19T23:39:08.827+0000] {processor.py:186} INFO - Started process (PID=96) to work on /home/airflow/.local/lib/python3.12/site-packages/airflow/example_dags/example_display_name.py
[2025-01-19T23:39:08.828+0000] {processor.py:914} INFO - Processing file /home/airflow/.local/lib/python3.12/site-packages/airflow/example_dags/example_display_name.py for tasks to queue
[2025-01-19T23:39:08.832+0000] {logging_mixin.py:190} INFO - [2025-01-19T23:39:08.831+0000] {dagbag.py:588} INFO - Filling up the DagBag from /home/airflow/.local/lib/python3.12/site-packages/airflow/example_dags/example_display_name.py
[2025-01-19T23:39:08.850+0000] {processor.py:925} INFO - DAG(s) 'example_display_name' retrieved from /home/airflow/.local/lib/python3.12/site-packages/airflow/example_dags/example_display_name.py
[2025-01-19T23:39:08.894+0000] {logging_mixin.py:190} INFO - [2025-01-19T23:39:08.893+0000] {dag.py:3239} INFO - Sync 1 DAGs
[2025-01-19T23:39:08.928+0000] {logging_mixin.py:190} INFO - [2025-01-19T23:39:08.928+0000] {dag.py:4180} INFO - Setting next_dagrun for example_display_name to None, run_after=None
[2025-01-19T23:39:08.974+0000] {processor.py:208} INFO - Processing /home/airflow/.local/lib/python3.12/site-packages/airflow/example_dags/example_display_name.py took 0.159 seconds
[2025-01-19T23:39:39.541+0000] {processor.py:186} INFO - Started process (PID=159) to work on /home/airflow/.local/lib/python3.12/site-packages/airflow/example_dags/example_display_name.py
[2025-01-19T23:39:39.543+0000] {processor.py:914} INFO - Processing file /home/airflow/.local/lib/python3.12/site-packages/airflow/example_dags/example_display_name.py for tasks to queue
[2025-01-19T23:39:39.545+0000] {logging_mixin.py:190} INFO - [2025-01-19T23:39:39.545+0000] {dagbag.py:588} INFO - Filling up the DagBag from /home/airflow/.local/lib/python3.12/site-packages/airflow/example_dags/example_display_name.py
[2025-01-19T23:39:39.552+0000] {processor.py:925} INFO - DAG(s) 'example_display_name' retrieved from /home/airflow/.local/lib/python3.12/site-packages/airflow/example_dags/example_display_name.py
[2025-01-19T23:39:39.569+0000] {logging_mixin.py:190} INFO - [2025-01-19T23:39:39.569+0000] {dag.py:3239} INFO - Sync 1 DAGs
[2025-01-19T23:39:39.580+0000] {logging_mixin.py:190} INFO - [2025-01-19T23:39:39.580+0000] {dag.py:4180} INFO - Setting next_dagrun for example_display_name to None, run_after=None
[2025-01-19T23:39:39.596+0000] {processor.py:208} INFO - Processing /home/airflow/.local/lib/python3.12/site-packages/airflow/example_dags/example_display_name.py took 0.059 seconds
[2025-01-19T23:40:11.285+0000] {processor.py:186} INFO - Started process (PID=222) to work on /home/airflow/.local/lib/python3.12/site-packages/airflow/example_dags/example_display_name.py
[2025-01-19T23:40:11.286+0000] {processor.py:914} INFO - Processing file /home/airflow/.local/lib/python3.12/site-packages/airflow/example_dags/example_display_name.py for tasks to queue
[2025-01-19T23:40:11.288+0000] {logging_mixin.py:190} INFO - [2025-01-19T23:40:11.288+0000] {dagbag.py:588} INFO - Filling up the DagBag from /home/airflow/.local/lib/python3.12/site-packages/airflow/example_dags/example_display_name.py
[2025-01-19T23:40:11.296+0000] {processor.py:925} INFO - DAG(s) 'example_display_name' retrieved from /home/airflow/.local/lib/python3.12/site-packages/airflow/example_dags/example_display_name.py
[2025-01-19T23:40:11.313+0000] {logging_mixin.py:190} INFO - [2025-01-19T23:40:11.312+0000] {dag.py:3239} INFO - Sync 1 DAGs
[2025-01-19T23:40:11.324+0000] {logging_mixin.py:190} INFO - [2025-01-19T23:40:11.323+0000] {dag.py:4180} INFO - Setting next_dagrun for example_display_name to None, run_after=None
[2025-01-19T23:40:11.339+0000] {processor.py:208} INFO - Processing /home/airflow/.local/lib/python3.12/site-packages/airflow/example_dags/example_display_name.py took 0.059 seconds
[2025-01-19T23:40:42.878+0000] {processor.py:186} INFO - Started process (PID=285) to work on /home/airflow/.local/lib/python3.12/site-packages/airflow/example_dags/example_display_name.py
[2025-01-19T23:40:42.879+0000] {processor.py:914} INFO - Processing file /home/airflow/.local/lib/python3.12/site-packages/airflow/example_dags/example_display_name.py for tasks to queue
[2025-01-19T23:40:42.881+0000] {logging_mixin.py:190} INFO - [2025-01-19T23:40:42.880+0000] {dagbag.py:588} INFO - Filling up the DagBag from /home/airflow/.local/lib/python3.12/site-packages/airflow/example_dags/example_display_name.py
[2025-01-19T23:40:42.888+0000] {processor.py:925} INFO - DAG(s) 'example_display_name' retrieved from /home/airflow/.local/lib/python3.12/site-packages/airflow/example_dags/example_display_name.py
[2025-01-19T23:40:42.906+0000] {logging_mixin.py:190} INFO - [2025-01-19T23:40:42.906+0000] {dag.py:3239} INFO - Sync 1 DAGs
[2025-01-19T23:40:42.918+0000] {logging_mixin.py:190} INFO - [2025-01-19T23:40:42.918+0000] {dag.py:4180} INFO - Setting next_dagrun for example_display_name to None, run_after=None
[2025-01-19T23:40:42.935+0000] {processor.py:208} INFO - Processing /home/airflow/.local/lib/python3.12/site-packages/airflow/example_dags/example_display_name.py took 0.062 seconds
[2025-01-19T23:41:14.047+0000] {processor.py:186} INFO - Started process (PID=348) to work on /home/airflow/.local/lib/python3.12/site-packages/airflow/example_dags/example_display_name.py
[2025-01-19T23:41:14.049+0000] {processor.py:914} INFO - Processing file /home/airflow/.local/lib/python3.12/site-packages/airflow/example_dags/example_display_name.py for tasks to queue
[2025-01-19T23:41:14.050+0000] {logging_mixin.py:190} INFO - [2025-01-19T23:41:14.050+0000] {dagbag.py:588} INFO - Filling up the DagBag from /home/airflow/.local/lib/python3.12/site-packages/airflow/example_dags/example_display_name.py
[2025-01-19T23:41:14.057+0000] {processor.py:925} INFO - DAG(s) 'example_display_name' retrieved from /home/airflow/.local/lib/python3.12/site-packages/airflow/example_dags/example_display_name.py
[2025-01-19T23:41:14.075+0000] {logging_mixin.py:190} INFO - [2025-01-19T23:41:14.074+0000] {dag.py:3239} INFO - Sync 1 DAGs
[2025-01-19T23:41:14.085+0000] {logging_mixin.py:190} INFO - [2025-01-19T23:41:14.085+0000] {dag.py:4180} INFO - Setting next_dagrun for example_display_name to None, run_after=None
[2025-01-19T23:41:14.103+0000] {processor.py:208} INFO - Processing /home/airflow/.local/lib/python3.12/site-packages/airflow/example_dags/example_display_name.py took 0.060 seconds
[2025-01-19T23:41:45.884+0000] {processor.py:186} INFO - Started process (PID=411) to work on /home/airflow/.local/lib/python3.12/site-packages/airflow/example_dags/example_display_name.py
[2025-01-19T23:41:45.885+0000] {processor.py:914} INFO - Processing file /home/airflow/.local/lib/python3.12/site-packages/airflow/example_dags/example_display_name.py for tasks to queue
[2025-01-19T23:41:45.887+0000] {logging_mixin.py:190} INFO - [2025-01-19T23:41:45.887+0000] {dagbag.py:588} INFO - Filling up the DagBag from /home/airflow/.local/lib/python3.12/site-packages/airflow/example_dags/example_display_name.py
[2025-01-19T23:41:45.895+0000] {processor.py:925} INFO - DAG(s) 'example_display_name' retrieved from /home/airflow/.local/lib/python3.12/site-packages/airflow/example_dags/example_display_name.py
[2025-01-19T23:41:45.913+0000] {logging_mixin.py:190} INFO - [2025-01-19T23:41:45.913+0000] {dag.py:3239} INFO - Sync 1 DAGs
[2025-01-19T23:41:45.927+0000] {logging_mixin.py:190} INFO - [2025-01-19T23:41:45.927+0000] {dag.py:4180} INFO - Setting next_dagrun for example_display_name to None, run_after=None
[2025-01-19T23:41:45.948+0000] {processor.py:208} INFO - Processing /home/airflow/.local/lib/python3.12/site-packages/airflow/example_dags/example_display_name.py took 0.070 seconds
[2025-01-19T23:42:17.449+0000] {processor.py:186} INFO - Started process (PID=474) to work on /home/airflow/.local/lib/python3.12/site-packages/airflow/example_dags/example_display_name.py
[2025-01-19T23:42:17.450+0000] {processor.py:914} INFO - Processing file /home/airflow/.local/lib/python3.12/site-packages/airflow/example_dags/example_display_name.py for tasks to queue
[2025-01-19T23:42:17.455+0000] {logging_mixin.py:190} INFO - [2025-01-19T23:42:17.454+0000] {dagbag.py:588} INFO - Filling up the DagBag from /home/airflow/.local/lib/python3.12/site-packages/airflow/example_dags/example_display_name.py
[2025-01-19T23:42:17.466+0000] {processor.py:925} INFO - DAG(s) 'example_display_name' retrieved from /home/airflow/.local/lib/python3.12/site-packages/airflow/example_dags/example_display_name.py
[2025-01-19T23:42:17.488+0000] {logging_mixin.py:190} INFO - [2025-01-19T23:42:17.487+0000] {dag.py:3239} INFO - Sync 1 DAGs
[2025-01-19T23:42:17.503+0000] {logging_mixin.py:190} INFO - [2025-01-19T23:42:17.502+0000] {dag.py:4180} INFO - Setting next_dagrun for example_display_name to None, run_after=None
[2025-01-19T23:42:17.522+0000] {processor.py:208} INFO - Processing /home/airflow/.local/lib/python3.12/site-packages/airflow/example_dags/example_display_name.py took 0.081 seconds
[2025-01-19T23:47:07.117+0000] {processor.py:186} INFO - Started process (PID=102) to work on /home/airflow/.local/lib/python3.12/site-packages/airflow/example_dags/example_display_name.py
[2025-01-19T23:47:07.120+0000] {processor.py:914} INFO - Processing file /home/airflow/.local/lib/python3.12/site-packages/airflow/example_dags/example_display_name.py for tasks to queue
[2025-01-19T23:47:07.124+0000] {logging_mixin.py:190} INFO - [2025-01-19T23:47:07.124+0000] {dagbag.py:588} INFO - Filling up the DagBag from /home/airflow/.local/lib/python3.12/site-packages/airflow/example_dags/example_display_name.py
[2025-01-19T23:47:07.145+0000] {processor.py:925} INFO - DAG(s) 'example_display_name' retrieved from /home/airflow/.local/lib/python3.12/site-packages/airflow/example_dags/example_display_name.py
[2025-01-19T23:47:07.199+0000] {logging_mixin.py:190} INFO - [2025-01-19T23:47:07.198+0000] {dag.py:3239} INFO - Sync 1 DAGs
[2025-01-19T23:47:07.231+0000] {logging_mixin.py:190} INFO - [2025-01-19T23:47:07.230+0000] {dag.py:4180} INFO - Setting next_dagrun for example_display_name to None, run_after=None
[2025-01-19T23:47:07.267+0000] {processor.py:208} INFO - Processing /home/airflow/.local/lib/python3.12/site-packages/airflow/example_dags/example_display_name.py took 0.160 seconds
[2025-01-19T23:47:38.117+0000] {processor.py:186} INFO - Started process (PID=166) to work on /home/airflow/.local/lib/python3.12/site-packages/airflow/example_dags/example_display_name.py
[2025-01-19T23:47:38.118+0000] {processor.py:914} INFO - Processing file /home/airflow/.local/lib/python3.12/site-packages/airflow/example_dags/example_display_name.py for tasks to queue
[2025-01-19T23:47:38.120+0000] {logging_mixin.py:190} INFO - [2025-01-19T23:47:38.120+0000] {dagbag.py:588} INFO - Filling up the DagBag from /home/airflow/.local/lib/python3.12/site-packages/airflow/example_dags/example_display_name.py
[2025-01-19T23:47:38.126+0000] {processor.py:925} INFO - DAG(s) 'example_display_name' retrieved from /home/airflow/.local/lib/python3.12/site-packages/airflow/example_dags/example_display_name.py
[2025-01-19T23:47:38.142+0000] {logging_mixin.py:190} INFO - [2025-01-19T23:47:38.141+0000] {dag.py:3239} INFO - Sync 1 DAGs
[2025-01-19T23:47:38.151+0000] {logging_mixin.py:190} INFO - [2025-01-19T23:47:38.151+0000] {dag.py:4180} INFO - Setting next_dagrun for example_display_name to None, run_after=None
[2025-01-19T23:47:38.166+0000] {processor.py:208} INFO - Processing /home/airflow/.local/lib/python3.12/site-packages/airflow/example_dags/example_display_name.py took 0.054 seconds
[2025-01-19T23:50:08.620+0000] {processor.py:186} INFO - Started process (PID=206) to work on /home/airflow/.local/lib/python3.12/site-packages/airflow/example_dags/example_display_name.py
[2025-01-19T23:50:08.621+0000] {processor.py:914} INFO - Processing file /home/airflow/.local/lib/python3.12/site-packages/airflow/example_dags/example_display_name.py for tasks to queue
[2025-01-19T23:50:08.623+0000] {logging_mixin.py:190} INFO - [2025-01-19T23:50:08.623+0000] {dagbag.py:588} INFO - Filling up the DagBag from /home/airflow/.local/lib/python3.12/site-packages/airflow/example_dags/example_display_name.py
[2025-01-19T23:50:08.630+0000] {processor.py:925} INFO - DAG(s) 'example_display_name' retrieved from /home/airflow/.local/lib/python3.12/site-packages/airflow/example_dags/example_display_name.py
[2025-01-19T23:50:08.649+0000] {logging_mixin.py:190} INFO - [2025-01-19T23:50:08.649+0000] {dag.py:3239} INFO - Sync 1 DAGs
[2025-01-19T23:50:08.662+0000] {logging_mixin.py:190} INFO - [2025-01-19T23:50:08.662+0000] {dag.py:4180} INFO - Setting next_dagrun for example_display_name to None, run_after=None
[2025-01-19T23:50:08.679+0000] {processor.py:208} INFO - Processing /home/airflow/.local/lib/python3.12/site-packages/airflow/example_dags/example_display_name.py took 0.065 seconds
[2025-01-19T23:50:39.354+0000] {processor.py:186} INFO - Started process (PID=271) to work on /home/airflow/.local/lib/python3.12/site-packages/airflow/example_dags/example_display_name.py
[2025-01-19T23:50:39.354+0000] {processor.py:914} INFO - Processing file /home/airflow/.local/lib/python3.12/site-packages/airflow/example_dags/example_display_name.py for tasks to queue
[2025-01-19T23:50:39.356+0000] {logging_mixin.py:190} INFO - [2025-01-19T23:50:39.356+0000] {dagbag.py:588} INFO - Filling up the DagBag from /home/airflow/.local/lib/python3.12/site-packages/airflow/example_dags/example_display_name.py
[2025-01-19T23:50:39.362+0000] {processor.py:925} INFO - DAG(s) 'example_display_name' retrieved from /home/airflow/.local/lib/python3.12/site-packages/airflow/example_dags/example_display_name.py
[2025-01-19T23:50:39.379+0000] {logging_mixin.py:190} INFO - [2025-01-19T23:50:39.379+0000] {dag.py:3239} INFO - Sync 1 DAGs
[2025-01-19T23:50:39.390+0000] {logging_mixin.py:190} INFO - [2025-01-19T23:50:39.390+0000] {dag.py:4180} INFO - Setting next_dagrun for example_display_name to None, run_after=None
[2025-01-19T23:50:39.410+0000] {processor.py:208} INFO - Processing /home/airflow/.local/lib/python3.12/site-packages/airflow/example_dags/example_display_name.py took 0.061 seconds
[2025-01-19T23:51:11.475+0000] {processor.py:186} INFO - Started process (PID=333) to work on /home/airflow/.local/lib/python3.12/site-packages/airflow/example_dags/example_display_name.py
[2025-01-19T23:51:11.478+0000] {processor.py:914} INFO - Processing file /home/airflow/.local/lib/python3.12/site-packages/airflow/example_dags/example_display_name.py for tasks to queue
[2025-01-19T23:51:11.482+0000] {logging_mixin.py:190} INFO - [2025-01-19T23:51:11.481+0000] {dagbag.py:588} INFO - Filling up the DagBag from /home/airflow/.local/lib/python3.12/site-packages/airflow/example_dags/example_display_name.py
[2025-01-19T23:51:11.496+0000] {processor.py:925} INFO - DAG(s) 'example_display_name' retrieved from /home/airflow/.local/lib/python3.12/site-packages/airflow/example_dags/example_display_name.py
[2025-01-19T23:51:11.535+0000] {logging_mixin.py:190} INFO - [2025-01-19T23:51:11.534+0000] {dag.py:3239} INFO - Sync 1 DAGs
[2025-01-19T23:51:11.559+0000] {logging_mixin.py:190} INFO - [2025-01-19T23:51:11.558+0000] {dag.py:4180} INFO - Setting next_dagrun for example_display_name to None, run_after=None
[2025-01-19T23:51:11.598+0000] {processor.py:208} INFO - Processing /home/airflow/.local/lib/python3.12/site-packages/airflow/example_dags/example_display_name.py took 0.138 seconds
[2025-01-19T23:51:43.283+0000] {processor.py:186} INFO - Started process (PID=396) to work on /home/airflow/.local/lib/python3.12/site-packages/airflow/example_dags/example_display_name.py
[2025-01-19T23:51:43.308+0000] {processor.py:914} INFO - Processing file /home/airflow/.local/lib/python3.12/site-packages/airflow/example_dags/example_display_name.py for tasks to queue
[2025-01-19T23:51:43.310+0000] {logging_mixin.py:190} INFO - [2025-01-19T23:51:43.310+0000] {dagbag.py:588} INFO - Filling up the DagBag from /home/airflow/.local/lib/python3.12/site-packages/airflow/example_dags/example_display_name.py
[2025-01-19T23:51:43.355+0000] {processor.py:925} INFO - DAG(s) 'example_display_name' retrieved from /home/airflow/.local/lib/python3.12/site-packages/airflow/example_dags/example_display_name.py
[2025-01-19T23:51:43.372+0000] {logging_mixin.py:190} INFO - [2025-01-19T23:51:43.372+0000] {dag.py:3239} INFO - Sync 1 DAGs
[2025-01-19T23:51:43.382+0000] {logging_mixin.py:190} INFO - [2025-01-19T23:51:43.382+0000] {dag.py:4180} INFO - Setting next_dagrun for example_display_name to None, run_after=None
[2025-01-19T23:51:43.479+0000] {processor.py:208} INFO - Processing /home/airflow/.local/lib/python3.12/site-packages/airflow/example_dags/example_display_name.py took 0.200 seconds
[2025-01-19T23:56:45.582+0000] {processor.py:186} INFO - Started process (PID=439) to work on /home/airflow/.local/lib/python3.12/site-packages/airflow/example_dags/example_display_name.py
[2025-01-19T23:56:45.654+0000] {processor.py:914} INFO - Processing file /home/airflow/.local/lib/python3.12/site-packages/airflow/example_dags/example_display_name.py for tasks to queue
[2025-01-19T23:56:49.807+0000] {logging_mixin.py:190} INFO - [2025-01-19T23:56:45.901+0000] {dagbag.py:588} INFO - Filling up the DagBag from /home/airflow/.local/lib/python3.12/site-packages/airflow/example_dags/example_display_name.py
[2025-01-19T23:56:52.931+0000] {processor.py:925} INFO - DAG(s) 'example_display_name' retrieved from /home/airflow/.local/lib/python3.12/site-packages/airflow/example_dags/example_display_name.py
[2025-01-19T23:56:54.091+0000] {logging_mixin.py:190} INFO - [2025-01-19T23:56:54.068+0000] {dag.py:3239} INFO - Sync 1 DAGs
[2025-01-19T23:56:54.238+0000] {logging_mixin.py:190} INFO - [2025-01-19T23:56:54.214+0000] {dag.py:4180} INFO - Setting next_dagrun for example_display_name to None, run_after=None
[2025-01-19T23:57:02.959+0000] {processor.py:208} INFO - Processing /home/airflow/.local/lib/python3.12/site-packages/airflow/example_dags/example_display_name.py took 17.908 seconds
[2025-01-19T23:57:33.985+0000] {processor.py:186} INFO - Started process (PID=502) to work on /home/airflow/.local/lib/python3.12/site-packages/airflow/example_dags/example_display_name.py
[2025-01-19T23:57:33.987+0000] {processor.py:914} INFO - Processing file /home/airflow/.local/lib/python3.12/site-packages/airflow/example_dags/example_display_name.py for tasks to queue
[2025-01-19T23:57:33.989+0000] {logging_mixin.py:190} INFO - [2025-01-19T23:57:33.989+0000] {dagbag.py:588} INFO - Filling up the DagBag from /home/airflow/.local/lib/python3.12/site-packages/airflow/example_dags/example_display_name.py
[2025-01-19T23:57:33.999+0000] {processor.py:925} INFO - DAG(s) 'example_display_name' retrieved from /home/airflow/.local/lib/python3.12/site-packages/airflow/example_dags/example_display_name.py
[2025-01-19T23:57:34.019+0000] {logging_mixin.py:190} INFO - [2025-01-19T23:57:34.019+0000] {dag.py:3239} INFO - Sync 1 DAGs
[2025-01-19T23:57:34.035+0000] {logging_mixin.py:190} INFO - [2025-01-19T23:57:34.034+0000] {dag.py:4180} INFO - Setting next_dagrun for example_display_name to None, run_after=None
[2025-01-19T23:57:34.052+0000] {processor.py:208} INFO - Processing /home/airflow/.local/lib/python3.12/site-packages/airflow/example_dags/example_display_name.py took 0.074 seconds
[2025-01-19T23:58:04.523+0000] {processor.py:186} INFO - Started process (PID=564) to work on /home/airflow/.local/lib/python3.12/site-packages/airflow/example_dags/example_display_name.py
[2025-01-19T23:58:04.524+0000] {processor.py:914} INFO - Processing file /home/airflow/.local/lib/python3.12/site-packages/airflow/example_dags/example_display_name.py for tasks to queue
[2025-01-19T23:58:04.525+0000] {logging_mixin.py:190} INFO - [2025-01-19T23:58:04.525+0000] {dagbag.py:588} INFO - Filling up the DagBag from /home/airflow/.local/lib/python3.12/site-packages/airflow/example_dags/example_display_name.py
[2025-01-19T23:58:04.531+0000] {processor.py:925} INFO - DAG(s) 'example_display_name' retrieved from /home/airflow/.local/lib/python3.12/site-packages/airflow/example_dags/example_display_name.py
[2025-01-19T23:58:04.557+0000] {logging_mixin.py:190} INFO - [2025-01-19T23:58:04.557+0000] {dag.py:3239} INFO - Sync 1 DAGs
[2025-01-19T23:58:04.572+0000] {logging_mixin.py:190} INFO - [2025-01-19T23:58:04.571+0000] {dag.py:4180} INFO - Setting next_dagrun for example_display_name to None, run_after=None
[2025-01-19T23:58:04.590+0000] {processor.py:208} INFO - Processing /home/airflow/.local/lib/python3.12/site-packages/airflow/example_dags/example_display_name.py took 0.071 seconds
[2025-01-19T23:58:35.420+0000] {processor.py:186} INFO - Started process (PID=627) to work on /home/airflow/.local/lib/python3.12/site-packages/airflow/example_dags/example_display_name.py
[2025-01-19T23:58:35.422+0000] {processor.py:914} INFO - Processing file /home/airflow/.local/lib/python3.12/site-packages/airflow/example_dags/example_display_name.py for tasks to queue
[2025-01-19T23:58:35.424+0000] {logging_mixin.py:190} INFO - [2025-01-19T23:58:35.423+0000] {dagbag.py:588} INFO - Filling up the DagBag from /home/airflow/.local/lib/python3.12/site-packages/airflow/example_dags/example_display_name.py
[2025-01-19T23:58:35.432+0000] {processor.py:925} INFO - DAG(s) 'example_display_name' retrieved from /home/airflow/.local/lib/python3.12/site-packages/airflow/example_dags/example_display_name.py
[2025-01-19T23:58:35.462+0000] {logging_mixin.py:190} INFO - [2025-01-19T23:58:35.462+0000] {dag.py:3239} INFO - Sync 1 DAGs
[2025-01-19T23:58:35.480+0000] {logging_mixin.py:190} INFO - [2025-01-19T23:58:35.480+0000] {dag.py:4180} INFO - Setting next_dagrun for example_display_name to None, run_after=None
[2025-01-19T23:58:35.511+0000] {processor.py:208} INFO - Processing /home/airflow/.local/lib/python3.12/site-packages/airflow/example_dags/example_display_name.py took 0.099 seconds
[2025-01-19T23:59:05.652+0000] {processor.py:186} INFO - Started process (PID=690) to work on /home/airflow/.local/lib/python3.12/site-packages/airflow/example_dags/example_display_name.py
[2025-01-19T23:59:05.654+0000] {processor.py:914} INFO - Processing file /home/airflow/.local/lib/python3.12/site-packages/airflow/example_dags/example_display_name.py for tasks to queue
[2025-01-19T23:59:05.655+0000] {logging_mixin.py:190} INFO - [2025-01-19T23:59:05.655+0000] {dagbag.py:588} INFO - Filling up the DagBag from /home/airflow/.local/lib/python3.12/site-packages/airflow/example_dags/example_display_name.py
[2025-01-19T23:59:05.666+0000] {processor.py:925} INFO - DAG(s) 'example_display_name' retrieved from /home/airflow/.local/lib/python3.12/site-packages/airflow/example_dags/example_display_name.py
[2025-01-19T23:59:05.690+0000] {logging_mixin.py:190} INFO - [2025-01-19T23:59:05.690+0000] {dag.py:3239} INFO - Sync 1 DAGs
[2025-01-19T23:59:05.710+0000] {logging_mixin.py:190} INFO - [2025-01-19T23:59:05.710+0000] {dag.py:4180} INFO - Setting next_dagrun for example_display_name to None, run_after=None
[2025-01-19T23:59:05.736+0000] {processor.py:208} INFO - Processing /home/airflow/.local/lib/python3.12/site-packages/airflow/example_dags/example_display_name.py took 0.091 seconds
[2025-01-19T23:59:36.202+0000] {processor.py:186} INFO - Started process (PID=753) to work on /home/airflow/.local/lib/python3.12/site-packages/airflow/example_dags/example_display_name.py
[2025-01-19T23:59:36.205+0000] {processor.py:914} INFO - Processing file /home/airflow/.local/lib/python3.12/site-packages/airflow/example_dags/example_display_name.py for tasks to queue
[2025-01-19T23:59:36.207+0000] {logging_mixin.py:190} INFO - [2025-01-19T23:59:36.206+0000] {dagbag.py:588} INFO - Filling up the DagBag from /home/airflow/.local/lib/python3.12/site-packages/airflow/example_dags/example_display_name.py
[2025-01-19T23:59:36.220+0000] {processor.py:925} INFO - DAG(s) 'example_display_name' retrieved from /home/airflow/.local/lib/python3.12/site-packages/airflow/example_dags/example_display_name.py
[2025-01-19T23:59:36.295+0000] {logging_mixin.py:190} INFO - [2025-01-19T23:59:36.294+0000] {dag.py:3239} INFO - Sync 1 DAGs
[2025-01-19T23:59:36.320+0000] {logging_mixin.py:190} INFO - [2025-01-19T23:59:36.320+0000] {dag.py:4180} INFO - Setting next_dagrun for example_display_name to None, run_after=None
[2025-01-19T23:59:36.354+0000] {processor.py:208} INFO - Processing /home/airflow/.local/lib/python3.12/site-packages/airflow/example_dags/example_display_name.py took 0.160 seconds
