[2025-01-19T23:39:09.768+0000] {processor.py:186} INFO - Started process (PID=107) to work on /home/airflow/.local/lib/python3.12/site-packages/airflow/example_dags/tutorial.py
[2025-01-19T23:39:09.769+0000] {processor.py:914} INFO - Processing file /home/airflow/.local/lib/python3.12/site-packages/airflow/example_dags/tutorial.py for tasks to queue
[2025-01-19T23:39:09.772+0000] {logging_mixin.py:190} INFO - [2025-01-19T23:39:09.771+0000] {dagbag.py:588} INFO - Filling up the DagBag from /home/airflow/.local/lib/python3.12/site-packages/airflow/example_dags/tutorial.py
[2025-01-19T23:39:09.785+0000] {processor.py:925} INFO - DAG(s) 'tutorial' retrieved from /home/airflow/.local/lib/python3.12/site-packages/airflow/example_dags/tutorial.py
[2025-01-19T23:39:09.813+0000] {logging_mixin.py:190} INFO - [2025-01-19T23:39:09.813+0000] {dag.py:3239} INFO - Sync 1 DAGs
[2025-01-19T23:39:09.852+0000] {logging_mixin.py:190} INFO - [2025-01-19T23:39:09.852+0000] {dag.py:4180} INFO - Setting next_dagrun for tutorial to 2025-01-18 00:00:00+00:00, run_after=2025-01-19 00:00:00+00:00
[2025-01-19T23:39:09.882+0000] {processor.py:208} INFO - Processing /home/airflow/.local/lib/python3.12/site-packages/airflow/example_dags/tutorial.py took 0.121 seconds
[2025-01-19T23:39:40.003+0000] {processor.py:186} INFO - Started process (PID=170) to work on /home/airflow/.local/lib/python3.12/site-packages/airflow/example_dags/tutorial.py
[2025-01-19T23:39:40.004+0000] {processor.py:914} INFO - Processing file /home/airflow/.local/lib/python3.12/site-packages/airflow/example_dags/tutorial.py for tasks to queue
[2025-01-19T23:39:40.006+0000] {logging_mixin.py:190} INFO - [2025-01-19T23:39:40.006+0000] {dagbag.py:588} INFO - Filling up the DagBag from /home/airflow/.local/lib/python3.12/site-packages/airflow/example_dags/tutorial.py
[2025-01-19T23:39:40.013+0000] {processor.py:925} INFO - DAG(s) 'tutorial' retrieved from /home/airflow/.local/lib/python3.12/site-packages/airflow/example_dags/tutorial.py
[2025-01-19T23:39:40.030+0000] {logging_mixin.py:190} INFO - [2025-01-19T23:39:40.030+0000] {dag.py:3239} INFO - Sync 1 DAGs
[2025-01-19T23:39:40.048+0000] {logging_mixin.py:190} INFO - [2025-01-19T23:39:40.048+0000] {dag.py:4180} INFO - Setting next_dagrun for tutorial to 2025-01-18 00:00:00+00:00, run_after=2025-01-19 00:00:00+00:00
[2025-01-19T23:39:40.062+0000] {processor.py:208} INFO - Processing /home/airflow/.local/lib/python3.12/site-packages/airflow/example_dags/tutorial.py took 0.063 seconds
[2025-01-19T23:40:11.738+0000] {processor.py:186} INFO - Started process (PID=233) to work on /home/airflow/.local/lib/python3.12/site-packages/airflow/example_dags/tutorial.py
[2025-01-19T23:40:11.739+0000] {processor.py:914} INFO - Processing file /home/airflow/.local/lib/python3.12/site-packages/airflow/example_dags/tutorial.py for tasks to queue
[2025-01-19T23:40:11.740+0000] {logging_mixin.py:190} INFO - [2025-01-19T23:40:11.740+0000] {dagbag.py:588} INFO - Filling up the DagBag from /home/airflow/.local/lib/python3.12/site-packages/airflow/example_dags/tutorial.py
[2025-01-19T23:40:11.747+0000] {processor.py:925} INFO - DAG(s) 'tutorial' retrieved from /home/airflow/.local/lib/python3.12/site-packages/airflow/example_dags/tutorial.py
[2025-01-19T23:40:11.763+0000] {logging_mixin.py:190} INFO - [2025-01-19T23:40:11.762+0000] {dag.py:3239} INFO - Sync 1 DAGs
[2025-01-19T23:40:11.781+0000] {logging_mixin.py:190} INFO - [2025-01-19T23:40:11.781+0000] {dag.py:4180} INFO - Setting next_dagrun for tutorial to 2025-01-18 00:00:00+00:00, run_after=2025-01-19 00:00:00+00:00
[2025-01-19T23:40:11.796+0000] {processor.py:208} INFO - Processing /home/airflow/.local/lib/python3.12/site-packages/airflow/example_dags/tutorial.py took 0.063 seconds
[2025-01-19T23:40:43.458+0000] {processor.py:186} INFO - Started process (PID=296) to work on /home/airflow/.local/lib/python3.12/site-packages/airflow/example_dags/tutorial.py
[2025-01-19T23:40:43.459+0000] {processor.py:914} INFO - Processing file /home/airflow/.local/lib/python3.12/site-packages/airflow/example_dags/tutorial.py for tasks to queue
[2025-01-19T23:40:43.462+0000] {logging_mixin.py:190} INFO - [2025-01-19T23:40:43.461+0000] {dagbag.py:588} INFO - Filling up the DagBag from /home/airflow/.local/lib/python3.12/site-packages/airflow/example_dags/tutorial.py
[2025-01-19T23:40:43.474+0000] {processor.py:925} INFO - DAG(s) 'tutorial' retrieved from /home/airflow/.local/lib/python3.12/site-packages/airflow/example_dags/tutorial.py
[2025-01-19T23:40:43.496+0000] {logging_mixin.py:190} INFO - [2025-01-19T23:40:43.496+0000] {dag.py:3239} INFO - Sync 1 DAGs
[2025-01-19T23:40:43.523+0000] {logging_mixin.py:190} INFO - [2025-01-19T23:40:43.522+0000] {dag.py:4180} INFO - Setting next_dagrun for tutorial to 2025-01-18 00:00:00+00:00, run_after=2025-01-19 00:00:00+00:00
[2025-01-19T23:40:43.546+0000] {processor.py:208} INFO - Processing /home/airflow/.local/lib/python3.12/site-packages/airflow/example_dags/tutorial.py took 0.095 seconds
[2025-01-19T23:41:14.566+0000] {processor.py:186} INFO - Started process (PID=359) to work on /home/airflow/.local/lib/python3.12/site-packages/airflow/example_dags/tutorial.py
[2025-01-19T23:41:14.567+0000] {processor.py:914} INFO - Processing file /home/airflow/.local/lib/python3.12/site-packages/airflow/example_dags/tutorial.py for tasks to queue
[2025-01-19T23:41:14.569+0000] {logging_mixin.py:190} INFO - [2025-01-19T23:41:14.569+0000] {dagbag.py:588} INFO - Filling up the DagBag from /home/airflow/.local/lib/python3.12/site-packages/airflow/example_dags/tutorial.py
[2025-01-19T23:41:14.576+0000] {processor.py:925} INFO - DAG(s) 'tutorial' retrieved from /home/airflow/.local/lib/python3.12/site-packages/airflow/example_dags/tutorial.py
[2025-01-19T23:41:14.593+0000] {logging_mixin.py:190} INFO - [2025-01-19T23:41:14.593+0000] {dag.py:3239} INFO - Sync 1 DAGs
[2025-01-19T23:41:14.612+0000] {logging_mixin.py:190} INFO - [2025-01-19T23:41:14.611+0000] {dag.py:4180} INFO - Setting next_dagrun for tutorial to 2025-01-18 00:00:00+00:00, run_after=2025-01-19 00:00:00+00:00
[2025-01-19T23:41:14.627+0000] {processor.py:208} INFO - Processing /home/airflow/.local/lib/python3.12/site-packages/airflow/example_dags/tutorial.py took 0.066 seconds
[2025-01-19T23:41:46.488+0000] {processor.py:186} INFO - Started process (PID=422) to work on /home/airflow/.local/lib/python3.12/site-packages/airflow/example_dags/tutorial.py
[2025-01-19T23:41:46.489+0000] {processor.py:914} INFO - Processing file /home/airflow/.local/lib/python3.12/site-packages/airflow/example_dags/tutorial.py for tasks to queue
[2025-01-19T23:41:46.491+0000] {logging_mixin.py:190} INFO - [2025-01-19T23:41:46.491+0000] {dagbag.py:588} INFO - Filling up the DagBag from /home/airflow/.local/lib/python3.12/site-packages/airflow/example_dags/tutorial.py
[2025-01-19T23:41:46.499+0000] {processor.py:925} INFO - DAG(s) 'tutorial' retrieved from /home/airflow/.local/lib/python3.12/site-packages/airflow/example_dags/tutorial.py
[2025-01-19T23:41:46.523+0000] {logging_mixin.py:190} INFO - [2025-01-19T23:41:46.522+0000] {dag.py:3239} INFO - Sync 1 DAGs
[2025-01-19T23:41:46.545+0000] {logging_mixin.py:190} INFO - [2025-01-19T23:41:46.544+0000] {dag.py:4180} INFO - Setting next_dagrun for tutorial to 2025-01-18 00:00:00+00:00, run_after=2025-01-19 00:00:00+00:00
[2025-01-19T23:41:46.565+0000] {processor.py:208} INFO - Processing /home/airflow/.local/lib/python3.12/site-packages/airflow/example_dags/tutorial.py took 0.082 seconds
[2025-01-19T23:42:18.610+0000] {processor.py:186} INFO - Started process (PID=485) to work on /home/airflow/.local/lib/python3.12/site-packages/airflow/example_dags/tutorial.py
[2025-01-19T23:42:18.612+0000] {processor.py:914} INFO - Processing file /home/airflow/.local/lib/python3.12/site-packages/airflow/example_dags/tutorial.py for tasks to queue
[2025-01-19T23:42:18.619+0000] {logging_mixin.py:190} INFO - [2025-01-19T23:42:18.618+0000] {dagbag.py:588} INFO - Filling up the DagBag from /home/airflow/.local/lib/python3.12/site-packages/airflow/example_dags/tutorial.py
[2025-01-19T23:42:18.642+0000] {processor.py:925} INFO - DAG(s) 'tutorial' retrieved from /home/airflow/.local/lib/python3.12/site-packages/airflow/example_dags/tutorial.py
[2025-01-19T23:42:18.679+0000] {logging_mixin.py:190} INFO - [2025-01-19T23:42:18.678+0000] {dag.py:3239} INFO - Sync 1 DAGs
[2025-01-19T23:42:18.721+0000] {logging_mixin.py:190} INFO - [2025-01-19T23:42:18.721+0000] {dag.py:4180} INFO - Setting next_dagrun for tutorial to 2025-01-18 00:00:00+00:00, run_after=2025-01-19 00:00:00+00:00
[2025-01-19T23:42:18.758+0000] {processor.py:208} INFO - Processing /home/airflow/.local/lib/python3.12/site-packages/airflow/example_dags/tutorial.py took 0.166 seconds
[2025-01-19T23:47:08.981+0000] {processor.py:186} INFO - Started process (PID=113) to work on /home/airflow/.local/lib/python3.12/site-packages/airflow/example_dags/tutorial.py
[2025-01-19T23:47:08.983+0000] {processor.py:914} INFO - Processing file /home/airflow/.local/lib/python3.12/site-packages/airflow/example_dags/tutorial.py for tasks to queue
[2025-01-19T23:47:08.988+0000] {logging_mixin.py:190} INFO - [2025-01-19T23:47:08.987+0000] {dagbag.py:588} INFO - Filling up the DagBag from /home/airflow/.local/lib/python3.12/site-packages/airflow/example_dags/tutorial.py
[2025-01-19T23:47:09.008+0000] {processor.py:925} INFO - DAG(s) 'tutorial' retrieved from /home/airflow/.local/lib/python3.12/site-packages/airflow/example_dags/tutorial.py
[2025-01-19T23:47:09.056+0000] {logging_mixin.py:190} INFO - [2025-01-19T23:47:09.056+0000] {dag.py:3239} INFO - Sync 1 DAGs
[2025-01-19T23:47:09.121+0000] {logging_mixin.py:190} INFO - [2025-01-19T23:47:09.121+0000] {dag.py:4180} INFO - Setting next_dagrun for tutorial to 2025-01-18 00:00:00+00:00, run_after=2025-01-19 00:00:00+00:00
[2025-01-19T23:47:09.163+0000] {processor.py:208} INFO - Processing /home/airflow/.local/lib/python3.12/site-packages/airflow/example_dags/tutorial.py took 0.191 seconds
[2025-01-19T23:47:40.091+0000] {processor.py:186} INFO - Started process (PID=177) to work on /home/airflow/.local/lib/python3.12/site-packages/airflow/example_dags/tutorial.py
[2025-01-19T23:47:40.092+0000] {processor.py:914} INFO - Processing file /home/airflow/.local/lib/python3.12/site-packages/airflow/example_dags/tutorial.py for tasks to queue
[2025-01-19T23:47:40.094+0000] {logging_mixin.py:190} INFO - [2025-01-19T23:47:40.094+0000] {dagbag.py:588} INFO - Filling up the DagBag from /home/airflow/.local/lib/python3.12/site-packages/airflow/example_dags/tutorial.py
[2025-01-19T23:47:40.101+0000] {processor.py:925} INFO - DAG(s) 'tutorial' retrieved from /home/airflow/.local/lib/python3.12/site-packages/airflow/example_dags/tutorial.py
[2025-01-19T23:47:40.121+0000] {logging_mixin.py:190} INFO - [2025-01-19T23:47:40.121+0000] {dag.py:3239} INFO - Sync 1 DAGs
[2025-01-19T23:47:40.144+0000] {logging_mixin.py:190} INFO - [2025-01-19T23:47:40.143+0000] {dag.py:4180} INFO - Setting next_dagrun for tutorial to 2025-01-18 00:00:00+00:00, run_after=2025-01-19 00:00:00+00:00
[2025-01-19T23:47:40.163+0000] {processor.py:208} INFO - Processing /home/airflow/.local/lib/python3.12/site-packages/airflow/example_dags/tutorial.py took 0.079 seconds
[2025-01-19T23:50:09.341+0000] {processor.py:186} INFO - Started process (PID=217) to work on /home/airflow/.local/lib/python3.12/site-packages/airflow/example_dags/tutorial.py
[2025-01-19T23:50:09.342+0000] {processor.py:914} INFO - Processing file /home/airflow/.local/lib/python3.12/site-packages/airflow/example_dags/tutorial.py for tasks to queue
[2025-01-19T23:50:09.344+0000] {logging_mixin.py:190} INFO - [2025-01-19T23:50:09.344+0000] {dagbag.py:588} INFO - Filling up the DagBag from /home/airflow/.local/lib/python3.12/site-packages/airflow/example_dags/tutorial.py
[2025-01-19T23:50:09.355+0000] {processor.py:925} INFO - DAG(s) 'tutorial' retrieved from /home/airflow/.local/lib/python3.12/site-packages/airflow/example_dags/tutorial.py
[2025-01-19T23:50:09.374+0000] {logging_mixin.py:190} INFO - [2025-01-19T23:50:09.373+0000] {dag.py:3239} INFO - Sync 1 DAGs
[2025-01-19T23:50:09.393+0000] {logging_mixin.py:190} INFO - [2025-01-19T23:50:09.393+0000] {dag.py:4180} INFO - Setting next_dagrun for tutorial to 2025-01-18 00:00:00+00:00, run_after=2025-01-19 00:00:00+00:00
[2025-01-19T23:50:09.412+0000] {processor.py:208} INFO - Processing /home/airflow/.local/lib/python3.12/site-packages/airflow/example_dags/tutorial.py took 0.075 seconds
[2025-01-19T23:50:40.039+0000] {processor.py:186} INFO - Started process (PID=282) to work on /home/airflow/.local/lib/python3.12/site-packages/airflow/example_dags/tutorial.py
[2025-01-19T23:50:40.040+0000] {processor.py:914} INFO - Processing file /home/airflow/.local/lib/python3.12/site-packages/airflow/example_dags/tutorial.py for tasks to queue
[2025-01-19T23:50:40.042+0000] {logging_mixin.py:190} INFO - [2025-01-19T23:50:40.042+0000] {dagbag.py:588} INFO - Filling up the DagBag from /home/airflow/.local/lib/python3.12/site-packages/airflow/example_dags/tutorial.py
[2025-01-19T23:50:40.049+0000] {processor.py:925} INFO - DAG(s) 'tutorial' retrieved from /home/airflow/.local/lib/python3.12/site-packages/airflow/example_dags/tutorial.py
[2025-01-19T23:50:40.070+0000] {logging_mixin.py:190} INFO - [2025-01-19T23:50:40.070+0000] {dag.py:3239} INFO - Sync 1 DAGs
[2025-01-19T23:50:40.093+0000] {logging_mixin.py:190} INFO - [2025-01-19T23:50:40.093+0000] {dag.py:4180} INFO - Setting next_dagrun for tutorial to 2025-01-18 00:00:00+00:00, run_after=2025-01-19 00:00:00+00:00
[2025-01-19T23:50:40.113+0000] {processor.py:208} INFO - Processing /home/airflow/.local/lib/python3.12/site-packages/airflow/example_dags/tutorial.py took 0.079 seconds
[2025-01-19T23:51:13.661+0000] {processor.py:186} INFO - Started process (PID=345) to work on /home/airflow/.local/lib/python3.12/site-packages/airflow/example_dags/tutorial.py
[2025-01-19T23:51:13.663+0000] {processor.py:914} INFO - Processing file /home/airflow/.local/lib/python3.12/site-packages/airflow/example_dags/tutorial.py for tasks to queue
[2025-01-19T23:51:13.667+0000] {logging_mixin.py:190} INFO - [2025-01-19T23:51:13.667+0000] {dagbag.py:588} INFO - Filling up the DagBag from /home/airflow/.local/lib/python3.12/site-packages/airflow/example_dags/tutorial.py
[2025-01-19T23:51:13.684+0000] {processor.py:925} INFO - DAG(s) 'tutorial' retrieved from /home/airflow/.local/lib/python3.12/site-packages/airflow/example_dags/tutorial.py
[2025-01-19T23:51:13.729+0000] {logging_mixin.py:190} INFO - [2025-01-19T23:51:13.729+0000] {dag.py:3239} INFO - Sync 1 DAGs
[2025-01-19T23:51:13.776+0000] {logging_mixin.py:190} INFO - [2025-01-19T23:51:13.776+0000] {dag.py:4180} INFO - Setting next_dagrun for tutorial to 2025-01-18 00:00:00+00:00, run_after=2025-01-19 00:00:00+00:00
[2025-01-19T23:51:13.826+0000] {processor.py:208} INFO - Processing /home/airflow/.local/lib/python3.12/site-packages/airflow/example_dags/tutorial.py took 0.179 seconds
[2025-01-19T23:54:06.780+0000] {processor.py:186} INFO - Started process (PID=408) to work on /home/airflow/.local/lib/python3.12/site-packages/airflow/example_dags/tutorial.py
[2025-01-19T23:54:06.783+0000] {processor.py:914} INFO - Processing file /home/airflow/.local/lib/python3.12/site-packages/airflow/example_dags/tutorial.py for tasks to queue
[2025-01-19T23:54:06.787+0000] {logging_mixin.py:190} INFO - [2025-01-19T23:54:06.786+0000] {dagbag.py:588} INFO - Filling up the DagBag from /home/airflow/.local/lib/python3.12/site-packages/airflow/example_dags/tutorial.py
[2025-01-19T23:54:06.813+0000] {processor.py:925} INFO - DAG(s) 'tutorial' retrieved from /home/airflow/.local/lib/python3.12/site-packages/airflow/example_dags/tutorial.py
[2025-01-19T23:54:06.877+0000] {logging_mixin.py:190} INFO - [2025-01-19T23:54:06.876+0000] {dag.py:3239} INFO - Sync 1 DAGs
[2025-01-19T23:54:06.939+0000] {logging_mixin.py:190} INFO - [2025-01-19T23:54:06.937+0000] {dag.py:4180} INFO - Setting next_dagrun for tutorial to 2025-01-18 00:00:00+00:00, run_after=2025-01-19 00:00:00+00:00
[2025-01-19T23:54:06.994+0000] {processor.py:208} INFO - Processing /home/airflow/.local/lib/python3.12/site-packages/airflow/example_dags/tutorial.py took 0.230 seconds
[2025-01-19T23:57:25.920+0000] {processor.py:186} INFO - Started process (PID=494) to work on /home/airflow/.local/lib/python3.12/site-packages/airflow/example_dags/tutorial.py
[2025-01-19T23:57:25.921+0000] {processor.py:914} INFO - Processing file /home/airflow/.local/lib/python3.12/site-packages/airflow/example_dags/tutorial.py for tasks to queue
[2025-01-19T23:57:25.923+0000] {logging_mixin.py:190} INFO - [2025-01-19T23:57:25.923+0000] {dagbag.py:588} INFO - Filling up the DagBag from /home/airflow/.local/lib/python3.12/site-packages/airflow/example_dags/tutorial.py
[2025-01-19T23:57:25.943+0000] {processor.py:925} INFO - DAG(s) 'tutorial' retrieved from /home/airflow/.local/lib/python3.12/site-packages/airflow/example_dags/tutorial.py
[2025-01-19T23:57:25.982+0000] {logging_mixin.py:190} INFO - [2025-01-19T23:57:25.981+0000] {dag.py:3239} INFO - Sync 1 DAGs
[2025-01-19T23:57:26.034+0000] {logging_mixin.py:190} INFO - [2025-01-19T23:57:26.033+0000] {dag.py:4180} INFO - Setting next_dagrun for tutorial to 2025-01-18 00:00:00+00:00, run_after=2025-01-19 00:00:00+00:00
[2025-01-19T23:57:26.075+0000] {processor.py:208} INFO - Processing /home/airflow/.local/lib/python3.12/site-packages/airflow/example_dags/tutorial.py took 0.168 seconds
[2025-01-19T23:57:57.044+0000] {processor.py:186} INFO - Started process (PID=556) to work on /home/airflow/.local/lib/python3.12/site-packages/airflow/example_dags/tutorial.py
[2025-01-19T23:57:57.045+0000] {processor.py:914} INFO - Processing file /home/airflow/.local/lib/python3.12/site-packages/airflow/example_dags/tutorial.py for tasks to queue
[2025-01-19T23:57:57.047+0000] {logging_mixin.py:190} INFO - [2025-01-19T23:57:57.046+0000] {dagbag.py:588} INFO - Filling up the DagBag from /home/airflow/.local/lib/python3.12/site-packages/airflow/example_dags/tutorial.py
[2025-01-19T23:57:57.058+0000] {processor.py:925} INFO - DAG(s) 'tutorial' retrieved from /home/airflow/.local/lib/python3.12/site-packages/airflow/example_dags/tutorial.py
[2025-01-19T23:57:57.085+0000] {logging_mixin.py:190} INFO - [2025-01-19T23:57:57.084+0000] {dag.py:3239} INFO - Sync 1 DAGs
[2025-01-19T23:57:57.111+0000] {logging_mixin.py:190} INFO - [2025-01-19T23:57:57.111+0000] {dag.py:4180} INFO - Setting next_dagrun for tutorial to 2025-01-18 00:00:00+00:00, run_after=2025-01-19 00:00:00+00:00
[2025-01-19T23:57:57.135+0000] {processor.py:208} INFO - Processing /home/airflow/.local/lib/python3.12/site-packages/airflow/example_dags/tutorial.py took 0.099 seconds
[2025-01-19T23:58:28.027+0000] {processor.py:186} INFO - Started process (PID=619) to work on /home/airflow/.local/lib/python3.12/site-packages/airflow/example_dags/tutorial.py
[2025-01-19T23:58:28.028+0000] {processor.py:914} INFO - Processing file /home/airflow/.local/lib/python3.12/site-packages/airflow/example_dags/tutorial.py for tasks to queue
[2025-01-19T23:58:28.030+0000] {logging_mixin.py:190} INFO - [2025-01-19T23:58:28.029+0000] {dagbag.py:588} INFO - Filling up the DagBag from /home/airflow/.local/lib/python3.12/site-packages/airflow/example_dags/tutorial.py
[2025-01-19T23:58:28.041+0000] {processor.py:925} INFO - DAG(s) 'tutorial' retrieved from /home/airflow/.local/lib/python3.12/site-packages/airflow/example_dags/tutorial.py
[2025-01-19T23:58:28.062+0000] {logging_mixin.py:190} INFO - [2025-01-19T23:58:28.062+0000] {dag.py:3239} INFO - Sync 1 DAGs
[2025-01-19T23:58:28.082+0000] {logging_mixin.py:190} INFO - [2025-01-19T23:58:28.082+0000] {dag.py:4180} INFO - Setting next_dagrun for tutorial to 2025-01-18 00:00:00+00:00, run_after=2025-01-19 00:00:00+00:00
[2025-01-19T23:58:28.103+0000] {processor.py:208} INFO - Processing /home/airflow/.local/lib/python3.12/site-packages/airflow/example_dags/tutorial.py took 0.081 seconds
[2025-01-19T23:58:58.916+0000] {processor.py:186} INFO - Started process (PID=682) to work on /home/airflow/.local/lib/python3.12/site-packages/airflow/example_dags/tutorial.py
[2025-01-19T23:58:58.918+0000] {processor.py:914} INFO - Processing file /home/airflow/.local/lib/python3.12/site-packages/airflow/example_dags/tutorial.py for tasks to queue
[2025-01-19T23:58:58.921+0000] {logging_mixin.py:190} INFO - [2025-01-19T23:58:58.920+0000] {dagbag.py:588} INFO - Filling up the DagBag from /home/airflow/.local/lib/python3.12/site-packages/airflow/example_dags/tutorial.py
[2025-01-19T23:58:58.940+0000] {processor.py:925} INFO - DAG(s) 'tutorial' retrieved from /home/airflow/.local/lib/python3.12/site-packages/airflow/example_dags/tutorial.py
[2025-01-19T23:58:58.997+0000] {logging_mixin.py:190} INFO - [2025-01-19T23:58:58.996+0000] {dag.py:3239} INFO - Sync 1 DAGs
[2025-01-19T23:58:59.052+0000] {logging_mixin.py:190} INFO - [2025-01-19T23:58:59.051+0000] {dag.py:4180} INFO - Setting next_dagrun for tutorial to 2025-01-18 00:00:00+00:00, run_after=2025-01-19 00:00:00+00:00
[2025-01-19T23:58:59.093+0000] {processor.py:208} INFO - Processing /home/airflow/.local/lib/python3.12/site-packages/airflow/example_dags/tutorial.py took 0.188 seconds
[2025-01-19T23:59:29.693+0000] {processor.py:186} INFO - Started process (PID=745) to work on /home/airflow/.local/lib/python3.12/site-packages/airflow/example_dags/tutorial.py
[2025-01-19T23:59:29.695+0000] {processor.py:914} INFO - Processing file /home/airflow/.local/lib/python3.12/site-packages/airflow/example_dags/tutorial.py for tasks to queue
[2025-01-19T23:59:29.696+0000] {logging_mixin.py:190} INFO - [2025-01-19T23:59:29.695+0000] {dagbag.py:588} INFO - Filling up the DagBag from /home/airflow/.local/lib/python3.12/site-packages/airflow/example_dags/tutorial.py
[2025-01-19T23:59:29.704+0000] {processor.py:925} INFO - DAG(s) 'tutorial' retrieved from /home/airflow/.local/lib/python3.12/site-packages/airflow/example_dags/tutorial.py
[2025-01-19T23:59:29.729+0000] {logging_mixin.py:190} INFO - [2025-01-19T23:59:29.728+0000] {dag.py:3239} INFO - Sync 1 DAGs
[2025-01-19T23:59:29.747+0000] {logging_mixin.py:190} INFO - [2025-01-19T23:59:29.747+0000] {dag.py:4180} INFO - Setting next_dagrun for tutorial to 2025-01-18 00:00:00+00:00, run_after=2025-01-19 00:00:00+00:00
[2025-01-19T23:59:29.763+0000] {processor.py:208} INFO - Processing /home/airflow/.local/lib/python3.12/site-packages/airflow/example_dags/tutorial.py took 0.076 seconds
