[2025-01-21T22:01:12.781+0000] {local_task_job_runner.py:123} INFO - ::group::Pre task execution logs
[2025-01-21T22:01:12.853+0000] {taskinstance.py:2613} INFO - Dependencies all met for dep_context=non-requeueable deps ti=<TaskInstance: dynamic_dag_example.task_3 manual__2025-01-21T22:00:55.766594+00:00 [queued]>
[2025-01-21T22:01:12.887+0000] {taskinstance.py:2613} INFO - Dependencies all met for dep_context=requeueable deps ti=<TaskInstance: dynamic_dag_example.task_3 manual__2025-01-21T22:00:55.766594+00:00 [queued]>
[2025-01-21T22:01:12.888+0000] {taskinstance.py:2866} INFO - Starting attempt 1 of 2
[2025-01-21T22:01:12.938+0000] {taskinstance.py:2889} INFO - Executing <Task(PythonOperator): task_3> on 2025-01-21 22:00:55.766594+00:00
[2025-01-21T22:01:12.953+0000] {warnings.py:112} WARNING - /home/***/.local/lib/python3.12/site-packages/***/task/task_runner/standard_task_runner.py:70: DeprecationWarning: This process (pid=161) is multi-threaded, use of fork() may lead to deadlocks in the child.
  pid = os.fork()

[2025-01-21T22:01:12.958+0000] {standard_task_runner.py:72} INFO - Started process 180 to run task
[2025-01-21T22:01:12.963+0000] {standard_task_runner.py:104} INFO - Running: ['***', 'tasks', 'run', 'dynamic_dag_example', 'task_3', 'manual__2025-01-21T22:00:55.766594+00:00', '--job-id', '26', '--raw', '--subdir', 'DAGS_FOLDER/dynamic_dag.py', '--cfg-path', '/tmp/tmpssbdh3g8']
[2025-01-21T22:01:12.968+0000] {standard_task_runner.py:105} INFO - Job 26: Subtask task_3
[2025-01-21T22:01:13.158+0000] {task_command.py:467} INFO - Running <TaskInstance: dynamic_dag_example.task_3 manual__2025-01-21T22:00:55.766594+00:00 [running]> on host 1799d8b9c772
[2025-01-21T22:01:15.121+0000] {taskinstance.py:3132} INFO - Exporting env vars: AIRFLOW_CTX_DAG_OWNER='rodrigo' AIRFLOW_CTX_DAG_ID='dynamic_dag_example' AIRFLOW_CTX_TASK_ID='task_3' AIRFLOW_CTX_EXECUTION_DATE='2025-01-21T22:00:55.766594+00:00' AIRFLOW_CTX_TRY_NUMBER='1' AIRFLOW_CTX_DAG_RUN_ID='manual__2025-01-21T22:00:55.766594+00:00'
[2025-01-21T22:01:15.123+0000] {logging_mixin.py:190} INFO - Task instance is in running state
[2025-01-21T22:01:15.124+0000] {logging_mixin.py:190} INFO -  Previous state of the Task instance: queued
[2025-01-21T22:01:15.125+0000] {logging_mixin.py:190} INFO - Current task name:task_3 state:running start_date:2025-01-21 22:01:12.854655+00:00
[2025-01-21T22:01:15.126+0000] {logging_mixin.py:190} INFO - Dag name:dynamic_dag_example and current dag run status:running
[2025-01-21T22:01:15.127+0000] {taskinstance.py:731} INFO - ::endgroup::
[2025-01-21T22:01:15.129+0000] {logging_mixin.py:190} INFO - Executing task: task_3
[2025-01-21T22:01:15.130+0000] {python.py:240} INFO - Done. Returned value was: None
[2025-01-21T22:01:15.182+0000] {taskinstance.py:340} INFO - ::group::Post task execution logs
[2025-01-21T22:01:15.184+0000] {taskinstance.py:352} INFO - Marking task as SUCCESS. dag_id=dynamic_dag_example, task_id=task_3, run_id=manual__2025-01-21T22:00:55.766594+00:00, execution_date=20250121T220055, start_date=20250121T220112, end_date=20250121T220115
[2025-01-21T22:01:15.242+0000] {logging_mixin.py:190} INFO - Task instance in success state
[2025-01-21T22:01:15.243+0000] {logging_mixin.py:190} INFO -  Previous state of the Task instance: running
[2025-01-21T22:01:15.244+0000] {logging_mixin.py:190} INFO - Dag name:dynamic_dag_example queued_at:2025-01-21 22:00:55.779351+00:00
[2025-01-21T22:01:15.248+0000] {logging_mixin.py:190} INFO - Task hostname:1799d8b9c772 operator:PythonOperator
[2025-01-21T22:01:15.336+0000] {local_task_job_runner.py:266} INFO - Task exited with return code 0
[2025-01-21T22:01:15.374+0000] {local_task_job_runner.py:245} INFO - ::endgroup::
